[0.016s] Invoking command in '/home/supan/RT/aisd/a3/build/racecar_description': CMAKE_PREFIX_PATH=${CMAKE_PREFIX_PATH}:/home/supan/RT/sim/install/eufs_launcher:/home/supan/RT/sim/install/eufs_tracks:/home/supan/RT/sim/install/eufs_rqt:/home/supan/RT/sim/install/eufs_racecar:/opt/ros/humble /usr/bin/cmake --build /home/supan/RT/aisd/a3/build/racecar_description -- -j12 -l12
[0.211s] -- Found ament_cmake: 1.3.11 (/opt/ros/humble/share/ament_cmake/cmake)
[0.211s] -- Override CMake install command with custom implementation using symlinks instead of copying resources
[0.211s] -- Found ament_lint_auto: 0.12.12 (/opt/ros/humble/share/ament_lint_auto/cmake)
[0.253s] -- Configuring done
[0.257s] -- Generating done
[0.258s] -- Build files have been written to: /home/supan/RT/aisd/a3/build/racecar_description
[0.279s] Invoked command in '/home/supan/RT/aisd/a3/build/racecar_description' returned '0': CMAKE_PREFIX_PATH=${CMAKE_PREFIX_PATH}:/home/supan/RT/sim/install/eufs_launcher:/home/supan/RT/sim/install/eufs_tracks:/home/supan/RT/sim/install/eufs_rqt:/home/supan/RT/sim/install/eufs_racecar:/opt/ros/humble /usr/bin/cmake --build /home/supan/RT/aisd/a3/build/racecar_description -- -j12 -l12
[0.286s] Invoking command in '/home/supan/RT/aisd/a3/build/racecar_description': CMAKE_PREFIX_PATH=${CMAKE_PREFIX_PATH}:/home/supan/RT/sim/install/eufs_launcher:/home/supan/RT/sim/install/eufs_tracks:/home/supan/RT/sim/install/eufs_rqt:/home/supan/RT/sim/install/eufs_racecar:/opt/ros/humble /usr/bin/cmake --install /home/supan/RT/aisd/a3/build/racecar_description
[0.294s] -- Install configuration: ""
[0.294s] -- Execute custom install script
[0.294s] -- Up-to-date symlink: /home/supan/RT/aisd/a3/install/racecar_description/share/racecar_description/urdf/macros.urdf.xacro
[0.294s] -- Up-to-date symlink: /home/supan/RT/aisd/a3/install/racecar_description/share/racecar_description/urdf/materials.urdf.xacro
[0.294s] -- Up-to-date symlink: /home/supan/RT/aisd/a3/install/racecar_description/share/racecar_description/urdf/racecar.gazebo
[0.294s] -- Up-to-date symlink: /home/supan/RT/aisd/a3/install/racecar_description/share/racecar_description/urdf/racecar.urdf.xacro
[0.295s] -- Up-to-date symlink: /home/supan/RT/aisd/a3/install/racecar_description/share/racecar_description/meshes/chassis.STL
[0.295s] -- Up-to-date symlink: /home/supan/RT/aisd/a3/install/racecar_description/share/racecar_description/meshes/chassis.dae
[0.295s] -- Up-to-date symlink: /home/supan/RT/aisd/a3/install/racecar_description/share/racecar_description/meshes/left_front_wheel.STL
[0.295s] -- Up-to-date symlink: /home/supan/RT/aisd/a3/install/racecar_description/share/racecar_description/meshes/left_front_wheel.dae
[0.295s] -- Up-to-date symlink: /home/supan/RT/aisd/a3/install/racecar_description/share/racecar_description/meshes/left_rear_wheel.STL
[0.295s] -- Up-to-date symlink: /home/supan/RT/aisd/a3/install/racecar_description/share/racecar_description/meshes/left_rear_wheel.dae
[0.295s] -- Up-to-date symlink: /home/supan/RT/aisd/a3/install/racecar_description/share/racecar_description/meshes/left_steering_hinge.STL
[0.295s] -- Up-to-date symlink: /home/supan/RT/aisd/a3/install/racecar_description/share/racecar_description/meshes/left_steering_hinge.dae
[0.295s] -- Up-to-date symlink: /home/supan/RT/aisd/a3/install/racecar_description/share/racecar_description/meshes/right_front_wheel.STL
[0.295s] -- Up-to-date symlink: /home/supan/RT/aisd/a3/install/racecar_description/share/racecar_description/meshes/right_front_wheel.dae
[0.295s] -- Up-to-date symlink: /home/supan/RT/aisd/a3/install/racecar_description/share/racecar_description/meshes/right_rear_wheel.STL
[0.295s] -- Up-to-date symlink: /home/supan/RT/aisd/a3/install/racecar_description/share/racecar_description/meshes/right_rear_wheel.dae
[0.296s] -- Up-to-date symlink: /home/supan/RT/aisd/a3/install/racecar_description/share/racecar_description/meshes/right_steering_hinge.STL
[0.296s] -- Up-to-date symlink: /home/supan/RT/aisd/a3/install/racecar_description/share/racecar_description/meshes/right_steering_hinge.dae
[0.296s] -- Up-to-date symlink: /home/supan/RT/aisd/a3/install/racecar_description/share/racecar_description/worlds/macros.urdf.xacro
[0.296s] -- Up-to-date symlink: /home/supan/RT/aisd/a3/install/racecar_description/share/racecar_description/worlds/materials.urdf.xacro
[0.296s] -- Up-to-date symlink: /home/supan/RT/aisd/a3/install/racecar_description/share/racecar_description/worlds/racecar.gazebo
[0.296s] -- Up-to-date symlink: /home/supan/RT/aisd/a3/install/racecar_description/share/racecar_description/worlds/racecar.urdf.xacro
[0.296s] -- Up-to-date symlink: /home/supan/RT/aisd/a3/install/racecar_description/share/racecar_description/package.xml
[0.296s] -- Up-to-date symlink: /home/supan/RT/aisd/a3/install/racecar_description/share/ament_index/resource_index/package_run_dependencies/racecar_description
[0.296s] -- Up-to-date symlink: /home/supan/RT/aisd/a3/install/racecar_description/share/ament_index/resource_index/parent_prefix_path/racecar_description
[0.296s] -- Up-to-date symlink: /home/supan/RT/aisd/a3/install/racecar_description/share/racecar_description/environment/ament_prefix_path.sh
[0.296s] -- Up-to-date symlink: /home/supan/RT/aisd/a3/install/racecar_description/share/racecar_description/environment/ament_prefix_path.dsv
[0.296s] -- Up-to-date symlink: /home/supan/RT/aisd/a3/install/racecar_description/share/racecar_description/environment/path.sh
[0.297s] -- Up-to-date symlink: /home/supan/RT/aisd/a3/install/racecar_description/share/racecar_description/environment/path.dsv
[0.297s] -- Up-to-date symlink: /home/supan/RT/aisd/a3/install/racecar_description/share/racecar_description/local_setup.bash
[0.297s] -- Up-to-date symlink: /home/supan/RT/aisd/a3/install/racecar_description/share/racecar_description/local_setup.sh
[0.297s] -- Up-to-date symlink: /home/supan/RT/aisd/a3/install/racecar_description/share/racecar_description/local_setup.zsh
[0.297s] -- Up-to-date symlink: /home/supan/RT/aisd/a3/install/racecar_description/share/racecar_description/local_setup.dsv
[0.297s] -- Symlinking: /home/supan/RT/aisd/a3/install/racecar_description/share/racecar_description/package.dsv
[0.305s] -- Up-to-date symlink: /home/supan/RT/aisd/a3/install/racecar_description/share/ament_index/resource_index/packages/racecar_description
[0.305s] -- Up-to-date symlink: /home/supan/RT/aisd/a3/install/racecar_description/share/racecar_description/cmake/racecar_descriptionConfig.cmake
[0.305s] -- Up-to-date symlink: /home/supan/RT/aisd/a3/install/racecar_description/share/racecar_description/cmake/racecar_descriptionConfig-version.cmake
[0.305s] -- Up-to-date symlink: /home/supan/RT/aisd/a3/install/racecar_description/share/racecar_description/package.xml
[0.307s] Invoked command in '/home/supan/RT/aisd/a3/build/racecar_description' returned '0': CMAKE_PREFIX_PATH=${CMAKE_PREFIX_PATH}:/home/supan/RT/sim/install/eufs_launcher:/home/supan/RT/sim/install/eufs_tracks:/home/supan/RT/sim/install/eufs_rqt:/home/supan/RT/sim/install/eufs_racecar:/opt/ros/humble /usr/bin/cmake --install /home/supan/RT/aisd/a3/build/racecar_description
