[0.521s] Invoking command in '/home/supan/RT/aisd/robot_arm_ws_dup/build/con': PYTHONPATH=/home/supan/RT/aisd/robot_arm_ws_dup/build/con/prefix_override:/usr/lib/python3/dist-packages/colcon_core/task/python/colcon_distutils_commands:/home/supan/RT/aisd/robot_arm_ws_dup/install/con/lib/python3.10/site-packages:${PYTHONPATH} /usr/bin/python3 -W ignore:setup.py install is deprecated -W ignore:easy_install command is deprecated setup.py develop --uninstall --editable --build-directory /home/supan/RT/aisd/robot_arm_ws_dup/build/con/build
[0.716s] running develop
[0.822s] Removing /home/supan/RT/aisd/robot_arm_ws_dup/install/con/lib/python3.10/site-packages/con.egg-link (link to .)
[0.849s] Invoked command in '/home/supan/RT/aisd/robot_arm_ws_dup/build/con' returned '0': PYTHONPATH=/home/supan/RT/aisd/robot_arm_ws_dup/build/con/prefix_override:/usr/lib/python3/dist-packages/colcon_core/task/python/colcon_distutils_commands:/home/supan/RT/aisd/robot_arm_ws_dup/install/con/lib/python3.10/site-packages:${PYTHONPATH} /usr/bin/python3 -W ignore:setup.py install is deprecated -W ignore:easy_install command is deprecated setup.py develop --uninstall --editable --build-directory /home/supan/RT/aisd/robot_arm_ws_dup/build/con/build
[0.850s] Invoking command in '/home/supan/RT/aisd/robot_arm_ws_dup/src/con': PYTHONPATH=/home/supan/RT/aisd/robot_arm_ws_dup/build/con/prefix_override:/usr/lib/python3/dist-packages/colcon_core/task/python/colcon_distutils_commands:/home/supan/RT/aisd/robot_arm_ws_dup/install/con/lib/python3.10/site-packages:${PYTHONPATH} /usr/bin/python3 -W ignore:setup.py install is deprecated -W ignore:easy_install command is deprecated setup.py egg_info --egg-base ../../build/con build --build-base /home/supan/RT/aisd/robot_arm_ws_dup/build/con/build install --record /home/supan/RT/aisd/robot_arm_ws_dup/build/con/install.log --single-version-externally-managed install_data --force
[1.055s] running egg_info
[1.056s] writing ../../build/con/con.egg-info/PKG-INFO
[1.056s] writing dependency_links to ../../build/con/con.egg-info/dependency_links.txt
[1.057s] writing entry points to ../../build/con/con.egg-info/entry_points.txt
[1.057s] writing requirements to ../../build/con/con.egg-info/requires.txt
[1.057s] writing top-level names to ../../build/con/con.egg-info/top_level.txt
[1.059s] reading manifest file '../../build/con/con.egg-info/SOURCES.txt'
[1.059s] adding license file 'LICENSE'
[1.060s] writing manifest file '../../build/con/con.egg-info/SOURCES.txt'
[1.060s] running build
[1.060s] running build_py
[1.060s] creating /home/supan/RT/aisd/robot_arm_ws_dup/build/con/build
[1.060s] creating /home/supan/RT/aisd/robot_arm_ws_dup/build/con/build/lib
[1.061s] creating /home/supan/RT/aisd/robot_arm_ws_dup/build/con/build/lib/con
[1.061s] copying con/ee.py -> /home/supan/RT/aisd/robot_arm_ws_dup/build/con/build/lib/con
[1.061s] copying con/__init__.py -> /home/supan/RT/aisd/robot_arm_ws_dup/build/con/build/lib/con
[1.061s] copying con/cli.py -> /home/supan/RT/aisd/robot_arm_ws_dup/build/con/build/lib/con
[1.061s] running install
[1.061s] running install_lib
[1.062s] creating /home/supan/RT/aisd/robot_arm_ws_dup/install/con/lib/python3.10/site-packages/con
[1.062s] copying /home/supan/RT/aisd/robot_arm_ws_dup/build/con/build/lib/con/ee.py -> /home/supan/RT/aisd/robot_arm_ws_dup/install/con/lib/python3.10/site-packages/con
[1.062s] copying /home/supan/RT/aisd/robot_arm_ws_dup/build/con/build/lib/con/__init__.py -> /home/supan/RT/aisd/robot_arm_ws_dup/install/con/lib/python3.10/site-packages/con
[1.062s] copying /home/supan/RT/aisd/robot_arm_ws_dup/build/con/build/lib/con/cli.py -> /home/supan/RT/aisd/robot_arm_ws_dup/install/con/lib/python3.10/site-packages/con
[1.062s] byte-compiling /home/supan/RT/aisd/robot_arm_ws_dup/install/con/lib/python3.10/site-packages/con/ee.py to ee.cpython-310.pyc
[1.063s] byte-compiling /home/supan/RT/aisd/robot_arm_ws_dup/install/con/lib/python3.10/site-packages/con/__init__.py to __init__.cpython-310.pyc
[1.063s] byte-compiling /home/supan/RT/aisd/robot_arm_ws_dup/install/con/lib/python3.10/site-packages/con/cli.py to cli.cpython-310.pyc
[1.063s] running install_data
[1.063s] copying resource/con -> /home/supan/RT/aisd/robot_arm_ws_dup/install/con/share/ament_index/resource_index/packages
[1.063s] copying package.xml -> /home/supan/RT/aisd/robot_arm_ws_dup/install/con/share/con
[1.064s] running install_egg_info
[1.065s] Copying ../../build/con/con.egg-info to /home/supan/RT/aisd/robot_arm_ws_dup/install/con/lib/python3.10/site-packages/con-0.0.0-py3.10.egg-info
[1.066s] running install_scripts
[1.084s] Installing ee script to /home/supan/RT/aisd/robot_arm_ws_dup/install/con/lib/con
[1.084s] writing list of installed files to '/home/supan/RT/aisd/robot_arm_ws_dup/build/con/install.log'
[1.116s] Invoked command in '/home/supan/RT/aisd/robot_arm_ws_dup/src/con' returned '0': PYTHONPATH=/home/supan/RT/aisd/robot_arm_ws_dup/build/con/prefix_override:/usr/lib/python3/dist-packages/colcon_core/task/python/colcon_distutils_commands:/home/supan/RT/aisd/robot_arm_ws_dup/install/con/lib/python3.10/site-packages:${PYTHONPATH} /usr/bin/python3 -W ignore:setup.py install is deprecated -W ignore:easy_install command is deprecated setup.py egg_info --egg-base ../../build/con build --build-base /home/supan/RT/aisd/robot_arm_ws_dup/build/con/build install --record /home/supan/RT/aisd/robot_arm_ws_dup/build/con/install.log --single-version-externally-managed install_data --force
