[0.852s] Invoking command in '/home/supan/RT/aisd/robot_arm_ws_dup/src/con': PYTHONPATH=/home/supan/RT/aisd/robot_arm_ws_dup/build/con/prefix_override:/usr/lib/python3/dist-packages/colcon_core/task/python/colcon_distutils_commands:/home/supan/RT/aisd/robot_arm_ws_dup/install/con/lib/python3.10/site-packages:${PYTHONPATH} /usr/bin/python3 -W ignore:setup.py install is deprecated -W ignore:easy_install command is deprecated setup.py egg_info --egg-base ../../build/con build --build-base /home/supan/RT/aisd/robot_arm_ws_dup/build/con/build install --record /home/supan/RT/aisd/robot_arm_ws_dup/build/con/install.log --single-version-externally-managed install_data
[1.063s] running egg_info
[1.064s] writing ../../build/con/con.egg-info/PKG-INFO
[1.064s] writing dependency_links to ../../build/con/con.egg-info/dependency_links.txt
[1.064s] writing entry points to ../../build/con/con.egg-info/entry_points.txt
[1.064s] writing requirements to ../../build/con/con.egg-info/requires.txt
[1.064s] writing top-level names to ../../build/con/con.egg-info/top_level.txt
[1.065s] reading manifest file '../../build/con/con.egg-info/SOURCES.txt'
[1.072s] adding license file 'LICENSE'
[1.072s] writing manifest file '../../build/con/con.egg-info/SOURCES.txt'
[1.072s] running build
[1.072s] running build_py
[1.073s] running install
[1.073s] running install_lib
[1.074s] running install_data
[1.074s] running install_egg_info
[1.076s] removing '/home/supan/RT/aisd/robot_arm_ws_dup/install/con/lib/python3.10/site-packages/con-0.0.0-py3.10.egg-info' (and everything under it)
[1.076s] Copying ../../build/con/con.egg-info to /home/supan/RT/aisd/robot_arm_ws_dup/install/con/lib/python3.10/site-packages/con-0.0.0-py3.10.egg-info
[1.076s] running install_scripts
[1.092s] Installing cli script to /home/supan/RT/aisd/robot_arm_ws_dup/install/con/lib/con
[1.092s] Installing ee script to /home/supan/RT/aisd/robot_arm_ws_dup/install/con/lib/con
[1.092s] writing list of installed files to '/home/supan/RT/aisd/robot_arm_ws_dup/build/con/install.log'
[1.115s] Invoked command in '/home/supan/RT/aisd/robot_arm_ws_dup/src/con' returned '0': PYTHONPATH=/home/supan/RT/aisd/robot_arm_ws_dup/build/con/prefix_override:/usr/lib/python3/dist-packages/colcon_core/task/python/colcon_distutils_commands:/home/supan/RT/aisd/robot_arm_ws_dup/install/con/lib/python3.10/site-packages:${PYTHONPATH} /usr/bin/python3 -W ignore:setup.py install is deprecated -W ignore:easy_install command is deprecated setup.py egg_info --egg-base ../../build/con build --build-base /home/supan/RT/aisd/robot_arm_ws_dup/build/con/build install --record /home/supan/RT/aisd/robot_arm_ws_dup/build/con/install.log --single-version-externally-managed install_data
