[0.083s] DEBUG:colcon:Command line arguments: ['/usr/bin/colcon', 'build']
[0.083s] DEBUG:colcon:Parsed command line arguments: Namespace(log_base=None, log_level=None, verb_name='build', build_base='build', install_base='install', merge_install=False, symlink_install=False, test_result_base=None, continue_on_error=False, executor='parallel', parallel_workers=12, event_handlers=None, ignore_user_meta=False, metas=['./colcon.meta'], base_paths=['.'], packages_ignore=None, packages_ignore_regex=None, paths=None, packages_up_to=None, packages_up_to_regex=None, packages_above=None, packages_above_and_dependencies=None, packages_above_depth=None, packages_select_by_dep=None, packages_skip_by_dep=None, packages_skip_up_to=None, packages_select_build_failed=False, packages_skip_build_finished=False, packages_select_test_failures=False, packages_skip_test_passed=False, packages_select=None, packages_skip=None, packages_select_regex=None, packages_skip_regex=None, packages_start=None, packages_end=None, allow_overriding=[], cmake_args=None, cmake_target=None, cmake_target_skip_unavailable=False, cmake_clean_cache=False, cmake_clean_first=False, cmake_force_configure=False, ament_cmake_args=None, catkin_cmake_args=None, catkin_skip_building_tests=False, mixin_files=None, mixin=None, verb_parser=<colcon_mixin.mixin.mixin_argument.MixinArgumentDecorator object at 0x7236a8d57d90>, verb_extension=<colcon_core.verb.build.BuildVerb object at 0x7236a8d57850>, main=<bound method BuildVerb.main of <colcon_core.verb.build.BuildVerb object at 0x7236a8d57850>>, mixin_verb=('build',))
[0.200s] Level 1:colcon.colcon_core.package_discovery:discover_packages(colcon_meta) check parameters
[0.200s] Level 1:colcon.colcon_core.package_discovery:discover_packages(recursive) check parameters
[0.200s] Level 1:colcon.colcon_core.package_discovery:discover_packages(ignore) check parameters
[0.200s] Level 1:colcon.colcon_core.package_discovery:discover_packages(path) check parameters
[0.200s] Level 1:colcon.colcon_core.package_discovery:discover_packages(colcon_meta) discover
[0.200s] Level 1:colcon.colcon_core.package_discovery:discover_packages(recursive) discover
[0.200s] INFO:colcon.colcon_core.package_discovery:Crawling recursively for packages in '/home/supan/RT/aisd/a3'
[0.201s] Level 1:colcon.colcon_core.package_identification:_identify(.) by extensions ['ignore', 'ignore_ament_install']
[0.201s] Level 1:colcon.colcon_core.package_identification:_identify(.) by extension 'ignore'
[0.201s] Level 1:colcon.colcon_core.package_identification:_identify(.) by extension 'ignore_ament_install'
[0.201s] Level 1:colcon.colcon_core.package_identification:_identify(.) by extensions ['colcon_pkg']
[0.201s] Level 1:colcon.colcon_core.package_identification:_identify(.) by extension 'colcon_pkg'
[0.201s] Level 1:colcon.colcon_core.package_identification:_identify(.) by extensions ['colcon_meta']
[0.201s] Level 1:colcon.colcon_core.package_identification:_identify(.) by extension 'colcon_meta'
[0.201s] Level 1:colcon.colcon_core.package_identification:_identify(.) by extensions ['ros']
[0.201s] Level 1:colcon.colcon_core.package_identification:_identify(.) by extension 'ros'
[0.215s] Level 1:colcon.colcon_core.package_identification:_identify(.) by extensions ['cmake', 'python']
[0.216s] Level 1:colcon.colcon_core.package_identification:_identify(.) by extension 'cmake'
[0.216s] Level 1:colcon.colcon_core.package_identification:_identify(.) by extension 'python'
[0.216s] Level 1:colcon.colcon_core.package_identification:_identify(.) by extensions ['python_setup_py']
[0.216s] Level 1:colcon.colcon_core.package_identification:_identify(.) by extension 'python_setup_py'
[0.216s] Level 1:colcon.colcon_core.package_identification:_identify(build) by extensions ['ignore', 'ignore_ament_install']
[0.216s] Level 1:colcon.colcon_core.package_identification:_identify(build) by extension 'ignore'
[0.216s] Level 1:colcon.colcon_core.package_identification:_identify(build) ignored
[0.216s] Level 1:colcon.colcon_core.package_identification:_identify(install) by extensions ['ignore', 'ignore_ament_install']
[0.216s] Level 1:colcon.colcon_core.package_identification:_identify(install) by extension 'ignore'
[0.216s] Level 1:colcon.colcon_core.package_identification:_identify(install) ignored
[0.216s] Level 1:colcon.colcon_core.package_identification:_identify(log) by extensions ['ignore', 'ignore_ament_install']
[0.216s] Level 1:colcon.colcon_core.package_identification:_identify(log) by extension 'ignore'
[0.216s] Level 1:colcon.colcon_core.package_identification:_identify(log) ignored
[0.216s] Level 1:colcon.colcon_core.package_identification:_identify(src) by extensions ['ignore', 'ignore_ament_install']
[0.216s] Level 1:colcon.colcon_core.package_identification:_identify(src) by extension 'ignore'
[0.216s] Level 1:colcon.colcon_core.package_identification:_identify(src) by extension 'ignore_ament_install'
[0.216s] Level 1:colcon.colcon_core.package_identification:_identify(src) by extensions ['colcon_pkg']
[0.216s] Level 1:colcon.colcon_core.package_identification:_identify(src) by extension 'colcon_pkg'
[0.217s] Level 1:colcon.colcon_core.package_identification:_identify(src) by extensions ['colcon_meta']
[0.217s] Level 1:colcon.colcon_core.package_identification:_identify(src) by extension 'colcon_meta'
[0.217s] Level 1:colcon.colcon_core.package_identification:_identify(src) by extensions ['ros']
[0.217s] Level 1:colcon.colcon_core.package_identification:_identify(src) by extension 'ros'
[0.217s] Level 1:colcon.colcon_core.package_identification:_identify(src) by extensions ['cmake', 'python']
[0.217s] Level 1:colcon.colcon_core.package_identification:_identify(src) by extension 'cmake'
[0.217s] Level 1:colcon.colcon_core.package_identification:_identify(src) by extension 'python'
[0.217s] Level 1:colcon.colcon_core.package_identification:_identify(src) by extensions ['python_setup_py']
[0.217s] Level 1:colcon.colcon_core.package_identification:_identify(src) by extension 'python_setup_py'
[0.217s] Level 1:colcon.colcon_core.package_identification:_identify(src/model) by extensions ['ignore', 'ignore_ament_install']
[0.217s] Level 1:colcon.colcon_core.package_identification:_identify(src/model) by extension 'ignore'
[0.217s] Level 1:colcon.colcon_core.package_identification:_identify(src/model) by extension 'ignore_ament_install'
[0.217s] Level 1:colcon.colcon_core.package_identification:_identify(src/model) by extensions ['colcon_pkg']
[0.217s] Level 1:colcon.colcon_core.package_identification:_identify(src/model) by extension 'colcon_pkg'
[0.217s] Level 1:colcon.colcon_core.package_identification:_identify(src/model) by extensions ['colcon_meta']
[0.217s] Level 1:colcon.colcon_core.package_identification:_identify(src/model) by extension 'colcon_meta'
[0.217s] Level 1:colcon.colcon_core.package_identification:_identify(src/model) by extensions ['ros']
[0.217s] Level 1:colcon.colcon_core.package_identification:_identify(src/model) by extension 'ros'
[0.219s] DEBUG:colcon.colcon_core.package_identification:Package 'src/model' with type 'ros.ament_python' and name 'model'
[0.219s] Level 1:colcon.colcon_core.package_identification:_identify(src/racecar) by extensions ['ignore', 'ignore_ament_install']
[0.219s] Level 1:colcon.colcon_core.package_identification:_identify(src/racecar) by extension 'ignore'
[0.219s] Level 1:colcon.colcon_core.package_identification:_identify(src/racecar) by extension 'ignore_ament_install'
[0.219s] Level 1:colcon.colcon_core.package_identification:_identify(src/racecar) by extensions ['colcon_pkg']
[0.219s] Level 1:colcon.colcon_core.package_identification:_identify(src/racecar) by extension 'colcon_pkg'
[0.219s] Level 1:colcon.colcon_core.package_identification:_identify(src/racecar) by extensions ['colcon_meta']
[0.219s] Level 1:colcon.colcon_core.package_identification:_identify(src/racecar) by extension 'colcon_meta'
[0.219s] Level 1:colcon.colcon_core.package_identification:_identify(src/racecar) by extensions ['ros']
[0.219s] Level 1:colcon.colcon_core.package_identification:_identify(src/racecar) by extension 'ros'
[0.220s] DEBUG:colcon.colcon_core.package_identification:Package 'src/racecar' with type 'ros.ament_python' and name 'racecar'
[0.220s] Level 1:colcon.colcon_core.package_identification:_identify(src/racecar_description) by extensions ['ignore', 'ignore_ament_install']
[0.220s] Level 1:colcon.colcon_core.package_identification:_identify(src/racecar_description) by extension 'ignore'
[0.220s] Level 1:colcon.colcon_core.package_identification:_identify(src/racecar_description) by extension 'ignore_ament_install'
[0.220s] Level 1:colcon.colcon_core.package_identification:_identify(src/racecar_description) by extensions ['colcon_pkg']
[0.220s] Level 1:colcon.colcon_core.package_identification:_identify(src/racecar_description) by extension 'colcon_pkg'
[0.220s] Level 1:colcon.colcon_core.package_identification:_identify(src/racecar_description) by extensions ['colcon_meta']
[0.220s] Level 1:colcon.colcon_core.package_identification:_identify(src/racecar_description) by extension 'colcon_meta'
[0.220s] Level 1:colcon.colcon_core.package_identification:_identify(src/racecar_description) by extensions ['ros']
[0.220s] Level 1:colcon.colcon_core.package_identification:_identify(src/racecar_description) by extension 'ros'
[0.221s] DEBUG:colcon.colcon_core.package_identification:Package 'src/racecar_description' with type 'ros.ament_cmake' and name 'racecar_description'
[0.221s] Level 1:colcon.colcon_core.package_identification:_identify(src/racecar_plugins) by extensions ['ignore', 'ignore_ament_install']
[0.221s] Level 1:colcon.colcon_core.package_identification:_identify(src/racecar_plugins) by extension 'ignore'
[0.221s] Level 1:colcon.colcon_core.package_identification:_identify(src/racecar_plugins) by extension 'ignore_ament_install'
[0.221s] Level 1:colcon.colcon_core.package_identification:_identify(src/racecar_plugins) by extensions ['colcon_pkg']
[0.221s] Level 1:colcon.colcon_core.package_identification:_identify(src/racecar_plugins) by extension 'colcon_pkg'
[0.221s] Level 1:colcon.colcon_core.package_identification:_identify(src/racecar_plugins) by extensions ['colcon_meta']
[0.221s] Level 1:colcon.colcon_core.package_identification:_identify(src/racecar_plugins) by extension 'colcon_meta'
[0.221s] Level 1:colcon.colcon_core.package_identification:_identify(src/racecar_plugins) by extensions ['ros']
[0.221s] Level 1:colcon.colcon_core.package_identification:_identify(src/racecar_plugins) by extension 'ros'
[0.221s] DEBUG:colcon.colcon_core.package_identification:Package 'src/racecar_plugins' with type 'ros.ament_cmake' and name 'racecar_plugins'
[0.221s] Level 1:colcon.colcon_core.package_discovery:discover_packages(recursive) using defaults
[0.221s] Level 1:colcon.colcon_core.package_discovery:discover_packages(ignore) discover
[0.221s] Level 1:colcon.colcon_core.package_discovery:discover_packages(ignore) using defaults
[0.221s] Level 1:colcon.colcon_core.package_discovery:discover_packages(path) discover
[0.221s] Level 1:colcon.colcon_core.package_discovery:discover_packages(path) using defaults
[0.236s] Level 1:colcon.colcon_core.package_discovery:discover_packages(prefix_path) check parameters
[0.236s] Level 1:colcon.colcon_core.package_discovery:discover_packages(prefix_path) discover
[0.237s] DEBUG:colcon.colcon_installed_package_information.package_discovery:Found 4 installed packages in /home/supan/RT/aisd/a3/install
[0.237s] DEBUG:colcon.colcon_installed_package_information.package_discovery:Found 8 installed packages in /home/supan/RT/sim/install
[0.238s] DEBUG:colcon.colcon_installed_package_information.package_discovery:Found 342 installed packages in /opt/ros/humble
[0.240s] Level 1:colcon.colcon_core.package_discovery:discover_packages(prefix_path) using defaults
[0.267s] Level 5:colcon.colcon_core.verb:set package 'model' build argument 'cmake_args' from command line to 'None'
[0.267s] Level 5:colcon.colcon_core.verb:set package 'model' build argument 'cmake_target' from command line to 'None'
[0.267s] Level 5:colcon.colcon_core.verb:set package 'model' build argument 'cmake_target_skip_unavailable' from command line to 'False'
[0.267s] Level 5:colcon.colcon_core.verb:set package 'model' build argument 'cmake_clean_cache' from command line to 'False'
[0.267s] Level 5:colcon.colcon_core.verb:set package 'model' build argument 'cmake_clean_first' from command line to 'False'
[0.267s] Level 5:colcon.colcon_core.verb:set package 'model' build argument 'cmake_force_configure' from command line to 'False'
[0.267s] Level 5:colcon.colcon_core.verb:set package 'model' build argument 'ament_cmake_args' from command line to 'None'
[0.267s] Level 5:colcon.colcon_core.verb:set package 'model' build argument 'catkin_cmake_args' from command line to 'None'
[0.267s] Level 5:colcon.colcon_core.verb:set package 'model' build argument 'catkin_skip_building_tests' from command line to 'False'
[0.267s] DEBUG:colcon.colcon_core.verb:Building package 'model' with the following arguments: {'ament_cmake_args': None, 'build_base': '/home/supan/RT/aisd/a3/build/model', 'catkin_cmake_args': None, 'catkin_skip_building_tests': False, 'cmake_args': None, 'cmake_clean_cache': False, 'cmake_clean_first': False, 'cmake_force_configure': False, 'cmake_target': None, 'cmake_target_skip_unavailable': False, 'install_base': '/home/supan/RT/aisd/a3/install/model', 'merge_install': False, 'path': '/home/supan/RT/aisd/a3/src/model', 'symlink_install': False, 'test_result_base': None}
[0.267s] Level 5:colcon.colcon_core.verb:set package 'racecar_description' build argument 'cmake_args' from command line to 'None'
[0.267s] Level 5:colcon.colcon_core.verb:set package 'racecar_description' build argument 'cmake_target' from command line to 'None'
[0.267s] Level 5:colcon.colcon_core.verb:set package 'racecar_description' build argument 'cmake_target_skip_unavailable' from command line to 'False'
[0.267s] Level 5:colcon.colcon_core.verb:set package 'racecar_description' build argument 'cmake_clean_cache' from command line to 'False'
[0.267s] Level 5:colcon.colcon_core.verb:set package 'racecar_description' build argument 'cmake_clean_first' from command line to 'False'
[0.267s] Level 5:colcon.colcon_core.verb:set package 'racecar_description' build argument 'cmake_force_configure' from command line to 'False'
[0.267s] Level 5:colcon.colcon_core.verb:set package 'racecar_description' build argument 'ament_cmake_args' from command line to 'None'
[0.267s] Level 5:colcon.colcon_core.verb:set package 'racecar_description' build argument 'catkin_cmake_args' from command line to 'None'
[0.267s] Level 5:colcon.colcon_core.verb:set package 'racecar_description' build argument 'catkin_skip_building_tests' from command line to 'False'
[0.267s] DEBUG:colcon.colcon_core.verb:Building package 'racecar_description' with the following arguments: {'ament_cmake_args': None, 'build_base': '/home/supan/RT/aisd/a3/build/racecar_description', 'catkin_cmake_args': None, 'catkin_skip_building_tests': False, 'cmake_args': None, 'cmake_clean_cache': False, 'cmake_clean_first': False, 'cmake_force_configure': False, 'cmake_target': None, 'cmake_target_skip_unavailable': False, 'install_base': '/home/supan/RT/aisd/a3/install/racecar_description', 'merge_install': False, 'path': '/home/supan/RT/aisd/a3/src/racecar_description', 'symlink_install': False, 'test_result_base': None}
[0.268s] Level 5:colcon.colcon_core.verb:set package 'racecar_plugins' build argument 'cmake_args' from command line to 'None'
[0.268s] Level 5:colcon.colcon_core.verb:set package 'racecar_plugins' build argument 'cmake_target' from command line to 'None'
[0.268s] Level 5:colcon.colcon_core.verb:set package 'racecar_plugins' build argument 'cmake_target_skip_unavailable' from command line to 'False'
[0.268s] Level 5:colcon.colcon_core.verb:set package 'racecar_plugins' build argument 'cmake_clean_cache' from command line to 'False'
[0.268s] Level 5:colcon.colcon_core.verb:set package 'racecar_plugins' build argument 'cmake_clean_first' from command line to 'False'
[0.268s] Level 5:colcon.colcon_core.verb:set package 'racecar_plugins' build argument 'cmake_force_configure' from command line to 'False'
[0.268s] Level 5:colcon.colcon_core.verb:set package 'racecar_plugins' build argument 'ament_cmake_args' from command line to 'None'
[0.268s] Level 5:colcon.colcon_core.verb:set package 'racecar_plugins' build argument 'catkin_cmake_args' from command line to 'None'
[0.268s] Level 5:colcon.colcon_core.verb:set package 'racecar_plugins' build argument 'catkin_skip_building_tests' from command line to 'False'
[0.268s] DEBUG:colcon.colcon_core.verb:Building package 'racecar_plugins' with the following arguments: {'ament_cmake_args': None, 'build_base': '/home/supan/RT/aisd/a3/build/racecar_plugins', 'catkin_cmake_args': None, 'catkin_skip_building_tests': False, 'cmake_args': None, 'cmake_clean_cache': False, 'cmake_clean_first': False, 'cmake_force_configure': False, 'cmake_target': None, 'cmake_target_skip_unavailable': False, 'install_base': '/home/supan/RT/aisd/a3/install/racecar_plugins', 'merge_install': False, 'path': '/home/supan/RT/aisd/a3/src/racecar_plugins', 'symlink_install': False, 'test_result_base': None}
[0.268s] Level 5:colcon.colcon_core.verb:set package 'racecar' build argument 'cmake_args' from command line to 'None'
[0.268s] Level 5:colcon.colcon_core.verb:set package 'racecar' build argument 'cmake_target' from command line to 'None'
[0.268s] Level 5:colcon.colcon_core.verb:set package 'racecar' build argument 'cmake_target_skip_unavailable' from command line to 'False'
[0.268s] Level 5:colcon.colcon_core.verb:set package 'racecar' build argument 'cmake_clean_cache' from command line to 'False'
[0.268s] Level 5:colcon.colcon_core.verb:set package 'racecar' build argument 'cmake_clean_first' from command line to 'False'
[0.268s] Level 5:colcon.colcon_core.verb:set package 'racecar' build argument 'cmake_force_configure' from command line to 'False'
[0.268s] Level 5:colcon.colcon_core.verb:set package 'racecar' build argument 'ament_cmake_args' from command line to 'None'
[0.268s] Level 5:colcon.colcon_core.verb:set package 'racecar' build argument 'catkin_cmake_args' from command line to 'None'
[0.268s] Level 5:colcon.colcon_core.verb:set package 'racecar' build argument 'catkin_skip_building_tests' from command line to 'False'
[0.268s] DEBUG:colcon.colcon_core.verb:Building package 'racecar' with the following arguments: {'ament_cmake_args': None, 'build_base': '/home/supan/RT/aisd/a3/build/racecar', 'catkin_cmake_args': None, 'catkin_skip_building_tests': False, 'cmake_args': None, 'cmake_clean_cache': False, 'cmake_clean_first': False, 'cmake_force_configure': False, 'cmake_target': None, 'cmake_target_skip_unavailable': False, 'install_base': '/home/supan/RT/aisd/a3/install/racecar', 'merge_install': False, 'path': '/home/supan/RT/aisd/a3/src/racecar', 'symlink_install': False, 'test_result_base': None}
[0.268s] INFO:colcon.colcon_core.executor:Executing jobs using 'parallel' executor
[0.269s] DEBUG:colcon.colcon_parallel_executor.executor.parallel:run_until_complete
[0.269s] INFO:colcon.colcon_ros.task.ament_cmake.build:Building ROS package in '/home/supan/RT/aisd/a3/src/racecar_description' with build type 'ament_cmake'
[0.269s] INFO:colcon.colcon_cmake.task.cmake.build:Building CMake package in '/home/supan/RT/aisd/a3/src/racecar_description'
[0.271s] INFO:colcon.colcon_core.plugin_system:Skipping extension 'colcon_core.shell.bat': Not used on non-Windows systems
[0.271s] INFO:colcon.colcon_core.shell:Skip shell extension 'powershell' for command environment: Not usable outside of PowerShell
[0.271s] DEBUG:colcon.colcon_core.shell:Skip shell extension 'dsv' for command environment
[0.274s] INFO:colcon.colcon_ros.task.ament_python.build:Building ROS package in '/home/supan/RT/aisd/a3/src/model' with build type 'ament_python'
[0.274s] Level 1:colcon.colcon_core.shell:create_environment_hook('model', 'ament_prefix_path')
[0.274s] INFO:colcon.colcon_core.shell:Creating environment hook '/home/supan/RT/aisd/a3/install/model/share/model/hook/ament_prefix_path.ps1'
[0.275s] INFO:colcon.colcon_core.shell:Creating environment descriptor '/home/supan/RT/aisd/a3/install/model/share/model/hook/ament_prefix_path.dsv'
[0.275s] INFO:colcon.colcon_core.shell:Creating environment hook '/home/supan/RT/aisd/a3/install/model/share/model/hook/ament_prefix_path.sh'
[0.276s] INFO:colcon.colcon_core.shell:Skip shell extension 'powershell' for command environment: Not usable outside of PowerShell
[0.276s] DEBUG:colcon.colcon_core.shell:Skip shell extension 'dsv' for command environment
[0.278s] INFO:colcon.colcon_ros.task.ament_cmake.build:Building ROS package in '/home/supan/RT/aisd/a3/src/racecar_plugins' with build type 'ament_cmake'
[0.279s] INFO:colcon.colcon_cmake.task.cmake.build:Building CMake package in '/home/supan/RT/aisd/a3/src/racecar_plugins'
[0.279s] INFO:colcon.colcon_core.shell:Skip shell extension 'powershell' for command environment: Not usable outside of PowerShell
[0.279s] DEBUG:colcon.colcon_core.shell:Skip shell extension 'dsv' for command environment
[0.288s] DEBUG:colcon.colcon_core.event_handler.log_command:Invoking command in '/home/supan/RT/aisd/a3/build/racecar_description': CMAKE_PREFIX_PATH=${CMAKE_PREFIX_PATH}:/home/supan/RT/aisd/a3/install/racecar:/home/supan/RT/aisd/a3/install/model:/home/supan/RT/sim/install/eufs_launcher:/home/supan/RT/sim/install/eufs_tracks:/home/supan/RT/sim/install/eufs_rqt:/home/supan/RT/sim/install/eufs_racecar:/opt/ros/humble /usr/bin/cmake --build /home/supan/RT/aisd/a3/build/racecar_description -- -j12 -l12
[0.480s] INFO:colcon.colcon_core.task.python.build:Building Python package in '/home/supan/RT/aisd/a3/src/model'
[0.481s] INFO:colcon.colcon_core.shell:Skip shell extension 'powershell' for command environment: Not usable outside of PowerShell
[0.481s] DEBUG:colcon.colcon_core.shell:Skip shell extension 'dsv' for command environment
[0.488s] DEBUG:colcon.colcon_core.event_handler.log_command:Invoking command in '/home/supan/RT/aisd/a3/build/racecar_plugins': CMAKE_PREFIX_PATH=${CMAKE_PREFIX_PATH}:/home/supan/RT/aisd/a3/install/racecar:/home/supan/RT/aisd/a3/install/model:/home/supan/RT/sim/install/eufs_launcher:/home/supan/RT/sim/install/eufs_tracks:/home/supan/RT/sim/install/eufs_rqt:/home/supan/RT/sim/install/eufs_racecar:/opt/ros/humble /usr/bin/cmake --build /home/supan/RT/aisd/a3/build/racecar_plugins -- -j12 -l12
[0.489s] DEBUG:colcon.colcon_core.event_handler.log_command:Invoked command in '/home/supan/RT/aisd/a3/build/racecar_description' returned '0': CMAKE_PREFIX_PATH=${CMAKE_PREFIX_PATH}:/home/supan/RT/aisd/a3/install/racecar:/home/supan/RT/aisd/a3/install/model:/home/supan/RT/sim/install/eufs_launcher:/home/supan/RT/sim/install/eufs_tracks:/home/supan/RT/sim/install/eufs_rqt:/home/supan/RT/sim/install/eufs_racecar:/opt/ros/humble /usr/bin/cmake --build /home/supan/RT/aisd/a3/build/racecar_description -- -j12 -l12
[0.500s] DEBUG:colcon.colcon_core.event_handler.log_command:Invoking command in '/home/supan/RT/aisd/a3/build/racecar_description': CMAKE_PREFIX_PATH=${CMAKE_PREFIX_PATH}:/home/supan/RT/aisd/a3/install/racecar:/home/supan/RT/aisd/a3/install/model:/home/supan/RT/sim/install/eufs_launcher:/home/supan/RT/sim/install/eufs_tracks:/home/supan/RT/sim/install/eufs_rqt:/home/supan/RT/sim/install/eufs_racecar:/opt/ros/humble /usr/bin/cmake --install /home/supan/RT/aisd/a3/build/racecar_description
[0.529s] Level 1:colcon.colcon_core.environment:create_environment_scripts_only(racecar_description)
[0.529s] DEBUG:colcon.colcon_core.event_handler.log_command:Invoked command in '/home/supan/RT/aisd/a3/build/racecar_description' returned '0': CMAKE_PREFIX_PATH=${CMAKE_PREFIX_PATH}:/home/supan/RT/aisd/a3/install/racecar:/home/supan/RT/aisd/a3/install/model:/home/supan/RT/sim/install/eufs_launcher:/home/supan/RT/sim/install/eufs_tracks:/home/supan/RT/sim/install/eufs_rqt:/home/supan/RT/sim/install/eufs_racecar:/opt/ros/humble /usr/bin/cmake --install /home/supan/RT/aisd/a3/build/racecar_description
[0.532s] Level 1:colcon.colcon_core.environment:checking '/home/supan/RT/aisd/a3/install/racecar_description' for CMake module files
[0.533s] Level 1:colcon.colcon_core.environment:checking '/home/supan/RT/aisd/a3/install/racecar_description' for CMake config files
[0.533s] Level 1:colcon.colcon_core.shell:create_environment_hook('racecar_description', 'cmake_prefix_path')
[0.534s] INFO:colcon.colcon_core.shell:Creating environment hook '/home/supan/RT/aisd/a3/install/racecar_description/share/racecar_description/hook/cmake_prefix_path.ps1'
[0.534s] INFO:colcon.colcon_core.shell:Creating environment descriptor '/home/supan/RT/aisd/a3/install/racecar_description/share/racecar_description/hook/cmake_prefix_path.dsv'
[0.535s] INFO:colcon.colcon_core.shell:Creating environment hook '/home/supan/RT/aisd/a3/install/racecar_description/share/racecar_description/hook/cmake_prefix_path.sh'
[0.535s] Level 1:colcon.colcon_core.environment:checking '/home/supan/RT/aisd/a3/install/racecar_description/bin'
[0.536s] Level 1:colcon.colcon_core.environment:checking '/home/supan/RT/aisd/a3/install/racecar_description/lib/pkgconfig/racecar_description.pc'
[0.536s] Level 1:colcon.colcon_core.environment:checking '/home/supan/RT/aisd/a3/install/racecar_description/lib/python3.10/site-packages'
[0.536s] Level 1:colcon.colcon_core.environment:checking '/home/supan/RT/aisd/a3/install/racecar_description/bin'
[0.536s] INFO:colcon.colcon_core.shell:Creating package script '/home/supan/RT/aisd/a3/install/racecar_description/share/racecar_description/package.ps1'
[0.537s] INFO:colcon.colcon_core.shell:Creating package descriptor '/home/supan/RT/aisd/a3/install/racecar_description/share/racecar_description/package.dsv'
[0.538s] INFO:colcon.colcon_core.shell:Creating package script '/home/supan/RT/aisd/a3/install/racecar_description/share/racecar_description/package.sh'
[0.538s] INFO:colcon.colcon_core.shell:Creating package script '/home/supan/RT/aisd/a3/install/racecar_description/share/racecar_description/package.bash'
[0.538s] INFO:colcon.colcon_core.shell:Creating package script '/home/supan/RT/aisd/a3/install/racecar_description/share/racecar_description/package.zsh'
[0.539s] Level 1:colcon.colcon_core.environment:create_file_with_runtime_dependencies(/home/supan/RT/aisd/a3/install/racecar_description/share/colcon-core/packages/racecar_description)
[0.539s] Level 1:colcon.colcon_core.environment:create_environment_scripts_only(racecar_description)
[0.539s] Level 1:colcon.colcon_core.environment:checking '/home/supan/RT/aisd/a3/install/racecar_description' for CMake module files
[0.540s] Level 1:colcon.colcon_core.environment:checking '/home/supan/RT/aisd/a3/install/racecar_description' for CMake config files
[0.540s] Level 1:colcon.colcon_core.shell:create_environment_hook('racecar_description', 'cmake_prefix_path')
[0.540s] INFO:colcon.colcon_core.shell:Creating environment hook '/home/supan/RT/aisd/a3/install/racecar_description/share/racecar_description/hook/cmake_prefix_path.ps1'
[0.540s] INFO:colcon.colcon_core.shell:Creating environment descriptor '/home/supan/RT/aisd/a3/install/racecar_description/share/racecar_description/hook/cmake_prefix_path.dsv'
[0.541s] INFO:colcon.colcon_core.shell:Creating environment hook '/home/supan/RT/aisd/a3/install/racecar_description/share/racecar_description/hook/cmake_prefix_path.sh'
[0.541s] Level 1:colcon.colcon_core.environment:checking '/home/supan/RT/aisd/a3/install/racecar_description/bin'
[0.541s] Level 1:colcon.colcon_core.environment:checking '/home/supan/RT/aisd/a3/install/racecar_description/lib/pkgconfig/racecar_description.pc'
[0.541s] Level 1:colcon.colcon_core.environment:checking '/home/supan/RT/aisd/a3/install/racecar_description/lib/python3.10/site-packages'
[0.541s] Level 1:colcon.colcon_core.environment:checking '/home/supan/RT/aisd/a3/install/racecar_description/bin'
[0.541s] INFO:colcon.colcon_core.shell:Creating package script '/home/supan/RT/aisd/a3/install/racecar_description/share/racecar_description/package.ps1'
[0.542s] INFO:colcon.colcon_core.shell:Creating package descriptor '/home/supan/RT/aisd/a3/install/racecar_description/share/racecar_description/package.dsv'
[0.542s] INFO:colcon.colcon_core.shell:Creating package script '/home/supan/RT/aisd/a3/install/racecar_description/share/racecar_description/package.sh'
[0.542s] INFO:colcon.colcon_core.shell:Creating package script '/home/supan/RT/aisd/a3/install/racecar_description/share/racecar_description/package.bash'
[0.543s] INFO:colcon.colcon_core.shell:Creating package script '/home/supan/RT/aisd/a3/install/racecar_description/share/racecar_description/package.zsh'
[0.543s] Level 1:colcon.colcon_core.environment:create_file_with_runtime_dependencies(/home/supan/RT/aisd/a3/install/racecar_description/share/colcon-core/packages/racecar_description)
[0.543s] INFO:colcon.colcon_ros.task.ament_python.build:Building ROS package in '/home/supan/RT/aisd/a3/src/racecar' with build type 'ament_python'
[0.543s] Level 1:colcon.colcon_core.shell:create_environment_hook('racecar', 'ament_prefix_path')
[0.543s] INFO:colcon.colcon_core.shell:Creating environment hook '/home/supan/RT/aisd/a3/install/racecar/share/racecar/hook/ament_prefix_path.ps1'
[0.544s] INFO:colcon.colcon_core.shell:Creating environment descriptor '/home/supan/RT/aisd/a3/install/racecar/share/racecar/hook/ament_prefix_path.dsv'
[0.544s] INFO:colcon.colcon_core.shell:Creating environment hook '/home/supan/RT/aisd/a3/install/racecar/share/racecar/hook/ament_prefix_path.sh'
[0.544s] INFO:colcon.colcon_core.shell:Skip shell extension 'powershell' for command environment: Not usable outside of PowerShell
[0.544s] DEBUG:colcon.colcon_core.shell:Skip shell extension 'dsv' for command environment
[0.760s] INFO:colcon.colcon_core.task.python.build:Building Python package in '/home/supan/RT/aisd/a3/src/racecar'
[0.760s] INFO:colcon.colcon_core.shell:Skip shell extension 'powershell' for command environment: Not usable outside of PowerShell
[0.760s] DEBUG:colcon.colcon_core.shell:Skip shell extension 'dsv' for command environment
[0.765s] DEBUG:colcon.colcon_core.event_handler.log_command:Invoked command in '/home/supan/RT/aisd/a3/build/racecar_plugins' returned '0': CMAKE_PREFIX_PATH=${CMAKE_PREFIX_PATH}:/home/supan/RT/aisd/a3/install/racecar:/home/supan/RT/aisd/a3/install/model:/home/supan/RT/sim/install/eufs_launcher:/home/supan/RT/sim/install/eufs_tracks:/home/supan/RT/sim/install/eufs_rqt:/home/supan/RT/sim/install/eufs_racecar:/opt/ros/humble /usr/bin/cmake --build /home/supan/RT/aisd/a3/build/racecar_plugins -- -j12 -l12
[0.767s] DEBUG:colcon.colcon_core.event_handler.log_command:Invoking command in '/home/supan/RT/aisd/a3/build/racecar_plugins': CMAKE_PREFIX_PATH=${CMAKE_PREFIX_PATH}:/home/supan/RT/aisd/a3/install/racecar:/home/supan/RT/aisd/a3/install/model:/home/supan/RT/sim/install/eufs_launcher:/home/supan/RT/sim/install/eufs_tracks:/home/supan/RT/sim/install/eufs_rqt:/home/supan/RT/sim/install/eufs_racecar:/opt/ros/humble /usr/bin/cmake --install /home/supan/RT/aisd/a3/build/racecar_plugins
[0.793s] Level 1:colcon.colcon_core.environment:create_environment_scripts_only(racecar_plugins)
[0.794s] Level 1:colcon.colcon_core.environment:checking '/home/supan/RT/aisd/a3/install/racecar_plugins' for CMake module files
[0.795s] DEBUG:colcon.colcon_core.event_handler.log_command:Invoked command in '/home/supan/RT/aisd/a3/build/racecar_plugins' returned '0': CMAKE_PREFIX_PATH=${CMAKE_PREFIX_PATH}:/home/supan/RT/aisd/a3/install/racecar:/home/supan/RT/aisd/a3/install/model:/home/supan/RT/sim/install/eufs_launcher:/home/supan/RT/sim/install/eufs_tracks:/home/supan/RT/sim/install/eufs_rqt:/home/supan/RT/sim/install/eufs_racecar:/opt/ros/humble /usr/bin/cmake --install /home/supan/RT/aisd/a3/build/racecar_plugins
[0.795s] Level 1:colcon.colcon_core.environment:checking '/home/supan/RT/aisd/a3/install/racecar_plugins' for CMake config files
[0.796s] Level 1:colcon.colcon_core.shell:create_environment_hook('racecar_plugins', 'cmake_prefix_path')
[0.797s] INFO:colcon.colcon_core.shell:Creating environment hook '/home/supan/RT/aisd/a3/install/racecar_plugins/share/racecar_plugins/hook/cmake_prefix_path.ps1'
[0.799s] INFO:colcon.colcon_core.shell:Creating environment descriptor '/home/supan/RT/aisd/a3/install/racecar_plugins/share/racecar_plugins/hook/cmake_prefix_path.dsv'
[0.800s] INFO:colcon.colcon_core.shell:Creating environment hook '/home/supan/RT/aisd/a3/install/racecar_plugins/share/racecar_plugins/hook/cmake_prefix_path.sh'
[0.802s] Level 1:colcon.colcon_core.environment:checking '/home/supan/RT/aisd/a3/install/racecar_plugins/lib'
[0.802s] Level 1:colcon.colcon_core.shell:create_environment_hook('racecar_plugins', 'ld_library_path_lib')
[0.803s] INFO:colcon.colcon_core.shell:Creating environment hook '/home/supan/RT/aisd/a3/install/racecar_plugins/share/racecar_plugins/hook/ld_library_path_lib.ps1'
[0.803s] INFO:colcon.colcon_core.shell:Creating environment descriptor '/home/supan/RT/aisd/a3/install/racecar_plugins/share/racecar_plugins/hook/ld_library_path_lib.dsv'
[0.804s] INFO:colcon.colcon_core.shell:Creating environment hook '/home/supan/RT/aisd/a3/install/racecar_plugins/share/racecar_plugins/hook/ld_library_path_lib.sh'
[0.804s] Level 1:colcon.colcon_core.environment:checking '/home/supan/RT/aisd/a3/install/racecar_plugins/bin'
[0.804s] Level 1:colcon.colcon_core.environment:checking '/home/supan/RT/aisd/a3/install/racecar_plugins/lib/pkgconfig/racecar_plugins.pc'
[0.805s] Level 1:colcon.colcon_core.environment:checking '/home/supan/RT/aisd/a3/install/racecar_plugins/lib/python3.10/site-packages'
[0.805s] Level 1:colcon.colcon_core.environment:checking '/home/supan/RT/aisd/a3/install/racecar_plugins/bin'
[0.805s] INFO:colcon.colcon_core.shell:Creating package script '/home/supan/RT/aisd/a3/install/racecar_plugins/share/racecar_plugins/package.ps1'
[0.805s] INFO:colcon.colcon_core.shell:Creating package descriptor '/home/supan/RT/aisd/a3/install/racecar_plugins/share/racecar_plugins/package.dsv'
[0.806s] INFO:colcon.colcon_core.shell:Creating package script '/home/supan/RT/aisd/a3/install/racecar_plugins/share/racecar_plugins/package.sh'
[0.806s] INFO:colcon.colcon_core.shell:Creating package script '/home/supan/RT/aisd/a3/install/racecar_plugins/share/racecar_plugins/package.bash'
[0.807s] INFO:colcon.colcon_core.shell:Creating package script '/home/supan/RT/aisd/a3/install/racecar_plugins/share/racecar_plugins/package.zsh'
[0.807s] Level 1:colcon.colcon_core.environment:create_file_with_runtime_dependencies(/home/supan/RT/aisd/a3/install/racecar_plugins/share/colcon-core/packages/racecar_plugins)
[0.807s] Level 1:colcon.colcon_core.environment:create_environment_scripts_only(racecar_plugins)
[0.807s] Level 1:colcon.colcon_core.environment:checking '/home/supan/RT/aisd/a3/install/racecar_plugins' for CMake module files
[0.808s] Level 1:colcon.colcon_core.environment:checking '/home/supan/RT/aisd/a3/install/racecar_plugins' for CMake config files
[0.808s] Level 1:colcon.colcon_core.shell:create_environment_hook('racecar_plugins', 'cmake_prefix_path')
[0.808s] INFO:colcon.colcon_core.shell:Creating environment hook '/home/supan/RT/aisd/a3/install/racecar_plugins/share/racecar_plugins/hook/cmake_prefix_path.ps1'
[0.809s] INFO:colcon.colcon_core.shell:Creating environment descriptor '/home/supan/RT/aisd/a3/install/racecar_plugins/share/racecar_plugins/hook/cmake_prefix_path.dsv'
[0.809s] INFO:colcon.colcon_core.shell:Creating environment hook '/home/supan/RT/aisd/a3/install/racecar_plugins/share/racecar_plugins/hook/cmake_prefix_path.sh'
[0.810s] Level 1:colcon.colcon_core.environment:checking '/home/supan/RT/aisd/a3/install/racecar_plugins/lib'
[0.810s] Level 1:colcon.colcon_core.shell:create_environment_hook('racecar_plugins', 'ld_library_path_lib')
[0.811s] INFO:colcon.colcon_core.shell:Creating environment hook '/home/supan/RT/aisd/a3/install/racecar_plugins/share/racecar_plugins/hook/ld_library_path_lib.ps1'
[0.811s] INFO:colcon.colcon_core.shell:Creating environment descriptor '/home/supan/RT/aisd/a3/install/racecar_plugins/share/racecar_plugins/hook/ld_library_path_lib.dsv'
[0.811s] INFO:colcon.colcon_core.shell:Creating environment hook '/home/supan/RT/aisd/a3/install/racecar_plugins/share/racecar_plugins/hook/ld_library_path_lib.sh'
[0.812s] Level 1:colcon.colcon_core.environment:checking '/home/supan/RT/aisd/a3/install/racecar_plugins/bin'
[0.812s] Level 1:colcon.colcon_core.environment:checking '/home/supan/RT/aisd/a3/install/racecar_plugins/lib/pkgconfig/racecar_plugins.pc'
[0.812s] Level 1:colcon.colcon_core.environment:checking '/home/supan/RT/aisd/a3/install/racecar_plugins/lib/python3.10/site-packages'
[0.813s] Level 1:colcon.colcon_core.environment:checking '/home/supan/RT/aisd/a3/install/racecar_plugins/bin'
[0.813s] INFO:colcon.colcon_core.shell:Creating package script '/home/supan/RT/aisd/a3/install/racecar_plugins/share/racecar_plugins/package.ps1'
[0.814s] INFO:colcon.colcon_core.shell:Creating package descriptor '/home/supan/RT/aisd/a3/install/racecar_plugins/share/racecar_plugins/package.dsv'
[0.814s] INFO:colcon.colcon_core.shell:Creating package script '/home/supan/RT/aisd/a3/install/racecar_plugins/share/racecar_plugins/package.sh'
[0.814s] INFO:colcon.colcon_core.shell:Creating package script '/home/supan/RT/aisd/a3/install/racecar_plugins/share/racecar_plugins/package.bash'
[0.815s] INFO:colcon.colcon_core.shell:Creating package script '/home/supan/RT/aisd/a3/install/racecar_plugins/share/racecar_plugins/package.zsh'
[0.815s] Level 1:colcon.colcon_core.environment:create_file_with_runtime_dependencies(/home/supan/RT/aisd/a3/install/racecar_plugins/share/colcon-core/packages/racecar_plugins)
[0.818s] DEBUG:colcon.colcon_core.event_handler.log_command:Invoking command in '/home/supan/RT/aisd/a3/src/model': PYTHONPATH=/home/supan/RT/aisd/a3/build/model/prefix_override:/usr/lib/python3/dist-packages/colcon_core/task/python/colcon_distutils_commands:/home/supan/RT/aisd/a3/install/model/lib/python3.10/site-packages:${PYTHONPATH} /usr/bin/python3 -W ignore:setup.py install is deprecated -W ignore:easy_install command is deprecated setup.py egg_info --egg-base ../../build/model build --build-base /home/supan/RT/aisd/a3/build/model/build install --record /home/supan/RT/aisd/a3/build/model/install.log --single-version-externally-managed install_data
[1.071s] Level 1:colcon.colcon_core.environment:checking '/home/supan/RT/aisd/a3/install/model' for CMake module files
[1.071s] DEBUG:colcon.colcon_core.event_handler.log_command:Invoked command in '/home/supan/RT/aisd/a3/src/model' returned '0': PYTHONPATH=/home/supan/RT/aisd/a3/build/model/prefix_override:/usr/lib/python3/dist-packages/colcon_core/task/python/colcon_distutils_commands:/home/supan/RT/aisd/a3/install/model/lib/python3.10/site-packages:${PYTHONPATH} /usr/bin/python3 -W ignore:setup.py install is deprecated -W ignore:easy_install command is deprecated setup.py egg_info --egg-base ../../build/model build --build-base /home/supan/RT/aisd/a3/build/model/build install --record /home/supan/RT/aisd/a3/build/model/install.log --single-version-externally-managed install_data
[1.072s] Level 1:colcon.colcon_core.environment:checking '/home/supan/RT/aisd/a3/install/model' for CMake config files
[1.072s] Level 1:colcon.colcon_core.environment:checking '/home/supan/RT/aisd/a3/install/model/lib'
[1.072s] Level 1:colcon.colcon_core.environment:checking '/home/supan/RT/aisd/a3/install/model/bin'
[1.072s] Level 1:colcon.colcon_core.environment:checking '/home/supan/RT/aisd/a3/install/model/lib/pkgconfig/model.pc'
[1.072s] Level 1:colcon.colcon_core.environment:checking '/home/supan/RT/aisd/a3/install/model/lib/python3.10/site-packages'
[1.073s] Level 1:colcon.colcon_core.shell:create_environment_hook('model', 'pythonpath')
[1.073s] INFO:colcon.colcon_core.shell:Creating environment hook '/home/supan/RT/aisd/a3/install/model/share/model/hook/pythonpath.ps1'
[1.073s] INFO:colcon.colcon_core.shell:Creating environment descriptor '/home/supan/RT/aisd/a3/install/model/share/model/hook/pythonpath.dsv'
[1.073s] INFO:colcon.colcon_core.shell:Creating environment hook '/home/supan/RT/aisd/a3/install/model/share/model/hook/pythonpath.sh'
[1.074s] Level 1:colcon.colcon_core.environment:checking '/home/supan/RT/aisd/a3/install/model/bin'
[1.074s] Level 1:colcon.colcon_core.environment:create_environment_scripts_only(model)
[1.074s] INFO:colcon.colcon_core.shell:Creating package script '/home/supan/RT/aisd/a3/install/model/share/model/package.ps1'
[1.075s] INFO:colcon.colcon_core.shell:Creating package descriptor '/home/supan/RT/aisd/a3/install/model/share/model/package.dsv'
[1.075s] INFO:colcon.colcon_core.shell:Creating package script '/home/supan/RT/aisd/a3/install/model/share/model/package.sh'
[1.075s] INFO:colcon.colcon_core.shell:Creating package script '/home/supan/RT/aisd/a3/install/model/share/model/package.bash'
[1.075s] INFO:colcon.colcon_core.shell:Creating package script '/home/supan/RT/aisd/a3/install/model/share/model/package.zsh'
[1.076s] Level 1:colcon.colcon_core.environment:create_file_with_runtime_dependencies(/home/supan/RT/aisd/a3/install/model/share/colcon-core/packages/model)
[1.082s] DEBUG:colcon.colcon_core.event_handler.log_command:Invoking command in '/home/supan/RT/aisd/a3/src/racecar': CMAKE_PREFIX_PATH=/home/supan/RT/aisd/a3/install/racecar_description:/home/supan/RT/aisd/a3/install/racecar_plugins:/home/supan/RT/sim/install/eufs_sensors:/home/supan/RT/sim/install/eufs_plugins:/home/supan/RT/sim/install/eufs_models:/home/supan/RT/sim/install/eufs_msgs PYTHONPATH=/home/supan/RT/aisd/a3/build/racecar/prefix_override:/usr/lib/python3/dist-packages/colcon_core/task/python/colcon_distutils_commands:/home/supan/RT/aisd/a3/install/racecar/lib/python3.10/site-packages:${PYTHONPATH} /usr/bin/python3 -W ignore:setup.py install is deprecated -W ignore:easy_install command is deprecated setup.py egg_info --egg-base ../../build/racecar build --build-base /home/supan/RT/aisd/a3/build/racecar/build install --record /home/supan/RT/aisd/a3/build/racecar/install.log --single-version-externally-managed install_data
[1.313s] Level 1:colcon.colcon_core.environment:checking '/home/supan/RT/aisd/a3/install/racecar' for CMake module files
[1.313s] DEBUG:colcon.colcon_core.event_handler.log_command:Invoked command in '/home/supan/RT/aisd/a3/src/racecar' returned '0': CMAKE_PREFIX_PATH=/home/supan/RT/aisd/a3/install/racecar_description:/home/supan/RT/aisd/a3/install/racecar_plugins:/home/supan/RT/sim/install/eufs_sensors:/home/supan/RT/sim/install/eufs_plugins:/home/supan/RT/sim/install/eufs_models:/home/supan/RT/sim/install/eufs_msgs PYTHONPATH=/home/supan/RT/aisd/a3/build/racecar/prefix_override:/usr/lib/python3/dist-packages/colcon_core/task/python/colcon_distutils_commands:/home/supan/RT/aisd/a3/install/racecar/lib/python3.10/site-packages:${PYTHONPATH} /usr/bin/python3 -W ignore:setup.py install is deprecated -W ignore:easy_install command is deprecated setup.py egg_info --egg-base ../../build/racecar build --build-base /home/supan/RT/aisd/a3/build/racecar/build install --record /home/supan/RT/aisd/a3/build/racecar/install.log --single-version-externally-managed install_data
[1.314s] Level 1:colcon.colcon_core.environment:checking '/home/supan/RT/aisd/a3/install/racecar' for CMake config files
[1.314s] Level 1:colcon.colcon_core.environment:checking '/home/supan/RT/aisd/a3/install/racecar/lib'
[1.314s] Level 1:colcon.colcon_core.environment:checking '/home/supan/RT/aisd/a3/install/racecar/bin'
[1.314s] Level 1:colcon.colcon_core.environment:checking '/home/supan/RT/aisd/a3/install/racecar/lib/pkgconfig/racecar.pc'
[1.315s] Level 1:colcon.colcon_core.environment:checking '/home/supan/RT/aisd/a3/install/racecar/lib/python3.10/site-packages'
[1.315s] Level 1:colcon.colcon_core.shell:create_environment_hook('racecar', 'pythonpath')
[1.315s] INFO:colcon.colcon_core.shell:Creating environment hook '/home/supan/RT/aisd/a3/install/racecar/share/racecar/hook/pythonpath.ps1'
[1.315s] INFO:colcon.colcon_core.shell:Creating environment descriptor '/home/supan/RT/aisd/a3/install/racecar/share/racecar/hook/pythonpath.dsv'
[1.316s] INFO:colcon.colcon_core.shell:Creating environment hook '/home/supan/RT/aisd/a3/install/racecar/share/racecar/hook/pythonpath.sh'
[1.316s] Level 1:colcon.colcon_core.environment:checking '/home/supan/RT/aisd/a3/install/racecar/bin'
[1.316s] Level 1:colcon.colcon_core.environment:create_environment_scripts_only(racecar)
[1.317s] INFO:colcon.colcon_core.shell:Creating package script '/home/supan/RT/aisd/a3/install/racecar/share/racecar/package.ps1'
[1.317s] INFO:colcon.colcon_core.shell:Creating package descriptor '/home/supan/RT/aisd/a3/install/racecar/share/racecar/package.dsv'
[1.317s] INFO:colcon.colcon_core.shell:Creating package script '/home/supan/RT/aisd/a3/install/racecar/share/racecar/package.sh'
[1.318s] INFO:colcon.colcon_core.shell:Creating package script '/home/supan/RT/aisd/a3/install/racecar/share/racecar/package.bash'
[1.318s] INFO:colcon.colcon_core.shell:Creating package script '/home/supan/RT/aisd/a3/install/racecar/share/racecar/package.zsh'
[1.318s] Level 1:colcon.colcon_core.environment:create_file_with_runtime_dependencies(/home/supan/RT/aisd/a3/install/racecar/share/colcon-core/packages/racecar)
[1.319s] DEBUG:colcon.colcon_parallel_executor.executor.parallel:closing loop
[1.319s] DEBUG:colcon.colcon_parallel_executor.executor.parallel:loop closed
[1.319s] DEBUG:colcon.colcon_parallel_executor.executor.parallel:run_until_complete finished with '0'
[1.319s] DEBUG:colcon.colcon_core.event_reactor:joining thread
[1.325s] INFO:colcon.colcon_core.plugin_system:Skipping extension 'colcon_notification.desktop_notification.terminal_notifier': Not used on non-Darwin systems
[1.325s] INFO:colcon.colcon_core.plugin_system:Skipping extension 'colcon_notification.desktop_notification.win32': Not used on non-Windows systems
[1.325s] INFO:colcon.colcon_notification.desktop_notification:Sending desktop notification using 'notify2'
[1.337s] DEBUG:colcon.colcon_core.event_reactor:joined thread
[1.337s] INFO:colcon.colcon_core.shell:Creating prefix script '/home/supan/RT/aisd/a3/install/local_setup.ps1'
[1.339s] INFO:colcon.colcon_core.shell:Creating prefix util module '/home/supan/RT/aisd/a3/install/_local_setup_util_ps1.py'
[1.340s] INFO:colcon.colcon_core.shell:Creating prefix chain script '/home/supan/RT/aisd/a3/install/setup.ps1'
[1.341s] INFO:colcon.colcon_core.shell:Creating prefix script '/home/supan/RT/aisd/a3/install/local_setup.sh'
[1.342s] INFO:colcon.colcon_core.shell:Creating prefix util module '/home/supan/RT/aisd/a3/install/_local_setup_util_sh.py'
[1.342s] INFO:colcon.colcon_core.shell:Creating prefix chain script '/home/supan/RT/aisd/a3/install/setup.sh'
[1.344s] INFO:colcon.colcon_core.shell:Creating prefix script '/home/supan/RT/aisd/a3/install/local_setup.bash'
[1.344s] INFO:colcon.colcon_core.shell:Creating prefix chain script '/home/supan/RT/aisd/a3/install/setup.bash'
[1.346s] INFO:colcon.colcon_core.shell:Creating prefix script '/home/supan/RT/aisd/a3/install/local_setup.zsh'
[1.347s] INFO:colcon.colcon_core.shell:Creating prefix chain script '/home/supan/RT/aisd/a3/install/setup.zsh'
