-- Install configuration: ""
-- Up-to-date: /home/supan/RT/aisd/robot_arm_ws_dup/install/robot_arm/share/robot_arm
-- Up-to-date: /home/supan/RT/aisd/robot_arm_ws_dup/install/robot_arm/share/robot_arm/sim.launch.py
-- Up-to-date: /home/supan/RT/aisd/robot_arm_ws_dup/install/robot_arm/share/robot_arm/__pycache__
-- Up-to-date: /home/supan/RT/aisd/robot_arm_ws_dup/install/robot_arm/share/robot_arm/__pycache__/sim.launch.cpython-310.pyc
-- Up-to-date: /home/supan/RT/aisd/robot_arm_ws_dup/install/robot_arm/share/robot_arm/config
-- Up-to-date: /home/supan/RT/aisd/robot_arm_ws_dup/install/robot_arm/share/robot_arm/config/robot_control.yaml
-- Up-to-date: /home/supan/RT/aisd/robot_arm_ws_dup/install/robot_arm/share/robot_arm/urdf
-- Up-to-date: /home/supan/RT/aisd/robot_arm_ws_dup/install/robot_arm/share/robot_arm/urdf/robot.urdf
-- Execute custom install script
-- Up-to-date symlink: /home/supan/RT/aisd/robot_arm_ws_dup/install/robot_arm/share/ament_index/resource_index/package_run_dependencies/robot_arm
-- Up-to-date symlink: /home/supan/RT/aisd/robot_arm_ws_dup/install/robot_arm/share/ament_index/resource_index/parent_prefix_path/robot_arm
-- Up-to-date symlink: /home/supan/RT/aisd/robot_arm_ws_dup/install/robot_arm/share/robot_arm/environment/ament_prefix_path.sh
-- Up-to-date symlink: /home/supan/RT/aisd/robot_arm_ws_dup/install/robot_arm/share/robot_arm/environment/ament_prefix_path.dsv
-- Up-to-date symlink: /home/supan/RT/aisd/robot_arm_ws_dup/install/robot_arm/share/robot_arm/environment/path.sh
-- Up-to-date symlink: /home/supan/RT/aisd/robot_arm_ws_dup/install/robot_arm/share/robot_arm/environment/path.dsv
-- Up-to-date symlink: /home/supan/RT/aisd/robot_arm_ws_dup/install/robot_arm/share/robot_arm/local_setup.bash
-- Up-to-date symlink: /home/supan/RT/aisd/robot_arm_ws_dup/install/robot_arm/share/robot_arm/local_setup.sh
-- Up-to-date symlink: /home/supan/RT/aisd/robot_arm_ws_dup/install/robot_arm/share/robot_arm/local_setup.zsh
-- Up-to-date symlink: /home/supan/RT/aisd/robot_arm_ws_dup/install/robot_arm/share/robot_arm/local_setup.dsv
-- Symlinking: /home/supan/RT/aisd/robot_arm_ws_dup/install/robot_arm/share/robot_arm/package.dsv
-- Up-to-date symlink: /home/supan/RT/aisd/robot_arm_ws_dup/install/robot_arm/share/ament_index/resource_index/packages/robot_arm
-- Up-to-date symlink: /home/supan/RT/aisd/robot_arm_ws_dup/install/robot_arm/share/robot_arm/cmake/robot_armConfig.cmake
-- Up-to-date symlink: /home/supan/RT/aisd/robot_arm_ws_dup/install/robot_arm/share/robot_arm/cmake/robot_armConfig-version.cmake
-- Up-to-date symlink: /home/supan/RT/aisd/robot_arm_ws_dup/install/robot_arm/share/robot_arm/package.xml
