[0.174s] Invoking command in '/home/supan/RT/aisd/a3/build/racecar_plugins': CMAKE_PREFIX_PATH=/opt/ros/humble /usr/bin/cmake --build /home/supan/RT/aisd/a3/build/racecar_plugins -- -j12 -l12
[0.205s] -- Found ament_cmake: 1.3.11 (/opt/ros/humble/share/ament_cmake/cmake)
[0.298s] -- Override CMake install command with custom implementation using symlinks instead of copying resources
[0.316s] [31mCMake Error at CMakeLists.txt:10 (find_package):
[0.316s]   By not providing "Findgazebo_ros.cmake" in CMAKE_MODULE_PATH this project
[0.316s]   has asked CMake to find a package configuration file provided by
[0.316s]   "gazebo_ros", but CMake did not find one.
[0.316s] 
[0.316s]   Could not find a package configuration file provided by "gazebo_ros" with
[0.316s]   any of the following names:
[0.316s] 
[0.316s]     gazebo_rosConfig.cmake
[0.316s]     gazebo_ros-config.cmake
[0.316s] 
[0.316s]   Add the installation prefix of "gazebo_ros" to CMAKE_PREFIX_PATH or set
[0.316s]   "gazebo_ros_DIR" to a directory containing one of the above files.  If
[0.316s]   "gazebo_ros" provides a separate development package or SDK, be sure it has
[0.316s]   been installed.
[0.316s] 
[0.316s] [0m
[0.316s] -- Configuring incomplete, errors occurred!
[0.316s] See also "/home/supan/RT/aisd/a3/build/racecar_plugins/CMakeFiles/CMakeOutput.log".
[0.318s] gmake: *** [Makefile:267: cmake_check_build_system] Error 1
[0.398s] Invoked command in '/home/supan/RT/aisd/a3/build/racecar_plugins' returned '2': CMAKE_PREFIX_PATH=/opt/ros/humble /usr/bin/cmake --build /home/supan/RT/aisd/a3/build/racecar_plugins -- -j12 -l12
