[0.014s] Invoking command in '/home/supan/RT/aisd/robot_arm_ws_dup/build/anint': CMAKE_PREFIX_PATH=${CMAKE_PREFIX_PATH}:/home/supan/RT/aisd/robot_arm_ws_dup/install/con:/home/supan/RT/sim/install/eufs_launcher:/home/supan/RT/sim/install/eufs_tracks:/home/supan/RT/sim/install/eufs_rqt:/home/supan/RT/sim/install/eufs_racecar:/opt/ros/humble /usr/bin/cmake --build /home/supan/RT/aisd/robot_arm_ws_dup/build/anint -- -j12 -l12
[0.201s] -- Found ament_cmake: 1.3.11 (/opt/ros/humble/share/ament_cmake/cmake)
[0.202s] -- Override CMake install command with custom implementation using symlinks instead of copying resources
[0.202s] -- Found rosidl_default_generators: 1.2.0 (/opt/ros/humble/share/rosidl_default_generators/cmake)
[0.202s] -- Using all available rosidl_typesupport_c: rosidl_typesupport_fastrtps_c;rosidl_typesupport_introspection_c
[0.203s] -- Found rosidl_adapter: 3.1.6 (/opt/ros/humble/share/rosidl_adapter/cmake)
[0.203s] -- Using all available rosidl_typesupport_cpp: rosidl_typesupport_fastrtps_cpp;rosidl_typesupport_introspection_cpp
[0.382s] -- Found ament_cmake_ros: 0.10.0 (/opt/ros/humble/share/ament_cmake_ros/cmake)
[0.540s] -- Using all available rosidl_typesupport_c: rosidl_typesupport_fastrtps_c;rosidl_typesupport_introspection_c
[0.767s] -- Using all available rosidl_typesupport_cpp: rosidl_typesupport_fastrtps_cpp;rosidl_typesupport_introspection_cpp
[0.793s] -- Found python_cmake_module: 0.10.0 (/opt/ros/humble/share/python_cmake_module/cmake)
[0.815s] -- Using PYTHON_EXECUTABLE: /usr/bin/python3
[0.815s] -- Using PYTHON_INCLUDE_DIRS: /usr/include/python3.10
[0.815s] -- Using PYTHON_LIBRARIES: /usr/lib/x86_64-linux-gnu/libpython3.10.so
[0.826s] -- Found ament_lint_auto: 0.12.11 (/opt/ros/humble/share/ament_lint_auto/cmake)
[0.832s] -- Added test 'lint_cmake' to check CMake code style
[0.832s] -- Added test 'xmllint' to check XML markup files
[0.834s] -- Configuring done
[0.849s] -- Generating done
[0.855s] -- Build files have been written to: /home/supan/RT/aisd/robot_arm_ws_dup/build/anint
[0.879s] [  3%] [34m[1mGenerating C code for ROS interfaces[0m
[0.887s] [  6%] [34m[1mGenerating C++ code for ROS interfaces[0m
[0.897s] [  6%] Built target ament_cmake_python_symlink_anint
[1.060s] [35m[1mConsolidate compiler generated dependencies of target anint__rosidl_generator_c[0m
[1.071s] [  9%] [32mBuilding C object CMakeFiles/anint__rosidl_generator_c.dir/rosidl_generator_c/anint/srv/detail/ang__functions.c.o[0m
[1.072s] [  9%] Built target anint__cpp
[1.080s] [ 16%] [34m[1mGenerating C++ type support dispatch for ROS interfaces[0m
[1.080s] [ 16%] [34m[1mGenerating C++ introspection for ROS interfaces[0m
[1.081s] running egg_info
[1.082s] writing anint.egg-info/PKG-INFO
[1.082s] writing dependency_links to anint.egg-info/dependency_links.txt
[1.082s] writing top-level names to anint.egg-info/top_level.txt
[1.082s] [ 19%] [34m[1mGenerating C++ type support for eProsima Fast-RTPS[0m
[1.084s] reading manifest file 'anint.egg-info/SOURCES.txt'
[1.084s] writing manifest file 'anint.egg-info/SOURCES.txt'
[1.109s] [ 19%] Built target ament_cmake_python_build_anint_egg
[1.161s] [ 22%] [32m[1mLinking C shared library libanint__rosidl_generator_c.so[0m
[1.202s] [ 22%] Built target anint__rosidl_generator_c
[1.212s] [ 25%] [34m[1mGenerating C type support for eProsima Fast-RTPS[0m
[1.215s] [ 29%] [34m[1mGenerating C introspection for ROS interfaces[0m
[1.215s] [ 32%] [34m[1mGenerating C type support dispatch for ROS interfaces[0m
[1.290s] [35m[1mConsolidate compiler generated dependencies of target anint__rosidl_typesupport_cpp[0m
[1.305s] [ 35%] [32mBuilding CXX object CMakeFiles/anint__rosidl_typesupport_cpp.dir/rosidl_typesupport_cpp/anint/srv/ang__type_support.cpp.o[0m
[1.307s] [35m[1mConsolidate compiler generated dependencies of target anint__rosidl_typesupport_fastrtps_cpp[0m
[1.322s] [ 38%] [32mBuilding CXX object CMakeFiles/anint__rosidl_typesupport_fastrtps_cpp.dir/rosidl_typesupport_fastrtps_cpp/anint/srv/detail/dds_fastrtps/ang__type_support.cpp.o[0m
[1.325s] [35m[1mConsolidate compiler generated dependencies of target anint__rosidl_typesupport_introspection_cpp[0m
[1.338s] [ 41%] [32mBuilding CXX object CMakeFiles/anint__rosidl_typesupport_introspection_cpp.dir/rosidl_typesupport_introspection_cpp/anint/srv/detail/ang__type_support.cpp.o[0m
[1.523s] [35m[1mConsolidate compiler generated dependencies of target anint__rosidl_typesupport_fastrtps_c[0m
[1.547s] [ 45%] [32mBuilding CXX object CMakeFiles/anint__rosidl_typesupport_fastrtps_c.dir/rosidl_typesupport_fastrtps_c/anint/srv/detail/ang__type_support_c.cpp.o[0m
[1.547s] [35m[1mConsolidate compiler generated dependencies of target anint__rosidl_typesupport_introspection_c[0m
[1.565s] [ 48%] [32mBuilding C object CMakeFiles/anint__rosidl_typesupport_introspection_c.dir/rosidl_typesupport_introspection_c/anint/srv/detail/ang__type_support.c.o[0m
[1.573s] [35m[1mConsolidate compiler generated dependencies of target anint__rosidl_typesupport_c[0m
[1.589s] [ 51%] [32mBuilding CXX object CMakeFiles/anint__rosidl_typesupport_c.dir/rosidl_typesupport_c/anint/srv/ang__type_support.cpp.o[0m
[1.607s] [ 54%] [32m[1mLinking C shared library libanint__rosidl_typesupport_introspection_c.so[0m
[1.632s] [ 58%] [32m[1mLinking CXX shared library libanint__rosidl_typesupport_c.so[0m
[1.647s] [ 58%] Built target anint__rosidl_typesupport_introspection_c
[1.674s] [ 61%] [32m[1mLinking CXX shared library libanint__rosidl_typesupport_cpp.so[0m
[1.699s] [ 61%] Built target anint__rosidl_typesupport_c
[1.721s] [ 61%] Built target anint__rosidl_typesupport_cpp
[1.840s] [ 64%] [32m[1mLinking CXX shared library libanint__rosidl_typesupport_fastrtps_cpp.so[0m
[1.856s] [ 67%] [32m[1mLinking CXX shared library libanint__rosidl_typesupport_introspection_cpp.so[0m
[1.879s] [ 70%] [32m[1mLinking CXX shared library libanint__rosidl_typesupport_fastrtps_c.so[0m
[1.917s] [ 70%] Built target anint__rosidl_typesupport_introspection_cpp
[1.949s] [ 70%] Built target anint__rosidl_typesupport_fastrtps_cpp
[1.979s] [ 70%] Built target anint__rosidl_typesupport_fastrtps_c
[2.000s] [ 70%] Built target anint
[2.024s] [ 74%] [34m[1mGenerating Python code for ROS interfaces[0m
[2.257s] [ 74%] Built target anint__py
[2.267s] [35m[1mConsolidate compiler generated dependencies of target anint__rosidl_generator_py[0m
[2.283s] [ 77%] [32mBuilding C object CMakeFiles/anint__rosidl_generator_py.dir/rosidl_generator_py/anint/srv/_ang_s.c.o[0m
[2.379s] [ 80%] [32m[1mLinking C shared library rosidl_generator_py/anint/libanint__rosidl_generator_py.so[0m
[2.419s] [ 80%] Built target anint__rosidl_generator_py
[2.429s] [35m[1mConsolidate compiler generated dependencies of target anint__rosidl_typesupport_fastrtps_c__pyext[0m
[2.434s] [35m[1mConsolidate compiler generated dependencies of target anint__rosidl_typesupport_c__pyext[0m
[2.434s] [35m[1mConsolidate compiler generated dependencies of target anint__rosidl_typesupport_introspection_c__pyext[0m
[2.442s] [ 83%] [32mBuilding C object CMakeFiles/anint__rosidl_typesupport_fastrtps_c__pyext.dir/rosidl_generator_py/anint/_anint_s.ep.rosidl_typesupport_fastrtps_c.c.o[0m
[2.447s] [ 90%] [32mBuilding C object CMakeFiles/anint__rosidl_typesupport_introspection_c__pyext.dir/rosidl_generator_py/anint/_anint_s.ep.rosidl_typesupport_introspection_c.c.o[0m
[2.447s] [ 90%] [32mBuilding C object CMakeFiles/anint__rosidl_typesupport_c__pyext.dir/rosidl_generator_py/anint/_anint_s.ep.rosidl_typesupport_c.c.o[0m
[2.507s] [ 93%] [32m[1mLinking C shared library rosidl_generator_py/anint/anint_s__rosidl_typesupport_fastrtps_c.cpython-310-x86_64-linux-gnu.so[0m
[2.508s] [ 96%] [32m[1mLinking C shared library rosidl_generator_py/anint/anint_s__rosidl_typesupport_c.cpython-310-x86_64-linux-gnu.so[0m
[2.521s] [100%] [32m[1mLinking C shared library rosidl_generator_py/anint/anint_s__rosidl_typesupport_introspection_c.cpython-310-x86_64-linux-gnu.so[0m
[2.531s] [100%] Built target anint__rosidl_typesupport_c__pyext
[2.540s] [100%] Built target anint__rosidl_typesupport_fastrtps_c__pyext
[2.556s] [100%] Built target anint__rosidl_typesupport_introspection_c__pyext
[2.572s] Invoked command in '/home/supan/RT/aisd/robot_arm_ws_dup/build/anint' returned '0': CMAKE_PREFIX_PATH=${CMAKE_PREFIX_PATH}:/home/supan/RT/aisd/robot_arm_ws_dup/install/con:/home/supan/RT/sim/install/eufs_launcher:/home/supan/RT/sim/install/eufs_tracks:/home/supan/RT/sim/install/eufs_rqt:/home/supan/RT/sim/install/eufs_racecar:/opt/ros/humble /usr/bin/cmake --build /home/supan/RT/aisd/robot_arm_ws_dup/build/anint -- -j12 -l12
[2.574s] Invoking command in '/home/supan/RT/aisd/robot_arm_ws_dup/build/anint': CMAKE_PREFIX_PATH=${CMAKE_PREFIX_PATH}:/home/supan/RT/aisd/robot_arm_ws_dup/install/con:/home/supan/RT/sim/install/eufs_launcher:/home/supan/RT/sim/install/eufs_tracks:/home/supan/RT/sim/install/eufs_rqt:/home/supan/RT/sim/install/eufs_racecar:/opt/ros/humble /usr/bin/cmake --install /home/supan/RT/aisd/robot_arm_ws_dup/build/anint
[2.583s] -- Install configuration: ""
[2.584s] -- Execute custom install script
[2.584s] -- Up-to-date symlink: /home/supan/RT/aisd/robot_arm_ws_dup/install/anint/share/ament_index/resource_index/rosidl_interfaces/anint
[2.584s] -- Up-to-date symlink: /home/supan/RT/aisd/robot_arm_ws_dup/install/anint/include/anint/anint/msg/rosidl_generator_c__visibility_control.h
[2.584s] -- Up-to-date symlink: /home/supan/RT/aisd/robot_arm_ws_dup/install/anint/include/anint/anint/srv/ang.h
[2.584s] -- Up-to-date symlink: /home/supan/RT/aisd/robot_arm_ws_dup/install/anint/include/anint/anint/srv/detail/ang__functions.h
[2.584s] -- Up-to-date symlink: /home/supan/RT/aisd/robot_arm_ws_dup/install/anint/include/anint/anint/srv/detail/ang__struct.h
[2.584s] -- Up-to-date symlink: /home/supan/RT/aisd/robot_arm_ws_dup/install/anint/include/anint/anint/srv/detail/ang__type_support.h
[2.584s] -- Up-to-date symlink: /home/supan/RT/aisd/robot_arm_ws_dup/install/anint/share/anint/environment/library_path.sh
[2.585s] -- Up-to-date symlink: /home/supan/RT/aisd/robot_arm_ws_dup/install/anint/share/anint/environment/library_path.dsv
[2.585s] -- Up-to-date symlink: /home/supan/RT/aisd/robot_arm_ws_dup/install/anint/include/anint/anint/msg/rosidl_typesupport_fastrtps_c__visibility_control.h
[2.585s] -- Up-to-date symlink: /home/supan/RT/aisd/robot_arm_ws_dup/install/anint/include/anint/anint/srv/detail/ang__rosidl_typesupport_fastrtps_c.h
[2.585s] -- Up-to-date symlink: /home/supan/RT/aisd/robot_arm_ws_dup/install/anint/include/anint/anint/msg/rosidl_typesupport_introspection_c__visibility_control.h
[2.585s] -- Up-to-date symlink: /home/supan/RT/aisd/robot_arm_ws_dup/install/anint/include/anint/anint/srv/detail/ang__rosidl_typesupport_introspection_c.h
[2.585s] -- Up-to-date symlink: /home/supan/RT/aisd/robot_arm_ws_dup/install/anint/include/anint/anint/msg/rosidl_generator_cpp__visibility_control.hpp
[2.585s] -- Up-to-date symlink: /home/supan/RT/aisd/robot_arm_ws_dup/install/anint/include/anint/anint/srv/ang.hpp
[2.585s] -- Up-to-date symlink: /home/supan/RT/aisd/robot_arm_ws_dup/install/anint/include/anint/anint/srv/detail/ang__builder.hpp
[2.585s] -- Up-to-date symlink: /home/supan/RT/aisd/robot_arm_ws_dup/install/anint/include/anint/anint/srv/detail/ang__struct.hpp
[2.585s] -- Up-to-date symlink: /home/supan/RT/aisd/robot_arm_ws_dup/install/anint/include/anint/anint/srv/detail/ang__traits.hpp
[2.586s] -- Up-to-date symlink: /home/supan/RT/aisd/robot_arm_ws_dup/install/anint/include/anint/anint/srv/detail/ang__type_support.hpp
[2.586s] -- Up-to-date symlink: /home/supan/RT/aisd/robot_arm_ws_dup/install/anint/include/anint/anint/msg/rosidl_typesupport_fastrtps_cpp__visibility_control.h
[2.586s] -- Up-to-date symlink: /home/supan/RT/aisd/robot_arm_ws_dup/install/anint/include/anint/anint/srv/detail/ang__rosidl_typesupport_fastrtps_cpp.hpp
[2.586s] -- Up-to-date symlink: /home/supan/RT/aisd/robot_arm_ws_dup/install/anint/include/anint/anint/srv/detail/ang__rosidl_typesupport_introspection_cpp.hpp
[2.586s] -- Up-to-date symlink: /home/supan/RT/aisd/robot_arm_ws_dup/install/anint/share/anint/environment/pythonpath.sh
[2.586s] -- Up-to-date symlink: /home/supan/RT/aisd/robot_arm_ws_dup/install/anint/share/anint/environment/pythonpath.dsv
[2.586s] -- Up-to-date symlink: /home/supan/RT/aisd/robot_arm_ws_dup/install/anint/local/lib/python3.10/dist-packages/anint-0.0.0-py3.10.egg-info/PKG-INFO
[2.586s] -- Up-to-date symlink: /home/supan/RT/aisd/robot_arm_ws_dup/install/anint/local/lib/python3.10/dist-packages/anint-0.0.0-py3.10.egg-info/SOURCES.txt
[2.586s] -- Up-to-date symlink: /home/supan/RT/aisd/robot_arm_ws_dup/install/anint/local/lib/python3.10/dist-packages/anint-0.0.0-py3.10.egg-info/dependency_links.txt
[2.586s] -- Up-to-date symlink: /home/supan/RT/aisd/robot_arm_ws_dup/install/anint/local/lib/python3.10/dist-packages/anint-0.0.0-py3.10.egg-info/top_level.txt
[2.587s] -- Up-to-date symlink: /home/supan/RT/aisd/robot_arm_ws_dup/install/anint/local/lib/python3.10/dist-packages/anint/__init__.py
[2.587s] -- Up-to-date symlink: /home/supan/RT/aisd/robot_arm_ws_dup/install/anint/local/lib/python3.10/dist-packages/anint/_anint_s.ep.rosidl_typesupport_c.c
[2.587s] -- Up-to-date symlink: /home/supan/RT/aisd/robot_arm_ws_dup/install/anint/local/lib/python3.10/dist-packages/anint/_anint_s.ep.rosidl_typesupport_fastrtps_c.c
[2.587s] -- Up-to-date symlink: /home/supan/RT/aisd/robot_arm_ws_dup/install/anint/local/lib/python3.10/dist-packages/anint/_anint_s.ep.rosidl_typesupport_introspection_c.c
[2.587s] -- Up-to-date symlink: /home/supan/RT/aisd/robot_arm_ws_dup/install/anint/local/lib/python3.10/dist-packages/anint/anint_s__rosidl_typesupport_c.cpython-310-x86_64-linux-gnu.so
[2.587s] -- Up-to-date symlink: /home/supan/RT/aisd/robot_arm_ws_dup/install/anint/local/lib/python3.10/dist-packages/anint/anint_s__rosidl_typesupport_fastrtps_c.cpython-310-x86_64-linux-gnu.so
[2.587s] -- Up-to-date symlink: /home/supan/RT/aisd/robot_arm_ws_dup/install/anint/local/lib/python3.10/dist-packages/anint/anint_s__rosidl_typesupport_introspection_c.cpython-310-x86_64-linux-gnu.so
[2.587s] -- Up-to-date symlink: /home/supan/RT/aisd/robot_arm_ws_dup/install/anint/local/lib/python3.10/dist-packages/anint/libanint__rosidl_generator_py.so
[2.587s] -- Up-to-date symlink: /home/supan/RT/aisd/robot_arm_ws_dup/install/anint/local/lib/python3.10/dist-packages/anint/srv/__init__.py
[2.587s] -- Up-to-date symlink: /home/supan/RT/aisd/robot_arm_ws_dup/install/anint/local/lib/python3.10/dist-packages/anint/srv/_ang.py
[2.587s] -- Up-to-date symlink: /home/supan/RT/aisd/robot_arm_ws_dup/install/anint/local/lib/python3.10/dist-packages/anint/srv/_ang_s.c
[2.588s] -- Up-to-date symlink: /home/supan/RT/aisd/robot_arm_ws_dup/install/anint/local/lib/python3.10/dist-packages/anint/anint_s__rosidl_typesupport_fastrtps_c.cpython-310-x86_64-linux-gnu.so
[2.588s] -- Up-to-date symlink: /home/supan/RT/aisd/robot_arm_ws_dup/install/anint/local/lib/python3.10/dist-packages/anint/anint_s__rosidl_typesupport_introspection_c.cpython-310-x86_64-linux-gnu.so
[2.588s] -- Up-to-date symlink: /home/supan/RT/aisd/robot_arm_ws_dup/install/anint/local/lib/python3.10/dist-packages/anint/anint_s__rosidl_typesupport_c.cpython-310-x86_64-linux-gnu.so
[2.588s] -- Up-to-date symlink: /home/supan/RT/aisd/robot_arm_ws_dup/install/anint/share/anint/srv/Ang.idl
[2.588s] -- Up-to-date symlink: /home/supan/RT/aisd/robot_arm_ws_dup/install/anint/share/anint/srv/Ang.srv
[2.588s] -- Up-to-date symlink: /home/supan/RT/aisd/robot_arm_ws_dup/install/anint/share/anint/srv/Ang_Request.msg
[2.588s] -- Up-to-date symlink: /home/supan/RT/aisd/robot_arm_ws_dup/install/anint/share/anint/srv/Ang_Response.msg
[2.588s] -- Up-to-date symlink: /home/supan/RT/aisd/robot_arm_ws_dup/install/anint/share/ament_index/resource_index/package_run_dependencies/anint
[2.588s] -- Up-to-date symlink: /home/supan/RT/aisd/robot_arm_ws_dup/install/anint/share/ament_index/resource_index/parent_prefix_path/anint
[2.588s] -- Up-to-date symlink: /home/supan/RT/aisd/robot_arm_ws_dup/install/anint/share/anint/environment/ament_prefix_path.sh
[2.588s] -- Up-to-date symlink: /home/supan/RT/aisd/robot_arm_ws_dup/install/anint/share/anint/environment/ament_prefix_path.dsv
[2.589s] -- Up-to-date symlink: /home/supan/RT/aisd/robot_arm_ws_dup/install/anint/share/anint/environment/path.sh
[2.589s] -- Up-to-date symlink: /home/supan/RT/aisd/robot_arm_ws_dup/install/anint/share/anint/environment/path.dsv
[2.589s] -- Up-to-date symlink: /home/supan/RT/aisd/robot_arm_ws_dup/install/anint/share/anint/local_setup.bash
[2.589s] -- Up-to-date symlink: /home/supan/RT/aisd/robot_arm_ws_dup/install/anint/share/anint/local_setup.sh
[2.589s] -- Up-to-date symlink: /home/supan/RT/aisd/robot_arm_ws_dup/install/anint/share/anint/local_setup.zsh
[2.589s] -- Up-to-date symlink: /home/supan/RT/aisd/robot_arm_ws_dup/install/anint/share/anint/local_setup.dsv
[2.589s] -- Symlinking: /home/supan/RT/aisd/robot_arm_ws_dup/install/anint/share/anint/package.dsv
[2.597s] -- Up-to-date symlink: /home/supan/RT/aisd/robot_arm_ws_dup/install/anint/share/ament_index/resource_index/packages/anint
[2.597s] -- Up-to-date symlink: /home/supan/RT/aisd/robot_arm_ws_dup/install/anint/share/anint/cmake/rosidl_cmake-extras.cmake
[2.597s] -- Up-to-date symlink: /home/supan/RT/aisd/robot_arm_ws_dup/install/anint/share/anint/cmake/ament_cmake_export_include_directories-extras.cmake
[2.597s] -- Up-to-date symlink: /home/supan/RT/aisd/robot_arm_ws_dup/install/anint/share/anint/cmake/ament_cmake_export_libraries-extras.cmake
[2.597s] -- Up-to-date symlink: /home/supan/RT/aisd/robot_arm_ws_dup/install/anint/share/anint/cmake/ament_cmake_export_targets-extras.cmake
[2.597s] -- Up-to-date symlink: /home/supan/RT/aisd/robot_arm_ws_dup/install/anint/share/anint/cmake/rosidl_cmake_export_typesupport_targets-extras.cmake
[2.597s] -- Up-to-date symlink: /home/supan/RT/aisd/robot_arm_ws_dup/install/anint/share/anint/cmake/ament_cmake_export_dependencies-extras.cmake
[2.597s] -- Up-to-date symlink: /home/supan/RT/aisd/robot_arm_ws_dup/install/anint/share/anint/cmake/rosidl_cmake_export_typesupport_libraries-extras.cmake
[2.597s] -- Up-to-date symlink: /home/supan/RT/aisd/robot_arm_ws_dup/install/anint/share/anint/cmake/anintConfig.cmake
[2.597s] -- Up-to-date symlink: /home/supan/RT/aisd/robot_arm_ws_dup/install/anint/share/anint/cmake/anintConfig-version.cmake
[2.598s] -- Up-to-date symlink: /home/supan/RT/aisd/robot_arm_ws_dup/install/anint/share/anint/package.xml
[2.598s] -- Installing: /home/supan/RT/aisd/robot_arm_ws_dup/install/anint/lib/libanint__rosidl_generator_c.so
[2.598s] -- Set runtime path of "/home/supan/RT/aisd/robot_arm_ws_dup/install/anint/lib/libanint__rosidl_generator_c.so" to ""
[2.598s] -- Installing: /home/supan/RT/aisd/robot_arm_ws_dup/install/anint/lib/libanint__rosidl_typesupport_fastrtps_c.so
[2.598s] -- Set runtime path of "/home/supan/RT/aisd/robot_arm_ws_dup/install/anint/lib/libanint__rosidl_typesupport_fastrtps_c.so" to ""
[2.598s] -- Installing: /home/supan/RT/aisd/robot_arm_ws_dup/install/anint/lib/libanint__rosidl_typesupport_introspection_c.so
[2.598s] -- Set runtime path of "/home/supan/RT/aisd/robot_arm_ws_dup/install/anint/lib/libanint__rosidl_typesupport_introspection_c.so" to ""
[2.598s] -- Installing: /home/supan/RT/aisd/robot_arm_ws_dup/install/anint/lib/libanint__rosidl_typesupport_c.so
[2.598s] -- Set runtime path of "/home/supan/RT/aisd/robot_arm_ws_dup/install/anint/lib/libanint__rosidl_typesupport_c.so" to ""
[2.598s] -- Installing: /home/supan/RT/aisd/robot_arm_ws_dup/install/anint/lib/libanint__rosidl_typesupport_fastrtps_cpp.so
[2.599s] -- Set runtime path of "/home/supan/RT/aisd/robot_arm_ws_dup/install/anint/lib/libanint__rosidl_typesupport_fastrtps_cpp.so" to ""
[2.599s] -- Installing: /home/supan/RT/aisd/robot_arm_ws_dup/install/anint/lib/libanint__rosidl_typesupport_introspection_cpp.so
[2.599s] -- Set runtime path of "/home/supan/RT/aisd/robot_arm_ws_dup/install/anint/lib/libanint__rosidl_typesupport_introspection_cpp.so" to ""
[2.599s] -- Installing: /home/supan/RT/aisd/robot_arm_ws_dup/install/anint/lib/libanint__rosidl_typesupport_cpp.so
[2.599s] -- Set runtime path of "/home/supan/RT/aisd/robot_arm_ws_dup/install/anint/lib/libanint__rosidl_typesupport_cpp.so" to ""
[2.629s] Listing '/home/supan/RT/aisd/robot_arm_ws_dup/install/anint/local/lib/python3.10/dist-packages/anint'...
[2.629s] Compiling '/home/supan/RT/aisd/robot_arm_ws_dup/install/anint/local/lib/python3.10/dist-packages/anint/__init__.py'...
[2.629s] Listing '/home/supan/RT/aisd/robot_arm_ws_dup/install/anint/local/lib/python3.10/dist-packages/anint/srv'...
[2.629s] Compiling '/home/supan/RT/aisd/robot_arm_ws_dup/install/anint/local/lib/python3.10/dist-packages/anint/srv/__init__.py'...
[2.630s] Compiling '/home/supan/RT/aisd/robot_arm_ws_dup/install/anint/local/lib/python3.10/dist-packages/anint/srv/_ang.py'...
[2.633s] -- Installing: /home/supan/RT/aisd/robot_arm_ws_dup/install/anint/lib/libanint__rosidl_generator_py.so
[2.633s] -- Set runtime path of "/home/supan/RT/aisd/robot_arm_ws_dup/install/anint/lib/libanint__rosidl_generator_py.so" to ""
[2.633s] -- Up-to-date: /home/supan/RT/aisd/robot_arm_ws_dup/install/anint/share/anint/cmake/export_anint__rosidl_generator_cExport.cmake
[2.633s] -- Up-to-date: /home/supan/RT/aisd/robot_arm_ws_dup/install/anint/share/anint/cmake/export_anint__rosidl_generator_cExport-noconfig.cmake
[2.633s] -- Up-to-date: /home/supan/RT/aisd/robot_arm_ws_dup/install/anint/share/anint/cmake/export_anint__rosidl_typesupport_fastrtps_cExport.cmake
[2.634s] -- Up-to-date: /home/supan/RT/aisd/robot_arm_ws_dup/install/anint/share/anint/cmake/export_anint__rosidl_typesupport_fastrtps_cExport-noconfig.cmake
[2.634s] -- Up-to-date: /home/supan/RT/aisd/robot_arm_ws_dup/install/anint/share/anint/cmake/anint__rosidl_typesupport_introspection_cExport.cmake
[2.634s] -- Up-to-date: /home/supan/RT/aisd/robot_arm_ws_dup/install/anint/share/anint/cmake/anint__rosidl_typesupport_introspection_cExport-noconfig.cmake
[2.634s] -- Up-to-date: /home/supan/RT/aisd/robot_arm_ws_dup/install/anint/share/anint/cmake/anint__rosidl_typesupport_cExport.cmake
[2.634s] -- Up-to-date: /home/supan/RT/aisd/robot_arm_ws_dup/install/anint/share/anint/cmake/anint__rosidl_typesupport_cExport-noconfig.cmake
[2.634s] -- Up-to-date: /home/supan/RT/aisd/robot_arm_ws_dup/install/anint/share/anint/cmake/export_anint__rosidl_generator_cppExport.cmake
[2.634s] -- Up-to-date: /home/supan/RT/aisd/robot_arm_ws_dup/install/anint/share/anint/cmake/export_anint__rosidl_typesupport_fastrtps_cppExport.cmake
[2.634s] -- Up-to-date: /home/supan/RT/aisd/robot_arm_ws_dup/install/anint/share/anint/cmake/export_anint__rosidl_typesupport_fastrtps_cppExport-noconfig.cmake
[2.634s] -- Up-to-date: /home/supan/RT/aisd/robot_arm_ws_dup/install/anint/share/anint/cmake/anint__rosidl_typesupport_introspection_cppExport.cmake
[2.634s] -- Up-to-date: /home/supan/RT/aisd/robot_arm_ws_dup/install/anint/share/anint/cmake/anint__rosidl_typesupport_introspection_cppExport-noconfig.cmake
[2.634s] -- Up-to-date: /home/supan/RT/aisd/robot_arm_ws_dup/install/anint/share/anint/cmake/anint__rosidl_typesupport_cppExport.cmake
[2.635s] -- Up-to-date: /home/supan/RT/aisd/robot_arm_ws_dup/install/anint/share/anint/cmake/anint__rosidl_typesupport_cppExport-noconfig.cmake
[2.635s] -- Up-to-date: /home/supan/RT/aisd/robot_arm_ws_dup/install/anint/share/anint/cmake/export_anint__rosidl_generator_pyExport.cmake
[2.635s] -- Up-to-date: /home/supan/RT/aisd/robot_arm_ws_dup/install/anint/share/anint/cmake/export_anint__rosidl_generator_pyExport-noconfig.cmake
[2.636s] Invoked command in '/home/supan/RT/aisd/robot_arm_ws_dup/build/anint' returned '0': CMAKE_PREFIX_PATH=${CMAKE_PREFIX_PATH}:/home/supan/RT/aisd/robot_arm_ws_dup/install/con:/home/supan/RT/sim/install/eufs_launcher:/home/supan/RT/sim/install/eufs_tracks:/home/supan/RT/sim/install/eufs_rqt:/home/supan/RT/sim/install/eufs_racecar:/opt/ros/humble /usr/bin/cmake --install /home/supan/RT/aisd/robot_arm_ws_dup/build/anint
