[0.208s] Invoking command in '/home/supan/RT/aisd/a3/build/racecar_plugins': CMAKE_PREFIX_PATH=${CMAKE_PREFIX_PATH}:/home/supan/RT/sim/install/eufs_launcher:/home/supan/RT/sim/install/eufs_tracks:/home/supan/RT/sim/install/eufs_rqt:/home/supan/RT/sim/install/eufs_racecar:/opt/ros/humble /usr/bin/cmake --build /home/supan/RT/aisd/a3/build/racecar_plugins -- -j12 -l12
[0.349s] [100%] Built target racecar_plugin
[0.530s] Invoked command in '/home/supan/RT/aisd/a3/build/racecar_plugins' returned '0': CMAKE_PREFIX_PATH=${CMAKE_PREFIX_PATH}:/home/supan/RT/sim/install/eufs_launcher:/home/supan/RT/sim/install/eufs_tracks:/home/supan/RT/sim/install/eufs_rqt:/home/supan/RT/sim/install/eufs_racecar:/opt/ros/humble /usr/bin/cmake --build /home/supan/RT/aisd/a3/build/racecar_plugins -- -j12 -l12
[0.532s] Invoking command in '/home/supan/RT/aisd/a3/build/racecar_plugins': CMAKE_PREFIX_PATH=${CMAKE_PREFIX_PATH}:/home/supan/RT/sim/install/eufs_launcher:/home/supan/RT/sim/install/eufs_tracks:/home/supan/RT/sim/install/eufs_rqt:/home/supan/RT/sim/install/eufs_racecar:/opt/ros/humble /usr/bin/cmake --install /home/supan/RT/aisd/a3/build/racecar_plugins
[0.545s] -- Install configuration: ""
[0.546s] -- Execute custom install script
[0.546s] -- Up-to-date symlink: /home/supan/RT/aisd/a3/install/racecar_plugins/share/racecar_plugins/environment/library_path.sh
[0.546s] -- Up-to-date symlink: /home/supan/RT/aisd/a3/install/racecar_plugins/share/racecar_plugins/environment/library_path.dsv
[0.547s] -- Up-to-date symlink: /home/supan/RT/aisd/a3/install/racecar_plugins/lib/libracecar_plugin.so
[0.547s] -- Up-to-date symlink: /home/supan/RT/aisd/a3/install/racecar_plugins/share/ament_index/resource_index/package_run_dependencies/racecar_plugins
[0.548s] -- Up-to-date symlink: /home/supan/RT/aisd/a3/install/racecar_plugins/share/ament_index/resource_index/parent_prefix_path/racecar_plugins
[0.548s] -- Up-to-date symlink: /home/supan/RT/aisd/a3/install/racecar_plugins/share/racecar_plugins/environment/ament_prefix_path.sh
[0.548s] -- Up-to-date symlink: /home/supan/RT/aisd/a3/install/racecar_plugins/share/racecar_plugins/environment/ament_prefix_path.dsv
[0.548s] -- Up-to-date symlink: /home/supan/RT/aisd/a3/install/racecar_plugins/share/racecar_plugins/environment/path.sh
[0.548s] -- Up-to-date symlink: /home/supan/RT/aisd/a3/install/racecar_plugins/share/racecar_plugins/environment/path.dsv
[0.549s] -- Up-to-date symlink: /home/supan/RT/aisd/a3/install/racecar_plugins/share/racecar_plugins/local_setup.bash
[0.549s] -- Up-to-date symlink: /home/supan/RT/aisd/a3/install/racecar_plugins/share/racecar_plugins/local_setup.sh
[0.549s] -- Up-to-date symlink: /home/supan/RT/aisd/a3/install/racecar_plugins/share/racecar_plugins/local_setup.zsh
[0.549s] -- Up-to-date symlink: /home/supan/RT/aisd/a3/install/racecar_plugins/share/racecar_plugins/local_setup.dsv
[0.549s] -- Symlinking: /home/supan/RT/aisd/a3/install/racecar_plugins/share/racecar_plugins/package.dsv
[0.560s] -- Up-to-date symlink: /home/supan/RT/aisd/a3/install/racecar_plugins/share/ament_index/resource_index/packages/racecar_plugins
[0.560s] -- Up-to-date symlink: /home/supan/RT/aisd/a3/install/racecar_plugins/share/racecar_plugins/cmake/ament_cmake_export_libraries-extras.cmake
[0.560s] -- Up-to-date symlink: /home/supan/RT/aisd/a3/install/racecar_plugins/share/racecar_plugins/cmake/racecar_pluginsConfig.cmake
[0.560s] -- Up-to-date symlink: /home/supan/RT/aisd/a3/install/racecar_plugins/share/racecar_plugins/cmake/racecar_pluginsConfig-version.cmake
[0.560s] -- Up-to-date symlink: /home/supan/RT/aisd/a3/install/racecar_plugins/share/racecar_plugins/package.xml
[0.562s] Invoked command in '/home/supan/RT/aisd/a3/build/racecar_plugins' returned '0': CMAKE_PREFIX_PATH=${CMAKE_PREFIX_PATH}:/home/supan/RT/sim/install/eufs_launcher:/home/supan/RT/sim/install/eufs_tracks:/home/supan/RT/sim/install/eufs_rqt:/home/supan/RT/sim/install/eufs_racecar:/opt/ros/humble /usr/bin/cmake --install /home/supan/RT/aisd/a3/build/racecar_plugins
