[0.572s] Invoking command in '/home/supan/RT/aisd/a3/src/model': PYTHONPATH=/home/supan/RT/aisd/a3/build/model/prefix_override:/usr/lib/python3/dist-packages/colcon_core/task/python/colcon_distutils_commands:/home/supan/RT/aisd/a3/install/model/lib/python3.10/site-packages:${PYTHONPATH} /usr/bin/python3 -W ignore:setup.py install is deprecated -W ignore:easy_install command is deprecated setup.py egg_info --egg-base ../../build/model build --build-base /home/supan/RT/aisd/a3/build/model/build install --record /home/supan/RT/aisd/a3/build/model/install.log --single-version-externally-managed install_data
[0.791s] running egg_info
[0.792s] writing ../../build/model/model.egg-info/PKG-INFO
[0.792s] writing dependency_links to ../../build/model/model.egg-info/dependency_links.txt
[0.792s] writing entry points to ../../build/model/model.egg-info/entry_points.txt
[0.792s] writing requirements to ../../build/model/model.egg-info/requires.txt
[0.792s] writing top-level names to ../../build/model/model.egg-info/top_level.txt
[0.793s] reading manifest file '../../build/model/model.egg-info/SOURCES.txt'
[0.793s] adding license file 'LICENSE'
[0.794s] writing manifest file '../../build/model/model.egg-info/SOURCES.txt'
[0.794s] running build
[0.794s] running build_py
[0.794s] copying model/vis.py -> /home/supan/RT/aisd/a3/build/model/build/lib/model
[0.794s] running install
[0.795s] running install_lib
[0.795s] copying /home/supan/RT/aisd/a3/build/model/build/lib/model/vis.py -> /home/supan/RT/aisd/a3/install/model/lib/python3.10/site-packages/model
[0.796s] byte-compiling /home/supan/RT/aisd/a3/install/model/lib/python3.10/site-packages/model/vis.py to vis.cpython-310.pyc
[0.796s] running install_data
[0.796s] running install_egg_info
[0.798s] removing '/home/supan/RT/aisd/a3/install/model/lib/python3.10/site-packages/model-0.0.0-py3.10.egg-info' (and everything under it)
[0.798s] Copying ../../build/model/model.egg-info to /home/supan/RT/aisd/a3/install/model/lib/python3.10/site-packages/model-0.0.0-py3.10.egg-info
[0.798s] running install_scripts
[0.819s] Installing md script to /home/supan/RT/aisd/a3/install/model/lib/model
[0.819s] Installing vis script to /home/supan/RT/aisd/a3/install/model/lib/model
[0.819s] writing list of installed files to '/home/supan/RT/aisd/a3/build/model/install.log'
[0.845s] Invoked command in '/home/supan/RT/aisd/a3/src/model' returned '0': PYTHONPATH=/home/supan/RT/aisd/a3/build/model/prefix_override:/usr/lib/python3/dist-packages/colcon_core/task/python/colcon_distutils_commands:/home/supan/RT/aisd/a3/install/model/lib/python3.10/site-packages:${PYTHONPATH} /usr/bin/python3 -W ignore:setup.py install is deprecated -W ignore:easy_install command is deprecated setup.py egg_info --egg-base ../../build/model build --build-base /home/supan/RT/aisd/a3/build/model/build install --record /home/supan/RT/aisd/a3/build/model/install.log --single-version-externally-managed install_data
