[0.109s] DEBUG:colcon:Command line arguments: ['/usr/bin/colcon', 'build']
[0.109s] DEBUG:colcon:Parsed command line arguments: Namespace(log_base=None, log_level=None, verb_name='build', build_base='build', install_base='install', merge_install=False, symlink_install=False, test_result_base=None, continue_on_error=False, executor='parallel', parallel_workers=12, event_handlers=None, ignore_user_meta=False, metas=['./colcon.meta'], base_paths=['.'], packages_ignore=None, packages_ignore_regex=None, paths=None, packages_up_to=None, packages_up_to_regex=None, packages_above=None, packages_above_and_dependencies=None, packages_above_depth=None, packages_select_by_dep=None, packages_skip_by_dep=None, packages_skip_up_to=None, packages_select_build_failed=False, packages_skip_build_finished=False, packages_select_test_failures=False, packages_skip_test_passed=False, packages_select=None, packages_skip=None, packages_select_regex=None, packages_skip_regex=None, packages_start=None, packages_end=None, allow_overriding=[], cmake_args=None, cmake_target=None, cmake_target_skip_unavailable=False, cmake_clean_cache=False, cmake_clean_first=False, cmake_force_configure=False, ament_cmake_args=None, catkin_cmake_args=None, catkin_skip_building_tests=False, mixin_files=None, mixin=None, verb_parser=<colcon_mixin.mixin.mixin_argument.MixinArgumentDecorator object at 0x7615bd84f370>, verb_extension=<colcon_core.verb.build.BuildVerb object at 0x7615bd84ee30>, main=<bound method BuildVerb.main of <colcon_core.verb.build.BuildVerb object at 0x7615bd84ee30>>, mixin_verb=('build',))
[0.278s] Level 1:colcon.colcon_core.package_discovery:discover_packages(colcon_meta) check parameters
[0.278s] Level 1:colcon.colcon_core.package_discovery:discover_packages(recursive) check parameters
[0.278s] Level 1:colcon.colcon_core.package_discovery:discover_packages(ignore) check parameters
[0.278s] Level 1:colcon.colcon_core.package_discovery:discover_packages(path) check parameters
[0.278s] Level 1:colcon.colcon_core.package_discovery:discover_packages(colcon_meta) discover
[0.278s] Level 1:colcon.colcon_core.package_discovery:discover_packages(recursive) discover
[0.278s] INFO:colcon.colcon_core.package_discovery:Crawling recursively for packages in '/home/supan/RT/aisd/robot_arm_ws_dup'
[0.278s] Level 1:colcon.colcon_core.package_identification:_identify(.) by extensions ['ignore', 'ignore_ament_install']
[0.278s] Level 1:colcon.colcon_core.package_identification:_identify(.) by extension 'ignore'
[0.278s] Level 1:colcon.colcon_core.package_identification:_identify(.) by extension 'ignore_ament_install'
[0.278s] Level 1:colcon.colcon_core.package_identification:_identify(.) by extensions ['colcon_pkg']
[0.278s] Level 1:colcon.colcon_core.package_identification:_identify(.) by extension 'colcon_pkg'
[0.278s] Level 1:colcon.colcon_core.package_identification:_identify(.) by extensions ['colcon_meta']
[0.278s] Level 1:colcon.colcon_core.package_identification:_identify(.) by extension 'colcon_meta'
[0.278s] Level 1:colcon.colcon_core.package_identification:_identify(.) by extensions ['ros']
[0.278s] Level 1:colcon.colcon_core.package_identification:_identify(.) by extension 'ros'
[0.292s] Level 1:colcon.colcon_core.package_identification:_identify(.) by extensions ['cmake', 'python']
[0.292s] Level 1:colcon.colcon_core.package_identification:_identify(.) by extension 'cmake'
[0.292s] Level 1:colcon.colcon_core.package_identification:_identify(.) by extension 'python'
[0.293s] Level 1:colcon.colcon_core.package_identification:_identify(.) by extensions ['python_setup_py']
[0.293s] Level 1:colcon.colcon_core.package_identification:_identify(.) by extension 'python_setup_py'
[0.293s] Level 1:colcon.colcon_core.package_identification:_identify(build) by extensions ['ignore', 'ignore_ament_install']
[0.293s] Level 1:colcon.colcon_core.package_identification:_identify(build) by extension 'ignore'
[0.293s] Level 1:colcon.colcon_core.package_identification:_identify(build) ignored
[0.293s] Level 1:colcon.colcon_core.package_identification:_identify(install) by extensions ['ignore', 'ignore_ament_install']
[0.293s] Level 1:colcon.colcon_core.package_identification:_identify(install) by extension 'ignore'
[0.293s] Level 1:colcon.colcon_core.package_identification:_identify(install) ignored
[0.293s] Level 1:colcon.colcon_core.package_identification:_identify(log) by extensions ['ignore', 'ignore_ament_install']
[0.293s] Level 1:colcon.colcon_core.package_identification:_identify(log) by extension 'ignore'
[0.293s] Level 1:colcon.colcon_core.package_identification:_identify(log) ignored
[0.293s] Level 1:colcon.colcon_core.package_identification:_identify(src) by extensions ['ignore', 'ignore_ament_install']
[0.293s] Level 1:colcon.colcon_core.package_identification:_identify(src) by extension 'ignore'
[0.293s] Level 1:colcon.colcon_core.package_identification:_identify(src) by extension 'ignore_ament_install'
[0.293s] Level 1:colcon.colcon_core.package_identification:_identify(src) by extensions ['colcon_pkg']
[0.293s] Level 1:colcon.colcon_core.package_identification:_identify(src) by extension 'colcon_pkg'
[0.293s] Level 1:colcon.colcon_core.package_identification:_identify(src) by extensions ['colcon_meta']
[0.293s] Level 1:colcon.colcon_core.package_identification:_identify(src) by extension 'colcon_meta'
[0.293s] Level 1:colcon.colcon_core.package_identification:_identify(src) by extensions ['ros']
[0.293s] Level 1:colcon.colcon_core.package_identification:_identify(src) by extension 'ros'
[0.293s] Level 1:colcon.colcon_core.package_identification:_identify(src) by extensions ['cmake', 'python']
[0.293s] Level 1:colcon.colcon_core.package_identification:_identify(src) by extension 'cmake'
[0.293s] Level 1:colcon.colcon_core.package_identification:_identify(src) by extension 'python'
[0.293s] Level 1:colcon.colcon_core.package_identification:_identify(src) by extensions ['python_setup_py']
[0.293s] Level 1:colcon.colcon_core.package_identification:_identify(src) by extension 'python_setup_py'
[0.293s] Level 1:colcon.colcon_core.package_identification:_identify(src/anint) by extensions ['ignore', 'ignore_ament_install']
[0.293s] Level 1:colcon.colcon_core.package_identification:_identify(src/anint) by extension 'ignore'
[0.293s] Level 1:colcon.colcon_core.package_identification:_identify(src/anint) by extension 'ignore_ament_install'
[0.294s] Level 1:colcon.colcon_core.package_identification:_identify(src/anint) by extensions ['colcon_pkg']
[0.294s] Level 1:colcon.colcon_core.package_identification:_identify(src/anint) by extension 'colcon_pkg'
[0.294s] Level 1:colcon.colcon_core.package_identification:_identify(src/anint) by extensions ['colcon_meta']
[0.294s] Level 1:colcon.colcon_core.package_identification:_identify(src/anint) by extension 'colcon_meta'
[0.294s] Level 1:colcon.colcon_core.package_identification:_identify(src/anint) by extensions ['ros']
[0.294s] Level 1:colcon.colcon_core.package_identification:_identify(src/anint) by extension 'ros'
[0.296s] DEBUG:colcon.colcon_core.package_identification:Package 'src/anint' with type 'ros.ament_cmake' and name 'anint'
[0.296s] Level 1:colcon.colcon_core.package_identification:_identify(src/con) by extensions ['ignore', 'ignore_ament_install']
[0.296s] Level 1:colcon.colcon_core.package_identification:_identify(src/con) by extension 'ignore'
[0.296s] Level 1:colcon.colcon_core.package_identification:_identify(src/con) by extension 'ignore_ament_install'
[0.296s] Level 1:colcon.colcon_core.package_identification:_identify(src/con) by extensions ['colcon_pkg']
[0.296s] Level 1:colcon.colcon_core.package_identification:_identify(src/con) by extension 'colcon_pkg'
[0.296s] Level 1:colcon.colcon_core.package_identification:_identify(src/con) by extensions ['colcon_meta']
[0.296s] Level 1:colcon.colcon_core.package_identification:_identify(src/con) by extension 'colcon_meta'
[0.296s] Level 1:colcon.colcon_core.package_identification:_identify(src/con) by extensions ['ros']
[0.296s] Level 1:colcon.colcon_core.package_identification:_identify(src/con) by extension 'ros'
[0.297s] DEBUG:colcon.colcon_core.package_identification:Package 'src/con' with type 'ros.ament_python' and name 'con'
[0.297s] Level 1:colcon.colcon_core.package_identification:_identify(src/robot_arm) by extensions ['ignore', 'ignore_ament_install']
[0.297s] Level 1:colcon.colcon_core.package_identification:_identify(src/robot_arm) by extension 'ignore'
[0.297s] Level 1:colcon.colcon_core.package_identification:_identify(src/robot_arm) by extension 'ignore_ament_install'
[0.297s] Level 1:colcon.colcon_core.package_identification:_identify(src/robot_arm) by extensions ['colcon_pkg']
[0.297s] Level 1:colcon.colcon_core.package_identification:_identify(src/robot_arm) by extension 'colcon_pkg'
[0.297s] Level 1:colcon.colcon_core.package_identification:_identify(src/robot_arm) by extensions ['colcon_meta']
[0.297s] Level 1:colcon.colcon_core.package_identification:_identify(src/robot_arm) by extension 'colcon_meta'
[0.297s] Level 1:colcon.colcon_core.package_identification:_identify(src/robot_arm) by extensions ['ros']
[0.297s] Level 1:colcon.colcon_core.package_identification:_identify(src/robot_arm) by extension 'ros'
[0.298s] DEBUG:colcon.colcon_core.package_identification:Package 'src/robot_arm' with type 'ros.ament_cmake' and name 'robot_arm'
[0.298s] Level 1:colcon.colcon_core.package_discovery:discover_packages(recursive) using defaults
[0.298s] Level 1:colcon.colcon_core.package_discovery:discover_packages(ignore) discover
[0.298s] Level 1:colcon.colcon_core.package_discovery:discover_packages(ignore) using defaults
[0.298s] Level 1:colcon.colcon_core.package_discovery:discover_packages(path) discover
[0.298s] Level 1:colcon.colcon_core.package_discovery:discover_packages(path) using defaults
[0.314s] Level 1:colcon.colcon_core.package_discovery:discover_packages(prefix_path) check parameters
[0.314s] Level 1:colcon.colcon_core.package_discovery:discover_packages(prefix_path) discover
[0.316s] DEBUG:colcon.colcon_installed_package_information.package_discovery:Found 8 installed packages in /home/supan/RT/sim/install
[0.317s] DEBUG:colcon.colcon_installed_package_information.package_discovery:Found 308 installed packages in /opt/ros/humble
[0.318s] Level 1:colcon.colcon_core.package_discovery:discover_packages(prefix_path) using defaults
[0.344s] Level 5:colcon.colcon_core.verb:set package 'anint' build argument 'cmake_args' from command line to 'None'
[0.344s] Level 5:colcon.colcon_core.verb:set package 'anint' build argument 'cmake_target' from command line to 'None'
[0.344s] Level 5:colcon.colcon_core.verb:set package 'anint' build argument 'cmake_target_skip_unavailable' from command line to 'False'
[0.344s] Level 5:colcon.colcon_core.verb:set package 'anint' build argument 'cmake_clean_cache' from command line to 'False'
[0.344s] Level 5:colcon.colcon_core.verb:set package 'anint' build argument 'cmake_clean_first' from command line to 'False'
[0.344s] Level 5:colcon.colcon_core.verb:set package 'anint' build argument 'cmake_force_configure' from command line to 'False'
[0.344s] Level 5:colcon.colcon_core.verb:set package 'anint' build argument 'ament_cmake_args' from command line to 'None'
[0.344s] Level 5:colcon.colcon_core.verb:set package 'anint' build argument 'catkin_cmake_args' from command line to 'None'
[0.344s] Level 5:colcon.colcon_core.verb:set package 'anint' build argument 'catkin_skip_building_tests' from command line to 'False'
[0.344s] DEBUG:colcon.colcon_core.verb:Building package 'anint' with the following arguments: {'ament_cmake_args': None, 'build_base': '/home/supan/RT/aisd/robot_arm_ws_dup/build/anint', 'catkin_cmake_args': None, 'catkin_skip_building_tests': False, 'cmake_args': None, 'cmake_clean_cache': False, 'cmake_clean_first': False, 'cmake_force_configure': False, 'cmake_target': None, 'cmake_target_skip_unavailable': False, 'install_base': '/home/supan/RT/aisd/robot_arm_ws_dup/install/anint', 'merge_install': False, 'path': '/home/supan/RT/aisd/robot_arm_ws_dup/src/anint', 'symlink_install': False, 'test_result_base': None}
[0.344s] Level 5:colcon.colcon_core.verb:set package 'con' build argument 'cmake_args' from command line to 'None'
[0.344s] Level 5:colcon.colcon_core.verb:set package 'con' build argument 'cmake_target' from command line to 'None'
[0.344s] Level 5:colcon.colcon_core.verb:set package 'con' build argument 'cmake_target_skip_unavailable' from command line to 'False'
[0.344s] Level 5:colcon.colcon_core.verb:set package 'con' build argument 'cmake_clean_cache' from command line to 'False'
[0.344s] Level 5:colcon.colcon_core.verb:set package 'con' build argument 'cmake_clean_first' from command line to 'False'
[0.344s] Level 5:colcon.colcon_core.verb:set package 'con' build argument 'cmake_force_configure' from command line to 'False'
[0.344s] Level 5:colcon.colcon_core.verb:set package 'con' build argument 'ament_cmake_args' from command line to 'None'
[0.344s] Level 5:colcon.colcon_core.verb:set package 'con' build argument 'catkin_cmake_args' from command line to 'None'
[0.344s] Level 5:colcon.colcon_core.verb:set package 'con' build argument 'catkin_skip_building_tests' from command line to 'False'
[0.344s] DEBUG:colcon.colcon_core.verb:Building package 'con' with the following arguments: {'ament_cmake_args': None, 'build_base': '/home/supan/RT/aisd/robot_arm_ws_dup/build/con', 'catkin_cmake_args': None, 'catkin_skip_building_tests': False, 'cmake_args': None, 'cmake_clean_cache': False, 'cmake_clean_first': False, 'cmake_force_configure': False, 'cmake_target': None, 'cmake_target_skip_unavailable': False, 'install_base': '/home/supan/RT/aisd/robot_arm_ws_dup/install/con', 'merge_install': False, 'path': '/home/supan/RT/aisd/robot_arm_ws_dup/src/con', 'symlink_install': False, 'test_result_base': None}
[0.344s] Level 5:colcon.colcon_core.verb:set package 'robot_arm' build argument 'cmake_args' from command line to 'None'
[0.344s] Level 5:colcon.colcon_core.verb:set package 'robot_arm' build argument 'cmake_target' from command line to 'None'
[0.344s] Level 5:colcon.colcon_core.verb:set package 'robot_arm' build argument 'cmake_target_skip_unavailable' from command line to 'False'
[0.344s] Level 5:colcon.colcon_core.verb:set package 'robot_arm' build argument 'cmake_clean_cache' from command line to 'False'
[0.344s] Level 5:colcon.colcon_core.verb:set package 'robot_arm' build argument 'cmake_clean_first' from command line to 'False'
[0.344s] Level 5:colcon.colcon_core.verb:set package 'robot_arm' build argument 'cmake_force_configure' from command line to 'False'
[0.344s] Level 5:colcon.colcon_core.verb:set package 'robot_arm' build argument 'ament_cmake_args' from command line to 'None'
[0.344s] Level 5:colcon.colcon_core.verb:set package 'robot_arm' build argument 'catkin_cmake_args' from command line to 'None'
[0.344s] Level 5:colcon.colcon_core.verb:set package 'robot_arm' build argument 'catkin_skip_building_tests' from command line to 'False'
[0.344s] DEBUG:colcon.colcon_core.verb:Building package 'robot_arm' with the following arguments: {'ament_cmake_args': None, 'build_base': '/home/supan/RT/aisd/robot_arm_ws_dup/build/robot_arm', 'catkin_cmake_args': None, 'catkin_skip_building_tests': False, 'cmake_args': None, 'cmake_clean_cache': False, 'cmake_clean_first': False, 'cmake_force_configure': False, 'cmake_target': None, 'cmake_target_skip_unavailable': False, 'install_base': '/home/supan/RT/aisd/robot_arm_ws_dup/install/robot_arm', 'merge_install': False, 'path': '/home/supan/RT/aisd/robot_arm_ws_dup/src/robot_arm', 'symlink_install': False, 'test_result_base': None}
[0.344s] INFO:colcon.colcon_core.executor:Executing jobs using 'parallel' executor
[0.345s] DEBUG:colcon.colcon_parallel_executor.executor.parallel:run_until_complete
[0.346s] INFO:colcon.colcon_ros.task.ament_cmake.build:Building ROS package in '/home/supan/RT/aisd/robot_arm_ws_dup/src/anint' with build type 'ament_cmake'
[0.346s] INFO:colcon.colcon_cmake.task.cmake.build:Building CMake package in '/home/supan/RT/aisd/robot_arm_ws_dup/src/anint'
[0.348s] INFO:colcon.colcon_core.plugin_system:Skipping extension 'colcon_core.shell.bat': Not used on non-Windows systems
[0.348s] INFO:colcon.colcon_core.shell:Skip shell extension 'powershell' for command environment: Not usable outside of PowerShell
[0.348s] DEBUG:colcon.colcon_core.shell:Skip shell extension 'dsv' for command environment
[0.351s] INFO:colcon.colcon_ros.task.ament_python.build:Building ROS package in '/home/supan/RT/aisd/robot_arm_ws_dup/src/con' with build type 'ament_python'
[0.351s] Level 1:colcon.colcon_core.shell:create_environment_hook('con', 'ament_prefix_path')
[0.351s] INFO:colcon.colcon_core.shell:Creating environment hook '/home/supan/RT/aisd/robot_arm_ws_dup/install/con/share/con/hook/ament_prefix_path.ps1'
[0.352s] INFO:colcon.colcon_core.shell:Creating environment descriptor '/home/supan/RT/aisd/robot_arm_ws_dup/install/con/share/con/hook/ament_prefix_path.dsv'
[0.352s] INFO:colcon.colcon_core.shell:Creating environment hook '/home/supan/RT/aisd/robot_arm_ws_dup/install/con/share/con/hook/ament_prefix_path.sh'
[0.353s] INFO:colcon.colcon_core.shell:Skip shell extension 'powershell' for command environment: Not usable outside of PowerShell
[0.353s] DEBUG:colcon.colcon_core.shell:Skip shell extension 'dsv' for command environment
[0.355s] INFO:colcon.colcon_ros.task.ament_cmake.build:Building ROS package in '/home/supan/RT/aisd/robot_arm_ws_dup/src/robot_arm' with build type 'ament_cmake'
[0.355s] INFO:colcon.colcon_cmake.task.cmake.build:Building CMake package in '/home/supan/RT/aisd/robot_arm_ws_dup/src/robot_arm'
[0.356s] INFO:colcon.colcon_core.shell:Skip shell extension 'powershell' for command environment: Not usable outside of PowerShell
[0.356s] DEBUG:colcon.colcon_core.shell:Skip shell extension 'dsv' for command environment
[0.366s] DEBUG:colcon.colcon_core.event_handler.log_command:Invoking command in '/home/supan/RT/aisd/robot_arm_ws_dup/build/anint': CMAKE_PREFIX_PATH=${CMAKE_PREFIX_PATH}:/home/supan/RT/sim/install/eufs_launcher:/home/supan/RT/sim/install/eufs_tracks:/home/supan/RT/sim/install/eufs_rqt:/home/supan/RT/sim/install/eufs_racecar:/opt/ros/humble /usr/bin/cmake /home/supan/RT/aisd/robot_arm_ws_dup/src/anint -DCMAKE_INSTALL_PREFIX=/home/supan/RT/aisd/robot_arm_ws_dup/install/anint
[0.548s] INFO:colcon.colcon_core.task.python.build:Building Python package in '/home/supan/RT/aisd/robot_arm_ws_dup/src/con'
[0.548s] INFO:colcon.colcon_core.shell:Skip shell extension 'powershell' for command environment: Not usable outside of PowerShell
[0.548s] DEBUG:colcon.colcon_core.shell:Skip shell extension 'dsv' for command environment
[0.555s] DEBUG:colcon.colcon_core.event_handler.log_command:Invoking command in '/home/supan/RT/aisd/robot_arm_ws_dup/build/robot_arm': CMAKE_PREFIX_PATH=${CMAKE_PREFIX_PATH}:/home/supan/RT/sim/install/eufs_launcher:/home/supan/RT/sim/install/eufs_tracks:/home/supan/RT/sim/install/eufs_rqt:/home/supan/RT/sim/install/eufs_racecar:/opt/ros/humble /usr/bin/cmake /home/supan/RT/aisd/robot_arm_ws_dup/src/robot_arm -DCMAKE_INSTALL_PREFIX=/home/supan/RT/aisd/robot_arm_ws_dup/install/robot_arm
[0.872s] DEBUG:colcon.colcon_core.event_handler.log_command:Invoking command in '/home/supan/RT/aisd/robot_arm_ws_dup/build/con': PYTHONPATH=/home/supan/RT/aisd/robot_arm_ws_dup/build/con/prefix_override:/usr/lib/python3/dist-packages/colcon_core/task/python/colcon_distutils_commands:/home/supan/RT/aisd/robot_arm_ws_dup/install/con/lib/python3.10/site-packages:${PYTHONPATH} /usr/bin/python3 -W ignore:setup.py install is deprecated -W ignore:easy_install command is deprecated setup.py develop --uninstall --editable --build-directory /home/supan/RT/aisd/robot_arm_ws_dup/build/con/build
[0.978s] DEBUG:colcon.colcon_core.event_handler.log_command:Invoked command in '/home/supan/RT/aisd/robot_arm_ws_dup/build/robot_arm' returned '0': CMAKE_PREFIX_PATH=${CMAKE_PREFIX_PATH}:/home/supan/RT/sim/install/eufs_launcher:/home/supan/RT/sim/install/eufs_tracks:/home/supan/RT/sim/install/eufs_rqt:/home/supan/RT/sim/install/eufs_racecar:/opt/ros/humble /usr/bin/cmake /home/supan/RT/aisd/robot_arm_ws_dup/src/robot_arm -DCMAKE_INSTALL_PREFIX=/home/supan/RT/aisd/robot_arm_ws_dup/install/robot_arm
[0.980s] DEBUG:colcon.colcon_core.event_handler.log_command:Invoking command in '/home/supan/RT/aisd/robot_arm_ws_dup/build/robot_arm': CMAKE_PREFIX_PATH=${CMAKE_PREFIX_PATH}:/home/supan/RT/sim/install/eufs_launcher:/home/supan/RT/sim/install/eufs_tracks:/home/supan/RT/sim/install/eufs_rqt:/home/supan/RT/sim/install/eufs_racecar:/opt/ros/humble /usr/bin/cmake --build /home/supan/RT/aisd/robot_arm_ws_dup/build/robot_arm -- -j12 -l12
[1.019s] DEBUG:colcon.colcon_core.event_handler.log_command:Invoked command in '/home/supan/RT/aisd/robot_arm_ws_dup/build/robot_arm' returned '0': CMAKE_PREFIX_PATH=${CMAKE_PREFIX_PATH}:/home/supan/RT/sim/install/eufs_launcher:/home/supan/RT/sim/install/eufs_tracks:/home/supan/RT/sim/install/eufs_rqt:/home/supan/RT/sim/install/eufs_racecar:/opt/ros/humble /usr/bin/cmake --build /home/supan/RT/aisd/robot_arm_ws_dup/build/robot_arm -- -j12 -l12
[1.028s] DEBUG:colcon.colcon_core.event_handler.log_command:Invoking command in '/home/supan/RT/aisd/robot_arm_ws_dup/build/robot_arm': CMAKE_PREFIX_PATH=${CMAKE_PREFIX_PATH}:/home/supan/RT/sim/install/eufs_launcher:/home/supan/RT/sim/install/eufs_tracks:/home/supan/RT/sim/install/eufs_rqt:/home/supan/RT/sim/install/eufs_racecar:/opt/ros/humble /usr/bin/cmake --install /home/supan/RT/aisd/robot_arm_ws_dup/build/robot_arm
[1.044s] Level 1:colcon.colcon_core.environment:create_environment_scripts_only(robot_arm)
[1.045s] DEBUG:colcon.colcon_core.event_handler.log_command:Invoked command in '/home/supan/RT/aisd/robot_arm_ws_dup/build/robot_arm' returned '0': CMAKE_PREFIX_PATH=${CMAKE_PREFIX_PATH}:/home/supan/RT/sim/install/eufs_launcher:/home/supan/RT/sim/install/eufs_tracks:/home/supan/RT/sim/install/eufs_rqt:/home/supan/RT/sim/install/eufs_racecar:/opt/ros/humble /usr/bin/cmake --install /home/supan/RT/aisd/robot_arm_ws_dup/build/robot_arm
[1.048s] Level 1:colcon.colcon_core.environment:checking '/home/supan/RT/aisd/robot_arm_ws_dup/install/robot_arm' for CMake module files
[1.049s] Level 1:colcon.colcon_core.environment:checking '/home/supan/RT/aisd/robot_arm_ws_dup/install/robot_arm' for CMake config files
[1.049s] Level 1:colcon.colcon_core.shell:create_environment_hook('robot_arm', 'cmake_prefix_path')
[1.049s] INFO:colcon.colcon_core.shell:Creating environment hook '/home/supan/RT/aisd/robot_arm_ws_dup/install/robot_arm/share/robot_arm/hook/cmake_prefix_path.ps1'
[1.049s] INFO:colcon.colcon_core.shell:Creating environment descriptor '/home/supan/RT/aisd/robot_arm_ws_dup/install/robot_arm/share/robot_arm/hook/cmake_prefix_path.dsv'
[1.050s] INFO:colcon.colcon_core.shell:Creating environment hook '/home/supan/RT/aisd/robot_arm_ws_dup/install/robot_arm/share/robot_arm/hook/cmake_prefix_path.sh'
[1.050s] Level 1:colcon.colcon_core.environment:checking '/home/supan/RT/aisd/robot_arm_ws_dup/install/robot_arm/bin'
[1.050s] Level 1:colcon.colcon_core.environment:checking '/home/supan/RT/aisd/robot_arm_ws_dup/install/robot_arm/lib/pkgconfig/robot_arm.pc'
[1.051s] Level 1:colcon.colcon_core.environment:checking '/home/supan/RT/aisd/robot_arm_ws_dup/install/robot_arm/lib/python3.10/site-packages'
[1.051s] Level 1:colcon.colcon_core.environment:checking '/home/supan/RT/aisd/robot_arm_ws_dup/install/robot_arm/bin'
[1.051s] INFO:colcon.colcon_core.shell:Creating package script '/home/supan/RT/aisd/robot_arm_ws_dup/install/robot_arm/share/robot_arm/package.ps1'
[1.052s] INFO:colcon.colcon_core.shell:Creating package descriptor '/home/supan/RT/aisd/robot_arm_ws_dup/install/robot_arm/share/robot_arm/package.dsv'
[1.053s] INFO:colcon.colcon_core.shell:Creating package script '/home/supan/RT/aisd/robot_arm_ws_dup/install/robot_arm/share/robot_arm/package.sh'
[1.053s] INFO:colcon.colcon_core.shell:Creating package script '/home/supan/RT/aisd/robot_arm_ws_dup/install/robot_arm/share/robot_arm/package.bash'
[1.054s] INFO:colcon.colcon_core.shell:Creating package script '/home/supan/RT/aisd/robot_arm_ws_dup/install/robot_arm/share/robot_arm/package.zsh'
[1.055s] Level 1:colcon.colcon_core.environment:create_file_with_runtime_dependencies(/home/supan/RT/aisd/robot_arm_ws_dup/install/robot_arm/share/colcon-core/packages/robot_arm)
[1.055s] Level 1:colcon.colcon_core.environment:create_environment_scripts_only(robot_arm)
[1.056s] Level 1:colcon.colcon_core.environment:checking '/home/supan/RT/aisd/robot_arm_ws_dup/install/robot_arm' for CMake module files
[1.056s] Level 1:colcon.colcon_core.environment:checking '/home/supan/RT/aisd/robot_arm_ws_dup/install/robot_arm' for CMake config files
[1.056s] Level 1:colcon.colcon_core.shell:create_environment_hook('robot_arm', 'cmake_prefix_path')
[1.056s] INFO:colcon.colcon_core.shell:Creating environment hook '/home/supan/RT/aisd/robot_arm_ws_dup/install/robot_arm/share/robot_arm/hook/cmake_prefix_path.ps1'
[1.057s] INFO:colcon.colcon_core.shell:Creating environment descriptor '/home/supan/RT/aisd/robot_arm_ws_dup/install/robot_arm/share/robot_arm/hook/cmake_prefix_path.dsv'
[1.057s] INFO:colcon.colcon_core.shell:Creating environment hook '/home/supan/RT/aisd/robot_arm_ws_dup/install/robot_arm/share/robot_arm/hook/cmake_prefix_path.sh'
[1.057s] Level 1:colcon.colcon_core.environment:checking '/home/supan/RT/aisd/robot_arm_ws_dup/install/robot_arm/bin'
[1.057s] Level 1:colcon.colcon_core.environment:checking '/home/supan/RT/aisd/robot_arm_ws_dup/install/robot_arm/lib/pkgconfig/robot_arm.pc'
[1.058s] Level 1:colcon.colcon_core.environment:checking '/home/supan/RT/aisd/robot_arm_ws_dup/install/robot_arm/lib/python3.10/site-packages'
[1.058s] Level 1:colcon.colcon_core.environment:checking '/home/supan/RT/aisd/robot_arm_ws_dup/install/robot_arm/bin'
[1.058s] INFO:colcon.colcon_core.shell:Creating package script '/home/supan/RT/aisd/robot_arm_ws_dup/install/robot_arm/share/robot_arm/package.ps1'
[1.058s] INFO:colcon.colcon_core.shell:Creating package descriptor '/home/supan/RT/aisd/robot_arm_ws_dup/install/robot_arm/share/robot_arm/package.dsv'
[1.059s] INFO:colcon.colcon_core.shell:Creating package script '/home/supan/RT/aisd/robot_arm_ws_dup/install/robot_arm/share/robot_arm/package.sh'
[1.059s] INFO:colcon.colcon_core.shell:Creating package script '/home/supan/RT/aisd/robot_arm_ws_dup/install/robot_arm/share/robot_arm/package.bash'
[1.059s] INFO:colcon.colcon_core.shell:Creating package script '/home/supan/RT/aisd/robot_arm_ws_dup/install/robot_arm/share/robot_arm/package.zsh'
[1.060s] Level 1:colcon.colcon_core.environment:create_file_with_runtime_dependencies(/home/supan/RT/aisd/robot_arm_ws_dup/install/robot_arm/share/colcon-core/packages/robot_arm)
[1.200s] DEBUG:colcon.colcon_core.event_handler.log_command:Invoked command in '/home/supan/RT/aisd/robot_arm_ws_dup/build/con' returned '0': PYTHONPATH=/home/supan/RT/aisd/robot_arm_ws_dup/build/con/prefix_override:/usr/lib/python3/dist-packages/colcon_core/task/python/colcon_distutils_commands:/home/supan/RT/aisd/robot_arm_ws_dup/install/con/lib/python3.10/site-packages:${PYTHONPATH} /usr/bin/python3 -W ignore:setup.py install is deprecated -W ignore:easy_install command is deprecated setup.py develop --uninstall --editable --build-directory /home/supan/RT/aisd/robot_arm_ws_dup/build/con/build
[1.201s] DEBUG:colcon.colcon_core.event_handler.log_command:Invoking command in '/home/supan/RT/aisd/robot_arm_ws_dup/src/con': PYTHONPATH=/home/supan/RT/aisd/robot_arm_ws_dup/build/con/prefix_override:/usr/lib/python3/dist-packages/colcon_core/task/python/colcon_distutils_commands:/home/supan/RT/aisd/robot_arm_ws_dup/install/con/lib/python3.10/site-packages:${PYTHONPATH} /usr/bin/python3 -W ignore:setup.py install is deprecated -W ignore:easy_install command is deprecated setup.py egg_info --egg-base ../../build/con build --build-base /home/supan/RT/aisd/robot_arm_ws_dup/build/con/build install --record /home/supan/RT/aisd/robot_arm_ws_dup/build/con/install.log --single-version-externally-managed install_data --force
[1.279s] DEBUG:colcon.colcon_core.event_handler.log_command:Invoked command in '/home/supan/RT/aisd/robot_arm_ws_dup/build/anint' returned '0': CMAKE_PREFIX_PATH=${CMAKE_PREFIX_PATH}:/home/supan/RT/sim/install/eufs_launcher:/home/supan/RT/sim/install/eufs_tracks:/home/supan/RT/sim/install/eufs_rqt:/home/supan/RT/sim/install/eufs_racecar:/opt/ros/humble /usr/bin/cmake /home/supan/RT/aisd/robot_arm_ws_dup/src/anint -DCMAKE_INSTALL_PREFIX=/home/supan/RT/aisd/robot_arm_ws_dup/install/anint
[1.280s] DEBUG:colcon.colcon_core.event_handler.log_command:Invoking command in '/home/supan/RT/aisd/robot_arm_ws_dup/build/anint': CMAKE_PREFIX_PATH=${CMAKE_PREFIX_PATH}:/home/supan/RT/sim/install/eufs_launcher:/home/supan/RT/sim/install/eufs_tracks:/home/supan/RT/sim/install/eufs_rqt:/home/supan/RT/sim/install/eufs_racecar:/opt/ros/humble /usr/bin/cmake --build /home/supan/RT/aisd/robot_arm_ws_dup/build/anint -- -j12 -l12
[1.466s] Level 1:colcon.colcon_core.environment:checking '/home/supan/RT/aisd/robot_arm_ws_dup/install/con' for CMake module files
[1.467s] DEBUG:colcon.colcon_core.event_handler.log_command:Invoked command in '/home/supan/RT/aisd/robot_arm_ws_dup/src/con' returned '0': PYTHONPATH=/home/supan/RT/aisd/robot_arm_ws_dup/build/con/prefix_override:/usr/lib/python3/dist-packages/colcon_core/task/python/colcon_distutils_commands:/home/supan/RT/aisd/robot_arm_ws_dup/install/con/lib/python3.10/site-packages:${PYTHONPATH} /usr/bin/python3 -W ignore:setup.py install is deprecated -W ignore:easy_install command is deprecated setup.py egg_info --egg-base ../../build/con build --build-base /home/supan/RT/aisd/robot_arm_ws_dup/build/con/build install --record /home/supan/RT/aisd/robot_arm_ws_dup/build/con/install.log --single-version-externally-managed install_data --force
[1.467s] Level 1:colcon.colcon_core.environment:checking '/home/supan/RT/aisd/robot_arm_ws_dup/install/con' for CMake config files
[1.468s] Level 1:colcon.colcon_core.environment:checking '/home/supan/RT/aisd/robot_arm_ws_dup/install/con/lib'
[1.468s] Level 1:colcon.colcon_core.environment:checking '/home/supan/RT/aisd/robot_arm_ws_dup/install/con/bin'
[1.468s] Level 1:colcon.colcon_core.environment:checking '/home/supan/RT/aisd/robot_arm_ws_dup/install/con/lib/pkgconfig/con.pc'
[1.468s] Level 1:colcon.colcon_core.environment:checking '/home/supan/RT/aisd/robot_arm_ws_dup/install/con/lib/python3.10/site-packages'
[1.469s] Level 1:colcon.colcon_core.shell:create_environment_hook('con', 'pythonpath')
[1.469s] INFO:colcon.colcon_core.shell:Creating environment hook '/home/supan/RT/aisd/robot_arm_ws_dup/install/con/share/con/hook/pythonpath.ps1'
[1.469s] INFO:colcon.colcon_core.shell:Creating environment descriptor '/home/supan/RT/aisd/robot_arm_ws_dup/install/con/share/con/hook/pythonpath.dsv'
[1.469s] INFO:colcon.colcon_core.shell:Creating environment hook '/home/supan/RT/aisd/robot_arm_ws_dup/install/con/share/con/hook/pythonpath.sh'
[1.470s] Level 1:colcon.colcon_core.environment:checking '/home/supan/RT/aisd/robot_arm_ws_dup/install/con/bin'
[1.470s] Level 1:colcon.colcon_core.environment:create_environment_scripts_only(con)
[1.470s] INFO:colcon.colcon_core.shell:Creating package script '/home/supan/RT/aisd/robot_arm_ws_dup/install/con/share/con/package.ps1'
[1.471s] INFO:colcon.colcon_core.shell:Creating package descriptor '/home/supan/RT/aisd/robot_arm_ws_dup/install/con/share/con/package.dsv'
[1.471s] INFO:colcon.colcon_core.shell:Creating package script '/home/supan/RT/aisd/robot_arm_ws_dup/install/con/share/con/package.sh'
[1.471s] INFO:colcon.colcon_core.shell:Creating package script '/home/supan/RT/aisd/robot_arm_ws_dup/install/con/share/con/package.bash'
[1.472s] INFO:colcon.colcon_core.shell:Creating package script '/home/supan/RT/aisd/robot_arm_ws_dup/install/con/share/con/package.zsh'
[1.472s] Level 1:colcon.colcon_core.environment:create_file_with_runtime_dependencies(/home/supan/RT/aisd/robot_arm_ws_dup/install/con/share/colcon-core/packages/con)
[1.616s] DEBUG:colcon.colcon_core.event_handler.log_command:Invoked command in '/home/supan/RT/aisd/robot_arm_ws_dup/build/anint' returned '0': CMAKE_PREFIX_PATH=${CMAKE_PREFIX_PATH}:/home/supan/RT/sim/install/eufs_launcher:/home/supan/RT/sim/install/eufs_tracks:/home/supan/RT/sim/install/eufs_rqt:/home/supan/RT/sim/install/eufs_racecar:/opt/ros/humble /usr/bin/cmake --build /home/supan/RT/aisd/robot_arm_ws_dup/build/anint -- -j12 -l12
[1.618s] DEBUG:colcon.colcon_core.event_handler.log_command:Invoking command in '/home/supan/RT/aisd/robot_arm_ws_dup/build/anint': CMAKE_PREFIX_PATH=${CMAKE_PREFIX_PATH}:/home/supan/RT/sim/install/eufs_launcher:/home/supan/RT/sim/install/eufs_tracks:/home/supan/RT/sim/install/eufs_rqt:/home/supan/RT/sim/install/eufs_racecar:/opt/ros/humble /usr/bin/cmake --install /home/supan/RT/aisd/robot_arm_ws_dup/build/anint
[1.679s] Level 1:colcon.colcon_core.environment:create_environment_scripts_only(anint)
[1.679s] Level 1:colcon.colcon_core.environment:checking '/home/supan/RT/aisd/robot_arm_ws_dup/install/anint' for CMake module files
[1.679s] DEBUG:colcon.colcon_core.event_handler.log_command:Invoked command in '/home/supan/RT/aisd/robot_arm_ws_dup/build/anint' returned '0': CMAKE_PREFIX_PATH=${CMAKE_PREFIX_PATH}:/home/supan/RT/sim/install/eufs_launcher:/home/supan/RT/sim/install/eufs_tracks:/home/supan/RT/sim/install/eufs_rqt:/home/supan/RT/sim/install/eufs_racecar:/opt/ros/humble /usr/bin/cmake --install /home/supan/RT/aisd/robot_arm_ws_dup/build/anint
[1.680s] Level 1:colcon.colcon_core.environment:checking '/home/supan/RT/aisd/robot_arm_ws_dup/install/anint' for CMake config files
[1.680s] Level 1:colcon.colcon_core.shell:create_environment_hook('anint', 'cmake_prefix_path')
[1.680s] INFO:colcon.colcon_core.shell:Creating environment hook '/home/supan/RT/aisd/robot_arm_ws_dup/install/anint/share/anint/hook/cmake_prefix_path.ps1'
[1.681s] INFO:colcon.colcon_core.shell:Creating environment descriptor '/home/supan/RT/aisd/robot_arm_ws_dup/install/anint/share/anint/hook/cmake_prefix_path.dsv'
[1.681s] INFO:colcon.colcon_core.shell:Creating environment hook '/home/supan/RT/aisd/robot_arm_ws_dup/install/anint/share/anint/hook/cmake_prefix_path.sh'
[1.681s] Level 1:colcon.colcon_core.environment:checking '/home/supan/RT/aisd/robot_arm_ws_dup/install/anint/lib'
[1.681s] Level 1:colcon.colcon_core.shell:create_environment_hook('anint', 'ld_library_path_lib')
[1.681s] INFO:colcon.colcon_core.shell:Creating environment hook '/home/supan/RT/aisd/robot_arm_ws_dup/install/anint/share/anint/hook/ld_library_path_lib.ps1'
[1.682s] INFO:colcon.colcon_core.shell:Creating environment descriptor '/home/supan/RT/aisd/robot_arm_ws_dup/install/anint/share/anint/hook/ld_library_path_lib.dsv'
[1.682s] INFO:colcon.colcon_core.shell:Creating environment hook '/home/supan/RT/aisd/robot_arm_ws_dup/install/anint/share/anint/hook/ld_library_path_lib.sh'
[1.682s] Level 1:colcon.colcon_core.environment:checking '/home/supan/RT/aisd/robot_arm_ws_dup/install/anint/bin'
[1.682s] Level 1:colcon.colcon_core.environment:checking '/home/supan/RT/aisd/robot_arm_ws_dup/install/anint/lib/pkgconfig/anint.pc'
[1.682s] Level 1:colcon.colcon_core.environment:checking '/home/supan/RT/aisd/robot_arm_ws_dup/install/anint/lib/python3.10/site-packages'
[1.682s] Level 1:colcon.colcon_core.environment:checking '/home/supan/RT/aisd/robot_arm_ws_dup/install/anint/bin'
[1.682s] INFO:colcon.colcon_core.shell:Creating package script '/home/supan/RT/aisd/robot_arm_ws_dup/install/anint/share/anint/package.ps1'
[1.683s] INFO:colcon.colcon_core.shell:Creating package descriptor '/home/supan/RT/aisd/robot_arm_ws_dup/install/anint/share/anint/package.dsv'
[1.683s] INFO:colcon.colcon_core.shell:Creating package script '/home/supan/RT/aisd/robot_arm_ws_dup/install/anint/share/anint/package.sh'
[1.683s] INFO:colcon.colcon_core.shell:Creating package script '/home/supan/RT/aisd/robot_arm_ws_dup/install/anint/share/anint/package.bash'
[1.683s] INFO:colcon.colcon_core.shell:Creating package script '/home/supan/RT/aisd/robot_arm_ws_dup/install/anint/share/anint/package.zsh'
[1.684s] Level 1:colcon.colcon_core.environment:create_file_with_runtime_dependencies(/home/supan/RT/aisd/robot_arm_ws_dup/install/anint/share/colcon-core/packages/anint)
[1.684s] Level 1:colcon.colcon_core.environment:create_environment_scripts_only(anint)
[1.684s] Level 1:colcon.colcon_core.environment:checking '/home/supan/RT/aisd/robot_arm_ws_dup/install/anint' for CMake module files
[1.684s] Level 1:colcon.colcon_core.environment:checking '/home/supan/RT/aisd/robot_arm_ws_dup/install/anint' for CMake config files
[1.685s] Level 1:colcon.colcon_core.shell:create_environment_hook('anint', 'cmake_prefix_path')
[1.685s] INFO:colcon.colcon_core.shell:Creating environment hook '/home/supan/RT/aisd/robot_arm_ws_dup/install/anint/share/anint/hook/cmake_prefix_path.ps1'
[1.685s] INFO:colcon.colcon_core.shell:Creating environment descriptor '/home/supan/RT/aisd/robot_arm_ws_dup/install/anint/share/anint/hook/cmake_prefix_path.dsv'
[1.685s] INFO:colcon.colcon_core.shell:Creating environment hook '/home/supan/RT/aisd/robot_arm_ws_dup/install/anint/share/anint/hook/cmake_prefix_path.sh'
[1.686s] Level 1:colcon.colcon_core.environment:checking '/home/supan/RT/aisd/robot_arm_ws_dup/install/anint/lib'
[1.686s] Level 1:colcon.colcon_core.shell:create_environment_hook('anint', 'ld_library_path_lib')
[1.686s] INFO:colcon.colcon_core.shell:Creating environment hook '/home/supan/RT/aisd/robot_arm_ws_dup/install/anint/share/anint/hook/ld_library_path_lib.ps1'
[1.686s] INFO:colcon.colcon_core.shell:Creating environment descriptor '/home/supan/RT/aisd/robot_arm_ws_dup/install/anint/share/anint/hook/ld_library_path_lib.dsv'
[1.686s] INFO:colcon.colcon_core.shell:Creating environment hook '/home/supan/RT/aisd/robot_arm_ws_dup/install/anint/share/anint/hook/ld_library_path_lib.sh'
[1.686s] Level 1:colcon.colcon_core.environment:checking '/home/supan/RT/aisd/robot_arm_ws_dup/install/anint/bin'
[1.686s] Level 1:colcon.colcon_core.environment:checking '/home/supan/RT/aisd/robot_arm_ws_dup/install/anint/lib/pkgconfig/anint.pc'
[1.686s] Level 1:colcon.colcon_core.environment:checking '/home/supan/RT/aisd/robot_arm_ws_dup/install/anint/lib/python3.10/site-packages'
[1.687s] Level 1:colcon.colcon_core.environment:checking '/home/supan/RT/aisd/robot_arm_ws_dup/install/anint/bin'
[1.687s] INFO:colcon.colcon_core.shell:Creating package script '/home/supan/RT/aisd/robot_arm_ws_dup/install/anint/share/anint/package.ps1'
[1.687s] INFO:colcon.colcon_core.shell:Creating package descriptor '/home/supan/RT/aisd/robot_arm_ws_dup/install/anint/share/anint/package.dsv'
[1.687s] INFO:colcon.colcon_core.shell:Creating package script '/home/supan/RT/aisd/robot_arm_ws_dup/install/anint/share/anint/package.sh'
[1.688s] INFO:colcon.colcon_core.shell:Creating package script '/home/supan/RT/aisd/robot_arm_ws_dup/install/anint/share/anint/package.bash'
[1.688s] INFO:colcon.colcon_core.shell:Creating package script '/home/supan/RT/aisd/robot_arm_ws_dup/install/anint/share/anint/package.zsh'
[1.688s] Level 1:colcon.colcon_core.environment:create_file_with_runtime_dependencies(/home/supan/RT/aisd/robot_arm_ws_dup/install/anint/share/colcon-core/packages/anint)
[1.688s] DEBUG:colcon.colcon_parallel_executor.executor.parallel:closing loop
[1.688s] DEBUG:colcon.colcon_parallel_executor.executor.parallel:loop closed
[1.688s] DEBUG:colcon.colcon_parallel_executor.executor.parallel:run_until_complete finished with '0'
[1.688s] DEBUG:colcon.colcon_core.event_reactor:joining thread
[1.693s] INFO:colcon.colcon_core.plugin_system:Skipping extension 'colcon_notification.desktop_notification.terminal_notifier': Not used on non-Darwin systems
[1.693s] INFO:colcon.colcon_core.plugin_system:Skipping extension 'colcon_notification.desktop_notification.win32': Not used on non-Windows systems
[1.693s] INFO:colcon.colcon_notification.desktop_notification:Sending desktop notification using 'notify2'
[1.706s] DEBUG:colcon.colcon_core.event_reactor:joined thread
[1.706s] INFO:colcon.colcon_core.shell:Creating prefix script '/home/supan/RT/aisd/robot_arm_ws_dup/install/local_setup.ps1'
[1.707s] INFO:colcon.colcon_core.shell:Creating prefix util module '/home/supan/RT/aisd/robot_arm_ws_dup/install/_local_setup_util_ps1.py'
[1.709s] INFO:colcon.colcon_core.shell:Creating prefix chain script '/home/supan/RT/aisd/robot_arm_ws_dup/install/setup.ps1'
[1.710s] INFO:colcon.colcon_core.shell:Creating prefix script '/home/supan/RT/aisd/robot_arm_ws_dup/install/local_setup.sh'
[1.711s] INFO:colcon.colcon_core.shell:Creating prefix util module '/home/supan/RT/aisd/robot_arm_ws_dup/install/_local_setup_util_sh.py'
[1.711s] INFO:colcon.colcon_core.shell:Creating prefix chain script '/home/supan/RT/aisd/robot_arm_ws_dup/install/setup.sh'
[1.712s] INFO:colcon.colcon_core.shell:Creating prefix script '/home/supan/RT/aisd/robot_arm_ws_dup/install/local_setup.bash'
[1.713s] INFO:colcon.colcon_core.shell:Creating prefix chain script '/home/supan/RT/aisd/robot_arm_ws_dup/install/setup.bash'
[1.714s] INFO:colcon.colcon_core.shell:Creating prefix script '/home/supan/RT/aisd/robot_arm_ws_dup/install/local_setup.zsh'
[1.715s] INFO:colcon.colcon_core.shell:Creating prefix chain script '/home/supan/RT/aisd/robot_arm_ws_dup/install/setup.zsh'
