running egg_info
writing ../../build/model/model.egg-info/PKG-INFO
writing dependency_links to ../../build/model/model.egg-info/dependency_links.txt
writing entry points to ../../build/model/model.egg-info/entry_points.txt
writing requirements to ../../build/model/model.egg-info/requires.txt
writing top-level names to ../../build/model/model.egg-info/top_level.txt
reading manifest file '../../build/model/model.egg-info/SOURCES.txt'
adding license file 'LICENSE'
writing manifest file '../../build/model/model.egg-info/SOURCES.txt'
running build
running build_py
copying model/vis.py -> /home/supan/RT/aisd/a3/build/model/build/lib/model
running install
running install_lib
copying /home/supan/RT/aisd/a3/build/model/build/lib/model/vis.py -> /home/supan/RT/aisd/a3/install/model/lib/python3.10/site-packages/model
byte-compiling /home/supan/RT/aisd/a3/install/model/lib/python3.10/site-packages/model/vis.py to vis.cpython-310.pyc
running install_data
running install_egg_info
removing '/home/supan/RT/aisd/a3/install/model/lib/python3.10/site-packages/model-0.0.0-py3.10.egg-info' (and everything under it)
Copying ../../build/model/model.egg-info to /home/supan/RT/aisd/a3/install/model/lib/python3.10/site-packages/model-0.0.0-py3.10.egg-info
running install_scripts
Installing md script to /home/supan/RT/aisd/a3/install/model/lib/model
Installing vis script to /home/supan/RT/aisd/a3/install/model/lib/model
writing list of installed files to '/home/supan/RT/aisd/a3/build/model/install.log'
