[0.436s] Invoking command in '/home/supan/RT/aisd/a3/src/racecar': CMAKE_PREFIX_PATH=/home/supan/RT/aisd/a3/install/racecar_description:/home/supan/RT/aisd/a3/install/racecar_plugins PYTHONPATH=/home/supan/RT/aisd/a3/build/racecar/prefix_override:/usr/lib/python3/dist-packages/colcon_core/task/python/colcon_distutils_commands:/home/supan/RT/aisd/a3/install/racecar/lib/python3.10/site-packages:${PYTHONPATH} /usr/bin/python3 -W ignore:setup.py install is deprecated -W ignore:easy_install command is deprecated setup.py egg_info --egg-base ../../build/racecar build --build-base /home/supan/RT/aisd/a3/build/racecar/build install --record /home/supan/RT/aisd/a3/build/racecar/install.log --single-version-externally-managed install_data
[0.595s] running egg_info
[0.596s] writing ../../build/racecar/racecar.egg-info/PKG-INFO
[0.596s] writing dependency_links to ../../build/racecar/racecar.egg-info/dependency_links.txt
[0.596s] writing entry points to ../../build/racecar/racecar.egg-info/entry_points.txt
[0.596s] writing requirements to ../../build/racecar/racecar.egg-info/requires.txt
[0.596s] writing top-level names to ../../build/racecar/racecar.egg-info/top_level.txt
[0.597s] reading manifest file '../../build/racecar/racecar.egg-info/SOURCES.txt'
[0.597s] writing manifest file '../../build/racecar/racecar.egg-info/SOURCES.txt'
[0.597s] running build
[0.598s] running build_py
[0.598s] running install
[0.598s] running install_lib
[0.599s] running install_data
[0.599s] running install_egg_info
[0.600s] removing '/home/supan/RT/aisd/a3/install/racecar/lib/python3.10/site-packages/racecar-0.0.0-py3.10.egg-info' (and everything under it)
[0.600s] Copying ../../build/racecar/racecar.egg-info to /home/supan/RT/aisd/a3/install/racecar/lib/python3.10/site-packages/racecar-0.0.0-py3.10.egg-info
[0.600s] running install_scripts
[0.613s] Installing control script to /home/supan/RT/aisd/a3/install/racecar/lib/racecar
[0.614s] writing list of installed files to '/home/supan/RT/aisd/a3/build/racecar/install.log'
[0.632s] Invoked command in '/home/supan/RT/aisd/a3/src/racecar' returned '0': CMAKE_PREFIX_PATH=/home/supan/RT/aisd/a3/install/racecar_description:/home/supan/RT/aisd/a3/install/racecar_plugins PYTHONPATH=/home/supan/RT/aisd/a3/build/racecar/prefix_override:/usr/lib/python3/dist-packages/colcon_core/task/python/colcon_distutils_commands:/home/supan/RT/aisd/a3/install/racecar/lib/python3.10/site-packages:${PYTHONPATH} /usr/bin/python3 -W ignore:setup.py install is deprecated -W ignore:easy_install command is deprecated setup.py egg_info --egg-base ../../build/racecar build --build-base /home/supan/RT/aisd/a3/build/racecar/build install --record /home/supan/RT/aisd/a3/build/racecar/install.log --single-version-externally-managed install_data
