[0.008s] Invoking command in '/home/supan/RT/aisd/robot_arm_ws_dup/build/robot_arm': CMAKE_PREFIX_PATH=${CMAKE_PREFIX_PATH}:/home/supan/RT/sim/install/eufs_launcher:/home/supan/RT/sim/install/eufs_tracks:/home/supan/RT/sim/install/eufs_rqt:/home/supan/RT/sim/install/eufs_racecar:/opt/ros/humble /usr/bin/cmake /home/supan/RT/aisd/robot_arm_ws_dup/src/robot_arm -DAMENT_CMAKE_SYMLINK_INSTALL=1 -DCMAKE_INSTALL_PREFIX=/home/supan/RT/aisd/robot_arm_ws_dup/install/robot_arm
[0.019s] -- Found ament_cmake: 1.3.11 (/opt/ros/humble/share/ament_cmake/cmake)
[0.114s] -- Override CMake install command with custom implementation using symlinks instead of copying resources
[0.118s] -- Found rclcpp: 16.0.11 (/opt/ros/humble/share/rclcpp/cmake)
[0.136s] -- Found rosidl_generator_c: 3.1.6 (/opt/ros/humble/share/rosidl_generator_c/cmake)
[0.138s] -- Found rosidl_adapter: 3.1.6 (/opt/ros/humble/share/rosidl_adapter/cmake)
[0.142s] -- Found rosidl_generator_cpp: 3.1.6 (/opt/ros/humble/share/rosidl_generator_cpp/cmake)
[0.148s] -- Using all available rosidl_typesupport_c: rosidl_typesupport_fastrtps_c;rosidl_typesupport_introspection_c
[0.156s] -- Using all available rosidl_typesupport_cpp: rosidl_typesupport_fastrtps_cpp;rosidl_typesupport_introspection_cpp
[0.176s] -- Found rmw_implementation_cmake: 6.1.2 (/opt/ros/humble/share/rmw_implementation_cmake/cmake)
[0.177s] -- Found rmw_fastrtps_cpp: 6.2.7 (/opt/ros/humble/share/rmw_fastrtps_cpp/cmake)
[0.245s] -- Using RMW implementation 'rmw_fastrtps_cpp' as default
[0.276s] -- Found ament_lint_auto: 0.12.11 (/opt/ros/humble/share/ament_lint_auto/cmake)
[0.323s] -- Added test 'flake8' to check Python code syntax and style conventions
[0.323s] -- Added test 'lint_cmake' to check CMake code style
[0.323s] -- Added test 'pep257' to check Python code against some of the docstring style conventions in PEP 257
[0.324s] -- Added test 'xmllint' to check XML markup files
[0.325s] -- Configuring done
[0.327s] -- Generating done
[0.328s] -- Build files have been written to: /home/supan/RT/aisd/robot_arm_ws_dup/build/robot_arm
[0.333s] Invoked command in '/home/supan/RT/aisd/robot_arm_ws_dup/build/robot_arm' returned '0': CMAKE_PREFIX_PATH=${CMAKE_PREFIX_PATH}:/home/supan/RT/sim/install/eufs_launcher:/home/supan/RT/sim/install/eufs_tracks:/home/supan/RT/sim/install/eufs_rqt:/home/supan/RT/sim/install/eufs_racecar:/opt/ros/humble /usr/bin/cmake /home/supan/RT/aisd/robot_arm_ws_dup/src/robot_arm -DAMENT_CMAKE_SYMLINK_INSTALL=1 -DCMAKE_INSTALL_PREFIX=/home/supan/RT/aisd/robot_arm_ws_dup/install/robot_arm
[0.334s] Invoking command in '/home/supan/RT/aisd/robot_arm_ws_dup/build/robot_arm': CMAKE_PREFIX_PATH=${CMAKE_PREFIX_PATH}:/home/supan/RT/sim/install/eufs_launcher:/home/supan/RT/sim/install/eufs_tracks:/home/supan/RT/sim/install/eufs_rqt:/home/supan/RT/sim/install/eufs_racecar:/opt/ros/humble /usr/bin/cmake --build /home/supan/RT/aisd/robot_arm_ws_dup/build/robot_arm -- -j12 -l12
[0.377s] Invoked command in '/home/supan/RT/aisd/robot_arm_ws_dup/build/robot_arm' returned '0': CMAKE_PREFIX_PATH=${CMAKE_PREFIX_PATH}:/home/supan/RT/sim/install/eufs_launcher:/home/supan/RT/sim/install/eufs_tracks:/home/supan/RT/sim/install/eufs_rqt:/home/supan/RT/sim/install/eufs_racecar:/opt/ros/humble /usr/bin/cmake --build /home/supan/RT/aisd/robot_arm_ws_dup/build/robot_arm -- -j12 -l12
[0.389s] Invoking command in '/home/supan/RT/aisd/robot_arm_ws_dup/build/robot_arm': CMAKE_PREFIX_PATH=${CMAKE_PREFIX_PATH}:/home/supan/RT/sim/install/eufs_launcher:/home/supan/RT/sim/install/eufs_tracks:/home/supan/RT/sim/install/eufs_rqt:/home/supan/RT/sim/install/eufs_racecar:/opt/ros/humble /usr/bin/cmake --install /home/supan/RT/aisd/robot_arm_ws_dup/build/robot_arm
[0.398s] -- Install configuration: ""
[0.398s] -- Up-to-date: /home/supan/RT/aisd/robot_arm_ws_dup/install/robot_arm/share/robot_arm
[0.398s] -- Up-to-date: /home/supan/RT/aisd/robot_arm_ws_dup/install/robot_arm/share/robot_arm/sim.launch.py
[0.399s] -- Up-to-date: /home/supan/RT/aisd/robot_arm_ws_dup/install/robot_arm/share/robot_arm/__pycache__
[0.399s] -- Up-to-date: /home/supan/RT/aisd/robot_arm_ws_dup/install/robot_arm/share/robot_arm/__pycache__/sim.launch.cpython-310.pyc
[0.399s] -- Up-to-date: /home/supan/RT/aisd/robot_arm_ws_dup/install/robot_arm/share/robot_arm/config
[0.399s] -- Up-to-date: /home/supan/RT/aisd/robot_arm_ws_dup/install/robot_arm/share/robot_arm/config/robot_control.yaml
[0.399s] -- Execute custom install script
[0.399s] -- Up-to-date symlink: /home/supan/RT/aisd/robot_arm_ws_dup/install/robot_arm/share/ament_index/resource_index/package_run_dependencies/robot_arm
[0.399s] -- Up-to-date symlink: /home/supan/RT/aisd/robot_arm_ws_dup/install/robot_arm/share/ament_index/resource_index/parent_prefix_path/robot_arm
[0.399s] -- Up-to-date symlink: /home/supan/RT/aisd/robot_arm_ws_dup/install/robot_arm/share/robot_arm/environment/ament_prefix_path.sh
[0.399s] -- Up-to-date symlink: /home/supan/RT/aisd/robot_arm_ws_dup/install/robot_arm/share/robot_arm/environment/ament_prefix_path.dsv
[0.399s] -- Up-to-date symlink: /home/supan/RT/aisd/robot_arm_ws_dup/install/robot_arm/share/robot_arm/environment/path.sh
[0.400s] -- Up-to-date symlink: /home/supan/RT/aisd/robot_arm_ws_dup/install/robot_arm/share/robot_arm/environment/path.dsv
[0.400s] -- Up-to-date symlink: /home/supan/RT/aisd/robot_arm_ws_dup/install/robot_arm/share/robot_arm/local_setup.bash
[0.400s] -- Up-to-date symlink: /home/supan/RT/aisd/robot_arm_ws_dup/install/robot_arm/share/robot_arm/local_setup.sh
[0.400s] -- Up-to-date symlink: /home/supan/RT/aisd/robot_arm_ws_dup/install/robot_arm/share/robot_arm/local_setup.zsh
[0.400s] -- Up-to-date symlink: /home/supan/RT/aisd/robot_arm_ws_dup/install/robot_arm/share/robot_arm/local_setup.dsv
[0.400s] -- Symlinking: /home/supan/RT/aisd/robot_arm_ws_dup/install/robot_arm/share/robot_arm/package.dsv
[0.411s] -- Up-to-date symlink: /home/supan/RT/aisd/robot_arm_ws_dup/install/robot_arm/share/ament_index/resource_index/packages/robot_arm
[0.411s] -- Up-to-date symlink: /home/supan/RT/aisd/robot_arm_ws_dup/install/robot_arm/share/robot_arm/cmake/robot_armConfig.cmake
[0.411s] -- Up-to-date symlink: /home/supan/RT/aisd/robot_arm_ws_dup/install/robot_arm/share/robot_arm/cmake/robot_armConfig-version.cmake
[0.411s] -- Up-to-date symlink: /home/supan/RT/aisd/robot_arm_ws_dup/install/robot_arm/share/robot_arm/package.xml
[0.413s] Invoked command in '/home/supan/RT/aisd/robot_arm_ws_dup/build/robot_arm' returned '0': CMAKE_PREFIX_PATH=${CMAKE_PREFIX_PATH}:/home/supan/RT/sim/install/eufs_launcher:/home/supan/RT/sim/install/eufs_tracks:/home/supan/RT/sim/install/eufs_rqt:/home/supan/RT/sim/install/eufs_racecar:/opt/ros/humble /usr/bin/cmake --install /home/supan/RT/aisd/robot_arm_ws_dup/build/robot_arm
