-- Found ament_cmake: 1.3.11 (/opt/ros/humble/share/ament_cmake/cmake)
-- Override CMake install command with custom implementation using symlinks instead of copying resources
-- Found gazebo_ros: 3.9.0 (/opt/ros/humble/share/gazebo_ros/cmake)
-- Found rosidl_generator_c: 3.1.6 (/opt/ros/humble/share/rosidl_generator_c/cmake)
-- Found rosidl_adapter: 3.1.6 (/opt/ros/humble/share/rosidl_adapter/cmake)
-- Found rosidl_generator_cpp: 3.1.6 (/opt/ros/humble/share/rosidl_generator_cpp/cmake)
-- Using all available rosidl_typesupport_c: rosidl_typesupport_fastrtps_c;rosidl_typesupport_introspection_c
-- Using all available rosidl_typesupport_cpp: rosidl_typesupport_fastrtps_cpp;rosidl_typesupport_introspection_cpp
-- Found rmw_implementation_cmake: 6.1.2 (/opt/ros/humble/share/rmw_implementation_cmake/cmake)
-- Found rmw_fastrtps_cpp: 6.2.7 (/opt/ros/humble/share/rmw_fastrtps_cpp/cmake)
-- Using RMW implementation 'rmw_fastrtps_cpp' as default
-- Found DART: /usr/include (Required is at least version "6.6") found components: dart 
-- Found Protobuf: /usr/lib/x86_64-linux-gnu/libprotobuf.so (found version "3.12.4") 
-- Looking for ignition-math6 -- found version 6.15.1
-- Searching for dependencies of ignition-math6
-- Looking for OGRE...
-- Found Ogre Ghadamon (1.9.0)
-- Found OGRE: optimized;/usr/lib/x86_64-linux-gnu/libOgreMain.so;debug;/usr/lib/x86_64-linux-gnu/libOgreMain.so
-- Looking for OGRE_Paging...
-- Found OGRE_Paging: optimized;/usr/lib/x86_64-linux-gnu/libOgrePaging.so;debug;/usr/lib/x86_64-linux-gnu/libOgrePaging.so
-- Looking for OGRE_Terrain...
-- Found OGRE_Terrain: optimized;/usr/lib/x86_64-linux-gnu/libOgreTerrain.so;debug;/usr/lib/x86_64-linux-gnu/libOgreTerrain.so
-- Looking for OGRE_Property...
-- Found OGRE_Property: optimized;/usr/lib/x86_64-linux-gnu/libOgreProperty.so;debug;/usr/lib/x86_64-linux-gnu/libOgreProperty.so
-- Looking for OGRE_RTShaderSystem...
-- Found OGRE_RTShaderSystem: optimized;/usr/lib/x86_64-linux-gnu/libOgreRTShaderSystem.so;debug;/usr/lib/x86_64-linux-gnu/libOgreRTShaderSystem.so
-- Looking for OGRE_Volume...
-- Found OGRE_Volume: optimized;/usr/lib/x86_64-linux-gnu/libOgreVolume.so;debug;/usr/lib/x86_64-linux-gnu/libOgreVolume.so
-- Looking for OGRE_Overlay...
-- Found OGRE_Overlay: optimized;/usr/lib/x86_64-linux-gnu/libOgreOverlay.so;debug;/usr/lib/x86_64-linux-gnu/libOgreOverlay.so
-- Looking for ignition-math6 -- found version 6.15.1
-- Looking for ignition-transport8 -- found version 8.2.1
-- Searching for dependencies of ignition-transport8
-- Found Protobuf: /usr/lib/x86_64-linux-gnu/libprotobuf.so (found suitable version "3.12.4", minimum required is "3") 
-- Config-file not installed for ZeroMQ -- checking for pkg-config
-- Checking for module 'libzmq >= 4'
--   Found libzmq , version 4.3.4
-- Checking for module 'uuid'
--   Found uuid, version 2.37.2
-- Looking for ignition-msgs5 -- found version 5.8.1
-- Searching for dependencies of ignition-msgs5
-- Looking for ignition-math6 -- found version 6.15.1
-- Checking for module 'tinyxml2'
--   Found tinyxml2, version 9.0.0
-- Looking for ignition-msgs5 -- found version 5.8.1
-- Looking for ignition-common3 -- found version 3.14.0
-- Searching for dependencies of ignition-common3
-- Looking for dlfcn.h - found
-- Looking for libdl - found
-- Searching for <ignition-common3> component [graphics]
-- Looking for ignition-common3-graphics -- found version 3.14.0
-- Searching for dependencies of ignition-common3-graphics
-- Looking for ignition-math6 -- found version 6.15.1
-- Looking for ignition-fuel_tools4 -- found version 4.4.0
-- Searching for dependencies of ignition-fuel_tools4
-- Checking for module 'jsoncpp'
--   Found jsoncpp, version 1.9.5
-- Checking for module 'libzip'
--   Found libzip, version 1.7.3
-- Looking for ignition-common3 -- found version 3.14.0
-- Looking for ignition-math6 -- found version 6.15.1
-- Looking for ignition-msgs5 -- found version 5.8.1
-- Gazebo version: 11.10
-- Found geometry_msgs: 4.8.0 (/opt/ros/humble/share/geometry_msgs/cmake)
-- Found nav_msgs: 4.8.0 (/opt/ros/humble/share/nav_msgs/cmake)
-- Found ament_lint_auto: 0.12.11 (/opt/ros/humble/share/ament_lint_auto/cmake)
-- Added test 'cppcheck' to perform static code analysis on C / C++ code
-- Configured cppcheck include dirs: /home/supan/RT/aisd/a3/src/racecar_plugins/include
-- Configured cppcheck exclude dirs and/or files: 
-- Added test 'lint_cmake' to check CMake code style
-- Added test 'uncrustify' to check C / C++ code style
-- Configured uncrustify additional arguments: 
-- Added test 'xmllint' to check XML markup files
-- Configuring done
-- Generating done
-- Build files have been written to: /home/supan/RT/aisd/a3/build/racecar_plugins
[35m[1mConsolidate compiler generated dependencies of target racecar_plugin[0m
[ 50%] [32mBuilding CXX object CMakeFiles/racecar_plugin.dir/src/racecar_plugin.cpp.o[0m
In file included from [01m[K/opt/ros/humble/include/rclcpp/rclcpp/subscription_base.hpp:32[m[K,
                 from [01m[K/opt/ros/humble/include/rclcpp/rclcpp/callback_group.hpp:29[m[K,
                 from [01m[K/opt/ros/humble/include/rclcpp/rclcpp/any_executable.hpp:20[m[K,
                 from [01m[K/opt/ros/humble/include/rclcpp/rclcpp/memory_strategy.hpp:25[m[K,
                 from [01m[K/opt/ros/humble/include/rclcpp/rclcpp/memory_strategies.hpp:18[m[K,
                 from [01m[K/opt/ros/humble/include/rclcpp/rclcpp/executor_options.hpp:20[m[K,
                 from [01m[K/opt/ros/humble/include/rclcpp/rclcpp/executor.hpp:37[m[K,
                 from [01m[K/opt/ros/humble/include/rclcpp/rclcpp/executors/multi_threaded_executor.hpp:25[m[K,
                 from [01m[K/opt/ros/humble/include/rclcpp/rclcpp/executors.hpp:21[m[K,
                 from [01m[K/opt/ros/humble/include/rclcpp/rclcpp/rclcpp.hpp:155[m[K,
                 from [01m[K/home/supan/RT/aisd/a3/src/racecar_plugins/include/racecar_plugins/racecar_plugin.hpp:4[m[K,
                 from [01m[K/home/supan/RT/aisd/a3/src/racecar_plugins/src/racecar_plugin.cpp:2[m[K:
/opt/ros/humble/include/rclcpp/rclcpp/any_subscription_callback.hpp: In instantiation of ‘[01m[Krclcpp::AnySubscriptionCallback<MessageT, AllocatorT> rclcpp::AnySubscriptionCallback<MessageT, AllocatorT>::set(CallbackT) [with CallbackT = std::_Bind<void (gazebo::RacecarPlugin::*(gazebo::RacecarPlugin*, std::_Placeholder<1>))(std::shared_ptr<geometry_msgs::msg::Pose_<std::allocator<void> > >)>; MessageT = geometry_msgs::msg::Pose_<std::allocator<void> >; AllocatorT = std::allocator<void>][m[K’:
[01m[K/opt/ros/humble/include/rclcpp/rclcpp/subscription_factory.hpp:94:32:[m[K   required from ‘[01m[Krclcpp::SubscriptionFactory rclcpp::create_subscription_factory(CallbackT&&, const rclcpp::SubscriptionOptionsWithAllocator<AllocatorT>&, typename MessageMemoryStrategyT::SharedPtr, std::shared_ptr<rclcpp::topic_statistics::SubscriptionTopicStatistics<ROSMessageType> >) [with MessageT = geometry_msgs::msg::Pose_<std::allocator<void> >; CallbackT = std::_Bind<void (gazebo::RacecarPlugin::*(gazebo::RacecarPlugin*, std::_Placeholder<1>))(std::shared_ptr<geometry_msgs::msg::Pose_<std::allocator<void> > >)>; AllocatorT = std::allocator<void>; SubscriptionT = rclcpp::Subscription<geometry_msgs::msg::Pose_<std::allocator<void> > >; MessageMemoryStrategyT = rclcpp::message_memory_strategy::MessageMemoryStrategy<geometry_msgs::msg::Pose_<std::allocator<void> >, std::allocator<void> >; ROSMessageType = geometry_msgs::msg::Pose_<std::allocator<void> >; typename MessageMemoryStrategyT::SharedPtr = std::shared_ptr<rclcpp::message_memory_strategy::MessageMemoryStrategy<geometry_msgs::msg::Pose_<std::allocator<void> >, std::allocator<void> > >][m[K’
[01m[K/opt/ros/humble/include/rclcpp/rclcpp/create_subscription.hpp:122:63:[m[K   required from ‘[01m[Kstd::shared_ptr<ROSMessageT> rclcpp::detail::create_subscription(NodeParametersT&, NodeTopicsT&, const string&, const rclcpp::QoS&, CallbackT&&, const rclcpp::SubscriptionOptionsWithAllocator<AllocatorT>&, typename MessageMemoryStrategyT::SharedPtr) [with MessageT = geometry_msgs::msg::Pose_<std::allocator<void> >; CallbackT = std::_Bind<void (gazebo::RacecarPlugin::*(gazebo::RacecarPlugin*, std::_Placeholder<1>))(std::shared_ptr<geometry_msgs::msg::Pose_<std::allocator<void> > >)>; AllocatorT = std::allocator<void>; SubscriptionT = rclcpp::Subscription<geometry_msgs::msg::Pose_<std::allocator<void> > >; MessageMemoryStrategyT = rclcpp::message_memory_strategy::MessageMemoryStrategy<geometry_msgs::msg::Pose_<std::allocator<void> >, std::allocator<void> >; NodeParametersT = rclcpp::Node; NodeTopicsT = rclcpp::Node; ROSMessageType = geometry_msgs::msg::Pose_<std::allocator<void> >; std::string = std::__cxx11::basic_string<char>; typename MessageMemoryStrategyT::SharedPtr = std::shared_ptr<rclcpp::message_memory_strategy::MessageMemoryStrategy<geometry_msgs::msg::Pose_<std::allocator<void> >, std::allocator<void> > >][m[K’
[01m[K/opt/ros/humble/include/rclcpp/rclcpp/create_subscription.hpp:191:76:[m[K   required from ‘[01m[Kstd::shared_ptr<ROSMessageT> rclcpp::create_subscription(NodeT&, const string&, const rclcpp::QoS&, CallbackT&&, const rclcpp::SubscriptionOptionsWithAllocator<AllocatorT>&, typename MessageMemoryStrategyT::SharedPtr) [with MessageT = geometry_msgs::msg::Pose_<std::allocator<void> >; CallbackT = std::_Bind<void (gazebo::RacecarPlugin::*(gazebo::RacecarPlugin*, std::_Placeholder<1>))(std::shared_ptr<geometry_msgs::msg::Pose_<std::allocator<void> > >)>; AllocatorT = std::allocator<void>; SubscriptionT = rclcpp::Subscription<geometry_msgs::msg::Pose_<std::allocator<void> > >; MessageMemoryStrategyT = rclcpp::message_memory_strategy::MessageMemoryStrategy<geometry_msgs::msg::Pose_<std::allocator<void> >, std::allocator<void> >; NodeT = rclcpp::Node; std::string = std::__cxx11::basic_string<char>; typename MessageMemoryStrategyT::SharedPtr = std::shared_ptr<rclcpp::message_memory_strategy::MessageMemoryStrategy<geometry_msgs::msg::Pose_<std::allocator<void> >, std::allocator<void> > >][m[K’
[01m[K/opt/ros/humble/include/rclcpp/rclcpp/node_impl.hpp:99:47:[m[K   required from ‘[01m[Kstd::shared_ptr<ROSMessageT> rclcpp::Node::create_subscription(const string&, const rclcpp::QoS&, CallbackT&&, const rclcpp::SubscriptionOptionsWithAllocator<AllocatorT>&, typename MessageMemoryStrategyT::SharedPtr) [with MessageT = geometry_msgs::msg::Pose_<std::allocator<void> >; CallbackT = std::_Bind<void (gazebo::RacecarPlugin::*(gazebo::RacecarPlugin*, std::_Placeholder<1>))(std::shared_ptr<geometry_msgs::msg::Pose_<std::allocator<void> > >)>; AllocatorT = std::allocator<void>; SubscriptionT = rclcpp::Subscription<geometry_msgs::msg::Pose_<std::allocator<void> > >; MessageMemoryStrategyT = rclcpp::message_memory_strategy::MessageMemoryStrategy<geometry_msgs::msg::Pose_<std::allocator<void> >, std::allocator<void> >; std::string = std::__cxx11::basic_string<char>; typename MessageMemoryStrategyT::SharedPtr = std::shared_ptr<rclcpp::message_memory_strategy::MessageMemoryStrategy<geometry_msgs::msg::Pose_<std::allocator<void> >, std::allocator<void> > >][m[K’
[01m[K/home/supan/RT/aisd/a3/src/racecar_plugins/src/racecar_plugin.cpp:30:76:[m[K   required from here
[01m[K/opt/ros/humble/include/rclcpp/rclcpp/any_subscription_callback.hpp:391:21:[m[K [01;35m[Kwarning: [m[K‘[01m[Kvoid rclcpp::AnySubscriptionCallback<MessageT, AllocatorT>::set_deprecated(std::function<void(std::shared_ptr<_Yp>)>) [with SetT = geometry_msgs::msg::Pose_<std::allocator<void> >; MessageT = geometry_msgs::msg::Pose_<std::allocator<void> >; AllocatorT = std::allocator<void>][m[K’ is deprecated: use 'void(std::shared_ptr<const MessageT>)' instead [[01;35m[K]8;;https://gcc.gnu.org/onlinedocs/gcc/Warning-Options.html#index-Wdeprecated-declarations-Wdeprecated-declarations]8;;[m[K]
  391 |       [01;35m[Kset_deprecated(static_cast<typename scbth::callback_type>(callback))[m[K;
      |       [01;35m[K~~~~~~~~~~~~~~^~~~~~~~~~~~~~~~~~~~~~~~~~~~~~~~~~~~~~~~~~~~~~~~~~~~~~[m[K
[01m[K/opt/ros/humble/include/rclcpp/rclcpp/any_subscription_callback.hpp:408:3:[m[K [01;36m[Knote: [m[Kdeclared here
  408 |   [01;36m[Kset_deprecated[m[K(std::function<void(std::shared_ptr<SetT>)> callback)
      |   [01;36m[K^~~~~~~~~~~~~~[m[K
[100%] [32m[1mLinking CXX shared library libracecar_plugin.so[0m
[100%] Built target racecar_plugin
-- Install configuration: ""
-- Execute custom install script
-- Up-to-date symlink: /home/supan/RT/aisd/a3/install/racecar_plugins/share/racecar_plugins/environment/library_path.sh
-- Up-to-date symlink: /home/supan/RT/aisd/a3/install/racecar_plugins/share/racecar_plugins/environment/library_path.dsv
-- Up-to-date symlink: /home/supan/RT/aisd/a3/install/racecar_plugins/lib/libracecar_plugin.so
-- Up-to-date symlink: /home/supan/RT/aisd/a3/install/racecar_plugins/share/ament_index/resource_index/package_run_dependencies/racecar_plugins
-- Up-to-date symlink: /home/supan/RT/aisd/a3/install/racecar_plugins/share/ament_index/resource_index/parent_prefix_path/racecar_plugins
-- Up-to-date symlink: /home/supan/RT/aisd/a3/install/racecar_plugins/share/racecar_plugins/environment/ament_prefix_path.sh
-- Up-to-date symlink: /home/supan/RT/aisd/a3/install/racecar_plugins/share/racecar_plugins/environment/ament_prefix_path.dsv
-- Up-to-date symlink: /home/supan/RT/aisd/a3/install/racecar_plugins/share/racecar_plugins/environment/path.sh
-- Up-to-date symlink: /home/supan/RT/aisd/a3/install/racecar_plugins/share/racecar_plugins/environment/path.dsv
-- Up-to-date symlink: /home/supan/RT/aisd/a3/install/racecar_plugins/share/racecar_plugins/local_setup.bash
-- Up-to-date symlink: /home/supan/RT/aisd/a3/install/racecar_plugins/share/racecar_plugins/local_setup.sh
-- Up-to-date symlink: /home/supan/RT/aisd/a3/install/racecar_plugins/share/racecar_plugins/local_setup.zsh
-- Up-to-date symlink: /home/supan/RT/aisd/a3/install/racecar_plugins/share/racecar_plugins/local_setup.dsv
-- Symlinking: /home/supan/RT/aisd/a3/install/racecar_plugins/share/racecar_plugins/package.dsv
-- Up-to-date symlink: /home/supan/RT/aisd/a3/install/racecar_plugins/share/ament_index/resource_index/packages/racecar_plugins
-- Up-to-date symlink: /home/supan/RT/aisd/a3/install/racecar_plugins/share/racecar_plugins/cmake/ament_cmake_export_libraries-extras.cmake
-- Up-to-date symlink: /home/supan/RT/aisd/a3/install/racecar_plugins/share/racecar_plugins/cmake/racecar_pluginsConfig.cmake
-- Up-to-date symlink: /home/supan/RT/aisd/a3/install/racecar_plugins/share/racecar_plugins/cmake/racecar_pluginsConfig-version.cmake
-- Up-to-date symlink: /home/supan/RT/aisd/a3/install/racecar_plugins/share/racecar_plugins/package.xml
