[0.184s] Invoking command in '/home/supan/RT/aisd/a3/build/racecar_plugins': CMAKE_PREFIX_PATH=${CMAKE_PREFIX_PATH}:/home/supan/RT/aisd/a3/install/racecar:/home/supan/RT/aisd/a3/install/model:/opt/ros/humble /usr/bin/cmake --build /home/supan/RT/aisd/a3/build/racecar_plugins -- -j12 -l12
[0.216s] -- Found ament_cmake: 1.3.11 (/opt/ros/humble/share/ament_cmake/cmake)
[0.317s] -- Override CMake install command with custom implementation using symlinks instead of copying resources
[0.323s] -- Found gazebo_ros: 3.9.0 (/opt/ros/humble/share/gazebo_ros/cmake)
[0.353s] -- Found rosidl_generator_c: 3.1.6 (/opt/ros/humble/share/rosidl_generator_c/cmake)
[0.355s] -- Found rosidl_adapter: 3.1.6 (/opt/ros/humble/share/rosidl_adapter/cmake)
[0.362s] -- Found rosidl_generator_cpp: 3.1.6 (/opt/ros/humble/share/rosidl_generator_cpp/cmake)
[0.373s] -- Using all available rosidl_typesupport_c: rosidl_typesupport_fastrtps_c;rosidl_typesupport_introspection_c
[0.385s] -- Using all available rosidl_typesupport_cpp: rosidl_typesupport_fastrtps_cpp;rosidl_typesupport_introspection_cpp
[0.433s] -- Found rmw_implementation_cmake: 6.1.2 (/opt/ros/humble/share/rmw_implementation_cmake/cmake)
[0.434s] -- Found rmw_fastrtps_cpp: 6.2.7 (/opt/ros/humble/share/rmw_fastrtps_cpp/cmake)
[0.540s] -- Using RMW implementation 'rmw_fastrtps_cpp' as default
[0.626s] -- Found DART: /usr/include (Required is at least version "6.6") found components: dart 
[0.667s] -- Found Protobuf: /usr/lib/x86_64-linux-gnu/libprotobuf.so (found version "3.12.4") 
[0.670s] -- Looking for ignition-math6 -- found version 6.15.1
[0.679s] -- Searching for dependencies of ignition-math6
[0.682s] -- Looking for OGRE...
[0.690s] -- Found Ogre Ghadamon (1.9.0)
[0.690s] -- Found OGRE: optimized;/usr/lib/x86_64-linux-gnu/libOgreMain.so;debug;/usr/lib/x86_64-linux-gnu/libOgreMain.so
[0.705s] -- Looking for OGRE_Paging...
[0.705s] -- Found OGRE_Paging: optimized;/usr/lib/x86_64-linux-gnu/libOgrePaging.so;debug;/usr/lib/x86_64-linux-gnu/libOgrePaging.so
[0.705s] -- Looking for OGRE_Terrain...
[0.705s] -- Found OGRE_Terrain: optimized;/usr/lib/x86_64-linux-gnu/libOgreTerrain.so;debug;/usr/lib/x86_64-linux-gnu/libOgreTerrain.so
[0.705s] -- Looking for OGRE_Property...
[0.706s] -- Found OGRE_Property: optimized;/usr/lib/x86_64-linux-gnu/libOgreProperty.so;debug;/usr/lib/x86_64-linux-gnu/libOgreProperty.so
[0.706s] -- Looking for OGRE_RTShaderSystem...
[0.706s] -- Found OGRE_RTShaderSystem: optimized;/usr/lib/x86_64-linux-gnu/libOgreRTShaderSystem.so;debug;/usr/lib/x86_64-linux-gnu/libOgreRTShaderSystem.so
[0.706s] -- Looking for OGRE_Volume...
[0.706s] -- Found OGRE_Volume: optimized;/usr/lib/x86_64-linux-gnu/libOgreVolume.so;debug;/usr/lib/x86_64-linux-gnu/libOgreVolume.so
[0.706s] -- Looking for OGRE_Overlay...
[0.706s] -- Found OGRE_Overlay: optimized;/usr/lib/x86_64-linux-gnu/libOgreOverlay.so;debug;/usr/lib/x86_64-linux-gnu/libOgreOverlay.so
[0.800s] -- Looking for ignition-math6 -- found version 6.15.1
[0.800s] -- Looking for ignition-transport8 -- found version 8.2.1
[0.801s] -- Searching for dependencies of ignition-transport8
[0.817s] -- Found Protobuf: /usr/lib/x86_64-linux-gnu/libprotobuf.so (found suitable version "3.12.4", minimum required is "3") 
[0.824s] -- Config-file not installed for ZeroMQ -- checking for pkg-config
[0.829s] -- Checking for module 'libzmq >= 4'
[0.844s] --   Found libzmq , version 4.3.4
[0.885s] -- Checking for module 'uuid'
[0.898s] --   Found uuid, version 2.37.2
[0.932s] -- Looking for ignition-msgs5 -- found version 5.8.1
[0.932s] -- Searching for dependencies of ignition-msgs5
[0.947s] -- Looking for ignition-math6 -- found version 6.15.1
[0.952s] -- Checking for module 'tinyxml2'
[0.965s] --   Found tinyxml2, version 9.0.0
[0.998s] -- Looking for ignition-msgs5 -- found version 5.8.1
[0.999s] -- Looking for ignition-common3 -- found version 3.14.0
[0.999s] -- Searching for dependencies of ignition-common3
[0.999s] -- Looking for dlfcn.h - found
[0.999s] -- Looking for libdl - found
[1.012s] -- Searching for <ignition-common3> component [graphics]
[1.012s] -- Looking for ignition-common3-graphics -- found version 3.14.0
[1.013s] -- Searching for dependencies of ignition-common3-graphics
[1.013s] -- Looking for ignition-math6 -- found version 6.15.1
[1.014s] -- Looking for ignition-fuel_tools4 -- found version 4.4.0
[1.014s] -- Searching for dependencies of ignition-fuel_tools4
[1.050s] -- Checking for module 'jsoncpp'
[1.061s] --   Found jsoncpp, version 1.9.5
[1.102s] -- Checking for module 'libzip'
[1.117s] --   Found libzip, version 1.7.3
[1.147s] -- Looking for ignition-common3 -- found version 3.14.0
[1.147s] -- Looking for ignition-math6 -- found version 6.15.1
[1.147s] -- Looking for ignition-msgs5 -- found version 5.8.1
[1.149s] -- Gazebo version: 11.10
[1.150s] -- Found geometry_msgs: 4.8.0 (/opt/ros/humble/share/geometry_msgs/cmake)
[1.158s] -- Found nav_msgs: 4.8.0 (/opt/ros/humble/share/nav_msgs/cmake)
[1.174s] -- Found ament_lint_auto: 0.12.11 (/opt/ros/humble/share/ament_lint_auto/cmake)
[1.229s] -- Added test 'cppcheck' to perform static code analysis on C / C++ code
[1.229s] -- Configured cppcheck include dirs: /home/supan/RT/aisd/a3/src/racecar_plugins/include
[1.229s] -- Configured cppcheck exclude dirs and/or files: 
[1.229s] -- Added test 'lint_cmake' to check CMake code style
[1.230s] -- Added test 'uncrustify' to check C / C++ code style
[1.230s] -- Configured uncrustify additional arguments: 
[1.230s] -- Added test 'xmllint' to check XML markup files
[1.232s] -- Configuring done
[1.266s] -- Generating done
[1.269s] -- Build files have been written to: /home/supan/RT/aisd/a3/build/racecar_plugins
[1.300s] [35m[1mConsolidate compiler generated dependencies of target racecar_plugin[0m
[1.367s] [ 50%] [32mBuilding CXX object CMakeFiles/racecar_plugin.dir/src/racecar_plugin.cpp.o[0m
[9.447s] In file included from [01m[K/opt/ros/humble/include/rclcpp/rclcpp/subscription_base.hpp:32[m[K,
[9.447s]                  from [01m[K/opt/ros/humble/include/rclcpp/rclcpp/callback_group.hpp:29[m[K,
[9.447s]                  from [01m[K/opt/ros/humble/include/rclcpp/rclcpp/any_executable.hpp:20[m[K,
[9.447s]                  from [01m[K/opt/ros/humble/include/rclcpp/rclcpp/memory_strategy.hpp:25[m[K,
[9.447s]                  from [01m[K/opt/ros/humble/include/rclcpp/rclcpp/memory_strategies.hpp:18[m[K,
[9.447s]                  from [01m[K/opt/ros/humble/include/rclcpp/rclcpp/executor_options.hpp:20[m[K,
[9.447s]                  from [01m[K/opt/ros/humble/include/rclcpp/rclcpp/executor.hpp:37[m[K,
[9.447s]                  from [01m[K/opt/ros/humble/include/rclcpp/rclcpp/executors/multi_threaded_executor.hpp:25[m[K,
[9.448s]                  from [01m[K/opt/ros/humble/include/rclcpp/rclcpp/executors.hpp:21[m[K,
[9.448s]                  from [01m[K/opt/ros/humble/include/rclcpp/rclcpp/rclcpp.hpp:155[m[K,
[9.448s]                  from [01m[K/home/supan/RT/aisd/a3/src/racecar_plugins/include/racecar_plugins/racecar_plugin.hpp:4[m[K,
[9.448s]                  from [01m[K/home/supan/RT/aisd/a3/src/racecar_plugins/src/racecar_plugin.cpp:2[m[K:
[9.448s] /opt/ros/humble/include/rclcpp/rclcpp/any_subscription_callback.hpp: In instantiation of ‘[01m[Krclcpp::AnySubscriptionCallback<MessageT, AllocatorT> rclcpp::AnySubscriptionCallback<MessageT, AllocatorT>::set(CallbackT) [with CallbackT = std::_Bind<void (gazebo::RacecarPlugin::*(gazebo::RacecarPlugin*, std::_Placeholder<1>))(std::shared_ptr<geometry_msgs::msg::Pose_<std::allocator<void> > >)>; MessageT = geometry_msgs::msg::Pose_<std::allocator<void> >; AllocatorT = std::allocator<void>][m[K’:
[9.448s] [01m[K/opt/ros/humble/include/rclcpp/rclcpp/subscription_factory.hpp:94:32:[m[K   required from ‘[01m[Krclcpp::SubscriptionFactory rclcpp::create_subscription_factory(CallbackT&&, const rclcpp::SubscriptionOptionsWithAllocator<AllocatorT>&, typename MessageMemoryStrategyT::SharedPtr, std::shared_ptr<rclcpp::topic_statistics::SubscriptionTopicStatistics<ROSMessageType> >) [with MessageT = geometry_msgs::msg::Pose_<std::allocator<void> >; CallbackT = std::_Bind<void (gazebo::RacecarPlugin::*(gazebo::RacecarPlugin*, std::_Placeholder<1>))(std::shared_ptr<geometry_msgs::msg::Pose_<std::allocator<void> > >)>; AllocatorT = std::allocator<void>; SubscriptionT = rclcpp::Subscription<geometry_msgs::msg::Pose_<std::allocator<void> > >; MessageMemoryStrategyT = rclcpp::message_memory_strategy::MessageMemoryStrategy<geometry_msgs::msg::Pose_<std::allocator<void> >, std::allocator<void> >; ROSMessageType = geometry_msgs::msg::Pose_<std::allocator<void> >; typename MessageMemoryStrategyT::SharedPtr = std::shared_ptr<rclcpp::message_memory_strategy::MessageMemoryStrategy<geometry_msgs::msg::Pose_<std::allocator<void> >, std::allocator<void> > >][m[K’
[9.448s] [01m[K/opt/ros/humble/include/rclcpp/rclcpp/create_subscription.hpp:122:63:[m[K   required from ‘[01m[Kstd::shared_ptr<ROSMessageT> rclcpp::detail::create_subscription(NodeParametersT&, NodeTopicsT&, const string&, const rclcpp::QoS&, CallbackT&&, const rclcpp::SubscriptionOptionsWithAllocator<AllocatorT>&, typename MessageMemoryStrategyT::SharedPtr) [with MessageT = geometry_msgs::msg::Pose_<std::allocator<void> >; CallbackT = std::_Bind<void (gazebo::RacecarPlugin::*(gazebo::RacecarPlugin*, std::_Placeholder<1>))(std::shared_ptr<geometry_msgs::msg::Pose_<std::allocator<void> > >)>; AllocatorT = std::allocator<void>; SubscriptionT = rclcpp::Subscription<geometry_msgs::msg::Pose_<std::allocator<void> > >; MessageMemoryStrategyT = rclcpp::message_memory_strategy::MessageMemoryStrategy<geometry_msgs::msg::Pose_<std::allocator<void> >, std::allocator<void> >; NodeParametersT = rclcpp::Node; NodeTopicsT = rclcpp::Node; ROSMessageType = geometry_msgs::msg::Pose_<std::allocator<void> >; std::string = std::__cxx11::basic_string<char>; typename MessageMemoryStrategyT::SharedPtr = std::shared_ptr<rclcpp::message_memory_strategy::MessageMemoryStrategy<geometry_msgs::msg::Pose_<std::allocator<void> >, std::allocator<void> > >][m[K’
[9.448s] [01m[K/opt/ros/humble/include/rclcpp/rclcpp/create_subscription.hpp:191:76:[m[K   required from ‘[01m[Kstd::shared_ptr<ROSMessageT> rclcpp::create_subscription(NodeT&, const string&, const rclcpp::QoS&, CallbackT&&, const rclcpp::SubscriptionOptionsWithAllocator<AllocatorT>&, typename MessageMemoryStrategyT::SharedPtr) [with MessageT = geometry_msgs::msg::Pose_<std::allocator<void> >; CallbackT = std::_Bind<void (gazebo::RacecarPlugin::*(gazebo::RacecarPlugin*, std::_Placeholder<1>))(std::shared_ptr<geometry_msgs::msg::Pose_<std::allocator<void> > >)>; AllocatorT = std::allocator<void>; SubscriptionT = rclcpp::Subscription<geometry_msgs::msg::Pose_<std::allocator<void> > >; MessageMemoryStrategyT = rclcpp::message_memory_strategy::MessageMemoryStrategy<geometry_msgs::msg::Pose_<std::allocator<void> >, std::allocator<void> >; NodeT = rclcpp::Node; std::string = std::__cxx11::basic_string<char>; typename MessageMemoryStrategyT::SharedPtr = std::shared_ptr<rclcpp::message_memory_strategy::MessageMemoryStrategy<geometry_msgs::msg::Pose_<std::allocator<void> >, std::allocator<void> > >][m[K’
[9.448s] [01m[K/opt/ros/humble/include/rclcpp/rclcpp/node_impl.hpp:99:47:[m[K   required from ‘[01m[Kstd::shared_ptr<ROSMessageT> rclcpp::Node::create_subscription(const string&, const rclcpp::QoS&, CallbackT&&, const rclcpp::SubscriptionOptionsWithAllocator<AllocatorT>&, typename MessageMemoryStrategyT::SharedPtr) [with MessageT = geometry_msgs::msg::Pose_<std::allocator<void> >; CallbackT = std::_Bind<void (gazebo::RacecarPlugin::*(gazebo::RacecarPlugin*, std::_Placeholder<1>))(std::shared_ptr<geometry_msgs::msg::Pose_<std::allocator<void> > >)>; AllocatorT = std::allocator<void>; SubscriptionT = rclcpp::Subscription<geometry_msgs::msg::Pose_<std::allocator<void> > >; MessageMemoryStrategyT = rclcpp::message_memory_strategy::MessageMemoryStrategy<geometry_msgs::msg::Pose_<std::allocator<void> >, std::allocator<void> >; std::string = std::__cxx11::basic_string<char>; typename MessageMemoryStrategyT::SharedPtr = std::shared_ptr<rclcpp::message_memory_strategy::MessageMemoryStrategy<geometry_msgs::msg::Pose_<std::allocator<void> >, std::allocator<void> > >][m[K’
[9.448s] [01m[K/home/supan/RT/aisd/a3/src/racecar_plugins/src/racecar_plugin.cpp:30:76:[m[K   required from here
[9.448s] [01m[K/opt/ros/humble/include/rclcpp/rclcpp/any_subscription_callback.hpp:391:21:[m[K [01;35m[Kwarning: [m[K‘[01m[Kvoid rclcpp::AnySubscriptionCallback<MessageT, AllocatorT>::set_deprecated(std::function<void(std::shared_ptr<_Yp>)>) [with SetT = geometry_msgs::msg::Pose_<std::allocator<void> >; MessageT = geometry_msgs::msg::Pose_<std::allocator<void> >; AllocatorT = std::allocator<void>][m[K’ is deprecated: use 'void(std::shared_ptr<const MessageT>)' instead [[01;35m[K]8;;https://gcc.gnu.org/onlinedocs/gcc/Warning-Options.html#index-Wdeprecated-declarations-Wdeprecated-declarations]8;;[m[K]
[9.448s]   391 |       [01;35m[Kset_deprecated(static_cast<typename scbth::callback_type>(callback))[m[K;
[9.448s]       |       [01;35m[K~~~~~~~~~~~~~~^~~~~~~~~~~~~~~~~~~~~~~~~~~~~~~~~~~~~~~~~~~~~~~~~~~~~~[m[K
[9.448s] [01m[K/opt/ros/humble/include/rclcpp/rclcpp/any_subscription_callback.hpp:408:3:[m[K [01;36m[Knote: [m[Kdeclared here
[9.448s]   408 |   [01;36m[Kset_deprecated[m[K(std::function<void(std::shared_ptr<SetT>)> callback)
[9.448s]       |   [01;36m[K^~~~~~~~~~~~~~[m[K
[14.473s] [100%] [32m[1mLinking CXX shared library libracecar_plugin.so[0m
[15.110s] [100%] Built target racecar_plugin
[15.122s] Invoked command in '/home/supan/RT/aisd/a3/build/racecar_plugins' returned '0': CMAKE_PREFIX_PATH=${CMAKE_PREFIX_PATH}:/home/supan/RT/aisd/a3/install/racecar:/home/supan/RT/aisd/a3/install/model:/opt/ros/humble /usr/bin/cmake --build /home/supan/RT/aisd/a3/build/racecar_plugins -- -j12 -l12
[15.124s] Invoking command in '/home/supan/RT/aisd/a3/build/racecar_plugins': CMAKE_PREFIX_PATH=${CMAKE_PREFIX_PATH}:/home/supan/RT/aisd/a3/install/racecar:/home/supan/RT/aisd/a3/install/model:/opt/ros/humble /usr/bin/cmake --install /home/supan/RT/aisd/a3/build/racecar_plugins
[15.134s] -- Install configuration: ""
[15.135s] -- Execute custom install script
[15.135s] -- Up-to-date symlink: /home/supan/RT/aisd/a3/install/racecar_plugins/share/racecar_plugins/environment/library_path.sh
[15.135s] -- Up-to-date symlink: /home/supan/RT/aisd/a3/install/racecar_plugins/share/racecar_plugins/environment/library_path.dsv
[15.135s] -- Up-to-date symlink: /home/supan/RT/aisd/a3/install/racecar_plugins/lib/libracecar_plugin.so
[15.136s] -- Up-to-date symlink: /home/supan/RT/aisd/a3/install/racecar_plugins/share/ament_index/resource_index/package_run_dependencies/racecar_plugins
[15.136s] -- Up-to-date symlink: /home/supan/RT/aisd/a3/install/racecar_plugins/share/ament_index/resource_index/parent_prefix_path/racecar_plugins
[15.136s] -- Up-to-date symlink: /home/supan/RT/aisd/a3/install/racecar_plugins/share/racecar_plugins/environment/ament_prefix_path.sh
[15.136s] -- Up-to-date symlink: /home/supan/RT/aisd/a3/install/racecar_plugins/share/racecar_plugins/environment/ament_prefix_path.dsv
[15.136s] -- Up-to-date symlink: /home/supan/RT/aisd/a3/install/racecar_plugins/share/racecar_plugins/environment/path.sh
[15.136s] -- Up-to-date symlink: /home/supan/RT/aisd/a3/install/racecar_plugins/share/racecar_plugins/environment/path.dsv
[15.136s] -- Up-to-date symlink: /home/supan/RT/aisd/a3/install/racecar_plugins/share/racecar_plugins/local_setup.bash
[15.136s] -- Up-to-date symlink: /home/supan/RT/aisd/a3/install/racecar_plugins/share/racecar_plugins/local_setup.sh
[15.137s] -- Up-to-date symlink: /home/supan/RT/aisd/a3/install/racecar_plugins/share/racecar_plugins/local_setup.zsh
[15.137s] -- Up-to-date symlink: /home/supan/RT/aisd/a3/install/racecar_plugins/share/racecar_plugins/local_setup.dsv
[15.137s] -- Symlinking: /home/supan/RT/aisd/a3/install/racecar_plugins/share/racecar_plugins/package.dsv
[15.145s] -- Up-to-date symlink: /home/supan/RT/aisd/a3/install/racecar_plugins/share/ament_index/resource_index/packages/racecar_plugins
[15.145s] -- Up-to-date symlink: /home/supan/RT/aisd/a3/install/racecar_plugins/share/racecar_plugins/cmake/ament_cmake_export_libraries-extras.cmake
[15.145s] -- Up-to-date symlink: /home/supan/RT/aisd/a3/install/racecar_plugins/share/racecar_plugins/cmake/racecar_pluginsConfig.cmake
[15.145s] -- Up-to-date symlink: /home/supan/RT/aisd/a3/install/racecar_plugins/share/racecar_plugins/cmake/racecar_pluginsConfig-version.cmake
[15.145s] -- Up-to-date symlink: /home/supan/RT/aisd/a3/install/racecar_plugins/share/racecar_plugins/package.xml
[15.147s] Invoked command in '/home/supan/RT/aisd/a3/build/racecar_plugins' returned '0': CMAKE_PREFIX_PATH=${CMAKE_PREFIX_PATH}:/home/supan/RT/aisd/a3/install/racecar:/home/supan/RT/aisd/a3/install/model:/opt/ros/humble /usr/bin/cmake --install /home/supan/RT/aisd/a3/build/racecar_plugins
