[0.078s] DEBUG:colcon:Command line arguments: ['/usr/bin/colcon', 'build']
[0.078s] DEBUG:colcon:Parsed command line arguments: Namespace(log_base=None, log_level=None, verb_name='build', build_base='build', install_base='install', merge_install=False, symlink_install=False, test_result_base=None, continue_on_error=False, executor='parallel', parallel_workers=12, event_handlers=None, ignore_user_meta=False, metas=['./colcon.meta'], base_paths=['.'], packages_ignore=None, packages_ignore_regex=None, paths=None, packages_up_to=None, packages_up_to_regex=None, packages_above=None, packages_above_and_dependencies=None, packages_above_depth=None, packages_select_by_dep=None, packages_skip_by_dep=None, packages_skip_up_to=None, packages_select_build_failed=False, packages_skip_build_finished=False, packages_select_test_failures=False, packages_skip_test_passed=False, packages_select=None, packages_skip=None, packages_select_regex=None, packages_skip_regex=None, packages_start=None, packages_end=None, allow_overriding=[], cmake_args=None, cmake_target=None, cmake_target_skip_unavailable=False, cmake_clean_cache=False, cmake_clean_first=False, cmake_force_configure=False, ament_cmake_args=None, catkin_cmake_args=None, catkin_skip_building_tests=False, mixin_files=None, mixin=None, verb_parser=<colcon_mixin.mixin.mixin_argument.MixinArgumentDecorator object at 0x7edd7885f6d0>, verb_extension=<colcon_core.verb.build.BuildVerb object at 0x7edd7885f190>, main=<bound method BuildVerb.main of <colcon_core.verb.build.BuildVerb object at 0x7edd7885f190>>, mixin_verb=('build',))
[0.191s] Level 1:colcon.colcon_core.package_discovery:discover_packages(colcon_meta) check parameters
[0.191s] Level 1:colcon.colcon_core.package_discovery:discover_packages(recursive) check parameters
[0.191s] Level 1:colcon.colcon_core.package_discovery:discover_packages(ignore) check parameters
[0.191s] Level 1:colcon.colcon_core.package_discovery:discover_packages(path) check parameters
[0.191s] Level 1:colcon.colcon_core.package_discovery:discover_packages(colcon_meta) discover
[0.191s] Level 1:colcon.colcon_core.package_discovery:discover_packages(recursive) discover
[0.191s] INFO:colcon.colcon_core.package_discovery:Crawling recursively for packages in '/home/supan/RT/aisd/robot_arm_ws_dup'
[0.191s] Level 1:colcon.colcon_core.package_identification:_identify(.) by extensions ['ignore', 'ignore_ament_install']
[0.191s] Level 1:colcon.colcon_core.package_identification:_identify(.) by extension 'ignore'
[0.191s] Level 1:colcon.colcon_core.package_identification:_identify(.) by extension 'ignore_ament_install'
[0.191s] Level 1:colcon.colcon_core.package_identification:_identify(.) by extensions ['colcon_pkg']
[0.191s] Level 1:colcon.colcon_core.package_identification:_identify(.) by extension 'colcon_pkg'
[0.191s] Level 1:colcon.colcon_core.package_identification:_identify(.) by extensions ['colcon_meta']
[0.191s] Level 1:colcon.colcon_core.package_identification:_identify(.) by extension 'colcon_meta'
[0.191s] Level 1:colcon.colcon_core.package_identification:_identify(.) by extensions ['ros']
[0.191s] Level 1:colcon.colcon_core.package_identification:_identify(.) by extension 'ros'
[0.205s] Level 1:colcon.colcon_core.package_identification:_identify(.) by extensions ['cmake', 'python']
[0.205s] Level 1:colcon.colcon_core.package_identification:_identify(.) by extension 'cmake'
[0.205s] Level 1:colcon.colcon_core.package_identification:_identify(.) by extension 'python'
[0.205s] Level 1:colcon.colcon_core.package_identification:_identify(.) by extensions ['python_setup_py']
[0.205s] Level 1:colcon.colcon_core.package_identification:_identify(.) by extension 'python_setup_py'
[0.205s] Level 1:colcon.colcon_core.package_identification:_identify(build) by extensions ['ignore', 'ignore_ament_install']
[0.205s] Level 1:colcon.colcon_core.package_identification:_identify(build) by extension 'ignore'
[0.205s] Level 1:colcon.colcon_core.package_identification:_identify(build) ignored
[0.205s] Level 1:colcon.colcon_core.package_identification:_identify(install) by extensions ['ignore', 'ignore_ament_install']
[0.205s] Level 1:colcon.colcon_core.package_identification:_identify(install) by extension 'ignore'
[0.205s] Level 1:colcon.colcon_core.package_identification:_identify(install) ignored
[0.205s] Level 1:colcon.colcon_core.package_identification:_identify(log) by extensions ['ignore', 'ignore_ament_install']
[0.206s] Level 1:colcon.colcon_core.package_identification:_identify(log) by extension 'ignore'
[0.206s] Level 1:colcon.colcon_core.package_identification:_identify(log) ignored
[0.206s] Level 1:colcon.colcon_core.package_identification:_identify(src) by extensions ['ignore', 'ignore_ament_install']
[0.206s] Level 1:colcon.colcon_core.package_identification:_identify(src) by extension 'ignore'
[0.206s] Level 1:colcon.colcon_core.package_identification:_identify(src) by extension 'ignore_ament_install'
[0.206s] Level 1:colcon.colcon_core.package_identification:_identify(src) by extensions ['colcon_pkg']
[0.206s] Level 1:colcon.colcon_core.package_identification:_identify(src) by extension 'colcon_pkg'
[0.206s] Level 1:colcon.colcon_core.package_identification:_identify(src) by extensions ['colcon_meta']
[0.206s] Level 1:colcon.colcon_core.package_identification:_identify(src) by extension 'colcon_meta'
[0.206s] Level 1:colcon.colcon_core.package_identification:_identify(src) by extensions ['ros']
[0.206s] Level 1:colcon.colcon_core.package_identification:_identify(src) by extension 'ros'
[0.206s] Level 1:colcon.colcon_core.package_identification:_identify(src) by extensions ['cmake', 'python']
[0.206s] Level 1:colcon.colcon_core.package_identification:_identify(src) by extension 'cmake'
[0.206s] Level 1:colcon.colcon_core.package_identification:_identify(src) by extension 'python'
[0.206s] Level 1:colcon.colcon_core.package_identification:_identify(src) by extensions ['python_setup_py']
[0.206s] Level 1:colcon.colcon_core.package_identification:_identify(src) by extension 'python_setup_py'
[0.206s] Level 1:colcon.colcon_core.package_identification:_identify(src/anint) by extensions ['ignore', 'ignore_ament_install']
[0.206s] Level 1:colcon.colcon_core.package_identification:_identify(src/anint) by extension 'ignore'
[0.206s] Level 1:colcon.colcon_core.package_identification:_identify(src/anint) by extension 'ignore_ament_install'
[0.206s] Level 1:colcon.colcon_core.package_identification:_identify(src/anint) by extensions ['colcon_pkg']
[0.206s] Level 1:colcon.colcon_core.package_identification:_identify(src/anint) by extension 'colcon_pkg'
[0.206s] Level 1:colcon.colcon_core.package_identification:_identify(src/anint) by extensions ['colcon_meta']
[0.206s] Level 1:colcon.colcon_core.package_identification:_identify(src/anint) by extension 'colcon_meta'
[0.206s] Level 1:colcon.colcon_core.package_identification:_identify(src/anint) by extensions ['ros']
[0.206s] Level 1:colcon.colcon_core.package_identification:_identify(src/anint) by extension 'ros'
[0.208s] DEBUG:colcon.colcon_core.package_identification:Package 'src/anint' with type 'ros.ament_cmake' and name 'anint'
[0.208s] Level 1:colcon.colcon_core.package_identification:_identify(src/con) by extensions ['ignore', 'ignore_ament_install']
[0.208s] Level 1:colcon.colcon_core.package_identification:_identify(src/con) by extension 'ignore'
[0.208s] Level 1:colcon.colcon_core.package_identification:_identify(src/con) by extension 'ignore_ament_install'
[0.208s] Level 1:colcon.colcon_core.package_identification:_identify(src/con) by extensions ['colcon_pkg']
[0.208s] Level 1:colcon.colcon_core.package_identification:_identify(src/con) by extension 'colcon_pkg'
[0.208s] Level 1:colcon.colcon_core.package_identification:_identify(src/con) by extensions ['colcon_meta']
[0.208s] Level 1:colcon.colcon_core.package_identification:_identify(src/con) by extension 'colcon_meta'
[0.208s] Level 1:colcon.colcon_core.package_identification:_identify(src/con) by extensions ['ros']
[0.208s] Level 1:colcon.colcon_core.package_identification:_identify(src/con) by extension 'ros'
[0.209s] DEBUG:colcon.colcon_core.package_identification:Package 'src/con' with type 'ros.ament_python' and name 'con'
[0.209s] Level 1:colcon.colcon_core.package_identification:_identify(src/robot_arm) by extensions ['ignore', 'ignore_ament_install']
[0.209s] Level 1:colcon.colcon_core.package_identification:_identify(src/robot_arm) by extension 'ignore'
[0.209s] Level 1:colcon.colcon_core.package_identification:_identify(src/robot_arm) by extension 'ignore_ament_install'
[0.209s] Level 1:colcon.colcon_core.package_identification:_identify(src/robot_arm) by extensions ['colcon_pkg']
[0.209s] Level 1:colcon.colcon_core.package_identification:_identify(src/robot_arm) by extension 'colcon_pkg'
[0.209s] Level 1:colcon.colcon_core.package_identification:_identify(src/robot_arm) by extensions ['colcon_meta']
[0.209s] Level 1:colcon.colcon_core.package_identification:_identify(src/robot_arm) by extension 'colcon_meta'
[0.209s] Level 1:colcon.colcon_core.package_identification:_identify(src/robot_arm) by extensions ['ros']
[0.209s] Level 1:colcon.colcon_core.package_identification:_identify(src/robot_arm) by extension 'ros'
[0.209s] DEBUG:colcon.colcon_core.package_identification:Package 'src/robot_arm' with type 'ros.ament_cmake' and name 'robot_arm'
[0.209s] Level 1:colcon.colcon_core.package_discovery:discover_packages(recursive) using defaults
[0.209s] Level 1:colcon.colcon_core.package_discovery:discover_packages(ignore) discover
[0.209s] Level 1:colcon.colcon_core.package_discovery:discover_packages(ignore) using defaults
[0.209s] Level 1:colcon.colcon_core.package_discovery:discover_packages(path) discover
[0.209s] Level 1:colcon.colcon_core.package_discovery:discover_packages(path) using defaults
[0.223s] Level 1:colcon.colcon_core.package_discovery:discover_packages(prefix_path) check parameters
[0.223s] Level 1:colcon.colcon_core.package_discovery:discover_packages(prefix_path) discover
[0.224s] DEBUG:colcon.colcon_installed_package_information.package_discovery:Found 3 installed packages in /home/supan/RT/aisd/robot_arm_ws_dup/install
[0.224s] DEBUG:colcon.colcon_installed_package_information.package_discovery:Found 8 installed packages in /home/supan/RT/sim/install
[0.225s] DEBUG:colcon.colcon_installed_package_information.package_discovery:Found 308 installed packages in /opt/ros/humble
[0.227s] Level 1:colcon.colcon_core.package_discovery:discover_packages(prefix_path) using defaults
[0.251s] Level 5:colcon.colcon_core.verb:set package 'anint' build argument 'cmake_args' from command line to 'None'
[0.251s] Level 5:colcon.colcon_core.verb:set package 'anint' build argument 'cmake_target' from command line to 'None'
[0.251s] Level 5:colcon.colcon_core.verb:set package 'anint' build argument 'cmake_target_skip_unavailable' from command line to 'False'
[0.251s] Level 5:colcon.colcon_core.verb:set package 'anint' build argument 'cmake_clean_cache' from command line to 'False'
[0.251s] Level 5:colcon.colcon_core.verb:set package 'anint' build argument 'cmake_clean_first' from command line to 'False'
[0.251s] Level 5:colcon.colcon_core.verb:set package 'anint' build argument 'cmake_force_configure' from command line to 'False'
[0.251s] Level 5:colcon.colcon_core.verb:set package 'anint' build argument 'ament_cmake_args' from command line to 'None'
[0.251s] Level 5:colcon.colcon_core.verb:set package 'anint' build argument 'catkin_cmake_args' from command line to 'None'
[0.251s] Level 5:colcon.colcon_core.verb:set package 'anint' build argument 'catkin_skip_building_tests' from command line to 'False'
[0.251s] DEBUG:colcon.colcon_core.verb:Building package 'anint' with the following arguments: {'ament_cmake_args': None, 'build_base': '/home/supan/RT/aisd/robot_arm_ws_dup/build/anint', 'catkin_cmake_args': None, 'catkin_skip_building_tests': False, 'cmake_args': None, 'cmake_clean_cache': False, 'cmake_clean_first': False, 'cmake_force_configure': False, 'cmake_target': None, 'cmake_target_skip_unavailable': False, 'install_base': '/home/supan/RT/aisd/robot_arm_ws_dup/install/anint', 'merge_install': False, 'path': '/home/supan/RT/aisd/robot_arm_ws_dup/src/anint', 'symlink_install': False, 'test_result_base': None}
[0.251s] Level 5:colcon.colcon_core.verb:set package 'con' build argument 'cmake_args' from command line to 'None'
[0.251s] Level 5:colcon.colcon_core.verb:set package 'con' build argument 'cmake_target' from command line to 'None'
[0.251s] Level 5:colcon.colcon_core.verb:set package 'con' build argument 'cmake_target_skip_unavailable' from command line to 'False'
[0.251s] Level 5:colcon.colcon_core.verb:set package 'con' build argument 'cmake_clean_cache' from command line to 'False'
[0.251s] Level 5:colcon.colcon_core.verb:set package 'con' build argument 'cmake_clean_first' from command line to 'False'
[0.251s] Level 5:colcon.colcon_core.verb:set package 'con' build argument 'cmake_force_configure' from command line to 'False'
[0.251s] Level 5:colcon.colcon_core.verb:set package 'con' build argument 'ament_cmake_args' from command line to 'None'
[0.251s] Level 5:colcon.colcon_core.verb:set package 'con' build argument 'catkin_cmake_args' from command line to 'None'
[0.251s] Level 5:colcon.colcon_core.verb:set package 'con' build argument 'catkin_skip_building_tests' from command line to 'False'
[0.251s] DEBUG:colcon.colcon_core.verb:Building package 'con' with the following arguments: {'ament_cmake_args': None, 'build_base': '/home/supan/RT/aisd/robot_arm_ws_dup/build/con', 'catkin_cmake_args': None, 'catkin_skip_building_tests': False, 'cmake_args': None, 'cmake_clean_cache': False, 'cmake_clean_first': False, 'cmake_force_configure': False, 'cmake_target': None, 'cmake_target_skip_unavailable': False, 'install_base': '/home/supan/RT/aisd/robot_arm_ws_dup/install/con', 'merge_install': False, 'path': '/home/supan/RT/aisd/robot_arm_ws_dup/src/con', 'symlink_install': False, 'test_result_base': None}
[0.251s] Level 5:colcon.colcon_core.verb:set package 'robot_arm' build argument 'cmake_args' from command line to 'None'
[0.251s] Level 5:colcon.colcon_core.verb:set package 'robot_arm' build argument 'cmake_target' from command line to 'None'
[0.251s] Level 5:colcon.colcon_core.verb:set package 'robot_arm' build argument 'cmake_target_skip_unavailable' from command line to 'False'
[0.251s] Level 5:colcon.colcon_core.verb:set package 'robot_arm' build argument 'cmake_clean_cache' from command line to 'False'
[0.252s] Level 5:colcon.colcon_core.verb:set package 'robot_arm' build argument 'cmake_clean_first' from command line to 'False'
[0.252s] Level 5:colcon.colcon_core.verb:set package 'robot_arm' build argument 'cmake_force_configure' from command line to 'False'
[0.252s] Level 5:colcon.colcon_core.verb:set package 'robot_arm' build argument 'ament_cmake_args' from command line to 'None'
[0.252s] Level 5:colcon.colcon_core.verb:set package 'robot_arm' build argument 'catkin_cmake_args' from command line to 'None'
[0.252s] Level 5:colcon.colcon_core.verb:set package 'robot_arm' build argument 'catkin_skip_building_tests' from command line to 'False'
[0.252s] DEBUG:colcon.colcon_core.verb:Building package 'robot_arm' with the following arguments: {'ament_cmake_args': None, 'build_base': '/home/supan/RT/aisd/robot_arm_ws_dup/build/robot_arm', 'catkin_cmake_args': None, 'catkin_skip_building_tests': False, 'cmake_args': None, 'cmake_clean_cache': False, 'cmake_clean_first': False, 'cmake_force_configure': False, 'cmake_target': None, 'cmake_target_skip_unavailable': False, 'install_base': '/home/supan/RT/aisd/robot_arm_ws_dup/install/robot_arm', 'merge_install': False, 'path': '/home/supan/RT/aisd/robot_arm_ws_dup/src/robot_arm', 'symlink_install': False, 'test_result_base': None}
[0.252s] INFO:colcon.colcon_core.executor:Executing jobs using 'parallel' executor
[0.253s] DEBUG:colcon.colcon_parallel_executor.executor.parallel:run_until_complete
[0.253s] INFO:colcon.colcon_ros.task.ament_cmake.build:Building ROS package in '/home/supan/RT/aisd/robot_arm_ws_dup/src/anint' with build type 'ament_cmake'
[0.253s] INFO:colcon.colcon_cmake.task.cmake.build:Building CMake package in '/home/supan/RT/aisd/robot_arm_ws_dup/src/anint'
[0.254s] INFO:colcon.colcon_core.plugin_system:Skipping extension 'colcon_core.shell.bat': Not used on non-Windows systems
[0.254s] INFO:colcon.colcon_core.shell:Skip shell extension 'powershell' for command environment: Not usable outside of PowerShell
[0.254s] DEBUG:colcon.colcon_core.shell:Skip shell extension 'dsv' for command environment
[0.257s] INFO:colcon.colcon_ros.task.ament_python.build:Building ROS package in '/home/supan/RT/aisd/robot_arm_ws_dup/src/con' with build type 'ament_python'
[0.257s] Level 1:colcon.colcon_core.shell:create_environment_hook('con', 'ament_prefix_path')
[0.257s] INFO:colcon.colcon_core.shell:Creating environment hook '/home/supan/RT/aisd/robot_arm_ws_dup/install/con/share/con/hook/ament_prefix_path.ps1'
[0.257s] INFO:colcon.colcon_core.shell:Creating environment descriptor '/home/supan/RT/aisd/robot_arm_ws_dup/install/con/share/con/hook/ament_prefix_path.dsv'
[0.258s] INFO:colcon.colcon_core.shell:Creating environment hook '/home/supan/RT/aisd/robot_arm_ws_dup/install/con/share/con/hook/ament_prefix_path.sh'
[0.258s] INFO:colcon.colcon_core.shell:Skip shell extension 'powershell' for command environment: Not usable outside of PowerShell
[0.258s] DEBUG:colcon.colcon_core.shell:Skip shell extension 'dsv' for command environment
[0.260s] INFO:colcon.colcon_ros.task.ament_cmake.build:Building ROS package in '/home/supan/RT/aisd/robot_arm_ws_dup/src/robot_arm' with build type 'ament_cmake'
[0.261s] INFO:colcon.colcon_cmake.task.cmake.build:Building CMake package in '/home/supan/RT/aisd/robot_arm_ws_dup/src/robot_arm'
[0.261s] INFO:colcon.colcon_core.shell:Skip shell extension 'powershell' for command environment: Not usable outside of PowerShell
[0.261s] DEBUG:colcon.colcon_core.shell:Skip shell extension 'dsv' for command environment
[0.266s] DEBUG:colcon.colcon_core.event_handler.log_command:Invoking command in '/home/supan/RT/aisd/robot_arm_ws_dup/build/anint': CMAKE_PREFIX_PATH=${CMAKE_PREFIX_PATH}:/home/supan/RT/aisd/robot_arm_ws_dup/install/con:/home/supan/RT/sim/install/eufs_launcher:/home/supan/RT/sim/install/eufs_tracks:/home/supan/RT/sim/install/eufs_rqt:/home/supan/RT/sim/install/eufs_racecar:/opt/ros/humble /usr/bin/cmake --build /home/supan/RT/aisd/robot_arm_ws_dup/build/anint -- -j12 -l12
[0.466s] INFO:colcon.colcon_core.task.python.build:Building Python package in '/home/supan/RT/aisd/robot_arm_ws_dup/src/con'
[0.467s] INFO:colcon.colcon_core.shell:Skip shell extension 'powershell' for command environment: Not usable outside of PowerShell
[0.467s] DEBUG:colcon.colcon_core.shell:Skip shell extension 'dsv' for command environment
[0.475s] DEBUG:colcon.colcon_core.event_handler.log_command:Invoking command in '/home/supan/RT/aisd/robot_arm_ws_dup/build/robot_arm': CMAKE_PREFIX_PATH=${CMAKE_PREFIX_PATH}:/home/supan/RT/aisd/robot_arm_ws_dup/install/con:/home/supan/RT/sim/install/eufs_launcher:/home/supan/RT/sim/install/eufs_tracks:/home/supan/RT/sim/install/eufs_rqt:/home/supan/RT/sim/install/eufs_racecar:/opt/ros/humble /usr/bin/cmake --build /home/supan/RT/aisd/robot_arm_ws_dup/build/robot_arm -- -j12 -l12
[0.514s] DEBUG:colcon.colcon_core.event_handler.log_command:Invoked command in '/home/supan/RT/aisd/robot_arm_ws_dup/build/robot_arm' returned '0': CMAKE_PREFIX_PATH=${CMAKE_PREFIX_PATH}:/home/supan/RT/aisd/robot_arm_ws_dup/install/con:/home/supan/RT/sim/install/eufs_launcher:/home/supan/RT/sim/install/eufs_tracks:/home/supan/RT/sim/install/eufs_rqt:/home/supan/RT/sim/install/eufs_racecar:/opt/ros/humble /usr/bin/cmake --build /home/supan/RT/aisd/robot_arm_ws_dup/build/robot_arm -- -j12 -l12
[0.525s] DEBUG:colcon.colcon_core.event_handler.log_command:Invoking command in '/home/supan/RT/aisd/robot_arm_ws_dup/build/robot_arm': CMAKE_PREFIX_PATH=${CMAKE_PREFIX_PATH}:/home/supan/RT/aisd/robot_arm_ws_dup/install/con:/home/supan/RT/sim/install/eufs_launcher:/home/supan/RT/sim/install/eufs_tracks:/home/supan/RT/sim/install/eufs_rqt:/home/supan/RT/sim/install/eufs_racecar:/opt/ros/humble /usr/bin/cmake --install /home/supan/RT/aisd/robot_arm_ws_dup/build/robot_arm
[0.543s] Level 1:colcon.colcon_core.environment:create_environment_scripts_only(robot_arm)
[0.544s] DEBUG:colcon.colcon_core.event_handler.log_command:Invoked command in '/home/supan/RT/aisd/robot_arm_ws_dup/build/robot_arm' returned '0': CMAKE_PREFIX_PATH=${CMAKE_PREFIX_PATH}:/home/supan/RT/aisd/robot_arm_ws_dup/install/con:/home/supan/RT/sim/install/eufs_launcher:/home/supan/RT/sim/install/eufs_tracks:/home/supan/RT/sim/install/eufs_rqt:/home/supan/RT/sim/install/eufs_racecar:/opt/ros/humble /usr/bin/cmake --install /home/supan/RT/aisd/robot_arm_ws_dup/build/robot_arm
[0.546s] Level 1:colcon.colcon_core.environment:checking '/home/supan/RT/aisd/robot_arm_ws_dup/install/robot_arm' for CMake module files
[0.546s] Level 1:colcon.colcon_core.environment:checking '/home/supan/RT/aisd/robot_arm_ws_dup/install/robot_arm' for CMake config files
[0.547s] Level 1:colcon.colcon_core.shell:create_environment_hook('robot_arm', 'cmake_prefix_path')
[0.547s] INFO:colcon.colcon_core.shell:Creating environment hook '/home/supan/RT/aisd/robot_arm_ws_dup/install/robot_arm/share/robot_arm/hook/cmake_prefix_path.ps1'
[0.547s] INFO:colcon.colcon_core.shell:Creating environment descriptor '/home/supan/RT/aisd/robot_arm_ws_dup/install/robot_arm/share/robot_arm/hook/cmake_prefix_path.dsv'
[0.548s] INFO:colcon.colcon_core.shell:Creating environment hook '/home/supan/RT/aisd/robot_arm_ws_dup/install/robot_arm/share/robot_arm/hook/cmake_prefix_path.sh'
[0.548s] Level 1:colcon.colcon_core.environment:checking '/home/supan/RT/aisd/robot_arm_ws_dup/install/robot_arm/bin'
[0.548s] Level 1:colcon.colcon_core.environment:checking '/home/supan/RT/aisd/robot_arm_ws_dup/install/robot_arm/lib/pkgconfig/robot_arm.pc'
[0.549s] Level 1:colcon.colcon_core.environment:checking '/home/supan/RT/aisd/robot_arm_ws_dup/install/robot_arm/lib/python3.10/site-packages'
[0.549s] Level 1:colcon.colcon_core.environment:checking '/home/supan/RT/aisd/robot_arm_ws_dup/install/robot_arm/bin'
[0.549s] INFO:colcon.colcon_core.shell:Creating package script '/home/supan/RT/aisd/robot_arm_ws_dup/install/robot_arm/share/robot_arm/package.ps1'
[0.550s] INFO:colcon.colcon_core.shell:Creating package descriptor '/home/supan/RT/aisd/robot_arm_ws_dup/install/robot_arm/share/robot_arm/package.dsv'
[0.550s] INFO:colcon.colcon_core.shell:Creating package script '/home/supan/RT/aisd/robot_arm_ws_dup/install/robot_arm/share/robot_arm/package.sh'
[0.551s] INFO:colcon.colcon_core.shell:Creating package script '/home/supan/RT/aisd/robot_arm_ws_dup/install/robot_arm/share/robot_arm/package.bash'
[0.551s] INFO:colcon.colcon_core.shell:Creating package script '/home/supan/RT/aisd/robot_arm_ws_dup/install/robot_arm/share/robot_arm/package.zsh'
[0.552s] Level 1:colcon.colcon_core.environment:create_file_with_runtime_dependencies(/home/supan/RT/aisd/robot_arm_ws_dup/install/robot_arm/share/colcon-core/packages/robot_arm)
[0.552s] Level 1:colcon.colcon_core.environment:create_environment_scripts_only(robot_arm)
[0.552s] Level 1:colcon.colcon_core.environment:checking '/home/supan/RT/aisd/robot_arm_ws_dup/install/robot_arm' for CMake module files
[0.553s] Level 1:colcon.colcon_core.environment:checking '/home/supan/RT/aisd/robot_arm_ws_dup/install/robot_arm' for CMake config files
[0.553s] Level 1:colcon.colcon_core.shell:create_environment_hook('robot_arm', 'cmake_prefix_path')
[0.553s] INFO:colcon.colcon_core.shell:Creating environment hook '/home/supan/RT/aisd/robot_arm_ws_dup/install/robot_arm/share/robot_arm/hook/cmake_prefix_path.ps1'
[0.554s] INFO:colcon.colcon_core.shell:Creating environment descriptor '/home/supan/RT/aisd/robot_arm_ws_dup/install/robot_arm/share/robot_arm/hook/cmake_prefix_path.dsv'
[0.554s] INFO:colcon.colcon_core.shell:Creating environment hook '/home/supan/RT/aisd/robot_arm_ws_dup/install/robot_arm/share/robot_arm/hook/cmake_prefix_path.sh'
[0.554s] Level 1:colcon.colcon_core.environment:checking '/home/supan/RT/aisd/robot_arm_ws_dup/install/robot_arm/bin'
[0.555s] Level 1:colcon.colcon_core.environment:checking '/home/supan/RT/aisd/robot_arm_ws_dup/install/robot_arm/lib/pkgconfig/robot_arm.pc'
[0.555s] Level 1:colcon.colcon_core.environment:checking '/home/supan/RT/aisd/robot_arm_ws_dup/install/robot_arm/lib/python3.10/site-packages'
[0.555s] Level 1:colcon.colcon_core.environment:checking '/home/supan/RT/aisd/robot_arm_ws_dup/install/robot_arm/bin'
[0.555s] INFO:colcon.colcon_core.shell:Creating package script '/home/supan/RT/aisd/robot_arm_ws_dup/install/robot_arm/share/robot_arm/package.ps1'
[0.556s] INFO:colcon.colcon_core.shell:Creating package descriptor '/home/supan/RT/aisd/robot_arm_ws_dup/install/robot_arm/share/robot_arm/package.dsv'
[0.556s] INFO:colcon.colcon_core.shell:Creating package script '/home/supan/RT/aisd/robot_arm_ws_dup/install/robot_arm/share/robot_arm/package.sh'
[0.556s] INFO:colcon.colcon_core.shell:Creating package script '/home/supan/RT/aisd/robot_arm_ws_dup/install/robot_arm/share/robot_arm/package.bash'
[0.557s] INFO:colcon.colcon_core.shell:Creating package script '/home/supan/RT/aisd/robot_arm_ws_dup/install/robot_arm/share/robot_arm/package.zsh'
[0.557s] Level 1:colcon.colcon_core.environment:create_file_with_runtime_dependencies(/home/supan/RT/aisd/robot_arm_ws_dup/install/robot_arm/share/colcon-core/packages/robot_arm)
[0.558s] DEBUG:colcon.colcon_core.event_handler.log_command:Invoked command in '/home/supan/RT/aisd/robot_arm_ws_dup/build/anint' returned '0': CMAKE_PREFIX_PATH=${CMAKE_PREFIX_PATH}:/home/supan/RT/aisd/robot_arm_ws_dup/install/con:/home/supan/RT/sim/install/eufs_launcher:/home/supan/RT/sim/install/eufs_tracks:/home/supan/RT/sim/install/eufs_rqt:/home/supan/RT/sim/install/eufs_racecar:/opt/ros/humble /usr/bin/cmake --build /home/supan/RT/aisd/robot_arm_ws_dup/build/anint -- -j12 -l12
[0.560s] DEBUG:colcon.colcon_core.event_handler.log_command:Invoking command in '/home/supan/RT/aisd/robot_arm_ws_dup/build/anint': CMAKE_PREFIX_PATH=${CMAKE_PREFIX_PATH}:/home/supan/RT/aisd/robot_arm_ws_dup/install/con:/home/supan/RT/sim/install/eufs_launcher:/home/supan/RT/sim/install/eufs_tracks:/home/supan/RT/sim/install/eufs_rqt:/home/supan/RT/sim/install/eufs_racecar:/opt/ros/humble /usr/bin/cmake --install /home/supan/RT/aisd/robot_arm_ws_dup/build/anint
[0.616s] Level 1:colcon.colcon_core.environment:create_environment_scripts_only(anint)
[0.616s] Level 1:colcon.colcon_core.environment:checking '/home/supan/RT/aisd/robot_arm_ws_dup/install/anint' for CMake module files
[0.616s] DEBUG:colcon.colcon_core.event_handler.log_command:Invoked command in '/home/supan/RT/aisd/robot_arm_ws_dup/build/anint' returned '0': CMAKE_PREFIX_PATH=${CMAKE_PREFIX_PATH}:/home/supan/RT/aisd/robot_arm_ws_dup/install/con:/home/supan/RT/sim/install/eufs_launcher:/home/supan/RT/sim/install/eufs_tracks:/home/supan/RT/sim/install/eufs_rqt:/home/supan/RT/sim/install/eufs_racecar:/opt/ros/humble /usr/bin/cmake --install /home/supan/RT/aisd/robot_arm_ws_dup/build/anint
[0.617s] Level 1:colcon.colcon_core.environment:checking '/home/supan/RT/aisd/robot_arm_ws_dup/install/anint' for CMake config files
[0.617s] Level 1:colcon.colcon_core.shell:create_environment_hook('anint', 'cmake_prefix_path')
[0.618s] INFO:colcon.colcon_core.shell:Creating environment hook '/home/supan/RT/aisd/robot_arm_ws_dup/install/anint/share/anint/hook/cmake_prefix_path.ps1'
[0.618s] INFO:colcon.colcon_core.shell:Creating environment descriptor '/home/supan/RT/aisd/robot_arm_ws_dup/install/anint/share/anint/hook/cmake_prefix_path.dsv'
[0.619s] INFO:colcon.colcon_core.shell:Creating environment hook '/home/supan/RT/aisd/robot_arm_ws_dup/install/anint/share/anint/hook/cmake_prefix_path.sh'
[0.619s] Level 1:colcon.colcon_core.environment:checking '/home/supan/RT/aisd/robot_arm_ws_dup/install/anint/lib'
[0.619s] Level 1:colcon.colcon_core.shell:create_environment_hook('anint', 'ld_library_path_lib')
[0.620s] INFO:colcon.colcon_core.shell:Creating environment hook '/home/supan/RT/aisd/robot_arm_ws_dup/install/anint/share/anint/hook/ld_library_path_lib.ps1'
[0.620s] INFO:colcon.colcon_core.shell:Creating environment descriptor '/home/supan/RT/aisd/robot_arm_ws_dup/install/anint/share/anint/hook/ld_library_path_lib.dsv'
[0.620s] INFO:colcon.colcon_core.shell:Creating environment hook '/home/supan/RT/aisd/robot_arm_ws_dup/install/anint/share/anint/hook/ld_library_path_lib.sh'
[0.620s] Level 1:colcon.colcon_core.environment:checking '/home/supan/RT/aisd/robot_arm_ws_dup/install/anint/bin'
[0.621s] Level 1:colcon.colcon_core.environment:checking '/home/supan/RT/aisd/robot_arm_ws_dup/install/anint/lib/pkgconfig/anint.pc'
[0.621s] Level 1:colcon.colcon_core.environment:checking '/home/supan/RT/aisd/robot_arm_ws_dup/install/anint/lib/python3.10/site-packages'
[0.621s] Level 1:colcon.colcon_core.environment:checking '/home/supan/RT/aisd/robot_arm_ws_dup/install/anint/bin'
[0.621s] INFO:colcon.colcon_core.shell:Creating package script '/home/supan/RT/aisd/robot_arm_ws_dup/install/anint/share/anint/package.ps1'
[0.622s] INFO:colcon.colcon_core.shell:Creating package descriptor '/home/supan/RT/aisd/robot_arm_ws_dup/install/anint/share/anint/package.dsv'
[0.623s] INFO:colcon.colcon_core.shell:Creating package script '/home/supan/RT/aisd/robot_arm_ws_dup/install/anint/share/anint/package.sh'
[0.623s] INFO:colcon.colcon_core.shell:Creating package script '/home/supan/RT/aisd/robot_arm_ws_dup/install/anint/share/anint/package.bash'
[0.624s] INFO:colcon.colcon_core.shell:Creating package script '/home/supan/RT/aisd/robot_arm_ws_dup/install/anint/share/anint/package.zsh'
[0.624s] Level 1:colcon.colcon_core.environment:create_file_with_runtime_dependencies(/home/supan/RT/aisd/robot_arm_ws_dup/install/anint/share/colcon-core/packages/anint)
[0.625s] Level 1:colcon.colcon_core.environment:create_environment_scripts_only(anint)
[0.625s] Level 1:colcon.colcon_core.environment:checking '/home/supan/RT/aisd/robot_arm_ws_dup/install/anint' for CMake module files
[0.626s] Level 1:colcon.colcon_core.environment:checking '/home/supan/RT/aisd/robot_arm_ws_dup/install/anint' for CMake config files
[0.626s] Level 1:colcon.colcon_core.shell:create_environment_hook('anint', 'cmake_prefix_path')
[0.627s] INFO:colcon.colcon_core.shell:Creating environment hook '/home/supan/RT/aisd/robot_arm_ws_dup/install/anint/share/anint/hook/cmake_prefix_path.ps1'
[0.627s] INFO:colcon.colcon_core.shell:Creating environment descriptor '/home/supan/RT/aisd/robot_arm_ws_dup/install/anint/share/anint/hook/cmake_prefix_path.dsv'
[0.628s] INFO:colcon.colcon_core.shell:Creating environment hook '/home/supan/RT/aisd/robot_arm_ws_dup/install/anint/share/anint/hook/cmake_prefix_path.sh'
[0.628s] Level 1:colcon.colcon_core.environment:checking '/home/supan/RT/aisd/robot_arm_ws_dup/install/anint/lib'
[0.628s] Level 1:colcon.colcon_core.shell:create_environment_hook('anint', 'ld_library_path_lib')
[0.628s] INFO:colcon.colcon_core.shell:Creating environment hook '/home/supan/RT/aisd/robot_arm_ws_dup/install/anint/share/anint/hook/ld_library_path_lib.ps1'
[0.629s] INFO:colcon.colcon_core.shell:Creating environment descriptor '/home/supan/RT/aisd/robot_arm_ws_dup/install/anint/share/anint/hook/ld_library_path_lib.dsv'
[0.629s] INFO:colcon.colcon_core.shell:Creating environment hook '/home/supan/RT/aisd/robot_arm_ws_dup/install/anint/share/anint/hook/ld_library_path_lib.sh'
[0.629s] Level 1:colcon.colcon_core.environment:checking '/home/supan/RT/aisd/robot_arm_ws_dup/install/anint/bin'
[0.629s] Level 1:colcon.colcon_core.environment:checking '/home/supan/RT/aisd/robot_arm_ws_dup/install/anint/lib/pkgconfig/anint.pc'
[0.630s] Level 1:colcon.colcon_core.environment:checking '/home/supan/RT/aisd/robot_arm_ws_dup/install/anint/lib/python3.10/site-packages'
[0.630s] Level 1:colcon.colcon_core.environment:checking '/home/supan/RT/aisd/robot_arm_ws_dup/install/anint/bin'
[0.630s] INFO:colcon.colcon_core.shell:Creating package script '/home/supan/RT/aisd/robot_arm_ws_dup/install/anint/share/anint/package.ps1'
[0.630s] INFO:colcon.colcon_core.shell:Creating package descriptor '/home/supan/RT/aisd/robot_arm_ws_dup/install/anint/share/anint/package.dsv'
[0.631s] INFO:colcon.colcon_core.shell:Creating package script '/home/supan/RT/aisd/robot_arm_ws_dup/install/anint/share/anint/package.sh'
[0.631s] INFO:colcon.colcon_core.shell:Creating package script '/home/supan/RT/aisd/robot_arm_ws_dup/install/anint/share/anint/package.bash'
[0.631s] INFO:colcon.colcon_core.shell:Creating package script '/home/supan/RT/aisd/robot_arm_ws_dup/install/anint/share/anint/package.zsh'
[0.632s] Level 1:colcon.colcon_core.environment:create_file_with_runtime_dependencies(/home/supan/RT/aisd/robot_arm_ws_dup/install/anint/share/colcon-core/packages/anint)
[0.752s] DEBUG:colcon.colcon_core.event_handler.log_command:Invoking command in '/home/supan/RT/aisd/robot_arm_ws_dup/src/con': PYTHONPATH=/home/supan/RT/aisd/robot_arm_ws_dup/build/con/prefix_override:/usr/lib/python3/dist-packages/colcon_core/task/python/colcon_distutils_commands:/home/supan/RT/aisd/robot_arm_ws_dup/install/con/lib/python3.10/site-packages:${PYTHONPATH} /usr/bin/python3 -W ignore:setup.py install is deprecated -W ignore:easy_install command is deprecated setup.py egg_info --egg-base ../../build/con build --build-base /home/supan/RT/aisd/robot_arm_ws_dup/build/con/build install --record /home/supan/RT/aisd/robot_arm_ws_dup/build/con/install.log --single-version-externally-managed install_data
[0.962s] Level 1:colcon.colcon_core.environment:checking '/home/supan/RT/aisd/robot_arm_ws_dup/install/con' for CMake module files
[0.962s] DEBUG:colcon.colcon_core.event_handler.log_command:Invoked command in '/home/supan/RT/aisd/robot_arm_ws_dup/src/con' returned '0': PYTHONPATH=/home/supan/RT/aisd/robot_arm_ws_dup/build/con/prefix_override:/usr/lib/python3/dist-packages/colcon_core/task/python/colcon_distutils_commands:/home/supan/RT/aisd/robot_arm_ws_dup/install/con/lib/python3.10/site-packages:${PYTHONPATH} /usr/bin/python3 -W ignore:setup.py install is deprecated -W ignore:easy_install command is deprecated setup.py egg_info --egg-base ../../build/con build --build-base /home/supan/RT/aisd/robot_arm_ws_dup/build/con/build install --record /home/supan/RT/aisd/robot_arm_ws_dup/build/con/install.log --single-version-externally-managed install_data
[0.962s] Level 1:colcon.colcon_core.environment:checking '/home/supan/RT/aisd/robot_arm_ws_dup/install/con' for CMake config files
[0.963s] Level 1:colcon.colcon_core.environment:checking '/home/supan/RT/aisd/robot_arm_ws_dup/install/con/lib'
[0.963s] Level 1:colcon.colcon_core.environment:checking '/home/supan/RT/aisd/robot_arm_ws_dup/install/con/bin'
[0.963s] Level 1:colcon.colcon_core.environment:checking '/home/supan/RT/aisd/robot_arm_ws_dup/install/con/lib/pkgconfig/con.pc'
[0.963s] Level 1:colcon.colcon_core.environment:checking '/home/supan/RT/aisd/robot_arm_ws_dup/install/con/lib/python3.10/site-packages'
[0.963s] Level 1:colcon.colcon_core.shell:create_environment_hook('con', 'pythonpath')
[0.963s] INFO:colcon.colcon_core.shell:Creating environment hook '/home/supan/RT/aisd/robot_arm_ws_dup/install/con/share/con/hook/pythonpath.ps1'
[0.964s] INFO:colcon.colcon_core.shell:Creating environment descriptor '/home/supan/RT/aisd/robot_arm_ws_dup/install/con/share/con/hook/pythonpath.dsv'
[0.964s] INFO:colcon.colcon_core.shell:Creating environment hook '/home/supan/RT/aisd/robot_arm_ws_dup/install/con/share/con/hook/pythonpath.sh'
[0.964s] Level 1:colcon.colcon_core.environment:checking '/home/supan/RT/aisd/robot_arm_ws_dup/install/con/bin'
[0.964s] Level 1:colcon.colcon_core.environment:create_environment_scripts_only(con)
[0.964s] INFO:colcon.colcon_core.shell:Creating package script '/home/supan/RT/aisd/robot_arm_ws_dup/install/con/share/con/package.ps1'
[0.965s] INFO:colcon.colcon_core.shell:Creating package descriptor '/home/supan/RT/aisd/robot_arm_ws_dup/install/con/share/con/package.dsv'
[0.965s] INFO:colcon.colcon_core.shell:Creating package script '/home/supan/RT/aisd/robot_arm_ws_dup/install/con/share/con/package.sh'
[0.965s] INFO:colcon.colcon_core.shell:Creating package script '/home/supan/RT/aisd/robot_arm_ws_dup/install/con/share/con/package.bash'
[0.965s] INFO:colcon.colcon_core.shell:Creating package script '/home/supan/RT/aisd/robot_arm_ws_dup/install/con/share/con/package.zsh'
[0.965s] Level 1:colcon.colcon_core.environment:create_file_with_runtime_dependencies(/home/supan/RT/aisd/robot_arm_ws_dup/install/con/share/colcon-core/packages/con)
[0.966s] DEBUG:colcon.colcon_parallel_executor.executor.parallel:closing loop
[0.966s] DEBUG:colcon.colcon_parallel_executor.executor.parallel:loop closed
[0.966s] DEBUG:colcon.colcon_parallel_executor.executor.parallel:run_until_complete finished with '0'
[0.966s] DEBUG:colcon.colcon_core.event_reactor:joining thread
[0.969s] INFO:colcon.colcon_core.plugin_system:Skipping extension 'colcon_notification.desktop_notification.terminal_notifier': Not used on non-Darwin systems
[0.970s] INFO:colcon.colcon_core.plugin_system:Skipping extension 'colcon_notification.desktop_notification.win32': Not used on non-Windows systems
[0.970s] INFO:colcon.colcon_notification.desktop_notification:Sending desktop notification using 'notify2'
[0.977s] DEBUG:colcon.colcon_core.event_reactor:joined thread
[0.977s] INFO:colcon.colcon_core.shell:Creating prefix script '/home/supan/RT/aisd/robot_arm_ws_dup/install/local_setup.ps1'
[0.978s] INFO:colcon.colcon_core.shell:Creating prefix util module '/home/supan/RT/aisd/robot_arm_ws_dup/install/_local_setup_util_ps1.py'
[0.979s] INFO:colcon.colcon_core.shell:Creating prefix chain script '/home/supan/RT/aisd/robot_arm_ws_dup/install/setup.ps1'
[0.980s] INFO:colcon.colcon_core.shell:Creating prefix script '/home/supan/RT/aisd/robot_arm_ws_dup/install/local_setup.sh'
[0.981s] INFO:colcon.colcon_core.shell:Creating prefix util module '/home/supan/RT/aisd/robot_arm_ws_dup/install/_local_setup_util_sh.py'
[0.981s] INFO:colcon.colcon_core.shell:Creating prefix chain script '/home/supan/RT/aisd/robot_arm_ws_dup/install/setup.sh'
[0.982s] INFO:colcon.colcon_core.shell:Creating prefix script '/home/supan/RT/aisd/robot_arm_ws_dup/install/local_setup.bash'
[0.982s] INFO:colcon.colcon_core.shell:Creating prefix chain script '/home/supan/RT/aisd/robot_arm_ws_dup/install/setup.bash'
[0.983s] INFO:colcon.colcon_core.shell:Creating prefix script '/home/supan/RT/aisd/robot_arm_ws_dup/install/local_setup.zsh'
[0.983s] INFO:colcon.colcon_core.shell:Creating prefix chain script '/home/supan/RT/aisd/robot_arm_ws_dup/install/setup.zsh'
