[0.191s] Invoking command in '/home/supan/RT/aisd/a3/build/racecar_plugins': CMAKE_PREFIX_PATH=${CMAKE_PREFIX_PATH}:/home/supan/RT/aisd/a3/install/racecar:/home/supan/RT/aisd/a3/install/model:/opt/ros/humble /usr/bin/cmake --build /home/supan/RT/aisd/a3/build/racecar_plugins -- -j12 -l12
[0.235s] [35m[1mConsolidate compiler generated dependencies of target racecar_plugin[0m
[0.263s] [100%] Built target racecar_plugin
[0.418s] Invoked command in '/home/supan/RT/aisd/a3/build/racecar_plugins' returned '0': CMAKE_PREFIX_PATH=${CMAKE_PREFIX_PATH}:/home/supan/RT/aisd/a3/install/racecar:/home/supan/RT/aisd/a3/install/model:/opt/ros/humble /usr/bin/cmake --build /home/supan/RT/aisd/a3/build/racecar_plugins -- -j12 -l12
[0.420s] Invoking command in '/home/supan/RT/aisd/a3/build/racecar_plugins': CMAKE_PREFIX_PATH=${CMAKE_PREFIX_PATH}:/home/supan/RT/aisd/a3/install/racecar:/home/supan/RT/aisd/a3/install/model:/opt/ros/humble /usr/bin/cmake --install /home/supan/RT/aisd/a3/build/racecar_plugins
[0.427s] -- Install configuration: ""
[0.427s] -- Execute custom install script
[0.427s] -- Up-to-date symlink: /home/supan/RT/aisd/a3/install/racecar_plugins/share/racecar_plugins/environment/library_path.sh
[0.427s] -- Up-to-date symlink: /home/supan/RT/aisd/a3/install/racecar_plugins/share/racecar_plugins/environment/library_path.dsv
[0.428s] -- Up-to-date symlink: /home/supan/RT/aisd/a3/install/racecar_plugins/lib/libracecar_plugin.so
[0.428s] -- Up-to-date symlink: /home/supan/RT/aisd/a3/install/racecar_plugins/share/ament_index/resource_index/package_run_dependencies/racecar_plugins
[0.428s] -- Up-to-date symlink: /home/supan/RT/aisd/a3/install/racecar_plugins/share/ament_index/resource_index/parent_prefix_path/racecar_plugins
[0.428s] -- Up-to-date symlink: /home/supan/RT/aisd/a3/install/racecar_plugins/share/racecar_plugins/environment/ament_prefix_path.sh
[0.428s] -- Up-to-date symlink: /home/supan/RT/aisd/a3/install/racecar_plugins/share/racecar_plugins/environment/ament_prefix_path.dsv
[0.428s] -- Up-to-date symlink: /home/supan/RT/aisd/a3/install/racecar_plugins/share/racecar_plugins/environment/path.sh
[0.428s] -- Up-to-date symlink: /home/supan/RT/aisd/a3/install/racecar_plugins/share/racecar_plugins/environment/path.dsv
[0.428s] -- Up-to-date symlink: /home/supan/RT/aisd/a3/install/racecar_plugins/share/racecar_plugins/local_setup.bash
[0.428s] -- Up-to-date symlink: /home/supan/RT/aisd/a3/install/racecar_plugins/share/racecar_plugins/local_setup.sh
[0.428s] -- Up-to-date symlink: /home/supan/RT/aisd/a3/install/racecar_plugins/share/racecar_plugins/local_setup.zsh
[0.428s] -- Up-to-date symlink: /home/supan/RT/aisd/a3/install/racecar_plugins/share/racecar_plugins/local_setup.dsv
[0.428s] -- Symlinking: /home/supan/RT/aisd/a3/install/racecar_plugins/share/racecar_plugins/package.dsv
[0.436s] -- Up-to-date symlink: /home/supan/RT/aisd/a3/install/racecar_plugins/share/ament_index/resource_index/packages/racecar_plugins
[0.436s] -- Up-to-date symlink: /home/supan/RT/aisd/a3/install/racecar_plugins/share/racecar_plugins/cmake/ament_cmake_export_libraries-extras.cmake
[0.436s] -- Up-to-date symlink: /home/supan/RT/aisd/a3/install/racecar_plugins/share/racecar_plugins/cmake/racecar_pluginsConfig.cmake
[0.436s] -- Up-to-date symlink: /home/supan/RT/aisd/a3/install/racecar_plugins/share/racecar_plugins/cmake/racecar_pluginsConfig-version.cmake
[0.436s] -- Up-to-date symlink: /home/supan/RT/aisd/a3/install/racecar_plugins/share/racecar_plugins/package.xml
[0.439s] Invoked command in '/home/supan/RT/aisd/a3/build/racecar_plugins' returned '0': CMAKE_PREFIX_PATH=${CMAKE_PREFIX_PATH}:/home/supan/RT/aisd/a3/install/racecar:/home/supan/RT/aisd/a3/install/model:/opt/ros/humble /usr/bin/cmake --install /home/supan/RT/aisd/a3/build/racecar_plugins
