-- Found ament_cmake: 1.3.11 (/opt/ros/humble/share/ament_cmake/cmake)
-- Override CMake install command with custom implementation using symlinks instead of copying resources
-- Found rclcpp: 16.0.11 (/opt/ros/humble/share/rclcpp/cmake)
-- Found rosidl_generator_c: 3.1.6 (/opt/ros/humble/share/rosidl_generator_c/cmake)
-- Found rosidl_adapter: 3.1.6 (/opt/ros/humble/share/rosidl_adapter/cmake)
-- Found rosidl_generator_cpp: 3.1.6 (/opt/ros/humble/share/rosidl_generator_cpp/cmake)
-- Using all available rosidl_typesupport_c: rosidl_typesupport_fastrtps_c;rosidl_typesupport_introspection_c
-- Using all available rosidl_typesupport_cpp: rosidl_typesupport_fastrtps_cpp;rosidl_typesupport_introspection_cpp
-- Found rmw_implementation_cmake: 6.1.2 (/opt/ros/humble/share/rmw_implementation_cmake/cmake)
-- Found rmw_fastrtps_cpp: 6.2.7 (/opt/ros/humble/share/rmw_fastrtps_cpp/cmake)
-- Using RMW implementation 'rmw_fastrtps_cpp' as default
-- Found ament_lint_auto: 0.12.11 (/opt/ros/humble/share/ament_lint_auto/cmake)
-- Added test 'flake8' to check Python code syntax and style conventions
-- Added test 'lint_cmake' to check CMake code style
-- Added test 'pep257' to check Python code against some of the docstring style conventions in PEP 257
-- Added test 'xmllint' to check XML markup files
-- Configuring done
-- Generating done
-- Build files have been written to: /home/supan/RT/aisd/robot_arm_ws_dup/build/robot_arm
-- Install configuration: ""
-- Up-to-date: /home/supan/RT/aisd/robot_arm_ws_dup/install/robot_arm/share/robot_arm
-- Installing: /home/supan/RT/aisd/robot_arm_ws_dup/install/robot_arm/share/robot_arm/sim.launch.py
-- Up-to-date: /home/supan/RT/aisd/robot_arm_ws_dup/install/robot_arm/share/robot_arm/__pycache__
-- Installing: /home/supan/RT/aisd/robot_arm_ws_dup/install/robot_arm/share/robot_arm/__pycache__/sim.launch.cpython-310.pyc
-- Up-to-date: /home/supan/RT/aisd/robot_arm_ws_dup/install/robot_arm/share/robot_arm/config
-- Installing: /home/supan/RT/aisd/robot_arm_ws_dup/install/robot_arm/share/robot_arm/config/robot_control.yaml
-- Execute custom install script
-- Up-to-date symlink: /home/supan/RT/aisd/robot_arm_ws_dup/install/robot_arm/share/ament_index/resource_index/package_run_dependencies/robot_arm
-- Up-to-date symlink: /home/supan/RT/aisd/robot_arm_ws_dup/install/robot_arm/share/ament_index/resource_index/parent_prefix_path/robot_arm
-- Up-to-date symlink: /home/supan/RT/aisd/robot_arm_ws_dup/install/robot_arm/share/robot_arm/environment/ament_prefix_path.sh
-- Up-to-date symlink: /home/supan/RT/aisd/robot_arm_ws_dup/install/robot_arm/share/robot_arm/environment/ament_prefix_path.dsv
-- Up-to-date symlink: /home/supan/RT/aisd/robot_arm_ws_dup/install/robot_arm/share/robot_arm/environment/path.sh
-- Up-to-date symlink: /home/supan/RT/aisd/robot_arm_ws_dup/install/robot_arm/share/robot_arm/environment/path.dsv
-- Up-to-date symlink: /home/supan/RT/aisd/robot_arm_ws_dup/install/robot_arm/share/robot_arm/local_setup.bash
-- Up-to-date symlink: /home/supan/RT/aisd/robot_arm_ws_dup/install/robot_arm/share/robot_arm/local_setup.sh
-- Up-to-date symlink: /home/supan/RT/aisd/robot_arm_ws_dup/install/robot_arm/share/robot_arm/local_setup.zsh
-- Up-to-date symlink: /home/supan/RT/aisd/robot_arm_ws_dup/install/robot_arm/share/robot_arm/local_setup.dsv
-- Symlinking: /home/supan/RT/aisd/robot_arm_ws_dup/install/robot_arm/share/robot_arm/package.dsv
-- Up-to-date symlink: /home/supan/RT/aisd/robot_arm_ws_dup/install/robot_arm/share/ament_index/resource_index/packages/robot_arm
-- Up-to-date symlink: /home/supan/RT/aisd/robot_arm_ws_dup/install/robot_arm/share/robot_arm/cmake/robot_armConfig.cmake
-- Up-to-date symlink: /home/supan/RT/aisd/robot_arm_ws_dup/install/robot_arm/share/robot_arm/cmake/robot_armConfig-version.cmake
-- Up-to-date symlink: /home/supan/RT/aisd/robot_arm_ws_dup/install/robot_arm/share/robot_arm/package.xml
