[0.014s] Invoking command in '/home/supan/RT/aisd/robot_arm_ws_dup/build/anint': CMAKE_PREFIX_PATH=${CMAKE_PREFIX_PATH}:/home/supan/RT/aisd/robot_arm_ws_dup/install/con:/home/supan/RT/sim/install/eufs_launcher:/home/supan/RT/sim/install/eufs_tracks:/home/supan/RT/sim/install/eufs_rqt:/home/supan/RT/sim/install/eufs_racecar:/opt/ros/humble /usr/bin/cmake /home/supan/RT/aisd/robot_arm_ws_dup/src/anint -DAMENT_CMAKE_SYMLINK_INSTALL=1 -DCMAKE_INSTALL_PREFIX=/home/supan/RT/aisd/robot_arm_ws_dup/install/anint
[0.208s] -- The C compiler identification is GNU 11.4.0
[0.208s] -- The CXX compiler identification is GNU 11.4.0
[0.208s] -- Detecting C compiler ABI info
[0.245s] -- Detecting C compiler ABI info - done
[0.254s] -- Check for working C compiler: /usr/bin/cc - skipped
[0.255s] -- Detecting C compile features
[0.255s] -- Detecting C compile features - done
[0.259s] -- Detecting CXX compiler ABI info
[0.340s] -- Detecting CXX compiler ABI info - done
[0.346s] -- Check for working CXX compiler: /usr/bin/c++ - skipped
[0.346s] -- Detecting CXX compile features
[0.347s] -- Detecting CXX compile features - done
[0.349s] -- Found ament_cmake: 1.3.11 (/opt/ros/humble/share/ament_cmake/cmake)
[0.502s] -- Found Python3: /usr/bin/python3 (found version "3.10.12") found components: Interpreter 
[0.553s] -- Override CMake install command with custom implementation using symlinks instead of copying resources
[0.587s] -- Found rosidl_default_generators: 1.2.0 (/opt/ros/humble/share/rosidl_default_generators/cmake)
[0.593s] -- Using all available rosidl_typesupport_c: rosidl_typesupport_fastrtps_c;rosidl_typesupport_introspection_c
[0.602s] -- Found rosidl_adapter: 3.1.6 (/opt/ros/humble/share/rosidl_adapter/cmake)
[0.636s] -- Using all available rosidl_typesupport_cpp: rosidl_typesupport_fastrtps_cpp;rosidl_typesupport_introspection_cpp
[0.874s] -- Found ament_cmake_ros: 0.10.0 (/opt/ros/humble/share/ament_cmake_ros/cmake)
[1.046s] -- Using all available rosidl_typesupport_c: rosidl_typesupport_fastrtps_c;rosidl_typesupport_introspection_c
[1.296s] -- Using all available rosidl_typesupport_cpp: rosidl_typesupport_fastrtps_cpp;rosidl_typesupport_introspection_cpp
[1.326s] -- Found PythonInterp: /usr/bin/python3 (found suitable version "3.10.12", minimum required is "3.6") 
[1.329s] -- Found python_cmake_module: 0.10.0 (/opt/ros/humble/share/python_cmake_module/cmake)
[1.361s] -- Found PythonLibs: /usr/lib/x86_64-linux-gnu/libpython3.10.so (found suitable version "3.10.12", minimum required is "3.5") 
[1.361s] -- Using PYTHON_EXECUTABLE: /usr/bin/python3
[1.361s] -- Using PYTHON_INCLUDE_DIRS: /usr/include/python3.10
[1.361s] -- Using PYTHON_LIBRARIES: /usr/lib/x86_64-linux-gnu/libpython3.10.so
[1.379s] -- Found PythonExtra: .so  
[1.419s] -- Found ament_lint_auto: 0.12.11 (/opt/ros/humble/share/ament_lint_auto/cmake)
[1.435s] -- Added test 'lint_cmake' to check CMake code style
[1.435s] -- Added test 'xmllint' to check XML markup files
[1.437s] -- Configuring done
[1.453s] -- Generating done
[1.458s] -- Build files have been written to: /home/supan/RT/aisd/robot_arm_ws_dup/build/anint
[1.463s] Invoked command in '/home/supan/RT/aisd/robot_arm_ws_dup/build/anint' returned '0': CMAKE_PREFIX_PATH=${CMAKE_PREFIX_PATH}:/home/supan/RT/aisd/robot_arm_ws_dup/install/con:/home/supan/RT/sim/install/eufs_launcher:/home/supan/RT/sim/install/eufs_tracks:/home/supan/RT/sim/install/eufs_rqt:/home/supan/RT/sim/install/eufs_racecar:/opt/ros/humble /usr/bin/cmake /home/supan/RT/aisd/robot_arm_ws_dup/src/anint -DAMENT_CMAKE_SYMLINK_INSTALL=1 -DCMAKE_INSTALL_PREFIX=/home/supan/RT/aisd/robot_arm_ws_dup/install/anint
[1.464s] Invoking command in '/home/supan/RT/aisd/robot_arm_ws_dup/build/anint': CMAKE_PREFIX_PATH=${CMAKE_PREFIX_PATH}:/home/supan/RT/aisd/robot_arm_ws_dup/install/con:/home/supan/RT/sim/install/eufs_launcher:/home/supan/RT/sim/install/eufs_tracks:/home/supan/RT/sim/install/eufs_rqt:/home/supan/RT/sim/install/eufs_racecar:/opt/ros/humble /usr/bin/cmake --build /home/supan/RT/aisd/robot_arm_ws_dup/build/anint -- -j12 -l12
[1.511s] [  3%] [34m[1mGenerating C code for ROS interfaces[0m
[1.525s] [  6%] [34m[1mGenerating C++ code for ROS interfaces[0m
[1.532s] [  6%] Built target ament_cmake_python_symlink_anint
[1.714s] [  6%] Built target anint__cpp
[1.724s] running egg_info
[1.725s] creating anint.egg-info
[1.725s] writing anint.egg-info/PKG-INFO
[1.725s] [  9%] [32mBuilding C object CMakeFiles/anint__rosidl_generator_c.dir/rosidl_generator_c/anint/srv/detail/ang__functions.c.o[0m
[1.725s] writing dependency_links to anint.egg-info/dependency_links.txt
[1.726s] writing top-level names to anint.egg-info/top_level.txt
[1.726s] writing manifest file 'anint.egg-info/SOURCES.txt'
[1.727s] [ 12%] [34m[1mGenerating C++ type support dispatch for ROS interfaces[0m
[1.728s] [ 16%] [34m[1mGenerating C++ introspection for ROS interfaces[0m
[1.729s] reading manifest file 'anint.egg-info/SOURCES.txt'
[1.730s] writing manifest file 'anint.egg-info/SOURCES.txt'
[1.730s] [ 19%] [34m[1mGenerating C++ type support for eProsima Fast-RTPS[0m
[1.773s] [ 19%] Built target ament_cmake_python_build_anint_egg
[1.810s] [ 22%] [32m[1mLinking C shared library libanint__rosidl_generator_c.so[0m
[1.852s] [ 22%] Built target anint__rosidl_generator_c
[1.862s] [ 25%] [34m[1mGenerating C type support dispatch for ROS interfaces[0m
[1.865s] [ 29%] [34m[1mGenerating C introspection for ROS interfaces[0m
[1.865s] [ 32%] [34m[1mGenerating C type support for eProsima Fast-RTPS[0m
[1.955s] [ 35%] [32mBuilding CXX object CMakeFiles/anint__rosidl_typesupport_cpp.dir/rosidl_typesupport_cpp/anint/srv/ang__type_support.cpp.o[0m
[1.972s] [ 38%] [32mBuilding CXX object CMakeFiles/anint__rosidl_typesupport_introspection_cpp.dir/rosidl_typesupport_introspection_cpp/anint/srv/detail/ang__type_support.cpp.o[0m
[1.991s] [ 41%] [32mBuilding CXX object CMakeFiles/anint__rosidl_typesupport_fastrtps_cpp.dir/rosidl_typesupport_fastrtps_cpp/anint/srv/detail/dds_fastrtps/ang__type_support.cpp.o[0m
[2.123s] [ 45%] [32mBuilding CXX object CMakeFiles/anint__rosidl_typesupport_c.dir/rosidl_typesupport_c/anint/srv/ang__type_support.cpp.o[0m
[2.134s] [ 48%] [32mBuilding CXX object CMakeFiles/anint__rosidl_typesupport_fastrtps_c.dir/rosidl_typesupport_fastrtps_c/anint/srv/detail/ang__type_support_c.cpp.o[0m
[2.170s] [ 51%] [32m[1mLinking CXX shared library libanint__rosidl_typesupport_c.so[0m
[2.183s] [ 54%] [32mBuilding C object CMakeFiles/anint__rosidl_typesupport_introspection_c.dir/rosidl_typesupport_introspection_c/anint/srv/detail/ang__type_support.c.o[0m
[2.218s] [ 54%] Built target anint__rosidl_typesupport_c
[2.221s] [ 58%] [32m[1mLinking CXX shared library libanint__rosidl_typesupport_cpp.so[0m
[2.227s] [ 61%] [32m[1mLinking C shared library libanint__rosidl_typesupport_introspection_c.so[0m
[2.260s] [ 61%] Built target anint__rosidl_typesupport_introspection_c
[2.263s] [ 61%] Built target anint__rosidl_typesupport_cpp
[2.398s] [ 64%] [32m[1mLinking CXX shared library libanint__rosidl_typesupport_introspection_cpp.so[0m
[2.398s] [ 67%] [32m[1mLinking CXX shared library libanint__rosidl_typesupport_fastrtps_cpp.so[0m
[2.406s] [ 70%] [32m[1mLinking CXX shared library libanint__rosidl_typesupport_fastrtps_c.so[0m
[2.441s] [ 70%] Built target anint__rosidl_typesupport_introspection_cpp
[2.469s] [ 70%] Built target anint__rosidl_typesupport_fastrtps_cpp
[2.475s] [ 70%] Built target anint__rosidl_typesupport_fastrtps_c
[2.495s] [ 70%] Built target anint
[2.522s] [ 74%] [34m[1mGenerating Python code for ROS interfaces[0m
[2.774s] [ 74%] Built target anint__py
[2.793s] [ 77%] [32mBuilding C object CMakeFiles/anint__rosidl_generator_py.dir/rosidl_generator_py/anint/srv/_ang_s.c.o[0m
[2.889s] [ 80%] [32m[1mLinking C shared library rosidl_generator_py/anint/libanint__rosidl_generator_py.so[0m
[2.928s] [ 80%] Built target anint__rosidl_generator_py
[2.946s] [ 83%] [32mBuilding C object CMakeFiles/anint__rosidl_typesupport_fastrtps_c__pyext.dir/rosidl_generator_py/anint/_anint_s.ep.rosidl_typesupport_fastrtps_c.c.o[0m
[2.949s] [ 87%] [32mBuilding C object CMakeFiles/anint__rosidl_typesupport_introspection_c__pyext.dir/rosidl_generator_py/anint/_anint_s.ep.rosidl_typesupport_introspection_c.c.o[0m
[2.949s] [ 90%] [32mBuilding C object CMakeFiles/anint__rosidl_typesupport_c__pyext.dir/rosidl_generator_py/anint/_anint_s.ep.rosidl_typesupport_c.c.o[0m
[3.011s] [ 93%] [32m[1mLinking C shared library rosidl_generator_py/anint/anint_s__rosidl_typesupport_introspection_c.cpython-310-x86_64-linux-gnu.so[0m
[3.013s] [ 96%] [32m[1mLinking C shared library rosidl_generator_py/anint/anint_s__rosidl_typesupport_c.cpython-310-x86_64-linux-gnu.so[0m
[3.017s] [100%] [32m[1mLinking C shared library rosidl_generator_py/anint/anint_s__rosidl_typesupport_fastrtps_c.cpython-310-x86_64-linux-gnu.so[0m
[3.042s] [100%] Built target anint__rosidl_typesupport_c__pyext
[3.043s] [100%] Built target anint__rosidl_typesupport_introspection_c__pyext
[3.046s] [100%] Built target anint__rosidl_typesupport_fastrtps_c__pyext
[3.055s] Invoked command in '/home/supan/RT/aisd/robot_arm_ws_dup/build/anint' returned '0': CMAKE_PREFIX_PATH=${CMAKE_PREFIX_PATH}:/home/supan/RT/aisd/robot_arm_ws_dup/install/con:/home/supan/RT/sim/install/eufs_launcher:/home/supan/RT/sim/install/eufs_tracks:/home/supan/RT/sim/install/eufs_rqt:/home/supan/RT/sim/install/eufs_racecar:/opt/ros/humble /usr/bin/cmake --build /home/supan/RT/aisd/robot_arm_ws_dup/build/anint -- -j12 -l12
[3.056s] Invoking command in '/home/supan/RT/aisd/robot_arm_ws_dup/build/anint': CMAKE_PREFIX_PATH=${CMAKE_PREFIX_PATH}:/home/supan/RT/aisd/robot_arm_ws_dup/install/con:/home/supan/RT/sim/install/eufs_launcher:/home/supan/RT/sim/install/eufs_tracks:/home/supan/RT/sim/install/eufs_rqt:/home/supan/RT/sim/install/eufs_racecar:/opt/ros/humble /usr/bin/cmake --install /home/supan/RT/aisd/robot_arm_ws_dup/build/anint
[3.063s] -- Install configuration: ""
[3.064s] -- Execute custom install script
[3.064s] -- Symlinking: /home/supan/RT/aisd/robot_arm_ws_dup/install/anint/share/ament_index/resource_index/rosidl_interfaces/anint
[3.071s] -- Symlinking: /home/supan/RT/aisd/robot_arm_ws_dup/install/anint/include/anint/anint/msg/rosidl_generator_c__visibility_control.h
[3.079s] -- Symlinking: /home/supan/RT/aisd/robot_arm_ws_dup/install/anint/include/anint/anint/srv/ang.h
[3.087s] -- Symlinking: /home/supan/RT/aisd/robot_arm_ws_dup/install/anint/include/anint/anint/srv/detail/ang__functions.h
[3.097s] -- Symlinking: /home/supan/RT/aisd/robot_arm_ws_dup/install/anint/include/anint/anint/srv/detail/ang__struct.h
[3.107s] -- Symlinking: /home/supan/RT/aisd/robot_arm_ws_dup/install/anint/include/anint/anint/srv/detail/ang__type_support.h
[3.120s] -- Symlinking: /home/supan/RT/aisd/robot_arm_ws_dup/install/anint/share/anint/environment/library_path.sh
[3.131s] -- Symlinking: /home/supan/RT/aisd/robot_arm_ws_dup/install/anint/share/anint/environment/library_path.dsv
[3.142s] -- Symlinking: /home/supan/RT/aisd/robot_arm_ws_dup/install/anint/include/anint/anint/msg/rosidl_typesupport_fastrtps_c__visibility_control.h
[3.155s] -- Symlinking: /home/supan/RT/aisd/robot_arm_ws_dup/install/anint/include/anint/anint/srv/detail/ang__rosidl_typesupport_fastrtps_c.h
[3.165s] -- Symlinking: /home/supan/RT/aisd/robot_arm_ws_dup/install/anint/include/anint/anint/msg/rosidl_typesupport_introspection_c__visibility_control.h
[3.171s] -- Symlinking: /home/supan/RT/aisd/robot_arm_ws_dup/install/anint/include/anint/anint/srv/detail/ang__rosidl_typesupport_introspection_c.h
[3.177s] -- Symlinking: /home/supan/RT/aisd/robot_arm_ws_dup/install/anint/include/anint/anint/msg/rosidl_generator_cpp__visibility_control.hpp
[3.182s] -- Symlinking: /home/supan/RT/aisd/robot_arm_ws_dup/install/anint/include/anint/anint/srv/ang.hpp
[3.188s] -- Symlinking: /home/supan/RT/aisd/robot_arm_ws_dup/install/anint/include/anint/anint/srv/detail/ang__builder.hpp
[3.194s] -- Symlinking: /home/supan/RT/aisd/robot_arm_ws_dup/install/anint/include/anint/anint/srv/detail/ang__struct.hpp
[3.200s] -- Symlinking: /home/supan/RT/aisd/robot_arm_ws_dup/install/anint/include/anint/anint/srv/detail/ang__traits.hpp
[3.207s] -- Symlinking: /home/supan/RT/aisd/robot_arm_ws_dup/install/anint/include/anint/anint/srv/detail/ang__type_support.hpp
[3.213s] -- Symlinking: /home/supan/RT/aisd/robot_arm_ws_dup/install/anint/include/anint/anint/msg/rosidl_typesupport_fastrtps_cpp__visibility_control.h
[3.223s] -- Symlinking: /home/supan/RT/aisd/robot_arm_ws_dup/install/anint/include/anint/anint/srv/detail/ang__rosidl_typesupport_fastrtps_cpp.hpp
[3.229s] -- Symlinking: /home/supan/RT/aisd/robot_arm_ws_dup/install/anint/include/anint/anint/srv/detail/ang__rosidl_typesupport_introspection_cpp.hpp
[3.237s] -- Symlinking: /home/supan/RT/aisd/robot_arm_ws_dup/install/anint/share/anint/environment/pythonpath.sh
[3.249s] -- Symlinking: /home/supan/RT/aisd/robot_arm_ws_dup/install/anint/share/anint/environment/pythonpath.dsv
[3.261s] -- Symlinking: /home/supan/RT/aisd/robot_arm_ws_dup/install/anint/local/lib/python3.10/dist-packages/anint-0.0.0-py3.10.egg-info/PKG-INFO
[3.272s] -- Symlinking: /home/supan/RT/aisd/robot_arm_ws_dup/install/anint/local/lib/python3.10/dist-packages/anint-0.0.0-py3.10.egg-info/SOURCES.txt
[3.283s] -- Symlinking: /home/supan/RT/aisd/robot_arm_ws_dup/install/anint/local/lib/python3.10/dist-packages/anint-0.0.0-py3.10.egg-info/dependency_links.txt
[3.293s] -- Symlinking: /home/supan/RT/aisd/robot_arm_ws_dup/install/anint/local/lib/python3.10/dist-packages/anint-0.0.0-py3.10.egg-info/top_level.txt
[3.305s] -- Symlinking: /home/supan/RT/aisd/robot_arm_ws_dup/install/anint/local/lib/python3.10/dist-packages/anint/__init__.py
[3.316s] -- Symlinking: /home/supan/RT/aisd/robot_arm_ws_dup/install/anint/local/lib/python3.10/dist-packages/anint/_anint_s.ep.rosidl_typesupport_c.c
[3.328s] -- Symlinking: /home/supan/RT/aisd/robot_arm_ws_dup/install/anint/local/lib/python3.10/dist-packages/anint/_anint_s.ep.rosidl_typesupport_fastrtps_c.c
[3.341s] -- Symlinking: /home/supan/RT/aisd/robot_arm_ws_dup/install/anint/local/lib/python3.10/dist-packages/anint/_anint_s.ep.rosidl_typesupport_introspection_c.c
[3.354s] -- Symlinking: /home/supan/RT/aisd/robot_arm_ws_dup/install/anint/local/lib/python3.10/dist-packages/anint/anint_s__rosidl_typesupport_c.cpython-310-x86_64-linux-gnu.so
[3.365s] -- Symlinking: /home/supan/RT/aisd/robot_arm_ws_dup/install/anint/local/lib/python3.10/dist-packages/anint/anint_s__rosidl_typesupport_fastrtps_c.cpython-310-x86_64-linux-gnu.so
[3.375s] -- Symlinking: /home/supan/RT/aisd/robot_arm_ws_dup/install/anint/local/lib/python3.10/dist-packages/anint/anint_s__rosidl_typesupport_introspection_c.cpython-310-x86_64-linux-gnu.so
[3.383s] -- Symlinking: /home/supan/RT/aisd/robot_arm_ws_dup/install/anint/local/lib/python3.10/dist-packages/anint/libanint__rosidl_generator_py.so
[3.395s] -- Symlinking: /home/supan/RT/aisd/robot_arm_ws_dup/install/anint/local/lib/python3.10/dist-packages/anint/srv/__init__.py
[3.407s] -- Symlinking: /home/supan/RT/aisd/robot_arm_ws_dup/install/anint/local/lib/python3.10/dist-packages/anint/srv/_ang.py
[3.416s] -- Symlinking: /home/supan/RT/aisd/robot_arm_ws_dup/install/anint/local/lib/python3.10/dist-packages/anint/srv/_ang_s.c
[3.427s] -- Up-to-date symlink: /home/supan/RT/aisd/robot_arm_ws_dup/install/anint/local/lib/python3.10/dist-packages/anint/anint_s__rosidl_typesupport_fastrtps_c.cpython-310-x86_64-linux-gnu.so
[3.427s] -- Up-to-date symlink: /home/supan/RT/aisd/robot_arm_ws_dup/install/anint/local/lib/python3.10/dist-packages/anint/anint_s__rosidl_typesupport_introspection_c.cpython-310-x86_64-linux-gnu.so
[3.427s] -- Up-to-date symlink: /home/supan/RT/aisd/robot_arm_ws_dup/install/anint/local/lib/python3.10/dist-packages/anint/anint_s__rosidl_typesupport_c.cpython-310-x86_64-linux-gnu.so
[3.427s] -- Symlinking: /home/supan/RT/aisd/robot_arm_ws_dup/install/anint/share/anint/srv/Ang.idl
[3.440s] -- Symlinking: /home/supan/RT/aisd/robot_arm_ws_dup/install/anint/share/anint/srv/Ang.srv
[3.451s] -- Symlinking: /home/supan/RT/aisd/robot_arm_ws_dup/install/anint/share/anint/srv/Ang_Request.msg
[3.461s] -- Symlinking: /home/supan/RT/aisd/robot_arm_ws_dup/install/anint/share/anint/srv/Ang_Response.msg
[3.472s] -- Symlinking: /home/supan/RT/aisd/robot_arm_ws_dup/install/anint/share/ament_index/resource_index/package_run_dependencies/anint
[3.483s] -- Symlinking: /home/supan/RT/aisd/robot_arm_ws_dup/install/anint/share/ament_index/resource_index/parent_prefix_path/anint
[3.495s] -- Symlinking: /home/supan/RT/aisd/robot_arm_ws_dup/install/anint/share/anint/environment/ament_prefix_path.sh
[3.504s] -- Symlinking: /home/supan/RT/aisd/robot_arm_ws_dup/install/anint/share/anint/environment/ament_prefix_path.dsv
[3.513s] -- Symlinking: /home/supan/RT/aisd/robot_arm_ws_dup/install/anint/share/anint/environment/path.sh
[3.529s] -- Symlinking: /home/supan/RT/aisd/robot_arm_ws_dup/install/anint/share/anint/environment/path.dsv
[3.541s] -- Symlinking: /home/supan/RT/aisd/robot_arm_ws_dup/install/anint/share/anint/local_setup.bash
[3.554s] -- Symlinking: /home/supan/RT/aisd/robot_arm_ws_dup/install/anint/share/anint/local_setup.sh
[3.566s] -- Symlinking: /home/supan/RT/aisd/robot_arm_ws_dup/install/anint/share/anint/local_setup.zsh
[3.575s] -- Symlinking: /home/supan/RT/aisd/robot_arm_ws_dup/install/anint/share/anint/local_setup.dsv
[3.586s] -- Symlinking: /home/supan/RT/aisd/robot_arm_ws_dup/install/anint/share/anint/package.dsv
[3.597s] -- Symlinking: /home/supan/RT/aisd/robot_arm_ws_dup/install/anint/share/ament_index/resource_index/packages/anint
[3.609s] -- Symlinking: /home/supan/RT/aisd/robot_arm_ws_dup/install/anint/share/anint/cmake/rosidl_cmake-extras.cmake
[3.623s] -- Symlinking: /home/supan/RT/aisd/robot_arm_ws_dup/install/anint/share/anint/cmake/ament_cmake_export_include_directories-extras.cmake
[3.638s] -- Symlinking: /home/supan/RT/aisd/robot_arm_ws_dup/install/anint/share/anint/cmake/ament_cmake_export_libraries-extras.cmake
[3.651s] -- Symlinking: /home/supan/RT/aisd/robot_arm_ws_dup/install/anint/share/anint/cmake/ament_cmake_export_targets-extras.cmake
[3.661s] -- Symlinking: /home/supan/RT/aisd/robot_arm_ws_dup/install/anint/share/anint/cmake/rosidl_cmake_export_typesupport_targets-extras.cmake
[3.670s] -- Symlinking: /home/supan/RT/aisd/robot_arm_ws_dup/install/anint/share/anint/cmake/ament_cmake_export_dependencies-extras.cmake
[3.681s] -- Symlinking: /home/supan/RT/aisd/robot_arm_ws_dup/install/anint/share/anint/cmake/rosidl_cmake_export_typesupport_libraries-extras.cmake
[3.689s] -- Symlinking: /home/supan/RT/aisd/robot_arm_ws_dup/install/anint/share/anint/cmake/anintConfig.cmake
[3.698s] -- Symlinking: /home/supan/RT/aisd/robot_arm_ws_dup/install/anint/share/anint/cmake/anintConfig-version.cmake
[3.709s] -- Symlinking: /home/supan/RT/aisd/robot_arm_ws_dup/install/anint/share/anint/package.xml
[3.723s] -- Installing: /home/supan/RT/aisd/robot_arm_ws_dup/install/anint/lib/libanint__rosidl_generator_c.so
[3.724s] -- Set runtime path of "/home/supan/RT/aisd/robot_arm_ws_dup/install/anint/lib/libanint__rosidl_generator_c.so" to ""
[3.724s] -- Installing: /home/supan/RT/aisd/robot_arm_ws_dup/install/anint/lib/libanint__rosidl_typesupport_fastrtps_c.so
[3.724s] -- Set runtime path of "/home/supan/RT/aisd/robot_arm_ws_dup/install/anint/lib/libanint__rosidl_typesupport_fastrtps_c.so" to ""
[3.724s] -- Installing: /home/supan/RT/aisd/robot_arm_ws_dup/install/anint/lib/libanint__rosidl_typesupport_introspection_c.so
[3.724s] -- Set runtime path of "/home/supan/RT/aisd/robot_arm_ws_dup/install/anint/lib/libanint__rosidl_typesupport_introspection_c.so" to ""
[3.725s] -- Installing: /home/supan/RT/aisd/robot_arm_ws_dup/install/anint/lib/libanint__rosidl_typesupport_c.so
[3.725s] -- Set runtime path of "/home/supan/RT/aisd/robot_arm_ws_dup/install/anint/lib/libanint__rosidl_typesupport_c.so" to ""
[3.725s] -- Installing: /home/supan/RT/aisd/robot_arm_ws_dup/install/anint/lib/libanint__rosidl_typesupport_fastrtps_cpp.so
[3.725s] -- Set runtime path of "/home/supan/RT/aisd/robot_arm_ws_dup/install/anint/lib/libanint__rosidl_typesupport_fastrtps_cpp.so" to ""
[3.725s] -- Installing: /home/supan/RT/aisd/robot_arm_ws_dup/install/anint/lib/libanint__rosidl_typesupport_introspection_cpp.so
[3.725s] -- Set runtime path of "/home/supan/RT/aisd/robot_arm_ws_dup/install/anint/lib/libanint__rosidl_typesupport_introspection_cpp.so" to ""
[3.726s] -- Installing: /home/supan/RT/aisd/robot_arm_ws_dup/install/anint/lib/libanint__rosidl_typesupport_cpp.so
[3.726s] -- Set runtime path of "/home/supan/RT/aisd/robot_arm_ws_dup/install/anint/lib/libanint__rosidl_typesupport_cpp.so" to ""
[3.783s] Listing '/home/supan/RT/aisd/robot_arm_ws_dup/install/anint/local/lib/python3.10/dist-packages/anint'...
[3.783s] Compiling '/home/supan/RT/aisd/robot_arm_ws_dup/install/anint/local/lib/python3.10/dist-packages/anint/__init__.py'...
[3.783s] Listing '/home/supan/RT/aisd/robot_arm_ws_dup/install/anint/local/lib/python3.10/dist-packages/anint/srv'...
[3.783s] Compiling '/home/supan/RT/aisd/robot_arm_ws_dup/install/anint/local/lib/python3.10/dist-packages/anint/srv/__init__.py'...
[3.783s] Compiling '/home/supan/RT/aisd/robot_arm_ws_dup/install/anint/local/lib/python3.10/dist-packages/anint/srv/_ang.py'...
[3.790s] -- Installing: /home/supan/RT/aisd/robot_arm_ws_dup/install/anint/lib/libanint__rosidl_generator_py.so
[3.790s] -- Set runtime path of "/home/supan/RT/aisd/robot_arm_ws_dup/install/anint/lib/libanint__rosidl_generator_py.so" to ""
[3.790s] -- Installing: /home/supan/RT/aisd/robot_arm_ws_dup/install/anint/share/anint/cmake/export_anint__rosidl_generator_cExport.cmake
[3.790s] -- Installing: /home/supan/RT/aisd/robot_arm_ws_dup/install/anint/share/anint/cmake/export_anint__rosidl_generator_cExport-noconfig.cmake
[3.790s] -- Installing: /home/supan/RT/aisd/robot_arm_ws_dup/install/anint/share/anint/cmake/export_anint__rosidl_typesupport_fastrtps_cExport.cmake
[3.790s] -- Installing: /home/supan/RT/aisd/robot_arm_ws_dup/install/anint/share/anint/cmake/export_anint__rosidl_typesupport_fastrtps_cExport-noconfig.cmake
[3.790s] -- Installing: /home/supan/RT/aisd/robot_arm_ws_dup/install/anint/share/anint/cmake/anint__rosidl_typesupport_introspection_cExport.cmake
[3.791s] -- Installing: /home/supan/RT/aisd/robot_arm_ws_dup/install/anint/share/anint/cmake/anint__rosidl_typesupport_introspection_cExport-noconfig.cmake
[3.791s] -- Installing: /home/supan/RT/aisd/robot_arm_ws_dup/install/anint/share/anint/cmake/anint__rosidl_typesupport_cExport.cmake
[3.791s] -- Installing: /home/supan/RT/aisd/robot_arm_ws_dup/install/anint/share/anint/cmake/anint__rosidl_typesupport_cExport-noconfig.cmake
[3.791s] -- Installing: /home/supan/RT/aisd/robot_arm_ws_dup/install/anint/share/anint/cmake/export_anint__rosidl_generator_cppExport.cmake
[3.791s] -- Installing: /home/supan/RT/aisd/robot_arm_ws_dup/install/anint/share/anint/cmake/export_anint__rosidl_typesupport_fastrtps_cppExport.cmake
[3.792s] -- Installing: /home/supan/RT/aisd/robot_arm_ws_dup/install/anint/share/anint/cmake/export_anint__rosidl_typesupport_fastrtps_cppExport-noconfig.cmake
[3.792s] -- Installing: /home/supan/RT/aisd/robot_arm_ws_dup/install/anint/share/anint/cmake/anint__rosidl_typesupport_introspection_cppExport.cmake
[3.792s] -- Installing: /home/supan/RT/aisd/robot_arm_ws_dup/install/anint/share/anint/cmake/anint__rosidl_typesupport_introspection_cppExport-noconfig.cmake
[3.792s] -- Installing: /home/supan/RT/aisd/robot_arm_ws_dup/install/anint/share/anint/cmake/anint__rosidl_typesupport_cppExport.cmake
[3.792s] -- Installing: /home/supan/RT/aisd/robot_arm_ws_dup/install/anint/share/anint/cmake/anint__rosidl_typesupport_cppExport-noconfig.cmake
[3.792s] -- Installing: /home/supan/RT/aisd/robot_arm_ws_dup/install/anint/share/anint/cmake/export_anint__rosidl_generator_pyExport.cmake
[3.792s] -- Installing: /home/supan/RT/aisd/robot_arm_ws_dup/install/anint/share/anint/cmake/export_anint__rosidl_generator_pyExport-noconfig.cmake
[3.795s] Invoked command in '/home/supan/RT/aisd/robot_arm_ws_dup/build/anint' returned '0': CMAKE_PREFIX_PATH=${CMAKE_PREFIX_PATH}:/home/supan/RT/aisd/robot_arm_ws_dup/install/con:/home/supan/RT/sim/install/eufs_launcher:/home/supan/RT/sim/install/eufs_tracks:/home/supan/RT/sim/install/eufs_rqt:/home/supan/RT/sim/install/eufs_racecar:/opt/ros/humble /usr/bin/cmake --install /home/supan/RT/aisd/robot_arm_ws_dup/build/anint
