[0.078s] DEBUG:colcon:Command line arguments: ['/usr/bin/colcon', 'build']
[0.078s] DEBUG:colcon:Parsed command line arguments: Namespace(log_base=None, log_level=None, verb_name='build', build_base='build', install_base='install', merge_install=False, symlink_install=False, test_result_base=None, continue_on_error=False, executor='parallel', parallel_workers=12, event_handlers=None, ignore_user_meta=False, metas=['./colcon.meta'], base_paths=['.'], packages_ignore=None, packages_ignore_regex=None, paths=None, packages_up_to=None, packages_up_to_regex=None, packages_above=None, packages_above_and_dependencies=None, packages_above_depth=None, packages_select_by_dep=None, packages_skip_by_dep=None, packages_skip_up_to=None, packages_select_build_failed=False, packages_skip_build_finished=False, packages_select_test_failures=False, packages_skip_test_passed=False, packages_select=None, packages_skip=None, packages_select_regex=None, packages_skip_regex=None, packages_start=None, packages_end=None, allow_overriding=[], cmake_args=None, cmake_target=None, cmake_target_skip_unavailable=False, cmake_clean_cache=False, cmake_clean_first=False, cmake_force_configure=False, ament_cmake_args=None, catkin_cmake_args=None, catkin_skip_building_tests=False, mixin_files=None, mixin=None, verb_parser=<colcon_mixin.mixin.mixin_argument.MixinArgumentDecorator object at 0x74dda6f0b6d0>, verb_extension=<colcon_core.verb.build.BuildVerb object at 0x74dda6f0b190>, main=<bound method BuildVerb.main of <colcon_core.verb.build.BuildVerb object at 0x74dda6f0b190>>, mixin_verb=('build',))
[0.192s] Level 1:colcon.colcon_core.package_discovery:discover_packages(colcon_meta) check parameters
[0.192s] Level 1:colcon.colcon_core.package_discovery:discover_packages(recursive) check parameters
[0.192s] Level 1:colcon.colcon_core.package_discovery:discover_packages(ignore) check parameters
[0.192s] Level 1:colcon.colcon_core.package_discovery:discover_packages(path) check parameters
[0.192s] Level 1:colcon.colcon_core.package_discovery:discover_packages(colcon_meta) discover
[0.192s] Level 1:colcon.colcon_core.package_discovery:discover_packages(recursive) discover
[0.192s] INFO:colcon.colcon_core.package_discovery:Crawling recursively for packages in '/home/supan/RT/aisd/robot_arm_ws_dup'
[0.192s] Level 1:colcon.colcon_core.package_identification:_identify(.) by extensions ['ignore', 'ignore_ament_install']
[0.192s] Level 1:colcon.colcon_core.package_identification:_identify(.) by extension 'ignore'
[0.192s] Level 1:colcon.colcon_core.package_identification:_identify(.) by extension 'ignore_ament_install'
[0.192s] Level 1:colcon.colcon_core.package_identification:_identify(.) by extensions ['colcon_pkg']
[0.192s] Level 1:colcon.colcon_core.package_identification:_identify(.) by extension 'colcon_pkg'
[0.192s] Level 1:colcon.colcon_core.package_identification:_identify(.) by extensions ['colcon_meta']
[0.192s] Level 1:colcon.colcon_core.package_identification:_identify(.) by extension 'colcon_meta'
[0.192s] Level 1:colcon.colcon_core.package_identification:_identify(.) by extensions ['ros']
[0.192s] Level 1:colcon.colcon_core.package_identification:_identify(.) by extension 'ros'
[0.206s] Level 1:colcon.colcon_core.package_identification:_identify(.) by extensions ['cmake', 'python']
[0.207s] Level 1:colcon.colcon_core.package_identification:_identify(.) by extension 'cmake'
[0.207s] Level 1:colcon.colcon_core.package_identification:_identify(.) by extension 'python'
[0.207s] Level 1:colcon.colcon_core.package_identification:_identify(.) by extensions ['python_setup_py']
[0.207s] Level 1:colcon.colcon_core.package_identification:_identify(.) by extension 'python_setup_py'
[0.207s] Level 1:colcon.colcon_core.package_identification:_identify(build) by extensions ['ignore', 'ignore_ament_install']
[0.207s] Level 1:colcon.colcon_core.package_identification:_identify(build) by extension 'ignore'
[0.207s] Level 1:colcon.colcon_core.package_identification:_identify(build) ignored
[0.207s] Level 1:colcon.colcon_core.package_identification:_identify(install) by extensions ['ignore', 'ignore_ament_install']
[0.207s] Level 1:colcon.colcon_core.package_identification:_identify(install) by extension 'ignore'
[0.207s] Level 1:colcon.colcon_core.package_identification:_identify(install) ignored
[0.250s] Level 1:colcon.colcon_core.package_identification:_identify(log) by extensions ['ignore', 'ignore_ament_install']
[0.251s] Level 1:colcon.colcon_core.package_identification:_identify(log) by extension 'ignore'
[0.251s] Level 1:colcon.colcon_core.package_identification:_identify(log) ignored
[0.251s] Level 1:colcon.colcon_core.package_identification:_identify(src) by extensions ['ignore', 'ignore_ament_install']
[0.251s] Level 1:colcon.colcon_core.package_identification:_identify(src) by extension 'ignore'
[0.251s] Level 1:colcon.colcon_core.package_identification:_identify(src) by extension 'ignore_ament_install'
[0.252s] Level 1:colcon.colcon_core.package_identification:_identify(src) by extensions ['colcon_pkg']
[0.252s] Level 1:colcon.colcon_core.package_identification:_identify(src) by extension 'colcon_pkg'
[0.252s] Level 1:colcon.colcon_core.package_identification:_identify(src) by extensions ['colcon_meta']
[0.252s] Level 1:colcon.colcon_core.package_identification:_identify(src) by extension 'colcon_meta'
[0.252s] Level 1:colcon.colcon_core.package_identification:_identify(src) by extensions ['ros']
[0.252s] Level 1:colcon.colcon_core.package_identification:_identify(src) by extension 'ros'
[0.252s] Level 1:colcon.colcon_core.package_identification:_identify(src) by extensions ['cmake', 'python']
[0.252s] Level 1:colcon.colcon_core.package_identification:_identify(src) by extension 'cmake'
[0.252s] Level 1:colcon.colcon_core.package_identification:_identify(src) by extension 'python'
[0.252s] Level 1:colcon.colcon_core.package_identification:_identify(src) by extensions ['python_setup_py']
[0.253s] Level 1:colcon.colcon_core.package_identification:_identify(src) by extension 'python_setup_py'
[0.253s] Level 1:colcon.colcon_core.package_identification:_identify(src/anint) by extensions ['ignore', 'ignore_ament_install']
[0.253s] Level 1:colcon.colcon_core.package_identification:_identify(src/anint) by extension 'ignore'
[0.253s] Level 1:colcon.colcon_core.package_identification:_identify(src/anint) by extension 'ignore_ament_install'
[0.253s] Level 1:colcon.colcon_core.package_identification:_identify(src/anint) by extensions ['colcon_pkg']
[0.253s] Level 1:colcon.colcon_core.package_identification:_identify(src/anint) by extension 'colcon_pkg'
[0.253s] Level 1:colcon.colcon_core.package_identification:_identify(src/anint) by extensions ['colcon_meta']
[0.253s] Level 1:colcon.colcon_core.package_identification:_identify(src/anint) by extension 'colcon_meta'
[0.253s] Level 1:colcon.colcon_core.package_identification:_identify(src/anint) by extensions ['ros']
[0.253s] Level 1:colcon.colcon_core.package_identification:_identify(src/anint) by extension 'ros'
[0.258s] DEBUG:colcon.colcon_core.package_identification:Package 'src/anint' with type 'ros.ament_cmake' and name 'anint'
[0.258s] Level 1:colcon.colcon_core.package_identification:_identify(src/con) by extensions ['ignore', 'ignore_ament_install']
[0.259s] Level 1:colcon.colcon_core.package_identification:_identify(src/con) by extension 'ignore'
[0.259s] Level 1:colcon.colcon_core.package_identification:_identify(src/con) by extension 'ignore_ament_install'
[0.259s] Level 1:colcon.colcon_core.package_identification:_identify(src/con) by extensions ['colcon_pkg']
[0.259s] Level 1:colcon.colcon_core.package_identification:_identify(src/con) by extension 'colcon_pkg'
[0.259s] Level 1:colcon.colcon_core.package_identification:_identify(src/con) by extensions ['colcon_meta']
[0.259s] Level 1:colcon.colcon_core.package_identification:_identify(src/con) by extension 'colcon_meta'
[0.259s] Level 1:colcon.colcon_core.package_identification:_identify(src/con) by extensions ['ros']
[0.259s] Level 1:colcon.colcon_core.package_identification:_identify(src/con) by extension 'ros'
[0.260s] DEBUG:colcon.colcon_core.package_identification:Package 'src/con' with type 'ros.ament_python' and name 'con'
[0.260s] Level 1:colcon.colcon_core.package_identification:_identify(src/robot_arm) by extensions ['ignore', 'ignore_ament_install']
[0.260s] Level 1:colcon.colcon_core.package_identification:_identify(src/robot_arm) by extension 'ignore'
[0.260s] Level 1:colcon.colcon_core.package_identification:_identify(src/robot_arm) by extension 'ignore_ament_install'
[0.260s] Level 1:colcon.colcon_core.package_identification:_identify(src/robot_arm) by extensions ['colcon_pkg']
[0.260s] Level 1:colcon.colcon_core.package_identification:_identify(src/robot_arm) by extension 'colcon_pkg'
[0.260s] Level 1:colcon.colcon_core.package_identification:_identify(src/robot_arm) by extensions ['colcon_meta']
[0.261s] Level 1:colcon.colcon_core.package_identification:_identify(src/robot_arm) by extension 'colcon_meta'
[0.261s] Level 1:colcon.colcon_core.package_identification:_identify(src/robot_arm) by extensions ['ros']
[0.261s] Level 1:colcon.colcon_core.package_identification:_identify(src/robot_arm) by extension 'ros'
[0.262s] DEBUG:colcon.colcon_core.package_identification:Package 'src/robot_arm' with type 'ros.ament_cmake' and name 'robot_arm'
[0.262s] Level 1:colcon.colcon_core.package_discovery:discover_packages(recursive) using defaults
[0.262s] Level 1:colcon.colcon_core.package_discovery:discover_packages(ignore) discover
[0.262s] Level 1:colcon.colcon_core.package_discovery:discover_packages(ignore) using defaults
[0.262s] Level 1:colcon.colcon_core.package_discovery:discover_packages(path) discover
[0.262s] Level 1:colcon.colcon_core.package_discovery:discover_packages(path) using defaults
[0.278s] Level 1:colcon.colcon_core.package_discovery:discover_packages(prefix_path) check parameters
[0.278s] Level 1:colcon.colcon_core.package_discovery:discover_packages(prefix_path) discover
[0.279s] DEBUG:colcon.colcon_installed_package_information.package_discovery:Found 3 installed packages in /home/supan/RT/aisd/robot_arm_ws_dup/install
[0.280s] DEBUG:colcon.colcon_installed_package_information.package_discovery:Found 8 installed packages in /home/supan/RT/sim/install
[0.280s] DEBUG:colcon.colcon_installed_package_information.package_discovery:Found 308 installed packages in /opt/ros/humble
[0.282s] Level 1:colcon.colcon_core.package_discovery:discover_packages(prefix_path) using defaults
[0.306s] Level 5:colcon.colcon_core.verb:set package 'anint' build argument 'cmake_args' from command line to 'None'
[0.306s] Level 5:colcon.colcon_core.verb:set package 'anint' build argument 'cmake_target' from command line to 'None'
[0.306s] Level 5:colcon.colcon_core.verb:set package 'anint' build argument 'cmake_target_skip_unavailable' from command line to 'False'
[0.306s] Level 5:colcon.colcon_core.verb:set package 'anint' build argument 'cmake_clean_cache' from command line to 'False'
[0.306s] Level 5:colcon.colcon_core.verb:set package 'anint' build argument 'cmake_clean_first' from command line to 'False'
[0.306s] Level 5:colcon.colcon_core.verb:set package 'anint' build argument 'cmake_force_configure' from command line to 'False'
[0.306s] Level 5:colcon.colcon_core.verb:set package 'anint' build argument 'ament_cmake_args' from command line to 'None'
[0.306s] Level 5:colcon.colcon_core.verb:set package 'anint' build argument 'catkin_cmake_args' from command line to 'None'
[0.306s] Level 5:colcon.colcon_core.verb:set package 'anint' build argument 'catkin_skip_building_tests' from command line to 'False'
[0.306s] DEBUG:colcon.colcon_core.verb:Building package 'anint' with the following arguments: {'ament_cmake_args': None, 'build_base': '/home/supan/RT/aisd/robot_arm_ws_dup/build/anint', 'catkin_cmake_args': None, 'catkin_skip_building_tests': False, 'cmake_args': None, 'cmake_clean_cache': False, 'cmake_clean_first': False, 'cmake_force_configure': False, 'cmake_target': None, 'cmake_target_skip_unavailable': False, 'install_base': '/home/supan/RT/aisd/robot_arm_ws_dup/install/anint', 'merge_install': False, 'path': '/home/supan/RT/aisd/robot_arm_ws_dup/src/anint', 'symlink_install': False, 'test_result_base': None}
[0.306s] Level 5:colcon.colcon_core.verb:set package 'con' build argument 'cmake_args' from command line to 'None'
[0.306s] Level 5:colcon.colcon_core.verb:set package 'con' build argument 'cmake_target' from command line to 'None'
[0.306s] Level 5:colcon.colcon_core.verb:set package 'con' build argument 'cmake_target_skip_unavailable' from command line to 'False'
[0.306s] Level 5:colcon.colcon_core.verb:set package 'con' build argument 'cmake_clean_cache' from command line to 'False'
[0.306s] Level 5:colcon.colcon_core.verb:set package 'con' build argument 'cmake_clean_first' from command line to 'False'
[0.306s] Level 5:colcon.colcon_core.verb:set package 'con' build argument 'cmake_force_configure' from command line to 'False'
[0.306s] Level 5:colcon.colcon_core.verb:set package 'con' build argument 'ament_cmake_args' from command line to 'None'
[0.306s] Level 5:colcon.colcon_core.verb:set package 'con' build argument 'catkin_cmake_args' from command line to 'None'
[0.306s] Level 5:colcon.colcon_core.verb:set package 'con' build argument 'catkin_skip_building_tests' from command line to 'False'
[0.306s] DEBUG:colcon.colcon_core.verb:Building package 'con' with the following arguments: {'ament_cmake_args': None, 'build_base': '/home/supan/RT/aisd/robot_arm_ws_dup/build/con', 'catkin_cmake_args': None, 'catkin_skip_building_tests': False, 'cmake_args': None, 'cmake_clean_cache': False, 'cmake_clean_first': False, 'cmake_force_configure': False, 'cmake_target': None, 'cmake_target_skip_unavailable': False, 'install_base': '/home/supan/RT/aisd/robot_arm_ws_dup/install/con', 'merge_install': False, 'path': '/home/supan/RT/aisd/robot_arm_ws_dup/src/con', 'symlink_install': False, 'test_result_base': None}
[0.307s] Level 5:colcon.colcon_core.verb:set package 'robot_arm' build argument 'cmake_args' from command line to 'None'
[0.307s] Level 5:colcon.colcon_core.verb:set package 'robot_arm' build argument 'cmake_target' from command line to 'None'
[0.307s] Level 5:colcon.colcon_core.verb:set package 'robot_arm' build argument 'cmake_target_skip_unavailable' from command line to 'False'
[0.307s] Level 5:colcon.colcon_core.verb:set package 'robot_arm' build argument 'cmake_clean_cache' from command line to 'False'
[0.307s] Level 5:colcon.colcon_core.verb:set package 'robot_arm' build argument 'cmake_clean_first' from command line to 'False'
[0.307s] Level 5:colcon.colcon_core.verb:set package 'robot_arm' build argument 'cmake_force_configure' from command line to 'False'
[0.307s] Level 5:colcon.colcon_core.verb:set package 'robot_arm' build argument 'ament_cmake_args' from command line to 'None'
[0.307s] Level 5:colcon.colcon_core.verb:set package 'robot_arm' build argument 'catkin_cmake_args' from command line to 'None'
[0.307s] Level 5:colcon.colcon_core.verb:set package 'robot_arm' build argument 'catkin_skip_building_tests' from command line to 'False'
[0.307s] DEBUG:colcon.colcon_core.verb:Building package 'robot_arm' with the following arguments: {'ament_cmake_args': None, 'build_base': '/home/supan/RT/aisd/robot_arm_ws_dup/build/robot_arm', 'catkin_cmake_args': None, 'catkin_skip_building_tests': False, 'cmake_args': None, 'cmake_clean_cache': False, 'cmake_clean_first': False, 'cmake_force_configure': False, 'cmake_target': None, 'cmake_target_skip_unavailable': False, 'install_base': '/home/supan/RT/aisd/robot_arm_ws_dup/install/robot_arm', 'merge_install': False, 'path': '/home/supan/RT/aisd/robot_arm_ws_dup/src/robot_arm', 'symlink_install': False, 'test_result_base': None}
[0.307s] INFO:colcon.colcon_core.executor:Executing jobs using 'parallel' executor
[0.308s] DEBUG:colcon.colcon_parallel_executor.executor.parallel:run_until_complete
[0.308s] INFO:colcon.colcon_ros.task.ament_cmake.build:Building ROS package in '/home/supan/RT/aisd/robot_arm_ws_dup/src/anint' with build type 'ament_cmake'
[0.308s] INFO:colcon.colcon_cmake.task.cmake.build:Building CMake package in '/home/supan/RT/aisd/robot_arm_ws_dup/src/anint'
[0.309s] INFO:colcon.colcon_core.plugin_system:Skipping extension 'colcon_core.shell.bat': Not used on non-Windows systems
[0.310s] INFO:colcon.colcon_core.shell:Skip shell extension 'powershell' for command environment: Not usable outside of PowerShell
[0.310s] DEBUG:colcon.colcon_core.shell:Skip shell extension 'dsv' for command environment
[0.312s] INFO:colcon.colcon_ros.task.ament_python.build:Building ROS package in '/home/supan/RT/aisd/robot_arm_ws_dup/src/con' with build type 'ament_python'
[0.312s] Level 1:colcon.colcon_core.shell:create_environment_hook('con', 'ament_prefix_path')
[0.312s] INFO:colcon.colcon_core.shell:Creating environment hook '/home/supan/RT/aisd/robot_arm_ws_dup/install/con/share/con/hook/ament_prefix_path.ps1'
[0.313s] INFO:colcon.colcon_core.shell:Creating environment descriptor '/home/supan/RT/aisd/robot_arm_ws_dup/install/con/share/con/hook/ament_prefix_path.dsv'
[0.313s] INFO:colcon.colcon_core.shell:Creating environment hook '/home/supan/RT/aisd/robot_arm_ws_dup/install/con/share/con/hook/ament_prefix_path.sh'
[0.314s] INFO:colcon.colcon_core.shell:Skip shell extension 'powershell' for command environment: Not usable outside of PowerShell
[0.314s] DEBUG:colcon.colcon_core.shell:Skip shell extension 'dsv' for command environment
[0.316s] INFO:colcon.colcon_ros.task.ament_cmake.build:Building ROS package in '/home/supan/RT/aisd/robot_arm_ws_dup/src/robot_arm' with build type 'ament_cmake'
[0.316s] INFO:colcon.colcon_cmake.task.cmake.build:Building CMake package in '/home/supan/RT/aisd/robot_arm_ws_dup/src/robot_arm'
[0.316s] INFO:colcon.colcon_core.shell:Skip shell extension 'powershell' for command environment: Not usable outside of PowerShell
[0.316s] DEBUG:colcon.colcon_core.shell:Skip shell extension 'dsv' for command environment
[0.321s] DEBUG:colcon.colcon_core.event_handler.log_command:Invoking command in '/home/supan/RT/aisd/robot_arm_ws_dup/build/anint': CMAKE_PREFIX_PATH=${CMAKE_PREFIX_PATH}:/home/supan/RT/aisd/robot_arm_ws_dup/install/con:/home/supan/RT/sim/install/eufs_launcher:/home/supan/RT/sim/install/eufs_tracks:/home/supan/RT/sim/install/eufs_rqt:/home/supan/RT/sim/install/eufs_racecar:/opt/ros/humble /usr/bin/cmake --build /home/supan/RT/aisd/robot_arm_ws_dup/build/anint -- -j12 -l12
[0.514s] INFO:colcon.colcon_core.task.python.build:Building Python package in '/home/supan/RT/aisd/robot_arm_ws_dup/src/con'
[0.514s] INFO:colcon.colcon_core.shell:Skip shell extension 'powershell' for command environment: Not usable outside of PowerShell
[0.514s] DEBUG:colcon.colcon_core.shell:Skip shell extension 'dsv' for command environment
[0.522s] DEBUG:colcon.colcon_core.event_handler.log_command:Invoking command in '/home/supan/RT/aisd/robot_arm_ws_dup/build/robot_arm': CMAKE_PREFIX_PATH=${CMAKE_PREFIX_PATH}:/home/supan/RT/aisd/robot_arm_ws_dup/install/con:/home/supan/RT/sim/install/eufs_launcher:/home/supan/RT/sim/install/eufs_tracks:/home/supan/RT/sim/install/eufs_rqt:/home/supan/RT/sim/install/eufs_racecar:/opt/ros/humble /usr/bin/cmake --build /home/supan/RT/aisd/robot_arm_ws_dup/build/robot_arm -- -j12 -l12
[0.560s] DEBUG:colcon.colcon_core.event_handler.log_command:Invoked command in '/home/supan/RT/aisd/robot_arm_ws_dup/build/robot_arm' returned '0': CMAKE_PREFIX_PATH=${CMAKE_PREFIX_PATH}:/home/supan/RT/aisd/robot_arm_ws_dup/install/con:/home/supan/RT/sim/install/eufs_launcher:/home/supan/RT/sim/install/eufs_tracks:/home/supan/RT/sim/install/eufs_rqt:/home/supan/RT/sim/install/eufs_racecar:/opt/ros/humble /usr/bin/cmake --build /home/supan/RT/aisd/robot_arm_ws_dup/build/robot_arm -- -j12 -l12
[0.570s] DEBUG:colcon.colcon_core.event_handler.log_command:Invoking command in '/home/supan/RT/aisd/robot_arm_ws_dup/build/robot_arm': CMAKE_PREFIX_PATH=${CMAKE_PREFIX_PATH}:/home/supan/RT/aisd/robot_arm_ws_dup/install/con:/home/supan/RT/sim/install/eufs_launcher:/home/supan/RT/sim/install/eufs_tracks:/home/supan/RT/sim/install/eufs_rqt:/home/supan/RT/sim/install/eufs_racecar:/opt/ros/humble /usr/bin/cmake --install /home/supan/RT/aisd/robot_arm_ws_dup/build/robot_arm
[0.581s] DEBUG:colcon.colcon_core.event_handler.log_command:Invoked command in '/home/supan/RT/aisd/robot_arm_ws_dup/build/anint' returned '0': CMAKE_PREFIX_PATH=${CMAKE_PREFIX_PATH}:/home/supan/RT/aisd/robot_arm_ws_dup/install/con:/home/supan/RT/sim/install/eufs_launcher:/home/supan/RT/sim/install/eufs_tracks:/home/supan/RT/sim/install/eufs_rqt:/home/supan/RT/sim/install/eufs_racecar:/opt/ros/humble /usr/bin/cmake --build /home/supan/RT/aisd/robot_arm_ws_dup/build/anint -- -j12 -l12
[0.583s] DEBUG:colcon.colcon_core.event_handler.log_command:Invoking command in '/home/supan/RT/aisd/robot_arm_ws_dup/build/anint': CMAKE_PREFIX_PATH=${CMAKE_PREFIX_PATH}:/home/supan/RT/aisd/robot_arm_ws_dup/install/con:/home/supan/RT/sim/install/eufs_launcher:/home/supan/RT/sim/install/eufs_tracks:/home/supan/RT/sim/install/eufs_rqt:/home/supan/RT/sim/install/eufs_racecar:/opt/ros/humble /usr/bin/cmake --install /home/supan/RT/aisd/robot_arm_ws_dup/build/anint
[0.588s] Level 1:colcon.colcon_core.environment:create_environment_scripts_only(robot_arm)
[0.589s] DEBUG:colcon.colcon_core.event_handler.log_command:Invoked command in '/home/supan/RT/aisd/robot_arm_ws_dup/build/robot_arm' returned '0': CMAKE_PREFIX_PATH=${CMAKE_PREFIX_PATH}:/home/supan/RT/aisd/robot_arm_ws_dup/install/con:/home/supan/RT/sim/install/eufs_launcher:/home/supan/RT/sim/install/eufs_tracks:/home/supan/RT/sim/install/eufs_rqt:/home/supan/RT/sim/install/eufs_racecar:/opt/ros/humble /usr/bin/cmake --install /home/supan/RT/aisd/robot_arm_ws_dup/build/robot_arm
[0.596s] Level 1:colcon.colcon_core.environment:checking '/home/supan/RT/aisd/robot_arm_ws_dup/install/robot_arm' for CMake module files
[0.598s] Level 1:colcon.colcon_core.environment:checking '/home/supan/RT/aisd/robot_arm_ws_dup/install/robot_arm' for CMake config files
[0.599s] Level 1:colcon.colcon_core.shell:create_environment_hook('robot_arm', 'cmake_prefix_path')
[0.599s] INFO:colcon.colcon_core.shell:Creating environment hook '/home/supan/RT/aisd/robot_arm_ws_dup/install/robot_arm/share/robot_arm/hook/cmake_prefix_path.ps1'
[0.600s] INFO:colcon.colcon_core.shell:Creating environment descriptor '/home/supan/RT/aisd/robot_arm_ws_dup/install/robot_arm/share/robot_arm/hook/cmake_prefix_path.dsv'
[0.600s] INFO:colcon.colcon_core.shell:Creating environment hook '/home/supan/RT/aisd/robot_arm_ws_dup/install/robot_arm/share/robot_arm/hook/cmake_prefix_path.sh'
[0.601s] Level 1:colcon.colcon_core.environment:checking '/home/supan/RT/aisd/robot_arm_ws_dup/install/robot_arm/bin'
[0.601s] Level 1:colcon.colcon_core.environment:checking '/home/supan/RT/aisd/robot_arm_ws_dup/install/robot_arm/lib/pkgconfig/robot_arm.pc'
[0.601s] Level 1:colcon.colcon_core.environment:checking '/home/supan/RT/aisd/robot_arm_ws_dup/install/robot_arm/lib/python3.10/site-packages'
[0.601s] Level 1:colcon.colcon_core.environment:checking '/home/supan/RT/aisd/robot_arm_ws_dup/install/robot_arm/bin'
[0.602s] INFO:colcon.colcon_core.shell:Creating package script '/home/supan/RT/aisd/robot_arm_ws_dup/install/robot_arm/share/robot_arm/package.ps1'
[0.603s] INFO:colcon.colcon_core.shell:Creating package descriptor '/home/supan/RT/aisd/robot_arm_ws_dup/install/robot_arm/share/robot_arm/package.dsv'
[0.603s] INFO:colcon.colcon_core.shell:Creating package script '/home/supan/RT/aisd/robot_arm_ws_dup/install/robot_arm/share/robot_arm/package.sh'
[0.604s] INFO:colcon.colcon_core.shell:Creating package script '/home/supan/RT/aisd/robot_arm_ws_dup/install/robot_arm/share/robot_arm/package.bash'
[0.604s] INFO:colcon.colcon_core.shell:Creating package script '/home/supan/RT/aisd/robot_arm_ws_dup/install/robot_arm/share/robot_arm/package.zsh'
[0.605s] Level 1:colcon.colcon_core.environment:create_file_with_runtime_dependencies(/home/supan/RT/aisd/robot_arm_ws_dup/install/robot_arm/share/colcon-core/packages/robot_arm)
[0.605s] Level 1:colcon.colcon_core.environment:create_environment_scripts_only(robot_arm)
[0.605s] Level 1:colcon.colcon_core.environment:checking '/home/supan/RT/aisd/robot_arm_ws_dup/install/robot_arm' for CMake module files
[0.605s] Level 1:colcon.colcon_core.environment:checking '/home/supan/RT/aisd/robot_arm_ws_dup/install/robot_arm' for CMake config files
[0.606s] Level 1:colcon.colcon_core.shell:create_environment_hook('robot_arm', 'cmake_prefix_path')
[0.606s] INFO:colcon.colcon_core.shell:Creating environment hook '/home/supan/RT/aisd/robot_arm_ws_dup/install/robot_arm/share/robot_arm/hook/cmake_prefix_path.ps1'
[0.606s] INFO:colcon.colcon_core.shell:Creating environment descriptor '/home/supan/RT/aisd/robot_arm_ws_dup/install/robot_arm/share/robot_arm/hook/cmake_prefix_path.dsv'
[0.606s] INFO:colcon.colcon_core.shell:Creating environment hook '/home/supan/RT/aisd/robot_arm_ws_dup/install/robot_arm/share/robot_arm/hook/cmake_prefix_path.sh'
[0.607s] Level 1:colcon.colcon_core.environment:checking '/home/supan/RT/aisd/robot_arm_ws_dup/install/robot_arm/bin'
[0.607s] Level 1:colcon.colcon_core.environment:checking '/home/supan/RT/aisd/robot_arm_ws_dup/install/robot_arm/lib/pkgconfig/robot_arm.pc'
[0.607s] Level 1:colcon.colcon_core.environment:checking '/home/supan/RT/aisd/robot_arm_ws_dup/install/robot_arm/lib/python3.10/site-packages'
[0.607s] Level 1:colcon.colcon_core.environment:checking '/home/supan/RT/aisd/robot_arm_ws_dup/install/robot_arm/bin'
[0.608s] INFO:colcon.colcon_core.shell:Creating package script '/home/supan/RT/aisd/robot_arm_ws_dup/install/robot_arm/share/robot_arm/package.ps1'
[0.608s] INFO:colcon.colcon_core.shell:Creating package descriptor '/home/supan/RT/aisd/robot_arm_ws_dup/install/robot_arm/share/robot_arm/package.dsv'
[0.609s] INFO:colcon.colcon_core.shell:Creating package script '/home/supan/RT/aisd/robot_arm_ws_dup/install/robot_arm/share/robot_arm/package.sh'
[0.610s] INFO:colcon.colcon_core.shell:Creating package script '/home/supan/RT/aisd/robot_arm_ws_dup/install/robot_arm/share/robot_arm/package.bash'
[0.610s] INFO:colcon.colcon_core.shell:Creating package script '/home/supan/RT/aisd/robot_arm_ws_dup/install/robot_arm/share/robot_arm/package.zsh'
[0.611s] Level 1:colcon.colcon_core.environment:create_file_with_runtime_dependencies(/home/supan/RT/aisd/robot_arm_ws_dup/install/robot_arm/share/colcon-core/packages/robot_arm)
[0.641s] Level 1:colcon.colcon_core.environment:create_environment_scripts_only(anint)
[0.641s] Level 1:colcon.colcon_core.environment:checking '/home/supan/RT/aisd/robot_arm_ws_dup/install/anint' for CMake module files
[0.641s] DEBUG:colcon.colcon_core.event_handler.log_command:Invoked command in '/home/supan/RT/aisd/robot_arm_ws_dup/build/anint' returned '0': CMAKE_PREFIX_PATH=${CMAKE_PREFIX_PATH}:/home/supan/RT/aisd/robot_arm_ws_dup/install/con:/home/supan/RT/sim/install/eufs_launcher:/home/supan/RT/sim/install/eufs_tracks:/home/supan/RT/sim/install/eufs_rqt:/home/supan/RT/sim/install/eufs_racecar:/opt/ros/humble /usr/bin/cmake --install /home/supan/RT/aisd/robot_arm_ws_dup/build/anint
[0.642s] Level 1:colcon.colcon_core.environment:checking '/home/supan/RT/aisd/robot_arm_ws_dup/install/anint' for CMake config files
[0.642s] Level 1:colcon.colcon_core.shell:create_environment_hook('anint', 'cmake_prefix_path')
[0.642s] INFO:colcon.colcon_core.shell:Creating environment hook '/home/supan/RT/aisd/robot_arm_ws_dup/install/anint/share/anint/hook/cmake_prefix_path.ps1'
[0.643s] INFO:colcon.colcon_core.shell:Creating environment descriptor '/home/supan/RT/aisd/robot_arm_ws_dup/install/anint/share/anint/hook/cmake_prefix_path.dsv'
[0.643s] INFO:colcon.colcon_core.shell:Creating environment hook '/home/supan/RT/aisd/robot_arm_ws_dup/install/anint/share/anint/hook/cmake_prefix_path.sh'
[0.643s] Level 1:colcon.colcon_core.environment:checking '/home/supan/RT/aisd/robot_arm_ws_dup/install/anint/lib'
[0.643s] Level 1:colcon.colcon_core.shell:create_environment_hook('anint', 'ld_library_path_lib')
[0.644s] INFO:colcon.colcon_core.shell:Creating environment hook '/home/supan/RT/aisd/robot_arm_ws_dup/install/anint/share/anint/hook/ld_library_path_lib.ps1'
[0.644s] INFO:colcon.colcon_core.shell:Creating environment descriptor '/home/supan/RT/aisd/robot_arm_ws_dup/install/anint/share/anint/hook/ld_library_path_lib.dsv'
[0.644s] INFO:colcon.colcon_core.shell:Creating environment hook '/home/supan/RT/aisd/robot_arm_ws_dup/install/anint/share/anint/hook/ld_library_path_lib.sh'
[0.644s] Level 1:colcon.colcon_core.environment:checking '/home/supan/RT/aisd/robot_arm_ws_dup/install/anint/bin'
[0.644s] Level 1:colcon.colcon_core.environment:checking '/home/supan/RT/aisd/robot_arm_ws_dup/install/anint/lib/pkgconfig/anint.pc'
[0.645s] Level 1:colcon.colcon_core.environment:checking '/home/supan/RT/aisd/robot_arm_ws_dup/install/anint/lib/python3.10/site-packages'
[0.645s] Level 1:colcon.colcon_core.environment:checking '/home/supan/RT/aisd/robot_arm_ws_dup/install/anint/bin'
[0.645s] INFO:colcon.colcon_core.shell:Creating package script '/home/supan/RT/aisd/robot_arm_ws_dup/install/anint/share/anint/package.ps1'
[0.645s] INFO:colcon.colcon_core.shell:Creating package descriptor '/home/supan/RT/aisd/robot_arm_ws_dup/install/anint/share/anint/package.dsv'
[0.645s] INFO:colcon.colcon_core.shell:Creating package script '/home/supan/RT/aisd/robot_arm_ws_dup/install/anint/share/anint/package.sh'
[0.646s] INFO:colcon.colcon_core.shell:Creating package script '/home/supan/RT/aisd/robot_arm_ws_dup/install/anint/share/anint/package.bash'
[0.646s] INFO:colcon.colcon_core.shell:Creating package script '/home/supan/RT/aisd/robot_arm_ws_dup/install/anint/share/anint/package.zsh'
[0.646s] Level 1:colcon.colcon_core.environment:create_file_with_runtime_dependencies(/home/supan/RT/aisd/robot_arm_ws_dup/install/anint/share/colcon-core/packages/anint)
[0.647s] Level 1:colcon.colcon_core.environment:create_environment_scripts_only(anint)
[0.647s] Level 1:colcon.colcon_core.environment:checking '/home/supan/RT/aisd/robot_arm_ws_dup/install/anint' for CMake module files
[0.647s] Level 1:colcon.colcon_core.environment:checking '/home/supan/RT/aisd/robot_arm_ws_dup/install/anint' for CMake config files
[0.647s] Level 1:colcon.colcon_core.shell:create_environment_hook('anint', 'cmake_prefix_path')
[0.648s] INFO:colcon.colcon_core.shell:Creating environment hook '/home/supan/RT/aisd/robot_arm_ws_dup/install/anint/share/anint/hook/cmake_prefix_path.ps1'
[0.648s] INFO:colcon.colcon_core.shell:Creating environment descriptor '/home/supan/RT/aisd/robot_arm_ws_dup/install/anint/share/anint/hook/cmake_prefix_path.dsv'
[0.648s] INFO:colcon.colcon_core.shell:Creating environment hook '/home/supan/RT/aisd/robot_arm_ws_dup/install/anint/share/anint/hook/cmake_prefix_path.sh'
[0.648s] Level 1:colcon.colcon_core.environment:checking '/home/supan/RT/aisd/robot_arm_ws_dup/install/anint/lib'
[0.648s] Level 1:colcon.colcon_core.shell:create_environment_hook('anint', 'ld_library_path_lib')
[0.649s] INFO:colcon.colcon_core.shell:Creating environment hook '/home/supan/RT/aisd/robot_arm_ws_dup/install/anint/share/anint/hook/ld_library_path_lib.ps1'
[0.649s] INFO:colcon.colcon_core.shell:Creating environment descriptor '/home/supan/RT/aisd/robot_arm_ws_dup/install/anint/share/anint/hook/ld_library_path_lib.dsv'
[0.649s] INFO:colcon.colcon_core.shell:Creating environment hook '/home/supan/RT/aisd/robot_arm_ws_dup/install/anint/share/anint/hook/ld_library_path_lib.sh'
[0.649s] Level 1:colcon.colcon_core.environment:checking '/home/supan/RT/aisd/robot_arm_ws_dup/install/anint/bin'
[0.649s] Level 1:colcon.colcon_core.environment:checking '/home/supan/RT/aisd/robot_arm_ws_dup/install/anint/lib/pkgconfig/anint.pc'
[0.649s] Level 1:colcon.colcon_core.environment:checking '/home/supan/RT/aisd/robot_arm_ws_dup/install/anint/lib/python3.10/site-packages'
[0.650s] Level 1:colcon.colcon_core.environment:checking '/home/supan/RT/aisd/robot_arm_ws_dup/install/anint/bin'
[0.650s] INFO:colcon.colcon_core.shell:Creating package script '/home/supan/RT/aisd/robot_arm_ws_dup/install/anint/share/anint/package.ps1'
[0.650s] INFO:colcon.colcon_core.shell:Creating package descriptor '/home/supan/RT/aisd/robot_arm_ws_dup/install/anint/share/anint/package.dsv'
[0.650s] INFO:colcon.colcon_core.shell:Creating package script '/home/supan/RT/aisd/robot_arm_ws_dup/install/anint/share/anint/package.sh'
[0.651s] INFO:colcon.colcon_core.shell:Creating package script '/home/supan/RT/aisd/robot_arm_ws_dup/install/anint/share/anint/package.bash'
[0.651s] INFO:colcon.colcon_core.shell:Creating package script '/home/supan/RT/aisd/robot_arm_ws_dup/install/anint/share/anint/package.zsh'
[0.651s] Level 1:colcon.colcon_core.environment:create_file_with_runtime_dependencies(/home/supan/RT/aisd/robot_arm_ws_dup/install/anint/share/colcon-core/packages/anint)
[0.808s] DEBUG:colcon.colcon_core.event_handler.log_command:Invoking command in '/home/supan/RT/aisd/robot_arm_ws_dup/src/con': PYTHONPATH=/home/supan/RT/aisd/robot_arm_ws_dup/build/con/prefix_override:/usr/lib/python3/dist-packages/colcon_core/task/python/colcon_distutils_commands:/home/supan/RT/aisd/robot_arm_ws_dup/install/con/lib/python3.10/site-packages:${PYTHONPATH} /usr/bin/python3 -W ignore:setup.py install is deprecated -W ignore:easy_install command is deprecated setup.py egg_info --egg-base ../../build/con build --build-base /home/supan/RT/aisd/robot_arm_ws_dup/build/con/build install --record /home/supan/RT/aisd/robot_arm_ws_dup/build/con/install.log --single-version-externally-managed install_data
[1.008s] Level 1:colcon.colcon_core.environment:checking '/home/supan/RT/aisd/robot_arm_ws_dup/install/con' for CMake module files
[1.009s] DEBUG:colcon.colcon_core.event_handler.log_command:Invoked command in '/home/supan/RT/aisd/robot_arm_ws_dup/src/con' returned '0': PYTHONPATH=/home/supan/RT/aisd/robot_arm_ws_dup/build/con/prefix_override:/usr/lib/python3/dist-packages/colcon_core/task/python/colcon_distutils_commands:/home/supan/RT/aisd/robot_arm_ws_dup/install/con/lib/python3.10/site-packages:${PYTHONPATH} /usr/bin/python3 -W ignore:setup.py install is deprecated -W ignore:easy_install command is deprecated setup.py egg_info --egg-base ../../build/con build --build-base /home/supan/RT/aisd/robot_arm_ws_dup/build/con/build install --record /home/supan/RT/aisd/robot_arm_ws_dup/build/con/install.log --single-version-externally-managed install_data
[1.009s] Level 1:colcon.colcon_core.environment:checking '/home/supan/RT/aisd/robot_arm_ws_dup/install/con' for CMake config files
[1.009s] Level 1:colcon.colcon_core.environment:checking '/home/supan/RT/aisd/robot_arm_ws_dup/install/con/lib'
[1.009s] Level 1:colcon.colcon_core.environment:checking '/home/supan/RT/aisd/robot_arm_ws_dup/install/con/bin'
[1.009s] Level 1:colcon.colcon_core.environment:checking '/home/supan/RT/aisd/robot_arm_ws_dup/install/con/lib/pkgconfig/con.pc'
[1.009s] Level 1:colcon.colcon_core.environment:checking '/home/supan/RT/aisd/robot_arm_ws_dup/install/con/lib/python3.10/site-packages'
[1.009s] Level 1:colcon.colcon_core.shell:create_environment_hook('con', 'pythonpath')
[1.010s] INFO:colcon.colcon_core.shell:Creating environment hook '/home/supan/RT/aisd/robot_arm_ws_dup/install/con/share/con/hook/pythonpath.ps1'
[1.010s] INFO:colcon.colcon_core.shell:Creating environment descriptor '/home/supan/RT/aisd/robot_arm_ws_dup/install/con/share/con/hook/pythonpath.dsv'
[1.010s] INFO:colcon.colcon_core.shell:Creating environment hook '/home/supan/RT/aisd/robot_arm_ws_dup/install/con/share/con/hook/pythonpath.sh'
[1.011s] Level 1:colcon.colcon_core.environment:checking '/home/supan/RT/aisd/robot_arm_ws_dup/install/con/bin'
[1.011s] Level 1:colcon.colcon_core.environment:create_environment_scripts_only(con)
[1.011s] INFO:colcon.colcon_core.shell:Creating package script '/home/supan/RT/aisd/robot_arm_ws_dup/install/con/share/con/package.ps1'
[1.011s] INFO:colcon.colcon_core.shell:Creating package descriptor '/home/supan/RT/aisd/robot_arm_ws_dup/install/con/share/con/package.dsv'
[1.011s] INFO:colcon.colcon_core.shell:Creating package script '/home/supan/RT/aisd/robot_arm_ws_dup/install/con/share/con/package.sh'
[1.012s] INFO:colcon.colcon_core.shell:Creating package script '/home/supan/RT/aisd/robot_arm_ws_dup/install/con/share/con/package.bash'
[1.012s] INFO:colcon.colcon_core.shell:Creating package script '/home/supan/RT/aisd/robot_arm_ws_dup/install/con/share/con/package.zsh'
[1.012s] Level 1:colcon.colcon_core.environment:create_file_with_runtime_dependencies(/home/supan/RT/aisd/robot_arm_ws_dup/install/con/share/colcon-core/packages/con)
[1.012s] DEBUG:colcon.colcon_parallel_executor.executor.parallel:closing loop
[1.012s] DEBUG:colcon.colcon_parallel_executor.executor.parallel:loop closed
[1.012s] DEBUG:colcon.colcon_parallel_executor.executor.parallel:run_until_complete finished with '0'
[1.012s] DEBUG:colcon.colcon_core.event_reactor:joining thread
[1.016s] INFO:colcon.colcon_core.plugin_system:Skipping extension 'colcon_notification.desktop_notification.terminal_notifier': Not used on non-Darwin systems
[1.016s] INFO:colcon.colcon_core.plugin_system:Skipping extension 'colcon_notification.desktop_notification.win32': Not used on non-Windows systems
[1.016s] INFO:colcon.colcon_notification.desktop_notification:Sending desktop notification using 'notify2'
[1.024s] DEBUG:colcon.colcon_core.event_reactor:joined thread
[1.024s] INFO:colcon.colcon_core.shell:Creating prefix script '/home/supan/RT/aisd/robot_arm_ws_dup/install/local_setup.ps1'
[1.025s] INFO:colcon.colcon_core.shell:Creating prefix util module '/home/supan/RT/aisd/robot_arm_ws_dup/install/_local_setup_util_ps1.py'
[1.026s] INFO:colcon.colcon_core.shell:Creating prefix chain script '/home/supan/RT/aisd/robot_arm_ws_dup/install/setup.ps1'
[1.027s] INFO:colcon.colcon_core.shell:Creating prefix script '/home/supan/RT/aisd/robot_arm_ws_dup/install/local_setup.sh'
[1.027s] INFO:colcon.colcon_core.shell:Creating prefix util module '/home/supan/RT/aisd/robot_arm_ws_dup/install/_local_setup_util_sh.py'
[1.028s] INFO:colcon.colcon_core.shell:Creating prefix chain script '/home/supan/RT/aisd/robot_arm_ws_dup/install/setup.sh'
[1.029s] INFO:colcon.colcon_core.shell:Creating prefix script '/home/supan/RT/aisd/robot_arm_ws_dup/install/local_setup.bash'
[1.029s] INFO:colcon.colcon_core.shell:Creating prefix chain script '/home/supan/RT/aisd/robot_arm_ws_dup/install/setup.bash'
[1.030s] INFO:colcon.colcon_core.shell:Creating prefix script '/home/supan/RT/aisd/robot_arm_ws_dup/install/local_setup.zsh'
[1.030s] INFO:colcon.colcon_core.shell:Creating prefix chain script '/home/supan/RT/aisd/robot_arm_ws_dup/install/setup.zsh'
