-- The C compiler identification is GNU 11.4.0
-- The CXX compiler identification is GNU 11.4.0
-- Detecting C compiler ABI info
-- Detecting C compiler ABI info - done
-- Check for working C compiler: /usr/bin/cc - skipped
-- Detecting C compile features
-- Detecting C compile features - done
-- Detecting CXX compiler ABI info
-- Detecting CXX compiler ABI info - done
-- Check for working CXX compiler: /usr/bin/c++ - skipped
-- Detecting CXX compile features
-- Detecting CXX compile features - done
-- Found ament_cmake: 1.3.11 (/opt/ros/humble/share/ament_cmake/cmake)
-- Found Python3: /usr/bin/python3 (found version "3.10.12") found components: Interpreter 
-- Found rosidl_default_generators: 1.2.0 (/opt/ros/humble/share/rosidl_default_generators/cmake)
-- Using all available rosidl_typesupport_c: rosidl_typesupport_fastrtps_c;rosidl_typesupport_introspection_c
-- Found rosidl_adapter: 3.1.6 (/opt/ros/humble/share/rosidl_adapter/cmake)
-- Using all available rosidl_typesupport_cpp: rosidl_typesupport_fastrtps_cpp;rosidl_typesupport_introspection_cpp
-- Found ament_cmake_ros: 0.10.0 (/opt/ros/humble/share/ament_cmake_ros/cmake)
-- Using all available rosidl_typesupport_c: rosidl_typesupport_fastrtps_c;rosidl_typesupport_introspection_c
-- Using all available rosidl_typesupport_cpp: rosidl_typesupport_fastrtps_cpp;rosidl_typesupport_introspection_cpp
-- Found PythonInterp: /usr/bin/python3 (found suitable version "3.10.12", minimum required is "3.6") 
-- Found python_cmake_module: 0.10.0 (/opt/ros/humble/share/python_cmake_module/cmake)
-- Found PythonLibs: /usr/lib/x86_64-linux-gnu/libpython3.10.so (found suitable version "3.10.12", minimum required is "3.5") 
-- Using PYTHON_EXECUTABLE: /usr/bin/python3
-- Using PYTHON_INCLUDE_DIRS: /usr/include/python3.10
-- Using PYTHON_LIBRARIES: /usr/lib/x86_64-linux-gnu/libpython3.10.so
-- Found PythonExtra: .so  
-- Found ament_lint_auto: 0.12.11 (/opt/ros/humble/share/ament_lint_auto/cmake)
-- Added test 'lint_cmake' to check CMake code style
-- Added test 'xmllint' to check XML markup files
-- Configuring done
-- Generating done
-- Build files have been written to: /home/supan/RT/aisd/a1/build/serviceinterface
[  3%] [34m[1mGenerating C code for ROS interfaces[0m
[  6%] [34m[1mGenerating C++ code for ROS interfaces[0m
[  6%] Built target ament_cmake_python_copy_serviceinterface
running egg_info
creating serviceinterface.egg-info
writing serviceinterface.egg-info/PKG-INFO
writing dependency_links to serviceinterface.egg-info/dependency_links.txt
writing top-level names to serviceinterface.egg-info/top_level.txt
writing manifest file 'serviceinterface.egg-info/SOURCES.txt'
reading manifest file 'serviceinterface.egg-info/SOURCES.txt'
writing manifest file 'serviceinterface.egg-info/SOURCES.txt'
[  9%] [32mBuilding C object CMakeFiles/serviceinterface__rosidl_generator_c.dir/rosidl_generator_c/serviceinterface/srv/detail/getk__functions.c.o[0m
[  9%] Built target ament_cmake_python_build_serviceinterface_egg
[  9%] Built target serviceinterface__cpp
[ 19%] [34m[1mGenerating C++ introspection for ROS interfaces[0m
[ 19%] [34m[1mGenerating C++ type support dispatch for ROS interfaces[0m
[ 19%] [34m[1mGenerating C++ type support for eProsima Fast-RTPS[0m
[ 22%] [32m[1mLinking C shared library libserviceinterface__rosidl_generator_c.so[0m
[ 22%] Built target serviceinterface__rosidl_generator_c
[ 25%] [34m[1mGenerating C type support dispatch for ROS interfaces[0m
[ 29%] [34m[1mGenerating C type support for eProsima Fast-RTPS[0m
[ 32%] [34m[1mGenerating C introspection for ROS interfaces[0m
[ 35%] [32mBuilding CXX object CMakeFiles/serviceinterface__rosidl_typesupport_cpp.dir/rosidl_typesupport_cpp/serviceinterface/srv/getk__type_support.cpp.o[0m
[ 38%] [32mBuilding CXX object CMakeFiles/serviceinterface__rosidl_typesupport_introspection_cpp.dir/rosidl_typesupport_introspection_cpp/serviceinterface/srv/detail/getk__type_support.cpp.o[0m
[ 41%] [32mBuilding CXX object CMakeFiles/serviceinterface__rosidl_typesupport_fastrtps_cpp.dir/rosidl_typesupport_fastrtps_cpp/serviceinterface/srv/detail/dds_fastrtps/getk__type_support.cpp.o[0m
[ 45%] [32mBuilding CXX object CMakeFiles/serviceinterface__rosidl_typesupport_c.dir/rosidl_typesupport_c/serviceinterface/srv/getk__type_support.cpp.o[0m
[ 48%] [32mBuilding C object CMakeFiles/serviceinterface__rosidl_typesupport_introspection_c.dir/rosidl_typesupport_introspection_c/serviceinterface/srv/detail/getk__type_support.c.o[0m
[ 51%] [32mBuilding CXX object CMakeFiles/serviceinterface__rosidl_typesupport_fastrtps_c.dir/rosidl_typesupport_fastrtps_c/serviceinterface/srv/detail/getk__type_support_c.cpp.o[0m
[ 54%] [32m[1mLinking CXX shared library libserviceinterface__rosidl_typesupport_c.so[0m
[ 58%] [32m[1mLinking C shared library libserviceinterface__rosidl_typesupport_introspection_c.so[0m
[ 58%] Built target serviceinterface__rosidl_typesupport_introspection_c
[ 58%] Built target serviceinterface__rosidl_typesupport_c
[ 61%] [32m[1mLinking CXX shared library libserviceinterface__rosidl_typesupport_cpp.so[0m
[ 61%] Built target serviceinterface__rosidl_typesupport_cpp
[ 64%] [32m[1mLinking CXX shared library libserviceinterface__rosidl_typesupport_introspection_cpp.so[0m
[ 67%] [32m[1mLinking CXX shared library libserviceinterface__rosidl_typesupport_fastrtps_c.so[0m
[ 70%] [32m[1mLinking CXX shared library libserviceinterface__rosidl_typesupport_fastrtps_cpp.so[0m
[ 70%] Built target serviceinterface__rosidl_typesupport_introspection_cpp
[ 70%] Built target serviceinterface__rosidl_typesupport_fastrtps_c
[ 70%] Built target serviceinterface__rosidl_typesupport_fastrtps_cpp
[ 70%] Built target serviceinterface
[ 74%] [34m[1mGenerating Python code for ROS interfaces[0m
[ 74%] Built target serviceinterface__py
[ 77%] [32mBuilding C object CMakeFiles/serviceinterface__rosidl_generator_py.dir/rosidl_generator_py/serviceinterface/srv/_getk_s.c.o[0m
[ 80%] [32m[1mLinking C shared library rosidl_generator_py/serviceinterface/libserviceinterface__rosidl_generator_py.so[0m
[ 80%] Built target serviceinterface__rosidl_generator_py
[ 83%] [32mBuilding C object CMakeFiles/serviceinterface__rosidl_typesupport_c__pyext.dir/rosidl_generator_py/serviceinterface/_serviceinterface_s.ep.rosidl_typesupport_c.c.o[0m
[ 87%] [32mBuilding C object CMakeFiles/serviceinterface__rosidl_typesupport_fastrtps_c__pyext.dir/rosidl_generator_py/serviceinterface/_serviceinterface_s.ep.rosidl_typesupport_fastrtps_c.c.o[0m
[ 90%] [32mBuilding C object CMakeFiles/serviceinterface__rosidl_typesupport_introspection_c__pyext.dir/rosidl_generator_py/serviceinterface/_serviceinterface_s.ep.rosidl_typesupport_introspection_c.c.o[0m
[ 93%] [32m[1mLinking C shared library rosidl_generator_py/serviceinterface/serviceinterface_s__rosidl_typesupport_introspection_c.cpython-310-x86_64-linux-gnu.so[0m
[ 96%] [32m[1mLinking C shared library rosidl_generator_py/serviceinterface/serviceinterface_s__rosidl_typesupport_c.cpython-310-x86_64-linux-gnu.so[0m
[100%] [32m[1mLinking C shared library rosidl_generator_py/serviceinterface/serviceinterface_s__rosidl_typesupport_fastrtps_c.cpython-310-x86_64-linux-gnu.so[0m
[100%] Built target serviceinterface__rosidl_typesupport_c__pyext
[100%] Built target serviceinterface__rosidl_typesupport_introspection_c__pyext
[100%] Built target serviceinterface__rosidl_typesupport_fastrtps_c__pyext
-- Install configuration: ""
-- Installing: /home/supan/RT/aisd/a1/install/serviceinterface/share/ament_index/resource_index/rosidl_interfaces/serviceinterface
-- Installing: /home/supan/RT/aisd/a1/install/serviceinterface/include/serviceinterface/serviceinterface
-- Installing: /home/supan/RT/aisd/a1/install/serviceinterface/include/serviceinterface/serviceinterface/srv
-- Installing: /home/supan/RT/aisd/a1/install/serviceinterface/include/serviceinterface/serviceinterface/srv/getk.h
-- Installing: /home/supan/RT/aisd/a1/install/serviceinterface/include/serviceinterface/serviceinterface/srv/detail
-- Installing: /home/supan/RT/aisd/a1/install/serviceinterface/include/serviceinterface/serviceinterface/srv/detail/getk__struct.h
-- Installing: /home/supan/RT/aisd/a1/install/serviceinterface/include/serviceinterface/serviceinterface/srv/detail/getk__type_support.h
-- Installing: /home/supan/RT/aisd/a1/install/serviceinterface/include/serviceinterface/serviceinterface/srv/detail/getk__functions.h
-- Installing: /home/supan/RT/aisd/a1/install/serviceinterface/include/serviceinterface/serviceinterface/srv/detail/getk__functions.c
-- Installing: /home/supan/RT/aisd/a1/install/serviceinterface/include/serviceinterface/serviceinterface/msg
-- Installing: /home/supan/RT/aisd/a1/install/serviceinterface/include/serviceinterface/serviceinterface/msg/rosidl_generator_c__visibility_control.h
-- Installing: /home/supan/RT/aisd/a1/install/serviceinterface/share/serviceinterface/environment/library_path.sh
-- Installing: /home/supan/RT/aisd/a1/install/serviceinterface/share/serviceinterface/environment/library_path.dsv
-- Installing: /home/supan/RT/aisd/a1/install/serviceinterface/lib/libserviceinterface__rosidl_generator_c.so
-- Set runtime path of "/home/supan/RT/aisd/a1/install/serviceinterface/lib/libserviceinterface__rosidl_generator_c.so" to ""
-- Up-to-date: /home/supan/RT/aisd/a1/install/serviceinterface/include/serviceinterface/serviceinterface
-- Up-to-date: /home/supan/RT/aisd/a1/install/serviceinterface/include/serviceinterface/serviceinterface/srv
-- Up-to-date: /home/supan/RT/aisd/a1/install/serviceinterface/include/serviceinterface/serviceinterface/srv/detail
-- Installing: /home/supan/RT/aisd/a1/install/serviceinterface/include/serviceinterface/serviceinterface/srv/detail/getk__rosidl_typesupport_fastrtps_c.h
-- Up-to-date: /home/supan/RT/aisd/a1/install/serviceinterface/include/serviceinterface/serviceinterface/msg
-- Installing: /home/supan/RT/aisd/a1/install/serviceinterface/include/serviceinterface/serviceinterface/msg/rosidl_typesupport_fastrtps_c__visibility_control.h
-- Installing: /home/supan/RT/aisd/a1/install/serviceinterface/lib/libserviceinterface__rosidl_typesupport_fastrtps_c.so
-- Set runtime path of "/home/supan/RT/aisd/a1/install/serviceinterface/lib/libserviceinterface__rosidl_typesupport_fastrtps_c.so" to ""
-- Up-to-date: /home/supan/RT/aisd/a1/install/serviceinterface/include/serviceinterface/serviceinterface
-- Up-to-date: /home/supan/RT/aisd/a1/install/serviceinterface/include/serviceinterface/serviceinterface/srv
-- Up-to-date: /home/supan/RT/aisd/a1/install/serviceinterface/include/serviceinterface/serviceinterface/srv/detail
-- Installing: /home/supan/RT/aisd/a1/install/serviceinterface/include/serviceinterface/serviceinterface/srv/detail/getk__rosidl_typesupport_introspection_c.h
-- Installing: /home/supan/RT/aisd/a1/install/serviceinterface/include/serviceinterface/serviceinterface/srv/detail/getk__type_support.c
-- Up-to-date: /home/supan/RT/aisd/a1/install/serviceinterface/include/serviceinterface/serviceinterface/msg
-- Installing: /home/supan/RT/aisd/a1/install/serviceinterface/include/serviceinterface/serviceinterface/msg/rosidl_typesupport_introspection_c__visibility_control.h
-- Installing: /home/supan/RT/aisd/a1/install/serviceinterface/lib/libserviceinterface__rosidl_typesupport_introspection_c.so
-- Set runtime path of "/home/supan/RT/aisd/a1/install/serviceinterface/lib/libserviceinterface__rosidl_typesupport_introspection_c.so" to ""
-- Installing: /home/supan/RT/aisd/a1/install/serviceinterface/lib/libserviceinterface__rosidl_typesupport_c.so
-- Set runtime path of "/home/supan/RT/aisd/a1/install/serviceinterface/lib/libserviceinterface__rosidl_typesupport_c.so" to ""
-- Up-to-date: /home/supan/RT/aisd/a1/install/serviceinterface/include/serviceinterface/serviceinterface
-- Up-to-date: /home/supan/RT/aisd/a1/install/serviceinterface/include/serviceinterface/serviceinterface/srv
-- Installing: /home/supan/RT/aisd/a1/install/serviceinterface/include/serviceinterface/serviceinterface/srv/getk.hpp
-- Up-to-date: /home/supan/RT/aisd/a1/install/serviceinterface/include/serviceinterface/serviceinterface/srv/detail
-- Installing: /home/supan/RT/aisd/a1/install/serviceinterface/include/serviceinterface/serviceinterface/srv/detail/getk__traits.hpp
-- Installing: /home/supan/RT/aisd/a1/install/serviceinterface/include/serviceinterface/serviceinterface/srv/detail/getk__builder.hpp
-- Installing: /home/supan/RT/aisd/a1/install/serviceinterface/include/serviceinterface/serviceinterface/srv/detail/getk__struct.hpp
-- Installing: /home/supan/RT/aisd/a1/install/serviceinterface/include/serviceinterface/serviceinterface/srv/detail/getk__type_support.hpp
-- Up-to-date: /home/supan/RT/aisd/a1/install/serviceinterface/include/serviceinterface/serviceinterface/msg
-- Installing: /home/supan/RT/aisd/a1/install/serviceinterface/include/serviceinterface/serviceinterface/msg/rosidl_generator_cpp__visibility_control.hpp
-- Up-to-date: /home/supan/RT/aisd/a1/install/serviceinterface/include/serviceinterface/serviceinterface
-- Up-to-date: /home/supan/RT/aisd/a1/install/serviceinterface/include/serviceinterface/serviceinterface/srv
-- Up-to-date: /home/supan/RT/aisd/a1/install/serviceinterface/include/serviceinterface/serviceinterface/srv/detail
-- Installing: /home/supan/RT/aisd/a1/install/serviceinterface/include/serviceinterface/serviceinterface/srv/detail/dds_fastrtps
-- Installing: /home/supan/RT/aisd/a1/install/serviceinterface/include/serviceinterface/serviceinterface/srv/detail/getk__rosidl_typesupport_fastrtps_cpp.hpp
-- Up-to-date: /home/supan/RT/aisd/a1/install/serviceinterface/include/serviceinterface/serviceinterface/msg
-- Installing: /home/supan/RT/aisd/a1/install/serviceinterface/include/serviceinterface/serviceinterface/msg/rosidl_typesupport_fastrtps_cpp__visibility_control.h
-- Installing: /home/supan/RT/aisd/a1/install/serviceinterface/lib/libserviceinterface__rosidl_typesupport_fastrtps_cpp.so
-- Set runtime path of "/home/supan/RT/aisd/a1/install/serviceinterface/lib/libserviceinterface__rosidl_typesupport_fastrtps_cpp.so" to ""
-- Up-to-date: /home/supan/RT/aisd/a1/install/serviceinterface/include/serviceinterface/serviceinterface
-- Up-to-date: /home/supan/RT/aisd/a1/install/serviceinterface/include/serviceinterface/serviceinterface/srv
-- Up-to-date: /home/supan/RT/aisd/a1/install/serviceinterface/include/serviceinterface/serviceinterface/srv/detail
-- Installing: /home/supan/RT/aisd/a1/install/serviceinterface/include/serviceinterface/serviceinterface/srv/detail/getk__type_support.cpp
-- Installing: /home/supan/RT/aisd/a1/install/serviceinterface/include/serviceinterface/serviceinterface/srv/detail/getk__rosidl_typesupport_introspection_cpp.hpp
-- Installing: /home/supan/RT/aisd/a1/install/serviceinterface/lib/libserviceinterface__rosidl_typesupport_introspection_cpp.so
-- Set runtime path of "/home/supan/RT/aisd/a1/install/serviceinterface/lib/libserviceinterface__rosidl_typesupport_introspection_cpp.so" to ""
-- Installing: /home/supan/RT/aisd/a1/install/serviceinterface/lib/libserviceinterface__rosidl_typesupport_cpp.so
-- Set runtime path of "/home/supan/RT/aisd/a1/install/serviceinterface/lib/libserviceinterface__rosidl_typesupport_cpp.so" to ""
-- Installing: /home/supan/RT/aisd/a1/install/serviceinterface/share/serviceinterface/environment/pythonpath.sh
-- Installing: /home/supan/RT/aisd/a1/install/serviceinterface/share/serviceinterface/environment/pythonpath.dsv
-- Installing: /home/supan/RT/aisd/a1/install/serviceinterface/local/lib/python3.10/dist-packages/serviceinterface-0.0.0-py3.10.egg-info
-- Installing: /home/supan/RT/aisd/a1/install/serviceinterface/local/lib/python3.10/dist-packages/serviceinterface-0.0.0-py3.10.egg-info/top_level.txt
-- Installing: /home/supan/RT/aisd/a1/install/serviceinterface/local/lib/python3.10/dist-packages/serviceinterface-0.0.0-py3.10.egg-info/PKG-INFO
-- Installing: /home/supan/RT/aisd/a1/install/serviceinterface/local/lib/python3.10/dist-packages/serviceinterface-0.0.0-py3.10.egg-info/dependency_links.txt
-- Installing: /home/supan/RT/aisd/a1/install/serviceinterface/local/lib/python3.10/dist-packages/serviceinterface-0.0.0-py3.10.egg-info/SOURCES.txt
-- Installing: /home/supan/RT/aisd/a1/install/serviceinterface/local/lib/python3.10/dist-packages/serviceinterface
-- Installing: /home/supan/RT/aisd/a1/install/serviceinterface/local/lib/python3.10/dist-packages/serviceinterface/serviceinterface_s__rosidl_typesupport_fastrtps_c.cpython-310-x86_64-linux-gnu.so
-- Installing: /home/supan/RT/aisd/a1/install/serviceinterface/local/lib/python3.10/dist-packages/serviceinterface/libserviceinterface__rosidl_generator_py.so
-- Installing: /home/supan/RT/aisd/a1/install/serviceinterface/local/lib/python3.10/dist-packages/serviceinterface/serviceinterface_s__rosidl_typesupport_c.cpython-310-x86_64-linux-gnu.so
-- Installing: /home/supan/RT/aisd/a1/install/serviceinterface/local/lib/python3.10/dist-packages/serviceinterface/serviceinterface_s__rosidl_typesupport_introspection_c.cpython-310-x86_64-linux-gnu.so
-- Installing: /home/supan/RT/aisd/a1/install/serviceinterface/local/lib/python3.10/dist-packages/serviceinterface/_serviceinterface_s.ep.rosidl_typesupport_introspection_c.c
-- Installing: /home/supan/RT/aisd/a1/install/serviceinterface/local/lib/python3.10/dist-packages/serviceinterface/srv
-- Installing: /home/supan/RT/aisd/a1/install/serviceinterface/local/lib/python3.10/dist-packages/serviceinterface/srv/_getk.py
-- Installing: /home/supan/RT/aisd/a1/install/serviceinterface/local/lib/python3.10/dist-packages/serviceinterface/srv/__init__.py
-- Installing: /home/supan/RT/aisd/a1/install/serviceinterface/local/lib/python3.10/dist-packages/serviceinterface/srv/_getk_s.c
-- Installing: /home/supan/RT/aisd/a1/install/serviceinterface/local/lib/python3.10/dist-packages/serviceinterface/_serviceinterface_s.ep.rosidl_typesupport_fastrtps_c.c
-- Installing: /home/supan/RT/aisd/a1/install/serviceinterface/local/lib/python3.10/dist-packages/serviceinterface/__init__.py
-- Installing: /home/supan/RT/aisd/a1/install/serviceinterface/local/lib/python3.10/dist-packages/serviceinterface/_serviceinterface_s.ep.rosidl_typesupport_c.c
Listing '/home/supan/RT/aisd/a1/install/serviceinterface/local/lib/python3.10/dist-packages/serviceinterface'...
Compiling '/home/supan/RT/aisd/a1/install/serviceinterface/local/lib/python3.10/dist-packages/serviceinterface/__init__.py'...
Listing '/home/supan/RT/aisd/a1/install/serviceinterface/local/lib/python3.10/dist-packages/serviceinterface/srv'...
Compiling '/home/supan/RT/aisd/a1/install/serviceinterface/local/lib/python3.10/dist-packages/serviceinterface/srv/__init__.py'...
Compiling '/home/supan/RT/aisd/a1/install/serviceinterface/local/lib/python3.10/dist-packages/serviceinterface/srv/_getk.py'...
-- Installing: /home/supan/RT/aisd/a1/install/serviceinterface/local/lib/python3.10/dist-packages/serviceinterface/serviceinterface_s__rosidl_typesupport_fastrtps_c.cpython-310-x86_64-linux-gnu.so
-- Set runtime path of "/home/supan/RT/aisd/a1/install/serviceinterface/local/lib/python3.10/dist-packages/serviceinterface/serviceinterface_s__rosidl_typesupport_fastrtps_c.cpython-310-x86_64-linux-gnu.so" to ""
-- Installing: /home/supan/RT/aisd/a1/install/serviceinterface/local/lib/python3.10/dist-packages/serviceinterface/serviceinterface_s__rosidl_typesupport_introspection_c.cpython-310-x86_64-linux-gnu.so
-- Set runtime path of "/home/supan/RT/aisd/a1/install/serviceinterface/local/lib/python3.10/dist-packages/serviceinterface/serviceinterface_s__rosidl_typesupport_introspection_c.cpython-310-x86_64-linux-gnu.so" to ""
-- Installing: /home/supan/RT/aisd/a1/install/serviceinterface/local/lib/python3.10/dist-packages/serviceinterface/serviceinterface_s__rosidl_typesupport_c.cpython-310-x86_64-linux-gnu.so
-- Set runtime path of "/home/supan/RT/aisd/a1/install/serviceinterface/local/lib/python3.10/dist-packages/serviceinterface/serviceinterface_s__rosidl_typesupport_c.cpython-310-x86_64-linux-gnu.so" to ""
-- Installing: /home/supan/RT/aisd/a1/install/serviceinterface/lib/libserviceinterface__rosidl_generator_py.so
-- Set runtime path of "/home/supan/RT/aisd/a1/install/serviceinterface/lib/libserviceinterface__rosidl_generator_py.so" to ""
-- Installing: /home/supan/RT/aisd/a1/install/serviceinterface/share/serviceinterface/srv/Getk.idl
-- Installing: /home/supan/RT/aisd/a1/install/serviceinterface/share/serviceinterface/srv/Getk.srv
-- Installing: /home/supan/RT/aisd/a1/install/serviceinterface/share/serviceinterface/srv/Getk_Request.msg
-- Installing: /home/supan/RT/aisd/a1/install/serviceinterface/share/serviceinterface/srv/Getk_Response.msg
-- Installing: /home/supan/RT/aisd/a1/install/serviceinterface/share/ament_index/resource_index/package_run_dependencies/serviceinterface
-- Installing: /home/supan/RT/aisd/a1/install/serviceinterface/share/ament_index/resource_index/parent_prefix_path/serviceinterface
-- Installing: /home/supan/RT/aisd/a1/install/serviceinterface/share/serviceinterface/environment/ament_prefix_path.sh
-- Installing: /home/supan/RT/aisd/a1/install/serviceinterface/share/serviceinterface/environment/ament_prefix_path.dsv
-- Installing: /home/supan/RT/aisd/a1/install/serviceinterface/share/serviceinterface/environment/path.sh
-- Installing: /home/supan/RT/aisd/a1/install/serviceinterface/share/serviceinterface/environment/path.dsv
-- Installing: /home/supan/RT/aisd/a1/install/serviceinterface/share/serviceinterface/local_setup.bash
-- Installing: /home/supan/RT/aisd/a1/install/serviceinterface/share/serviceinterface/local_setup.sh
-- Installing: /home/supan/RT/aisd/a1/install/serviceinterface/share/serviceinterface/local_setup.zsh
-- Installing: /home/supan/RT/aisd/a1/install/serviceinterface/share/serviceinterface/local_setup.dsv
-- Installing: /home/supan/RT/aisd/a1/install/serviceinterface/share/serviceinterface/package.dsv
-- Installing: /home/supan/RT/aisd/a1/install/serviceinterface/share/ament_index/resource_index/packages/serviceinterface
-- Installing: /home/supan/RT/aisd/a1/install/serviceinterface/share/serviceinterface/cmake/export_serviceinterface__rosidl_generator_cExport.cmake
-- Installing: /home/supan/RT/aisd/a1/install/serviceinterface/share/serviceinterface/cmake/export_serviceinterface__rosidl_generator_cExport-noconfig.cmake
-- Installing: /home/supan/RT/aisd/a1/install/serviceinterface/share/serviceinterface/cmake/export_serviceinterface__rosidl_typesupport_fastrtps_cExport.cmake
-- Installing: /home/supan/RT/aisd/a1/install/serviceinterface/share/serviceinterface/cmake/export_serviceinterface__rosidl_typesupport_fastrtps_cExport-noconfig.cmake
-- Installing: /home/supan/RT/aisd/a1/install/serviceinterface/share/serviceinterface/cmake/serviceinterface__rosidl_typesupport_introspection_cExport.cmake
-- Installing: /home/supan/RT/aisd/a1/install/serviceinterface/share/serviceinterface/cmake/serviceinterface__rosidl_typesupport_introspection_cExport-noconfig.cmake
-- Installing: /home/supan/RT/aisd/a1/install/serviceinterface/share/serviceinterface/cmake/serviceinterface__rosidl_typesupport_cExport.cmake
-- Installing: /home/supan/RT/aisd/a1/install/serviceinterface/share/serviceinterface/cmake/serviceinterface__rosidl_typesupport_cExport-noconfig.cmake
-- Installing: /home/supan/RT/aisd/a1/install/serviceinterface/share/serviceinterface/cmake/export_serviceinterface__rosidl_generator_cppExport.cmake
-- Installing: /home/supan/RT/aisd/a1/install/serviceinterface/share/serviceinterface/cmake/export_serviceinterface__rosidl_typesupport_fastrtps_cppExport.cmake
-- Installing: /home/supan/RT/aisd/a1/install/serviceinterface/share/serviceinterface/cmake/export_serviceinterface__rosidl_typesupport_fastrtps_cppExport-noconfig.cmake
-- Installing: /home/supan/RT/aisd/a1/install/serviceinterface/share/serviceinterface/cmake/serviceinterface__rosidl_typesupport_introspection_cppExport.cmake
-- Installing: /home/supan/RT/aisd/a1/install/serviceinterface/share/serviceinterface/cmake/serviceinterface__rosidl_typesupport_introspection_cppExport-noconfig.cmake
-- Installing: /home/supan/RT/aisd/a1/install/serviceinterface/share/serviceinterface/cmake/serviceinterface__rosidl_typesupport_cppExport.cmake
-- Installing: /home/supan/RT/aisd/a1/install/serviceinterface/share/serviceinterface/cmake/serviceinterface__rosidl_typesupport_cppExport-noconfig.cmake
-- Installing: /home/supan/RT/aisd/a1/install/serviceinterface/share/serviceinterface/cmake/export_serviceinterface__rosidl_generator_pyExport.cmake
-- Installing: /home/supan/RT/aisd/a1/install/serviceinterface/share/serviceinterface/cmake/export_serviceinterface__rosidl_generator_pyExport-noconfig.cmake
-- Installing: /home/supan/RT/aisd/a1/install/serviceinterface/share/serviceinterface/cmake/rosidl_cmake-extras.cmake
-- Installing: /home/supan/RT/aisd/a1/install/serviceinterface/share/serviceinterface/cmake/ament_cmake_export_include_directories-extras.cmake
-- Installing: /home/supan/RT/aisd/a1/install/serviceinterface/share/serviceinterface/cmake/ament_cmake_export_libraries-extras.cmake
-- Installing: /home/supan/RT/aisd/a1/install/serviceinterface/share/serviceinterface/cmake/ament_cmake_export_targets-extras.cmake
-- Installing: /home/supan/RT/aisd/a1/install/serviceinterface/share/serviceinterface/cmake/rosidl_cmake_export_typesupport_targets-extras.cmake
-- Installing: /home/supan/RT/aisd/a1/install/serviceinterface/share/serviceinterface/cmake/ament_cmake_export_dependencies-extras.cmake
-- Installing: /home/supan/RT/aisd/a1/install/serviceinterface/share/serviceinterface/cmake/rosidl_cmake_export_typesupport_libraries-extras.cmake
-- Installing: /home/supan/RT/aisd/a1/install/serviceinterface/share/serviceinterface/cmake/serviceinterfaceConfig.cmake
-- Installing: /home/supan/RT/aisd/a1/install/serviceinterface/share/serviceinterface/cmake/serviceinterfaceConfig-version.cmake
-- Installing: /home/supan/RT/aisd/a1/install/serviceinterface/share/serviceinterface/package.xml
