[0.099s] DEBUG:colcon:Command line arguments: ['/usr/bin/colcon', 'build']
[0.099s] DEBUG:colcon:Parsed command line arguments: Namespace(log_base=None, log_level=None, verb_name='build', build_base='build', install_base='install', merge_install=False, symlink_install=False, test_result_base=None, continue_on_error=False, executor='parallel', parallel_workers=12, event_handlers=None, ignore_user_meta=False, metas=['./colcon.meta'], base_paths=['.'], packages_ignore=None, packages_ignore_regex=None, paths=None, packages_up_to=None, packages_up_to_regex=None, packages_above=None, packages_above_and_dependencies=None, packages_above_depth=None, packages_select_by_dep=None, packages_skip_by_dep=None, packages_skip_up_to=None, packages_select_build_failed=False, packages_skip_build_finished=False, packages_select_test_failures=False, packages_skip_test_passed=False, packages_select=None, packages_skip=None, packages_select_regex=None, packages_skip_regex=None, packages_start=None, packages_end=None, allow_overriding=[], cmake_args=None, cmake_target=None, cmake_target_skip_unavailable=False, cmake_clean_cache=False, cmake_clean_first=False, cmake_force_configure=False, ament_cmake_args=None, catkin_cmake_args=None, catkin_skip_building_tests=False, mixin_files=None, mixin=None, verb_parser=<colcon_mixin.mixin.mixin_argument.MixinArgumentDecorator object at 0x7d16d344f3a0>, verb_extension=<colcon_core.verb.build.BuildVerb object at 0x7d16d344ee60>, main=<bound method BuildVerb.main of <colcon_core.verb.build.BuildVerb object at 0x7d16d344ee60>>, mixin_verb=('build',))
[0.221s] Level 1:colcon.colcon_core.package_discovery:discover_packages(colcon_meta) check parameters
[0.221s] Level 1:colcon.colcon_core.package_discovery:discover_packages(recursive) check parameters
[0.221s] Level 1:colcon.colcon_core.package_discovery:discover_packages(ignore) check parameters
[0.221s] Level 1:colcon.colcon_core.package_discovery:discover_packages(path) check parameters
[0.221s] Level 1:colcon.colcon_core.package_discovery:discover_packages(colcon_meta) discover
[0.221s] Level 1:colcon.colcon_core.package_discovery:discover_packages(recursive) discover
[0.221s] INFO:colcon.colcon_core.package_discovery:Crawling recursively for packages in '/home/supan/RT/aisd/robot_arm_ws_dup'
[0.221s] Level 1:colcon.colcon_core.package_identification:_identify(.) by extensions ['ignore', 'ignore_ament_install']
[0.221s] Level 1:colcon.colcon_core.package_identification:_identify(.) by extension 'ignore'
[0.221s] Level 1:colcon.colcon_core.package_identification:_identify(.) by extension 'ignore_ament_install'
[0.221s] Level 1:colcon.colcon_core.package_identification:_identify(.) by extensions ['colcon_pkg']
[0.221s] Level 1:colcon.colcon_core.package_identification:_identify(.) by extension 'colcon_pkg'
[0.221s] Level 1:colcon.colcon_core.package_identification:_identify(.) by extensions ['colcon_meta']
[0.221s] Level 1:colcon.colcon_core.package_identification:_identify(.) by extension 'colcon_meta'
[0.221s] Level 1:colcon.colcon_core.package_identification:_identify(.) by extensions ['ros']
[0.221s] Level 1:colcon.colcon_core.package_identification:_identify(.) by extension 'ros'
[0.236s] Level 1:colcon.colcon_core.package_identification:_identify(.) by extensions ['cmake', 'python']
[0.236s] Level 1:colcon.colcon_core.package_identification:_identify(.) by extension 'cmake'
[0.237s] Level 1:colcon.colcon_core.package_identification:_identify(.) by extension 'python'
[0.237s] Level 1:colcon.colcon_core.package_identification:_identify(.) by extensions ['python_setup_py']
[0.237s] Level 1:colcon.colcon_core.package_identification:_identify(.) by extension 'python_setup_py'
[0.237s] Level 1:colcon.colcon_core.package_identification:_identify(build) by extensions ['ignore', 'ignore_ament_install']
[0.237s] Level 1:colcon.colcon_core.package_identification:_identify(build) by extension 'ignore'
[0.237s] Level 1:colcon.colcon_core.package_identification:_identify(build) ignored
[0.237s] Level 1:colcon.colcon_core.package_identification:_identify(install) by extensions ['ignore', 'ignore_ament_install']
[0.237s] Level 1:colcon.colcon_core.package_identification:_identify(install) by extension 'ignore'
[0.237s] Level 1:colcon.colcon_core.package_identification:_identify(install) ignored
[0.237s] Level 1:colcon.colcon_core.package_identification:_identify(log) by extensions ['ignore', 'ignore_ament_install']
[0.237s] Level 1:colcon.colcon_core.package_identification:_identify(log) by extension 'ignore'
[0.237s] Level 1:colcon.colcon_core.package_identification:_identify(log) ignored
[0.237s] Level 1:colcon.colcon_core.package_identification:_identify(src) by extensions ['ignore', 'ignore_ament_install']
[0.237s] Level 1:colcon.colcon_core.package_identification:_identify(src) by extension 'ignore'
[0.237s] Level 1:colcon.colcon_core.package_identification:_identify(src) by extension 'ignore_ament_install'
[0.237s] Level 1:colcon.colcon_core.package_identification:_identify(src) by extensions ['colcon_pkg']
[0.237s] Level 1:colcon.colcon_core.package_identification:_identify(src) by extension 'colcon_pkg'
[0.237s] Level 1:colcon.colcon_core.package_identification:_identify(src) by extensions ['colcon_meta']
[0.237s] Level 1:colcon.colcon_core.package_identification:_identify(src) by extension 'colcon_meta'
[0.237s] Level 1:colcon.colcon_core.package_identification:_identify(src) by extensions ['ros']
[0.237s] Level 1:colcon.colcon_core.package_identification:_identify(src) by extension 'ros'
[0.237s] Level 1:colcon.colcon_core.package_identification:_identify(src) by extensions ['cmake', 'python']
[0.237s] Level 1:colcon.colcon_core.package_identification:_identify(src) by extension 'cmake'
[0.237s] Level 1:colcon.colcon_core.package_identification:_identify(src) by extension 'python'
[0.237s] Level 1:colcon.colcon_core.package_identification:_identify(src) by extensions ['python_setup_py']
[0.237s] Level 1:colcon.colcon_core.package_identification:_identify(src) by extension 'python_setup_py'
[0.237s] Level 1:colcon.colcon_core.package_identification:_identify(src/anint) by extensions ['ignore', 'ignore_ament_install']
[0.237s] Level 1:colcon.colcon_core.package_identification:_identify(src/anint) by extension 'ignore'
[0.238s] Level 1:colcon.colcon_core.package_identification:_identify(src/anint) by extension 'ignore_ament_install'
[0.238s] Level 1:colcon.colcon_core.package_identification:_identify(src/anint) by extensions ['colcon_pkg']
[0.238s] Level 1:colcon.colcon_core.package_identification:_identify(src/anint) by extension 'colcon_pkg'
[0.238s] Level 1:colcon.colcon_core.package_identification:_identify(src/anint) by extensions ['colcon_meta']
[0.238s] Level 1:colcon.colcon_core.package_identification:_identify(src/anint) by extension 'colcon_meta'
[0.238s] Level 1:colcon.colcon_core.package_identification:_identify(src/anint) by extensions ['ros']
[0.238s] Level 1:colcon.colcon_core.package_identification:_identify(src/anint) by extension 'ros'
[0.252s] DEBUG:colcon.colcon_core.package_identification:Package 'src/anint' with type 'ros.ament_cmake' and name 'anint'
[0.252s] Level 1:colcon.colcon_core.package_identification:_identify(src/con) by extensions ['ignore', 'ignore_ament_install']
[0.252s] Level 1:colcon.colcon_core.package_identification:_identify(src/con) by extension 'ignore'
[0.253s] Level 1:colcon.colcon_core.package_identification:_identify(src/con) by extension 'ignore_ament_install'
[0.253s] Level 1:colcon.colcon_core.package_identification:_identify(src/con) by extensions ['colcon_pkg']
[0.253s] Level 1:colcon.colcon_core.package_identification:_identify(src/con) by extension 'colcon_pkg'
[0.253s] Level 1:colcon.colcon_core.package_identification:_identify(src/con) by extensions ['colcon_meta']
[0.253s] Level 1:colcon.colcon_core.package_identification:_identify(src/con) by extension 'colcon_meta'
[0.253s] Level 1:colcon.colcon_core.package_identification:_identify(src/con) by extensions ['ros']
[0.253s] Level 1:colcon.colcon_core.package_identification:_identify(src/con) by extension 'ros'
[0.254s] DEBUG:colcon.colcon_core.package_identification:Package 'src/con' with type 'ros.ament_python' and name 'con'
[0.254s] Level 1:colcon.colcon_core.package_identification:_identify(src/robot_arm) by extensions ['ignore', 'ignore_ament_install']
[0.254s] Level 1:colcon.colcon_core.package_identification:_identify(src/robot_arm) by extension 'ignore'
[0.254s] Level 1:colcon.colcon_core.package_identification:_identify(src/robot_arm) by extension 'ignore_ament_install'
[0.254s] Level 1:colcon.colcon_core.package_identification:_identify(src/robot_arm) by extensions ['colcon_pkg']
[0.254s] Level 1:colcon.colcon_core.package_identification:_identify(src/robot_arm) by extension 'colcon_pkg'
[0.254s] Level 1:colcon.colcon_core.package_identification:_identify(src/robot_arm) by extensions ['colcon_meta']
[0.254s] Level 1:colcon.colcon_core.package_identification:_identify(src/robot_arm) by extension 'colcon_meta'
[0.254s] Level 1:colcon.colcon_core.package_identification:_identify(src/robot_arm) by extensions ['ros']
[0.254s] Level 1:colcon.colcon_core.package_identification:_identify(src/robot_arm) by extension 'ros'
[0.255s] DEBUG:colcon.colcon_core.package_identification:Package 'src/robot_arm' with type 'ros.ament_cmake' and name 'robot_arm'
[0.256s] Level 1:colcon.colcon_core.package_discovery:discover_packages(recursive) using defaults
[0.256s] Level 1:colcon.colcon_core.package_discovery:discover_packages(ignore) discover
[0.256s] Level 1:colcon.colcon_core.package_discovery:discover_packages(ignore) using defaults
[0.256s] Level 1:colcon.colcon_core.package_discovery:discover_packages(path) discover
[0.256s] Level 1:colcon.colcon_core.package_discovery:discover_packages(path) using defaults
[0.281s] Level 1:colcon.colcon_core.package_discovery:discover_packages(prefix_path) check parameters
[0.281s] Level 1:colcon.colcon_core.package_discovery:discover_packages(prefix_path) discover
[0.288s] DEBUG:colcon.colcon_installed_package_information.package_discovery:Found 8 installed packages in /home/supan/RT/sim/install
[0.293s] DEBUG:colcon.colcon_installed_package_information.package_discovery:Found 308 installed packages in /opt/ros/humble
[0.295s] Level 1:colcon.colcon_core.package_discovery:discover_packages(prefix_path) using defaults
[0.320s] Level 5:colcon.colcon_core.verb:set package 'anint' build argument 'cmake_args' from command line to 'None'
[0.320s] Level 5:colcon.colcon_core.verb:set package 'anint' build argument 'cmake_target' from command line to 'None'
[0.320s] Level 5:colcon.colcon_core.verb:set package 'anint' build argument 'cmake_target_skip_unavailable' from command line to 'False'
[0.320s] Level 5:colcon.colcon_core.verb:set package 'anint' build argument 'cmake_clean_cache' from command line to 'False'
[0.320s] Level 5:colcon.colcon_core.verb:set package 'anint' build argument 'cmake_clean_first' from command line to 'False'
[0.320s] Level 5:colcon.colcon_core.verb:set package 'anint' build argument 'cmake_force_configure' from command line to 'False'
[0.320s] Level 5:colcon.colcon_core.verb:set package 'anint' build argument 'ament_cmake_args' from command line to 'None'
[0.320s] Level 5:colcon.colcon_core.verb:set package 'anint' build argument 'catkin_cmake_args' from command line to 'None'
[0.320s] Level 5:colcon.colcon_core.verb:set package 'anint' build argument 'catkin_skip_building_tests' from command line to 'False'
[0.321s] DEBUG:colcon.colcon_core.verb:Building package 'anint' with the following arguments: {'ament_cmake_args': None, 'build_base': '/home/supan/RT/aisd/robot_arm_ws_dup/build/anint', 'catkin_cmake_args': None, 'catkin_skip_building_tests': False, 'cmake_args': None, 'cmake_clean_cache': False, 'cmake_clean_first': False, 'cmake_force_configure': False, 'cmake_target': None, 'cmake_target_skip_unavailable': False, 'install_base': '/home/supan/RT/aisd/robot_arm_ws_dup/install/anint', 'merge_install': False, 'path': '/home/supan/RT/aisd/robot_arm_ws_dup/src/anint', 'symlink_install': False, 'test_result_base': None}
[0.321s] Level 5:colcon.colcon_core.verb:set package 'con' build argument 'cmake_args' from command line to 'None'
[0.321s] Level 5:colcon.colcon_core.verb:set package 'con' build argument 'cmake_target' from command line to 'None'
[0.321s] Level 5:colcon.colcon_core.verb:set package 'con' build argument 'cmake_target_skip_unavailable' from command line to 'False'
[0.321s] Level 5:colcon.colcon_core.verb:set package 'con' build argument 'cmake_clean_cache' from command line to 'False'
[0.321s] Level 5:colcon.colcon_core.verb:set package 'con' build argument 'cmake_clean_first' from command line to 'False'
[0.321s] Level 5:colcon.colcon_core.verb:set package 'con' build argument 'cmake_force_configure' from command line to 'False'
[0.321s] Level 5:colcon.colcon_core.verb:set package 'con' build argument 'ament_cmake_args' from command line to 'None'
[0.321s] Level 5:colcon.colcon_core.verb:set package 'con' build argument 'catkin_cmake_args' from command line to 'None'
[0.321s] Level 5:colcon.colcon_core.verb:set package 'con' build argument 'catkin_skip_building_tests' from command line to 'False'
[0.321s] DEBUG:colcon.colcon_core.verb:Building package 'con' with the following arguments: {'ament_cmake_args': None, 'build_base': '/home/supan/RT/aisd/robot_arm_ws_dup/build/con', 'catkin_cmake_args': None, 'catkin_skip_building_tests': False, 'cmake_args': None, 'cmake_clean_cache': False, 'cmake_clean_first': False, 'cmake_force_configure': False, 'cmake_target': None, 'cmake_target_skip_unavailable': False, 'install_base': '/home/supan/RT/aisd/robot_arm_ws_dup/install/con', 'merge_install': False, 'path': '/home/supan/RT/aisd/robot_arm_ws_dup/src/con', 'symlink_install': False, 'test_result_base': None}
[0.321s] Level 5:colcon.colcon_core.verb:set package 'robot_arm' build argument 'cmake_args' from command line to 'None'
[0.321s] Level 5:colcon.colcon_core.verb:set package 'robot_arm' build argument 'cmake_target' from command line to 'None'
[0.321s] Level 5:colcon.colcon_core.verb:set package 'robot_arm' build argument 'cmake_target_skip_unavailable' from command line to 'False'
[0.321s] Level 5:colcon.colcon_core.verb:set package 'robot_arm' build argument 'cmake_clean_cache' from command line to 'False'
[0.321s] Level 5:colcon.colcon_core.verb:set package 'robot_arm' build argument 'cmake_clean_first' from command line to 'False'
[0.321s] Level 5:colcon.colcon_core.verb:set package 'robot_arm' build argument 'cmake_force_configure' from command line to 'False'
[0.321s] Level 5:colcon.colcon_core.verb:set package 'robot_arm' build argument 'ament_cmake_args' from command line to 'None'
[0.321s] Level 5:colcon.colcon_core.verb:set package 'robot_arm' build argument 'catkin_cmake_args' from command line to 'None'
[0.321s] Level 5:colcon.colcon_core.verb:set package 'robot_arm' build argument 'catkin_skip_building_tests' from command line to 'False'
[0.321s] DEBUG:colcon.colcon_core.verb:Building package 'robot_arm' with the following arguments: {'ament_cmake_args': None, 'build_base': '/home/supan/RT/aisd/robot_arm_ws_dup/build/robot_arm', 'catkin_cmake_args': None, 'catkin_skip_building_tests': False, 'cmake_args': None, 'cmake_clean_cache': False, 'cmake_clean_first': False, 'cmake_force_configure': False, 'cmake_target': None, 'cmake_target_skip_unavailable': False, 'install_base': '/home/supan/RT/aisd/robot_arm_ws_dup/install/robot_arm', 'merge_install': False, 'path': '/home/supan/RT/aisd/robot_arm_ws_dup/src/robot_arm', 'symlink_install': False, 'test_result_base': None}
[0.321s] INFO:colcon.colcon_core.executor:Executing jobs using 'parallel' executor
[0.322s] DEBUG:colcon.colcon_parallel_executor.executor.parallel:run_until_complete
[0.322s] INFO:colcon.colcon_ros.task.ament_cmake.build:Building ROS package in '/home/supan/RT/aisd/robot_arm_ws_dup/src/anint' with build type 'ament_cmake'
[0.322s] INFO:colcon.colcon_cmake.task.cmake.build:Building CMake package in '/home/supan/RT/aisd/robot_arm_ws_dup/src/anint'
[0.324s] INFO:colcon.colcon_core.plugin_system:Skipping extension 'colcon_core.shell.bat': Not used on non-Windows systems
[0.324s] INFO:colcon.colcon_core.shell:Skip shell extension 'powershell' for command environment: Not usable outside of PowerShell
[0.324s] DEBUG:colcon.colcon_core.shell:Skip shell extension 'dsv' for command environment
[0.326s] INFO:colcon.colcon_ros.task.ament_python.build:Building ROS package in '/home/supan/RT/aisd/robot_arm_ws_dup/src/con' with build type 'ament_python'
[0.326s] Level 1:colcon.colcon_core.shell:create_environment_hook('con', 'ament_prefix_path')
[0.327s] INFO:colcon.colcon_core.shell:Creating environment hook '/home/supan/RT/aisd/robot_arm_ws_dup/install/con/share/con/hook/ament_prefix_path.ps1'
[0.327s] INFO:colcon.colcon_core.shell:Creating environment descriptor '/home/supan/RT/aisd/robot_arm_ws_dup/install/con/share/con/hook/ament_prefix_path.dsv'
[0.328s] INFO:colcon.colcon_core.shell:Creating environment hook '/home/supan/RT/aisd/robot_arm_ws_dup/install/con/share/con/hook/ament_prefix_path.sh'
[0.329s] INFO:colcon.colcon_core.shell:Skip shell extension 'powershell' for command environment: Not usable outside of PowerShell
[0.329s] DEBUG:colcon.colcon_core.shell:Skip shell extension 'dsv' for command environment
[0.332s] INFO:colcon.colcon_ros.task.ament_cmake.build:Building ROS package in '/home/supan/RT/aisd/robot_arm_ws_dup/src/robot_arm' with build type 'ament_cmake'
[0.332s] INFO:colcon.colcon_cmake.task.cmake.build:Building CMake package in '/home/supan/RT/aisd/robot_arm_ws_dup/src/robot_arm'
[0.332s] INFO:colcon.colcon_core.shell:Skip shell extension 'powershell' for command environment: Not usable outside of PowerShell
[0.332s] DEBUG:colcon.colcon_core.shell:Skip shell extension 'dsv' for command environment
[0.340s] DEBUG:colcon.colcon_core.event_handler.log_command:Invoking command in '/home/supan/RT/aisd/robot_arm_ws_dup/build/anint': CMAKE_PREFIX_PATH=${CMAKE_PREFIX_PATH}:/home/supan/RT/sim/install/eufs_launcher:/home/supan/RT/sim/install/eufs_tracks:/home/supan/RT/sim/install/eufs_rqt:/home/supan/RT/sim/install/eufs_racecar:/opt/ros/humble /usr/bin/cmake --build /home/supan/RT/aisd/robot_arm_ws_dup/build/anint -- -j12 -l12
[0.604s] INFO:colcon.colcon_core.task.python.build:Building Python package in '/home/supan/RT/aisd/robot_arm_ws_dup/src/con'
[0.604s] INFO:colcon.colcon_core.shell:Skip shell extension 'powershell' for command environment: Not usable outside of PowerShell
[0.604s] DEBUG:colcon.colcon_core.shell:Skip shell extension 'dsv' for command environment
[0.613s] DEBUG:colcon.colcon_core.event_handler.log_command:Invoking command in '/home/supan/RT/aisd/robot_arm_ws_dup/build/robot_arm': CMAKE_PREFIX_PATH=${CMAKE_PREFIX_PATH}:/home/supan/RT/sim/install/eufs_launcher:/home/supan/RT/sim/install/eufs_tracks:/home/supan/RT/sim/install/eufs_rqt:/home/supan/RT/sim/install/eufs_racecar:/opt/ros/humble /usr/bin/cmake --build /home/supan/RT/aisd/robot_arm_ws_dup/build/robot_arm -- -j12 -l12
[0.688s] DEBUG:colcon.colcon_core.event_handler.log_command:Invoked command in '/home/supan/RT/aisd/robot_arm_ws_dup/build/anint' returned '0': CMAKE_PREFIX_PATH=${CMAKE_PREFIX_PATH}:/home/supan/RT/sim/install/eufs_launcher:/home/supan/RT/sim/install/eufs_tracks:/home/supan/RT/sim/install/eufs_rqt:/home/supan/RT/sim/install/eufs_racecar:/opt/ros/humble /usr/bin/cmake --build /home/supan/RT/aisd/robot_arm_ws_dup/build/anint -- -j12 -l12
[0.706s] DEBUG:colcon.colcon_core.event_handler.log_command:Invoking command in '/home/supan/RT/aisd/robot_arm_ws_dup/build/anint': CMAKE_PREFIX_PATH=${CMAKE_PREFIX_PATH}:/home/supan/RT/sim/install/eufs_launcher:/home/supan/RT/sim/install/eufs_tracks:/home/supan/RT/sim/install/eufs_rqt:/home/supan/RT/sim/install/eufs_racecar:/opt/ros/humble /usr/bin/cmake --install /home/supan/RT/aisd/robot_arm_ws_dup/build/anint
[0.803s] Level 1:colcon.colcon_core.environment:create_environment_scripts_only(anint)
[0.804s] DEBUG:colcon.colcon_core.event_handler.log_command:Invoked command in '/home/supan/RT/aisd/robot_arm_ws_dup/build/anint' returned '0': CMAKE_PREFIX_PATH=${CMAKE_PREFIX_PATH}:/home/supan/RT/sim/install/eufs_launcher:/home/supan/RT/sim/install/eufs_tracks:/home/supan/RT/sim/install/eufs_rqt:/home/supan/RT/sim/install/eufs_racecar:/opt/ros/humble /usr/bin/cmake --install /home/supan/RT/aisd/robot_arm_ws_dup/build/anint
[0.808s] Level 1:colcon.colcon_core.environment:checking '/home/supan/RT/aisd/robot_arm_ws_dup/install/anint' for CMake module files
[0.808s] Level 1:colcon.colcon_core.environment:checking '/home/supan/RT/aisd/robot_arm_ws_dup/install/anint' for CMake config files
[0.809s] Level 1:colcon.colcon_core.shell:create_environment_hook('anint', 'cmake_prefix_path')
[0.809s] INFO:colcon.colcon_core.shell:Creating environment hook '/home/supan/RT/aisd/robot_arm_ws_dup/install/anint/share/anint/hook/cmake_prefix_path.ps1'
[0.810s] INFO:colcon.colcon_core.shell:Creating environment descriptor '/home/supan/RT/aisd/robot_arm_ws_dup/install/anint/share/anint/hook/cmake_prefix_path.dsv'
[0.810s] INFO:colcon.colcon_core.shell:Creating environment hook '/home/supan/RT/aisd/robot_arm_ws_dup/install/anint/share/anint/hook/cmake_prefix_path.sh'
[0.811s] Level 1:colcon.colcon_core.environment:checking '/home/supan/RT/aisd/robot_arm_ws_dup/install/anint/lib'
[0.811s] Level 1:colcon.colcon_core.shell:create_environment_hook('anint', 'ld_library_path_lib')
[0.811s] INFO:colcon.colcon_core.shell:Creating environment hook '/home/supan/RT/aisd/robot_arm_ws_dup/install/anint/share/anint/hook/ld_library_path_lib.ps1'
[0.812s] INFO:colcon.colcon_core.shell:Creating environment descriptor '/home/supan/RT/aisd/robot_arm_ws_dup/install/anint/share/anint/hook/ld_library_path_lib.dsv'
[0.812s] INFO:colcon.colcon_core.shell:Creating environment hook '/home/supan/RT/aisd/robot_arm_ws_dup/install/anint/share/anint/hook/ld_library_path_lib.sh'
[0.812s] Level 1:colcon.colcon_core.environment:checking '/home/supan/RT/aisd/robot_arm_ws_dup/install/anint/bin'
[0.812s] Level 1:colcon.colcon_core.environment:checking '/home/supan/RT/aisd/robot_arm_ws_dup/install/anint/lib/pkgconfig/anint.pc'
[0.812s] Level 1:colcon.colcon_core.environment:checking '/home/supan/RT/aisd/robot_arm_ws_dup/install/anint/lib/python3.10/site-packages'
[0.813s] Level 1:colcon.colcon_core.environment:checking '/home/supan/RT/aisd/robot_arm_ws_dup/install/anint/bin'
[0.813s] INFO:colcon.colcon_core.shell:Creating package script '/home/supan/RT/aisd/robot_arm_ws_dup/install/anint/share/anint/package.ps1'
[0.814s] INFO:colcon.colcon_core.shell:Creating package descriptor '/home/supan/RT/aisd/robot_arm_ws_dup/install/anint/share/anint/package.dsv'
[0.814s] INFO:colcon.colcon_core.shell:Creating package script '/home/supan/RT/aisd/robot_arm_ws_dup/install/anint/share/anint/package.sh'
[0.815s] INFO:colcon.colcon_core.shell:Creating package script '/home/supan/RT/aisd/robot_arm_ws_dup/install/anint/share/anint/package.bash'
[0.815s] INFO:colcon.colcon_core.shell:Creating package script '/home/supan/RT/aisd/robot_arm_ws_dup/install/anint/share/anint/package.zsh'
[0.816s] Level 1:colcon.colcon_core.environment:create_file_with_runtime_dependencies(/home/supan/RT/aisd/robot_arm_ws_dup/install/anint/share/colcon-core/packages/anint)
[0.817s] Level 1:colcon.colcon_core.environment:create_environment_scripts_only(anint)
[0.817s] Level 1:colcon.colcon_core.environment:checking '/home/supan/RT/aisd/robot_arm_ws_dup/install/anint' for CMake module files
[0.818s] Level 1:colcon.colcon_core.environment:checking '/home/supan/RT/aisd/robot_arm_ws_dup/install/anint' for CMake config files
[0.818s] Level 1:colcon.colcon_core.shell:create_environment_hook('anint', 'cmake_prefix_path')
[0.818s] INFO:colcon.colcon_core.shell:Creating environment hook '/home/supan/RT/aisd/robot_arm_ws_dup/install/anint/share/anint/hook/cmake_prefix_path.ps1'
[0.818s] INFO:colcon.colcon_core.shell:Creating environment descriptor '/home/supan/RT/aisd/robot_arm_ws_dup/install/anint/share/anint/hook/cmake_prefix_path.dsv'
[0.819s] INFO:colcon.colcon_core.shell:Creating environment hook '/home/supan/RT/aisd/robot_arm_ws_dup/install/anint/share/anint/hook/cmake_prefix_path.sh'
[0.819s] Level 1:colcon.colcon_core.environment:checking '/home/supan/RT/aisd/robot_arm_ws_dup/install/anint/lib'
[0.819s] Level 1:colcon.colcon_core.shell:create_environment_hook('anint', 'ld_library_path_lib')
[0.819s] INFO:colcon.colcon_core.shell:Creating environment hook '/home/supan/RT/aisd/robot_arm_ws_dup/install/anint/share/anint/hook/ld_library_path_lib.ps1'
[0.820s] INFO:colcon.colcon_core.shell:Creating environment descriptor '/home/supan/RT/aisd/robot_arm_ws_dup/install/anint/share/anint/hook/ld_library_path_lib.dsv'
[0.820s] INFO:colcon.colcon_core.shell:Creating environment hook '/home/supan/RT/aisd/robot_arm_ws_dup/install/anint/share/anint/hook/ld_library_path_lib.sh'
[0.820s] Level 1:colcon.colcon_core.environment:checking '/home/supan/RT/aisd/robot_arm_ws_dup/install/anint/bin'
[0.820s] Level 1:colcon.colcon_core.environment:checking '/home/supan/RT/aisd/robot_arm_ws_dup/install/anint/lib/pkgconfig/anint.pc'
[0.820s] Level 1:colcon.colcon_core.environment:checking '/home/supan/RT/aisd/robot_arm_ws_dup/install/anint/lib/python3.10/site-packages'
[0.820s] Level 1:colcon.colcon_core.environment:checking '/home/supan/RT/aisd/robot_arm_ws_dup/install/anint/bin'
[0.821s] INFO:colcon.colcon_core.shell:Creating package script '/home/supan/RT/aisd/robot_arm_ws_dup/install/anint/share/anint/package.ps1'
[0.821s] INFO:colcon.colcon_core.shell:Creating package descriptor '/home/supan/RT/aisd/robot_arm_ws_dup/install/anint/share/anint/package.dsv'
[0.821s] INFO:colcon.colcon_core.shell:Creating package script '/home/supan/RT/aisd/robot_arm_ws_dup/install/anint/share/anint/package.sh'
[0.822s] INFO:colcon.colcon_core.shell:Creating package script '/home/supan/RT/aisd/robot_arm_ws_dup/install/anint/share/anint/package.bash'
[0.822s] INFO:colcon.colcon_core.shell:Creating package script '/home/supan/RT/aisd/robot_arm_ws_dup/install/anint/share/anint/package.zsh'
[0.822s] Level 1:colcon.colcon_core.environment:create_file_with_runtime_dependencies(/home/supan/RT/aisd/robot_arm_ws_dup/install/anint/share/colcon-core/packages/anint)
[1.026s] DEBUG:colcon.colcon_core.event_handler.log_command:Invoking command in '/home/supan/RT/aisd/robot_arm_ws_dup/src/con': PYTHONPATH=/home/supan/RT/aisd/robot_arm_ws_dup/build/con/prefix_override:/usr/lib/python3/dist-packages/colcon_core/task/python/colcon_distutils_commands:/home/supan/RT/aisd/robot_arm_ws_dup/install/con/lib/python3.10/site-packages:${PYTHONPATH} /usr/bin/python3 -W ignore:setup.py install is deprecated -W ignore:easy_install command is deprecated setup.py egg_info --egg-base ../../build/con build --build-base /home/supan/RT/aisd/robot_arm_ws_dup/build/con/build install --record /home/supan/RT/aisd/robot_arm_ws_dup/build/con/install.log --single-version-externally-managed install_data
[1.171s] DEBUG:colcon.colcon_core.event_handler.log_command:Invoked command in '/home/supan/RT/aisd/robot_arm_ws_dup/build/robot_arm' returned '0': CMAKE_PREFIX_PATH=${CMAKE_PREFIX_PATH}:/home/supan/RT/sim/install/eufs_launcher:/home/supan/RT/sim/install/eufs_tracks:/home/supan/RT/sim/install/eufs_rqt:/home/supan/RT/sim/install/eufs_racecar:/opt/ros/humble /usr/bin/cmake --build /home/supan/RT/aisd/robot_arm_ws_dup/build/robot_arm -- -j12 -l12
[1.173s] DEBUG:colcon.colcon_core.event_handler.log_command:Invoking command in '/home/supan/RT/aisd/robot_arm_ws_dup/build/robot_arm': CMAKE_PREFIX_PATH=${CMAKE_PREFIX_PATH}:/home/supan/RT/sim/install/eufs_launcher:/home/supan/RT/sim/install/eufs_tracks:/home/supan/RT/sim/install/eufs_rqt:/home/supan/RT/sim/install/eufs_racecar:/opt/ros/humble /usr/bin/cmake --install /home/supan/RT/aisd/robot_arm_ws_dup/build/robot_arm
[1.198s] Level 1:colcon.colcon_core.environment:create_environment_scripts_only(robot_arm)
[1.199s] Level 1:colcon.colcon_core.environment:checking '/home/supan/RT/aisd/robot_arm_ws_dup/install/robot_arm' for CMake module files
[1.199s] DEBUG:colcon.colcon_core.event_handler.log_command:Invoked command in '/home/supan/RT/aisd/robot_arm_ws_dup/build/robot_arm' returned '0': CMAKE_PREFIX_PATH=${CMAKE_PREFIX_PATH}:/home/supan/RT/sim/install/eufs_launcher:/home/supan/RT/sim/install/eufs_tracks:/home/supan/RT/sim/install/eufs_rqt:/home/supan/RT/sim/install/eufs_racecar:/opt/ros/humble /usr/bin/cmake --install /home/supan/RT/aisd/robot_arm_ws_dup/build/robot_arm
[1.200s] Level 1:colcon.colcon_core.environment:checking '/home/supan/RT/aisd/robot_arm_ws_dup/install/robot_arm' for CMake config files
[1.200s] Level 1:colcon.colcon_core.shell:create_environment_hook('robot_arm', 'cmake_prefix_path')
[1.200s] INFO:colcon.colcon_core.shell:Creating environment hook '/home/supan/RT/aisd/robot_arm_ws_dup/install/robot_arm/share/robot_arm/hook/cmake_prefix_path.ps1'
[1.201s] INFO:colcon.colcon_core.shell:Creating environment descriptor '/home/supan/RT/aisd/robot_arm_ws_dup/install/robot_arm/share/robot_arm/hook/cmake_prefix_path.dsv'
[1.201s] INFO:colcon.colcon_core.shell:Creating environment hook '/home/supan/RT/aisd/robot_arm_ws_dup/install/robot_arm/share/robot_arm/hook/cmake_prefix_path.sh'
[1.202s] Level 1:colcon.colcon_core.environment:checking '/home/supan/RT/aisd/robot_arm_ws_dup/install/robot_arm/bin'
[1.202s] Level 1:colcon.colcon_core.environment:checking '/home/supan/RT/aisd/robot_arm_ws_dup/install/robot_arm/lib/pkgconfig/robot_arm.pc'
[1.202s] Level 1:colcon.colcon_core.environment:checking '/home/supan/RT/aisd/robot_arm_ws_dup/install/robot_arm/lib/python3.10/site-packages'
[1.203s] Level 1:colcon.colcon_core.environment:checking '/home/supan/RT/aisd/robot_arm_ws_dup/install/robot_arm/bin'
[1.203s] INFO:colcon.colcon_core.shell:Creating package script '/home/supan/RT/aisd/robot_arm_ws_dup/install/robot_arm/share/robot_arm/package.ps1'
[1.204s] INFO:colcon.colcon_core.shell:Creating package descriptor '/home/supan/RT/aisd/robot_arm_ws_dup/install/robot_arm/share/robot_arm/package.dsv'
[1.204s] INFO:colcon.colcon_core.shell:Creating package script '/home/supan/RT/aisd/robot_arm_ws_dup/install/robot_arm/share/robot_arm/package.sh'
[1.205s] INFO:colcon.colcon_core.shell:Creating package script '/home/supan/RT/aisd/robot_arm_ws_dup/install/robot_arm/share/robot_arm/package.bash'
[1.205s] INFO:colcon.colcon_core.shell:Creating package script '/home/supan/RT/aisd/robot_arm_ws_dup/install/robot_arm/share/robot_arm/package.zsh'
[1.205s] Level 1:colcon.colcon_core.environment:create_file_with_runtime_dependencies(/home/supan/RT/aisd/robot_arm_ws_dup/install/robot_arm/share/colcon-core/packages/robot_arm)
[1.206s] Level 1:colcon.colcon_core.environment:create_environment_scripts_only(robot_arm)
[1.206s] Level 1:colcon.colcon_core.environment:checking '/home/supan/RT/aisd/robot_arm_ws_dup/install/robot_arm' for CMake module files
[1.207s] Level 1:colcon.colcon_core.environment:checking '/home/supan/RT/aisd/robot_arm_ws_dup/install/robot_arm' for CMake config files
[1.207s] Level 1:colcon.colcon_core.shell:create_environment_hook('robot_arm', 'cmake_prefix_path')
[1.208s] INFO:colcon.colcon_core.shell:Creating environment hook '/home/supan/RT/aisd/robot_arm_ws_dup/install/robot_arm/share/robot_arm/hook/cmake_prefix_path.ps1'
[1.208s] INFO:colcon.colcon_core.shell:Creating environment descriptor '/home/supan/RT/aisd/robot_arm_ws_dup/install/robot_arm/share/robot_arm/hook/cmake_prefix_path.dsv'
[1.209s] INFO:colcon.colcon_core.shell:Creating environment hook '/home/supan/RT/aisd/robot_arm_ws_dup/install/robot_arm/share/robot_arm/hook/cmake_prefix_path.sh'
[1.209s] Level 1:colcon.colcon_core.environment:checking '/home/supan/RT/aisd/robot_arm_ws_dup/install/robot_arm/bin'
[1.209s] Level 1:colcon.colcon_core.environment:checking '/home/supan/RT/aisd/robot_arm_ws_dup/install/robot_arm/lib/pkgconfig/robot_arm.pc'
[1.210s] Level 1:colcon.colcon_core.environment:checking '/home/supan/RT/aisd/robot_arm_ws_dup/install/robot_arm/lib/python3.10/site-packages'
[1.210s] Level 1:colcon.colcon_core.environment:checking '/home/supan/RT/aisd/robot_arm_ws_dup/install/robot_arm/bin'
[1.211s] INFO:colcon.colcon_core.shell:Creating package script '/home/supan/RT/aisd/robot_arm_ws_dup/install/robot_arm/share/robot_arm/package.ps1'
[1.211s] INFO:colcon.colcon_core.shell:Creating package descriptor '/home/supan/RT/aisd/robot_arm_ws_dup/install/robot_arm/share/robot_arm/package.dsv'
[1.212s] INFO:colcon.colcon_core.shell:Creating package script '/home/supan/RT/aisd/robot_arm_ws_dup/install/robot_arm/share/robot_arm/package.sh'
[1.213s] INFO:colcon.colcon_core.shell:Creating package script '/home/supan/RT/aisd/robot_arm_ws_dup/install/robot_arm/share/robot_arm/package.bash'
[1.213s] INFO:colcon.colcon_core.shell:Creating package script '/home/supan/RT/aisd/robot_arm_ws_dup/install/robot_arm/share/robot_arm/package.zsh'
[1.214s] Level 1:colcon.colcon_core.environment:create_file_with_runtime_dependencies(/home/supan/RT/aisd/robot_arm_ws_dup/install/robot_arm/share/colcon-core/packages/robot_arm)
[1.275s] Level 1:colcon.colcon_core.environment:checking '/home/supan/RT/aisd/robot_arm_ws_dup/install/con' for CMake module files
[1.275s] DEBUG:colcon.colcon_core.event_handler.log_command:Invoked command in '/home/supan/RT/aisd/robot_arm_ws_dup/src/con' returned '0': PYTHONPATH=/home/supan/RT/aisd/robot_arm_ws_dup/build/con/prefix_override:/usr/lib/python3/dist-packages/colcon_core/task/python/colcon_distutils_commands:/home/supan/RT/aisd/robot_arm_ws_dup/install/con/lib/python3.10/site-packages:${PYTHONPATH} /usr/bin/python3 -W ignore:setup.py install is deprecated -W ignore:easy_install command is deprecated setup.py egg_info --egg-base ../../build/con build --build-base /home/supan/RT/aisd/robot_arm_ws_dup/build/con/build install --record /home/supan/RT/aisd/robot_arm_ws_dup/build/con/install.log --single-version-externally-managed install_data
[1.276s] Level 1:colcon.colcon_core.environment:checking '/home/supan/RT/aisd/robot_arm_ws_dup/install/con' for CMake config files
[1.277s] Level 1:colcon.colcon_core.environment:checking '/home/supan/RT/aisd/robot_arm_ws_dup/install/con/lib'
[1.277s] Level 1:colcon.colcon_core.environment:checking '/home/supan/RT/aisd/robot_arm_ws_dup/install/con/bin'
[1.277s] Level 1:colcon.colcon_core.environment:checking '/home/supan/RT/aisd/robot_arm_ws_dup/install/con/lib/pkgconfig/con.pc'
[1.277s] Level 1:colcon.colcon_core.environment:checking '/home/supan/RT/aisd/robot_arm_ws_dup/install/con/lib/python3.10/site-packages'
[1.277s] Level 1:colcon.colcon_core.shell:create_environment_hook('con', 'pythonpath')
[1.277s] INFO:colcon.colcon_core.shell:Creating environment hook '/home/supan/RT/aisd/robot_arm_ws_dup/install/con/share/con/hook/pythonpath.ps1'
[1.278s] INFO:colcon.colcon_core.shell:Creating environment descriptor '/home/supan/RT/aisd/robot_arm_ws_dup/install/con/share/con/hook/pythonpath.dsv'
[1.278s] INFO:colcon.colcon_core.shell:Creating environment hook '/home/supan/RT/aisd/robot_arm_ws_dup/install/con/share/con/hook/pythonpath.sh'
[1.279s] Level 1:colcon.colcon_core.environment:checking '/home/supan/RT/aisd/robot_arm_ws_dup/install/con/bin'
[1.279s] Level 1:colcon.colcon_core.environment:create_environment_scripts_only(con)
[1.279s] INFO:colcon.colcon_core.shell:Creating package script '/home/supan/RT/aisd/robot_arm_ws_dup/install/con/share/con/package.ps1'
[1.280s] INFO:colcon.colcon_core.shell:Creating package descriptor '/home/supan/RT/aisd/robot_arm_ws_dup/install/con/share/con/package.dsv'
[1.280s] INFO:colcon.colcon_core.shell:Creating package script '/home/supan/RT/aisd/robot_arm_ws_dup/install/con/share/con/package.sh'
[1.280s] INFO:colcon.colcon_core.shell:Creating package script '/home/supan/RT/aisd/robot_arm_ws_dup/install/con/share/con/package.bash'
[1.280s] INFO:colcon.colcon_core.shell:Creating package script '/home/supan/RT/aisd/robot_arm_ws_dup/install/con/share/con/package.zsh'
[1.281s] Level 1:colcon.colcon_core.environment:create_file_with_runtime_dependencies(/home/supan/RT/aisd/robot_arm_ws_dup/install/con/share/colcon-core/packages/con)
[1.281s] DEBUG:colcon.colcon_parallel_executor.executor.parallel:closing loop
[1.281s] DEBUG:colcon.colcon_parallel_executor.executor.parallel:loop closed
[1.281s] DEBUG:colcon.colcon_parallel_executor.executor.parallel:run_until_complete finished with '0'
[1.281s] DEBUG:colcon.colcon_core.event_reactor:joining thread
[1.285s] INFO:colcon.colcon_core.plugin_system:Skipping extension 'colcon_notification.desktop_notification.terminal_notifier': Not used on non-Darwin systems
[1.285s] INFO:colcon.colcon_core.plugin_system:Skipping extension 'colcon_notification.desktop_notification.win32': Not used on non-Windows systems
[1.285s] INFO:colcon.colcon_notification.desktop_notification:Sending desktop notification using 'notify2'
[1.294s] DEBUG:colcon.colcon_core.event_reactor:joined thread
[1.295s] INFO:colcon.colcon_core.shell:Creating prefix script '/home/supan/RT/aisd/robot_arm_ws_dup/install/local_setup.ps1'
[1.296s] INFO:colcon.colcon_core.shell:Creating prefix util module '/home/supan/RT/aisd/robot_arm_ws_dup/install/_local_setup_util_ps1.py'
[1.298s] INFO:colcon.colcon_core.shell:Creating prefix chain script '/home/supan/RT/aisd/robot_arm_ws_dup/install/setup.ps1'
[1.301s] INFO:colcon.colcon_core.shell:Creating prefix script '/home/supan/RT/aisd/robot_arm_ws_dup/install/local_setup.sh'
[1.302s] INFO:colcon.colcon_core.shell:Creating prefix util module '/home/supan/RT/aisd/robot_arm_ws_dup/install/_local_setup_util_sh.py'
[1.302s] INFO:colcon.colcon_core.shell:Creating prefix chain script '/home/supan/RT/aisd/robot_arm_ws_dup/install/setup.sh'
[1.304s] INFO:colcon.colcon_core.shell:Creating prefix script '/home/supan/RT/aisd/robot_arm_ws_dup/install/local_setup.bash'
[1.305s] INFO:colcon.colcon_core.shell:Creating prefix chain script '/home/supan/RT/aisd/robot_arm_ws_dup/install/setup.bash'
[1.306s] INFO:colcon.colcon_core.shell:Creating prefix script '/home/supan/RT/aisd/robot_arm_ws_dup/install/local_setup.zsh'
[1.307s] INFO:colcon.colcon_core.shell:Creating prefix chain script '/home/supan/RT/aisd/robot_arm_ws_dup/install/setup.zsh'
