[0.464s] Invoking command in '/home/supan/RT/aisd/robot_arm_ws_dup/src/con': PYTHONPATH=/home/supan/RT/aisd/robot_arm_ws_dup/build/con/prefix_override:/usr/lib/python3/dist-packages/colcon_core/task/python/colcon_distutils_commands:/home/supan/RT/aisd/robot_arm_ws_dup/install/con/lib/python3.10/site-packages:${PYTHONPATH} /usr/bin/python3 -W ignore:setup.py install is deprecated -W ignore:easy_install command is deprecated setup.py egg_info --egg-base ../../build/con build --build-base /home/supan/RT/aisd/robot_arm_ws_dup/build/con/build install --record /home/supan/RT/aisd/robot_arm_ws_dup/build/con/install.log --single-version-externally-managed install_data
[0.634s] running egg_info
[0.634s] writing ../../build/con/con.egg-info/PKG-INFO
[0.635s] writing dependency_links to ../../build/con/con.egg-info/dependency_links.txt
[0.635s] writing entry points to ../../build/con/con.egg-info/entry_points.txt
[0.635s] writing requirements to ../../build/con/con.egg-info/requires.txt
[0.635s] writing top-level names to ../../build/con/con.egg-info/top_level.txt
[0.636s] reading manifest file '../../build/con/con.egg-info/SOURCES.txt'
[0.636s] adding license file 'LICENSE'
[0.636s] writing manifest file '../../build/con/con.egg-info/SOURCES.txt'
[0.636s] running build
[0.636s] running build_py
[0.636s] copying con/cli.py -> /home/supan/RT/aisd/robot_arm_ws_dup/build/con/build/lib/con
[0.637s] running install
[0.637s] running install_lib
[0.637s] copying /home/supan/RT/aisd/robot_arm_ws_dup/build/con/build/lib/con/cli.py -> /home/supan/RT/aisd/robot_arm_ws_dup/install/con/lib/python3.10/site-packages/con
[0.638s] byte-compiling /home/supan/RT/aisd/robot_arm_ws_dup/install/con/lib/python3.10/site-packages/con/cli.py to cli.cpython-310.pyc
[0.638s] running install_data
[0.638s] running install_egg_info
[0.639s] removing '/home/supan/RT/aisd/robot_arm_ws_dup/install/con/lib/python3.10/site-packages/con-0.0.0-py3.10.egg-info' (and everything under it)
[0.639s] Copying ../../build/con/con.egg-info to /home/supan/RT/aisd/robot_arm_ws_dup/install/con/lib/python3.10/site-packages/con-0.0.0-py3.10.egg-info
[0.640s] running install_scripts
[0.653s] Installing cli script to /home/supan/RT/aisd/robot_arm_ws_dup/install/con/lib/con
[0.653s] Installing ee script to /home/supan/RT/aisd/robot_arm_ws_dup/install/con/lib/con
[0.653s] writing list of installed files to '/home/supan/RT/aisd/robot_arm_ws_dup/build/con/install.log'
[0.672s] Invoked command in '/home/supan/RT/aisd/robot_arm_ws_dup/src/con' returned '0': PYTHONPATH=/home/supan/RT/aisd/robot_arm_ws_dup/build/con/prefix_override:/usr/lib/python3/dist-packages/colcon_core/task/python/colcon_distutils_commands:/home/supan/RT/aisd/robot_arm_ws_dup/install/con/lib/python3.10/site-packages:${PYTHONPATH} /usr/bin/python3 -W ignore:setup.py install is deprecated -W ignore:easy_install command is deprecated setup.py egg_info --egg-base ../../build/con build --build-base /home/supan/RT/aisd/robot_arm_ws_dup/build/con/build install --record /home/supan/RT/aisd/robot_arm_ws_dup/build/con/install.log --single-version-externally-managed install_data
