[0.547s] Invoking command in '/home/supan/RT/aisd/a3/build/model': PYTHONPATH=/home/supan/RT/aisd/a3/build/model/prefix_override:/usr/lib/python3/dist-packages/colcon_core/task/python/colcon_distutils_commands:/home/supan/RT/aisd/a3/install/model/lib/python3.10/site-packages:${PYTHONPATH} /usr/bin/python3 -W ignore:setup.py install is deprecated -W ignore:easy_install command is deprecated setup.py develop --uninstall --editable --build-directory /home/supan/RT/aisd/a3/build/model/build
[0.741s] running develop
[0.854s] Removing /home/supan/RT/aisd/a3/install/model/lib/python3.10/site-packages/model.egg-link (link to .)
[0.878s] Invoked command in '/home/supan/RT/aisd/a3/build/model' returned '0': PYTHONPATH=/home/supan/RT/aisd/a3/build/model/prefix_override:/usr/lib/python3/dist-packages/colcon_core/task/python/colcon_distutils_commands:/home/supan/RT/aisd/a3/install/model/lib/python3.10/site-packages:${PYTHONPATH} /usr/bin/python3 -W ignore:setup.py install is deprecated -W ignore:easy_install command is deprecated setup.py develop --uninstall --editable --build-directory /home/supan/RT/aisd/a3/build/model/build
[0.880s] Invoking command in '/home/supan/RT/aisd/a3/src/model': PYTHONPATH=/home/supan/RT/aisd/a3/build/model/prefix_override:/usr/lib/python3/dist-packages/colcon_core/task/python/colcon_distutils_commands:/home/supan/RT/aisd/a3/install/model/lib/python3.10/site-packages:${PYTHONPATH} /usr/bin/python3 -W ignore:setup.py install is deprecated -W ignore:easy_install command is deprecated setup.py egg_info --egg-base ../../build/model build --build-base /home/supan/RT/aisd/a3/build/model/build install --record /home/supan/RT/aisd/a3/build/model/install.log --single-version-externally-managed install_data --force
[1.064s] running egg_info
[1.064s] writing ../../build/model/model.egg-info/PKG-INFO
[1.064s] writing dependency_links to ../../build/model/model.egg-info/dependency_links.txt
[1.064s] writing entry points to ../../build/model/model.egg-info/entry_points.txt
[1.065s] writing requirements to ../../build/model/model.egg-info/requires.txt
[1.065s] writing top-level names to ../../build/model/model.egg-info/top_level.txt
[1.066s] reading manifest file '../../build/model/model.egg-info/SOURCES.txt'
[1.066s] adding license file 'LICENSE'
[1.066s] writing manifest file '../../build/model/model.egg-info/SOURCES.txt'
[1.066s] running build
[1.066s] running build_py
[1.067s] creating /home/supan/RT/aisd/a3/build/model/build
[1.067s] creating /home/supan/RT/aisd/a3/build/model/build/lib
[1.067s] creating /home/supan/RT/aisd/a3/build/model/build/lib/model
[1.067s] copying model/__init__.py -> /home/supan/RT/aisd/a3/build/model/build/lib/model
[1.067s] copying model/md.py -> /home/supan/RT/aisd/a3/build/model/build/lib/model
[1.067s] running install
[1.067s] running install_lib
[1.068s] creating /home/supan/RT/aisd/a3/install/model/lib/python3.10/site-packages/model
[1.068s] copying /home/supan/RT/aisd/a3/build/model/build/lib/model/__init__.py -> /home/supan/RT/aisd/a3/install/model/lib/python3.10/site-packages/model
[1.068s] copying /home/supan/RT/aisd/a3/build/model/build/lib/model/md.py -> /home/supan/RT/aisd/a3/install/model/lib/python3.10/site-packages/model
[1.068s] byte-compiling /home/supan/RT/aisd/a3/install/model/lib/python3.10/site-packages/model/__init__.py to __init__.cpython-310.pyc
[1.068s] byte-compiling /home/supan/RT/aisd/a3/install/model/lib/python3.10/site-packages/model/md.py to md.cpython-310.pyc
[1.068s] running install_data
[1.068s] copying resource/model -> /home/supan/RT/aisd/a3/install/model/share/ament_index/resource_index/packages
[1.068s] copying package.xml -> /home/supan/RT/aisd/a3/install/model/share/model
[1.068s] running install_egg_info
[1.070s] Copying ../../build/model/model.egg-info to /home/supan/RT/aisd/a3/install/model/lib/python3.10/site-packages/model-0.0.0-py3.10.egg-info
[1.070s] running install_scripts
[1.086s] writing list of installed files to '/home/supan/RT/aisd/a3/build/model/install.log'
[1.105s] Invoked command in '/home/supan/RT/aisd/a3/src/model' returned '0': PYTHONPATH=/home/supan/RT/aisd/a3/build/model/prefix_override:/usr/lib/python3/dist-packages/colcon_core/task/python/colcon_distutils_commands:/home/supan/RT/aisd/a3/install/model/lib/python3.10/site-packages:${PYTHONPATH} /usr/bin/python3 -W ignore:setup.py install is deprecated -W ignore:easy_install command is deprecated setup.py egg_info --egg-base ../../build/model build --build-base /home/supan/RT/aisd/a3/build/model/build install --record /home/supan/RT/aisd/a3/build/model/install.log --single-version-externally-managed install_data --force
