/home/supan/RT/aisd/robot_arm_ws_dup/install/con/lib/python3.10/site-packages/con/imudata.py
/home/supan/RT/aisd/robot_arm_ws_dup/install/con/lib/python3.10/site-packages/con/ee.py
/home/supan/RT/aisd/robot_arm_ws_dup/install/con/lib/python3.10/site-packages/con/__init__.py
/home/supan/RT/aisd/robot_arm_ws_dup/install/con/lib/python3.10/site-packages/con/cli.py
/home/supan/RT/aisd/robot_arm_ws_dup/install/con/lib/python3.10/site-packages/con/__pycache__/imudata.cpython-310.pyc
/home/supan/RT/aisd/robot_arm_ws_dup/install/con/lib/python3.10/site-packages/con/__pycache__/ee.cpython-310.pyc
/home/supan/RT/aisd/robot_arm_ws_dup/install/con/lib/python3.10/site-packages/con/__pycache__/__init__.cpython-310.pyc
/home/supan/RT/aisd/robot_arm_ws_dup/install/con/lib/python3.10/site-packages/con/__pycache__/cli.cpython-310.pyc
/home/supan/RT/aisd/robot_arm_ws_dup/install/con/share/ament_index/resource_index/packages/con
/home/supan/RT/aisd/robot_arm_ws_dup/install/con/share/con/package.xml
/home/supan/RT/aisd/robot_arm_ws_dup/install/con/lib/python3.10/site-packages/con-0.0.0-py3.10.egg-info/entry_points.txt
/home/supan/RT/aisd/robot_arm_ws_dup/install/con/lib/python3.10/site-packages/con-0.0.0-py3.10.egg-info/zip-safe
/home/supan/RT/aisd/robot_arm_ws_dup/install/con/lib/python3.10/site-packages/con-0.0.0-py3.10.egg-info/top_level.txt
/home/supan/RT/aisd/robot_arm_ws_dup/install/con/lib/python3.10/site-packages/con-0.0.0-py3.10.egg-info/requires.txt
/home/supan/RT/aisd/robot_arm_ws_dup/install/con/lib/python3.10/site-packages/con-0.0.0-py3.10.egg-info/PKG-INFO
/home/supan/RT/aisd/robot_arm_ws_dup/install/con/lib/python3.10/site-packages/con-0.0.0-py3.10.egg-info/dependency_links.txt
/home/supan/RT/aisd/robot_arm_ws_dup/install/con/lib/python3.10/site-packages/con-0.0.0-py3.10.egg-info/SOURCES.txt
/home/supan/RT/aisd/robot_arm_ws_dup/install/con/lib/con/cli
/home/supan/RT/aisd/robot_arm_ws_dup/install/con/lib/con/ee
/home/supan/RT/aisd/robot_arm_ws_dup/install/con/lib/con/id
