/home/supan/RT/aisd/a1/install/smo/lib/python3.10/site-packages/smo/client_node.py
/home/supan/RT/aisd/a1/install/smo/lib/python3.10/site-packages/smo/__init__.py
/home/supan/RT/aisd/a1/install/smo/lib/python3.10/site-packages/smo/smo_node.py
/home/supan/RT/aisd/a1/install/smo/lib/python3.10/site-packages/smo/marker.py
/home/supan/RT/aisd/a1/install/smo/lib/python3.10/site-packages/smo/__pycache__/client_node.cpython-310.pyc
/home/supan/RT/aisd/a1/install/smo/lib/python3.10/site-packages/smo/__pycache__/__init__.cpython-310.pyc
/home/supan/RT/aisd/a1/install/smo/lib/python3.10/site-packages/smo/__pycache__/smo_node.cpython-310.pyc
/home/supan/RT/aisd/a1/install/smo/lib/python3.10/site-packages/smo/__pycache__/marker.cpython-310.pyc
/home/supan/RT/aisd/a1/install/smo/share/ament_index/resource_index/packages/smo
/home/supan/RT/aisd/a1/install/smo/share/smo/package.xml
/home/supan/RT/aisd/a1/install/smo/lib/python3.10/site-packages/smo-0.0.0-py3.10.egg-info/entry_points.txt
/home/supan/RT/aisd/a1/install/smo/lib/python3.10/site-packages/smo-0.0.0-py3.10.egg-info/zip-safe
/home/supan/RT/aisd/a1/install/smo/lib/python3.10/site-packages/smo-0.0.0-py3.10.egg-info/top_level.txt
/home/supan/RT/aisd/a1/install/smo/lib/python3.10/site-packages/smo-0.0.0-py3.10.egg-info/requires.txt
/home/supan/RT/aisd/a1/install/smo/lib/python3.10/site-packages/smo-0.0.0-py3.10.egg-info/PKG-INFO
/home/supan/RT/aisd/a1/install/smo/lib/python3.10/site-packages/smo-0.0.0-py3.10.egg-info/dependency_links.txt
/home/supan/RT/aisd/a1/install/smo/lib/python3.10/site-packages/smo-0.0.0-py3.10.egg-info/SOURCES.txt
/home/supan/RT/aisd/a1/install/smo/lib/smo/cl
/home/supan/RT/aisd/a1/install/smo/lib/smo/ma
/home/supan/RT/aisd/a1/install/smo/lib/smo/sm
