[0.020s] Invoking command in '/home/supan/RT/aisd/robot_arm_ws_dup/build/anint': CMAKE_PREFIX_PATH=${CMAKE_PREFIX_PATH}:/home/supan/RT/sim/install/eufs_launcher:/home/supan/RT/sim/install/eufs_tracks:/home/supan/RT/sim/install/eufs_rqt:/home/supan/RT/sim/install/eufs_racecar:/opt/ros/humble /usr/bin/cmake /home/supan/RT/aisd/robot_arm_ws_dup/src/anint -DCMAKE_INSTALL_PREFIX=/home/supan/RT/aisd/robot_arm_ws_dup/install/anint
[0.206s] -- Found ament_cmake: 1.3.11 (/opt/ros/humble/share/ament_cmake/cmake)
[0.206s] -- Override CMake install command with custom implementation using symlinks instead of copying resources
[0.206s] -- Found rosidl_default_generators: 1.2.0 (/opt/ros/humble/share/rosidl_default_generators/cmake)
[0.206s] -- Using all available rosidl_typesupport_c: rosidl_typesupport_fastrtps_c;rosidl_typesupport_introspection_c
[0.206s] -- Found rosidl_adapter: 3.1.6 (/opt/ros/humble/share/rosidl_adapter/cmake)
[0.206s] -- Using all available rosidl_typesupport_cpp: rosidl_typesupport_fastrtps_cpp;rosidl_typesupport_introspection_cpp
[0.431s] -- Found ament_cmake_ros: 0.10.0 (/opt/ros/humble/share/ament_cmake_ros/cmake)
[0.601s] -- Using all available rosidl_typesupport_c: rosidl_typesupport_fastrtps_c;rosidl_typesupport_introspection_c
[0.819s] -- Using all available rosidl_typesupport_cpp: rosidl_typesupport_fastrtps_cpp;rosidl_typesupport_introspection_cpp
[0.839s] -- Found python_cmake_module: 0.10.0 (/opt/ros/humble/share/python_cmake_module/cmake)
[0.860s] -- Using PYTHON_EXECUTABLE: /usr/bin/python3
[0.860s] -- Using PYTHON_INCLUDE_DIRS: /usr/include/python3.10
[0.860s] -- Using PYTHON_LIBRARIES: /usr/lib/x86_64-linux-gnu/libpython3.10.so
[0.873s] -- Found ament_lint_auto: 0.12.11 (/opt/ros/humble/share/ament_lint_auto/cmake)
[0.881s] -- Added test 'lint_cmake' to check CMake code style
[0.882s] -- Added test 'xmllint' to check XML markup files
[0.883s] -- Configuring done
[0.915s] -- Generating done
[0.927s] -- Build files have been written to: /home/supan/RT/aisd/robot_arm_ws_dup/build/anint
[0.933s] Invoked command in '/home/supan/RT/aisd/robot_arm_ws_dup/build/anint' returned '0': CMAKE_PREFIX_PATH=${CMAKE_PREFIX_PATH}:/home/supan/RT/sim/install/eufs_launcher:/home/supan/RT/sim/install/eufs_tracks:/home/supan/RT/sim/install/eufs_rqt:/home/supan/RT/sim/install/eufs_racecar:/opt/ros/humble /usr/bin/cmake /home/supan/RT/aisd/robot_arm_ws_dup/src/anint -DCMAKE_INSTALL_PREFIX=/home/supan/RT/aisd/robot_arm_ws_dup/install/anint
[0.934s] Invoking command in '/home/supan/RT/aisd/robot_arm_ws_dup/build/anint': CMAKE_PREFIX_PATH=${CMAKE_PREFIX_PATH}:/home/supan/RT/sim/install/eufs_launcher:/home/supan/RT/sim/install/eufs_tracks:/home/supan/RT/sim/install/eufs_rqt:/home/supan/RT/sim/install/eufs_racecar:/opt/ros/humble /usr/bin/cmake --build /home/supan/RT/aisd/robot_arm_ws_dup/build/anint -- -j12 -l12
[0.972s] [35m[1mConsolidate compiler generated dependencies of target anint__rosidl_generator_c[0m
[0.977s] [  3%] Built target anint__cpp
[0.983s] [ 12%] Built target anint__rosidl_generator_c
[0.984s] [35m[1mConsolidate compiler generated dependencies of target anint__rosidl_typesupport_cpp[0m
[0.985s] [ 12%] Built target ament_cmake_python_symlink_anint
[0.985s] [35m[1mConsolidate compiler generated dependencies of target anint__rosidl_typesupport_fastrtps_cpp[0m
[0.989s] [35m[1mConsolidate compiler generated dependencies of target anint__rosidl_typesupport_introspection_cpp[0m
[0.992s] [35m[1mConsolidate compiler generated dependencies of target anint__rosidl_typesupport_c[0m
[0.992s] [35m[1mConsolidate compiler generated dependencies of target anint__rosidl_typesupport_fastrtps_c[0m
[0.996s] [35m[1mConsolidate compiler generated dependencies of target anint__rosidl_typesupport_introspection_c[0m
[0.999s] [ 22%] Built target anint__rosidl_typesupport_cpp
[0.999s] [ 32%] Built target anint__rosidl_typesupport_fastrtps_cpp
[1.003s] [ 41%] Built target anint__rosidl_typesupport_c
[1.004s] [ 51%] Built target anint__rosidl_typesupport_introspection_cpp
[1.006s] [ 61%] Built target anint__rosidl_typesupport_fastrtps_c
[1.010s] [ 70%] Built target anint__rosidl_typesupport_introspection_c
[1.039s] [ 70%] Built target anint
[1.062s] [ 74%] Built target anint__py
[1.073s] [35m[1mConsolidate compiler generated dependencies of target anint__rosidl_generator_py[0m
[1.089s] [ 80%] Built target anint__rosidl_generator_py
[1.100s] [35m[1mConsolidate compiler generated dependencies of target anint__rosidl_typesupport_introspection_c__pyext[0m
[1.100s] [35m[1mConsolidate compiler generated dependencies of target anint__rosidl_typesupport_c__pyext[0m
[1.104s] [35m[1mConsolidate compiler generated dependencies of target anint__rosidl_typesupport_fastrtps_c__pyext[0m
[1.114s] [ 87%] Built target anint__rosidl_typesupport_c__pyext
[1.114s] [ 93%] Built target anint__rosidl_typesupport_introspection_c__pyext
[1.125s] [100%] Built target anint__rosidl_typesupport_fastrtps_c__pyext
[1.229s] running egg_info
[1.230s] writing anint.egg-info/PKG-INFO
[1.230s] writing dependency_links to anint.egg-info/dependency_links.txt
[1.230s] writing top-level names to anint.egg-info/top_level.txt
[1.231s] reading manifest file 'anint.egg-info/SOURCES.txt'
[1.238s] writing manifest file 'anint.egg-info/SOURCES.txt'
[1.259s] [100%] Built target ament_cmake_python_build_anint_egg
[1.270s] Invoked command in '/home/supan/RT/aisd/robot_arm_ws_dup/build/anint' returned '0': CMAKE_PREFIX_PATH=${CMAKE_PREFIX_PATH}:/home/supan/RT/sim/install/eufs_launcher:/home/supan/RT/sim/install/eufs_tracks:/home/supan/RT/sim/install/eufs_rqt:/home/supan/RT/sim/install/eufs_racecar:/opt/ros/humble /usr/bin/cmake --build /home/supan/RT/aisd/robot_arm_ws_dup/build/anint -- -j12 -l12
[1.272s] Invoking command in '/home/supan/RT/aisd/robot_arm_ws_dup/build/anint': CMAKE_PREFIX_PATH=${CMAKE_PREFIX_PATH}:/home/supan/RT/sim/install/eufs_launcher:/home/supan/RT/sim/install/eufs_tracks:/home/supan/RT/sim/install/eufs_rqt:/home/supan/RT/sim/install/eufs_racecar:/opt/ros/humble /usr/bin/cmake --install /home/supan/RT/aisd/robot_arm_ws_dup/build/anint
[1.283s] -- Install configuration: ""
[1.284s] -- Execute custom install script
[1.284s] -- Up-to-date symlink: /home/supan/RT/aisd/robot_arm_ws_dup/install/anint/share/ament_index/resource_index/rosidl_interfaces/anint
[1.284s] -- Up-to-date symlink: /home/supan/RT/aisd/robot_arm_ws_dup/install/anint/include/anint/anint/msg/rosidl_generator_c__visibility_control.h
[1.284s] -- Up-to-date symlink: /home/supan/RT/aisd/robot_arm_ws_dup/install/anint/include/anint/anint/srv/ang.h
[1.284s] -- Up-to-date symlink: /home/supan/RT/aisd/robot_arm_ws_dup/install/anint/include/anint/anint/srv/detail/ang__functions.h
[1.284s] -- Up-to-date symlink: /home/supan/RT/aisd/robot_arm_ws_dup/install/anint/include/anint/anint/srv/detail/ang__struct.h
[1.285s] -- Up-to-date symlink: /home/supan/RT/aisd/robot_arm_ws_dup/install/anint/include/anint/anint/srv/detail/ang__type_support.h
[1.285s] -- Up-to-date symlink: /home/supan/RT/aisd/robot_arm_ws_dup/install/anint/share/anint/environment/library_path.sh
[1.285s] -- Up-to-date symlink: /home/supan/RT/aisd/robot_arm_ws_dup/install/anint/share/anint/environment/library_path.dsv
[1.285s] -- Up-to-date symlink: /home/supan/RT/aisd/robot_arm_ws_dup/install/anint/include/anint/anint/msg/rosidl_typesupport_fastrtps_c__visibility_control.h
[1.285s] -- Up-to-date symlink: /home/supan/RT/aisd/robot_arm_ws_dup/install/anint/include/anint/anint/srv/detail/ang__rosidl_typesupport_fastrtps_c.h
[1.285s] -- Up-to-date symlink: /home/supan/RT/aisd/robot_arm_ws_dup/install/anint/include/anint/anint/msg/rosidl_typesupport_introspection_c__visibility_control.h
[1.286s] -- Up-to-date symlink: /home/supan/RT/aisd/robot_arm_ws_dup/install/anint/include/anint/anint/srv/detail/ang__rosidl_typesupport_introspection_c.h
[1.286s] -- Up-to-date symlink: /home/supan/RT/aisd/robot_arm_ws_dup/install/anint/include/anint/anint/msg/rosidl_generator_cpp__visibility_control.hpp
[1.286s] -- Up-to-date symlink: /home/supan/RT/aisd/robot_arm_ws_dup/install/anint/include/anint/anint/srv/ang.hpp
[1.286s] -- Up-to-date symlink: /home/supan/RT/aisd/robot_arm_ws_dup/install/anint/include/anint/anint/srv/detail/ang__builder.hpp
[1.286s] -- Up-to-date symlink: /home/supan/RT/aisd/robot_arm_ws_dup/install/anint/include/anint/anint/srv/detail/ang__struct.hpp
[1.286s] -- Up-to-date symlink: /home/supan/RT/aisd/robot_arm_ws_dup/install/anint/include/anint/anint/srv/detail/ang__traits.hpp
[1.286s] -- Up-to-date symlink: /home/supan/RT/aisd/robot_arm_ws_dup/install/anint/include/anint/anint/srv/detail/ang__type_support.hpp
[1.286s] -- Up-to-date symlink: /home/supan/RT/aisd/robot_arm_ws_dup/install/anint/include/anint/anint/msg/rosidl_typesupport_fastrtps_cpp__visibility_control.h
[1.287s] -- Up-to-date symlink: /home/supan/RT/aisd/robot_arm_ws_dup/install/anint/include/anint/anint/srv/detail/ang__rosidl_typesupport_fastrtps_cpp.hpp
[1.287s] -- Up-to-date symlink: /home/supan/RT/aisd/robot_arm_ws_dup/install/anint/include/anint/anint/srv/detail/ang__rosidl_typesupport_introspection_cpp.hpp
[1.287s] -- Up-to-date symlink: /home/supan/RT/aisd/robot_arm_ws_dup/install/anint/share/anint/environment/pythonpath.sh
[1.287s] -- Up-to-date symlink: /home/supan/RT/aisd/robot_arm_ws_dup/install/anint/share/anint/environment/pythonpath.dsv
[1.287s] -- Up-to-date symlink: /home/supan/RT/aisd/robot_arm_ws_dup/install/anint/local/lib/python3.10/dist-packages/anint-0.0.0-py3.10.egg-info/PKG-INFO
[1.287s] -- Up-to-date symlink: /home/supan/RT/aisd/robot_arm_ws_dup/install/anint/local/lib/python3.10/dist-packages/anint-0.0.0-py3.10.egg-info/SOURCES.txt
[1.287s] -- Up-to-date symlink: /home/supan/RT/aisd/robot_arm_ws_dup/install/anint/local/lib/python3.10/dist-packages/anint-0.0.0-py3.10.egg-info/dependency_links.txt
[1.287s] -- Up-to-date symlink: /home/supan/RT/aisd/robot_arm_ws_dup/install/anint/local/lib/python3.10/dist-packages/anint-0.0.0-py3.10.egg-info/top_level.txt
[1.288s] -- Up-to-date symlink: /home/supan/RT/aisd/robot_arm_ws_dup/install/anint/local/lib/python3.10/dist-packages/anint/__init__.py
[1.288s] -- Up-to-date symlink: /home/supan/RT/aisd/robot_arm_ws_dup/install/anint/local/lib/python3.10/dist-packages/anint/_anint_s.ep.rosidl_typesupport_c.c
[1.288s] -- Up-to-date symlink: /home/supan/RT/aisd/robot_arm_ws_dup/install/anint/local/lib/python3.10/dist-packages/anint/_anint_s.ep.rosidl_typesupport_fastrtps_c.c
[1.288s] -- Up-to-date symlink: /home/supan/RT/aisd/robot_arm_ws_dup/install/anint/local/lib/python3.10/dist-packages/anint/_anint_s.ep.rosidl_typesupport_introspection_c.c
[1.288s] -- Up-to-date symlink: /home/supan/RT/aisd/robot_arm_ws_dup/install/anint/local/lib/python3.10/dist-packages/anint/anint_s__rosidl_typesupport_c.cpython-310-x86_64-linux-gnu.so
[1.288s] -- Up-to-date symlink: /home/supan/RT/aisd/robot_arm_ws_dup/install/anint/local/lib/python3.10/dist-packages/anint/anint_s__rosidl_typesupport_fastrtps_c.cpython-310-x86_64-linux-gnu.so
[1.288s] -- Up-to-date symlink: /home/supan/RT/aisd/robot_arm_ws_dup/install/anint/local/lib/python3.10/dist-packages/anint/anint_s__rosidl_typesupport_introspection_c.cpython-310-x86_64-linux-gnu.so
[1.288s] -- Up-to-date symlink: /home/supan/RT/aisd/robot_arm_ws_dup/install/anint/local/lib/python3.10/dist-packages/anint/libanint__rosidl_generator_py.so
[1.288s] -- Up-to-date symlink: /home/supan/RT/aisd/robot_arm_ws_dup/install/anint/local/lib/python3.10/dist-packages/anint/srv/__init__.py
[1.288s] -- Up-to-date symlink: /home/supan/RT/aisd/robot_arm_ws_dup/install/anint/local/lib/python3.10/dist-packages/anint/srv/_ang.py
[1.288s] -- Up-to-date symlink: /home/supan/RT/aisd/robot_arm_ws_dup/install/anint/local/lib/python3.10/dist-packages/anint/srv/_ang_s.c
[1.288s] -- Up-to-date symlink: /home/supan/RT/aisd/robot_arm_ws_dup/install/anint/local/lib/python3.10/dist-packages/anint/anint_s__rosidl_typesupport_fastrtps_c.cpython-310-x86_64-linux-gnu.so
[1.289s] -- Up-to-date symlink: /home/supan/RT/aisd/robot_arm_ws_dup/install/anint/local/lib/python3.10/dist-packages/anint/anint_s__rosidl_typesupport_introspection_c.cpython-310-x86_64-linux-gnu.so
[1.289s] -- Up-to-date symlink: /home/supan/RT/aisd/robot_arm_ws_dup/install/anint/local/lib/python3.10/dist-packages/anint/anint_s__rosidl_typesupport_c.cpython-310-x86_64-linux-gnu.so
[1.289s] -- Up-to-date symlink: /home/supan/RT/aisd/robot_arm_ws_dup/install/anint/share/anint/srv/Ang.idl
[1.289s] -- Up-to-date symlink: /home/supan/RT/aisd/robot_arm_ws_dup/install/anint/share/anint/srv/Ang.srv
[1.289s] -- Up-to-date symlink: /home/supan/RT/aisd/robot_arm_ws_dup/install/anint/share/anint/srv/Ang_Request.msg
[1.289s] -- Up-to-date symlink: /home/supan/RT/aisd/robot_arm_ws_dup/install/anint/share/anint/srv/Ang_Response.msg
[1.289s] -- Up-to-date symlink: /home/supan/RT/aisd/robot_arm_ws_dup/install/anint/share/ament_index/resource_index/package_run_dependencies/anint
[1.289s] -- Up-to-date symlink: /home/supan/RT/aisd/robot_arm_ws_dup/install/anint/share/ament_index/resource_index/parent_prefix_path/anint
[1.289s] -- Up-to-date symlink: /home/supan/RT/aisd/robot_arm_ws_dup/install/anint/share/anint/environment/ament_prefix_path.sh
[1.289s] -- Up-to-date symlink: /home/supan/RT/aisd/robot_arm_ws_dup/install/anint/share/anint/environment/ament_prefix_path.dsv
[1.289s] -- Up-to-date symlink: /home/supan/RT/aisd/robot_arm_ws_dup/install/anint/share/anint/environment/path.sh
[1.289s] -- Up-to-date symlink: /home/supan/RT/aisd/robot_arm_ws_dup/install/anint/share/anint/environment/path.dsv
[1.290s] -- Up-to-date symlink: /home/supan/RT/aisd/robot_arm_ws_dup/install/anint/share/anint/local_setup.bash
[1.290s] -- Up-to-date symlink: /home/supan/RT/aisd/robot_arm_ws_dup/install/anint/share/anint/local_setup.sh
[1.290s] -- Up-to-date symlink: /home/supan/RT/aisd/robot_arm_ws_dup/install/anint/share/anint/local_setup.zsh
[1.290s] -- Up-to-date symlink: /home/supan/RT/aisd/robot_arm_ws_dup/install/anint/share/anint/local_setup.dsv
[1.290s] -- Symlinking: /home/supan/RT/aisd/robot_arm_ws_dup/install/anint/share/anint/package.dsv
[1.296s] -- Up-to-date symlink: /home/supan/RT/aisd/robot_arm_ws_dup/install/anint/share/ament_index/resource_index/packages/anint
[1.296s] -- Up-to-date symlink: /home/supan/RT/aisd/robot_arm_ws_dup/install/anint/share/anint/cmake/rosidl_cmake-extras.cmake
[1.296s] -- Up-to-date symlink: /home/supan/RT/aisd/robot_arm_ws_dup/install/anint/share/anint/cmake/ament_cmake_export_include_directories-extras.cmake
[1.296s] -- Up-to-date symlink: /home/supan/RT/aisd/robot_arm_ws_dup/install/anint/share/anint/cmake/ament_cmake_export_libraries-extras.cmake
[1.296s] -- Up-to-date symlink: /home/supan/RT/aisd/robot_arm_ws_dup/install/anint/share/anint/cmake/ament_cmake_export_targets-extras.cmake
[1.296s] -- Up-to-date symlink: /home/supan/RT/aisd/robot_arm_ws_dup/install/anint/share/anint/cmake/rosidl_cmake_export_typesupport_targets-extras.cmake
[1.296s] -- Up-to-date symlink: /home/supan/RT/aisd/robot_arm_ws_dup/install/anint/share/anint/cmake/ament_cmake_export_dependencies-extras.cmake
[1.296s] -- Up-to-date symlink: /home/supan/RT/aisd/robot_arm_ws_dup/install/anint/share/anint/cmake/rosidl_cmake_export_typesupport_libraries-extras.cmake
[1.296s] -- Up-to-date symlink: /home/supan/RT/aisd/robot_arm_ws_dup/install/anint/share/anint/cmake/anintConfig.cmake
[1.296s] -- Up-to-date symlink: /home/supan/RT/aisd/robot_arm_ws_dup/install/anint/share/anint/cmake/anintConfig-version.cmake
[1.296s] -- Up-to-date symlink: /home/supan/RT/aisd/robot_arm_ws_dup/install/anint/share/anint/package.xml
[1.297s] -- Up-to-date: /home/supan/RT/aisd/robot_arm_ws_dup/install/anint/lib/libanint__rosidl_generator_c.so
[1.297s] -- Up-to-date: /home/supan/RT/aisd/robot_arm_ws_dup/install/anint/lib/libanint__rosidl_typesupport_fastrtps_c.so
[1.297s] -- Up-to-date: /home/supan/RT/aisd/robot_arm_ws_dup/install/anint/lib/libanint__rosidl_typesupport_introspection_c.so
[1.298s] -- Up-to-date: /home/supan/RT/aisd/robot_arm_ws_dup/install/anint/lib/libanint__rosidl_typesupport_c.so
[1.298s] -- Up-to-date: /home/supan/RT/aisd/robot_arm_ws_dup/install/anint/lib/libanint__rosidl_typesupport_fastrtps_cpp.so
[1.298s] -- Up-to-date: /home/supan/RT/aisd/robot_arm_ws_dup/install/anint/lib/libanint__rosidl_typesupport_introspection_cpp.so
[1.299s] -- Up-to-date: /home/supan/RT/aisd/robot_arm_ws_dup/install/anint/lib/libanint__rosidl_typesupport_cpp.so
[1.326s] Listing '/home/supan/RT/aisd/robot_arm_ws_dup/install/anint/local/lib/python3.10/dist-packages/anint'...
[1.326s] Compiling '/home/supan/RT/aisd/robot_arm_ws_dup/install/anint/local/lib/python3.10/dist-packages/anint/__init__.py'...
[1.326s] Listing '/home/supan/RT/aisd/robot_arm_ws_dup/install/anint/local/lib/python3.10/dist-packages/anint/srv'...
[1.330s] -- Up-to-date: /home/supan/RT/aisd/robot_arm_ws_dup/install/anint/lib/libanint__rosidl_generator_py.so
[1.330s] -- Up-to-date: /home/supan/RT/aisd/robot_arm_ws_dup/install/anint/share/anint/cmake/export_anint__rosidl_generator_cExport.cmake
[1.330s] -- Up-to-date: /home/supan/RT/aisd/robot_arm_ws_dup/install/anint/share/anint/cmake/export_anint__rosidl_generator_cExport-noconfig.cmake
[1.330s] -- Up-to-date: /home/supan/RT/aisd/robot_arm_ws_dup/install/anint/share/anint/cmake/export_anint__rosidl_typesupport_fastrtps_cExport.cmake
[1.330s] -- Up-to-date: /home/supan/RT/aisd/robot_arm_ws_dup/install/anint/share/anint/cmake/export_anint__rosidl_typesupport_fastrtps_cExport-noconfig.cmake
[1.330s] -- Up-to-date: /home/supan/RT/aisd/robot_arm_ws_dup/install/anint/share/anint/cmake/anint__rosidl_typesupport_introspection_cExport.cmake
[1.330s] -- Up-to-date: /home/supan/RT/aisd/robot_arm_ws_dup/install/anint/share/anint/cmake/anint__rosidl_typesupport_introspection_cExport-noconfig.cmake
[1.331s] -- Up-to-date: /home/supan/RT/aisd/robot_arm_ws_dup/install/anint/share/anint/cmake/anint__rosidl_typesupport_cExport.cmake
[1.331s] -- Up-to-date: /home/supan/RT/aisd/robot_arm_ws_dup/install/anint/share/anint/cmake/anint__rosidl_typesupport_cExport-noconfig.cmake
[1.331s] -- Up-to-date: /home/supan/RT/aisd/robot_arm_ws_dup/install/anint/share/anint/cmake/export_anint__rosidl_generator_cppExport.cmake
[1.331s] -- Up-to-date: /home/supan/RT/aisd/robot_arm_ws_dup/install/anint/share/anint/cmake/export_anint__rosidl_typesupport_fastrtps_cppExport.cmake
[1.331s] -- Up-to-date: /home/supan/RT/aisd/robot_arm_ws_dup/install/anint/share/anint/cmake/export_anint__rosidl_typesupport_fastrtps_cppExport-noconfig.cmake
[1.331s] -- Up-to-date: /home/supan/RT/aisd/robot_arm_ws_dup/install/anint/share/anint/cmake/anint__rosidl_typesupport_introspection_cppExport.cmake
[1.331s] -- Up-to-date: /home/supan/RT/aisd/robot_arm_ws_dup/install/anint/share/anint/cmake/anint__rosidl_typesupport_introspection_cppExport-noconfig.cmake
[1.331s] -- Up-to-date: /home/supan/RT/aisd/robot_arm_ws_dup/install/anint/share/anint/cmake/anint__rosidl_typesupport_cppExport.cmake
[1.331s] -- Up-to-date: /home/supan/RT/aisd/robot_arm_ws_dup/install/anint/share/anint/cmake/anint__rosidl_typesupport_cppExport-noconfig.cmake
[1.331s] -- Up-to-date: /home/supan/RT/aisd/robot_arm_ws_dup/install/anint/share/anint/cmake/export_anint__rosidl_generator_pyExport.cmake
[1.331s] -- Up-to-date: /home/supan/RT/aisd/robot_arm_ws_dup/install/anint/share/anint/cmake/export_anint__rosidl_generator_pyExport-noconfig.cmake
[1.333s] Invoked command in '/home/supan/RT/aisd/robot_arm_ws_dup/build/anint' returned '0': CMAKE_PREFIX_PATH=${CMAKE_PREFIX_PATH}:/home/supan/RT/sim/install/eufs_launcher:/home/supan/RT/sim/install/eufs_tracks:/home/supan/RT/sim/install/eufs_rqt:/home/supan/RT/sim/install/eufs_racecar:/opt/ros/humble /usr/bin/cmake --install /home/supan/RT/aisd/robot_arm_ws_dup/build/anint
