[0.079s] DEBUG:colcon:Command line arguments: ['/usr/bin/colcon', 'build']
[0.079s] DEBUG:colcon:Parsed command line arguments: Namespace(log_base=None, log_level=None, verb_name='build', build_base='build', install_base='install', merge_install=False, symlink_install=False, test_result_base=None, continue_on_error=False, executor='parallel', parallel_workers=12, event_handlers=None, ignore_user_meta=False, metas=['./colcon.meta'], base_paths=['.'], packages_ignore=None, packages_ignore_regex=None, paths=None, packages_up_to=None, packages_up_to_regex=None, packages_above=None, packages_above_and_dependencies=None, packages_above_depth=None, packages_select_by_dep=None, packages_skip_by_dep=None, packages_skip_up_to=None, packages_select_build_failed=False, packages_skip_build_finished=False, packages_select_test_failures=False, packages_skip_test_passed=False, packages_select=None, packages_skip=None, packages_select_regex=None, packages_skip_regex=None, packages_start=None, packages_end=None, allow_overriding=[], cmake_args=None, cmake_target=None, cmake_target_skip_unavailable=False, cmake_clean_cache=False, cmake_clean_first=False, cmake_force_configure=False, ament_cmake_args=None, catkin_cmake_args=None, catkin_skip_building_tests=False, mixin_files=None, mixin=None, verb_parser=<colcon_mixin.mixin.mixin_argument.MixinArgumentDecorator object at 0x798ae1fa8130>, verb_extension=<colcon_core.verb.build.BuildVerb object at 0x798ae1f6fbb0>, main=<bound method BuildVerb.main of <colcon_core.verb.build.BuildVerb object at 0x798ae1f6fbb0>>, mixin_verb=('build',))
[0.199s] Level 1:colcon.colcon_core.package_discovery:discover_packages(colcon_meta) check parameters
[0.199s] Level 1:colcon.colcon_core.package_discovery:discover_packages(recursive) check parameters
[0.199s] Level 1:colcon.colcon_core.package_discovery:discover_packages(ignore) check parameters
[0.199s] Level 1:colcon.colcon_core.package_discovery:discover_packages(path) check parameters
[0.200s] Level 1:colcon.colcon_core.package_discovery:discover_packages(colcon_meta) discover
[0.200s] Level 1:colcon.colcon_core.package_discovery:discover_packages(recursive) discover
[0.200s] INFO:colcon.colcon_core.package_discovery:Crawling recursively for packages in '/home/supan/RT/aisd/a3'
[0.200s] Level 1:colcon.colcon_core.package_identification:_identify(.) by extensions ['ignore', 'ignore_ament_install']
[0.200s] Level 1:colcon.colcon_core.package_identification:_identify(.) by extension 'ignore'
[0.200s] Level 1:colcon.colcon_core.package_identification:_identify(.) by extension 'ignore_ament_install'
[0.200s] Level 1:colcon.colcon_core.package_identification:_identify(.) by extensions ['colcon_pkg']
[0.200s] Level 1:colcon.colcon_core.package_identification:_identify(.) by extension 'colcon_pkg'
[0.200s] Level 1:colcon.colcon_core.package_identification:_identify(.) by extensions ['colcon_meta']
[0.200s] Level 1:colcon.colcon_core.package_identification:_identify(.) by extension 'colcon_meta'
[0.200s] Level 1:colcon.colcon_core.package_identification:_identify(.) by extensions ['ros']
[0.200s] Level 1:colcon.colcon_core.package_identification:_identify(.) by extension 'ros'
[0.215s] Level 1:colcon.colcon_core.package_identification:_identify(.) by extensions ['cmake', 'python']
[0.215s] Level 1:colcon.colcon_core.package_identification:_identify(.) by extension 'cmake'
[0.215s] Level 1:colcon.colcon_core.package_identification:_identify(.) by extension 'python'
[0.215s] Level 1:colcon.colcon_core.package_identification:_identify(.) by extensions ['python_setup_py']
[0.215s] Level 1:colcon.colcon_core.package_identification:_identify(.) by extension 'python_setup_py'
[0.215s] Level 1:colcon.colcon_core.package_identification:_identify(build) by extensions ['ignore', 'ignore_ament_install']
[0.216s] Level 1:colcon.colcon_core.package_identification:_identify(build) by extension 'ignore'
[0.216s] Level 1:colcon.colcon_core.package_identification:_identify(build) ignored
[0.216s] Level 1:colcon.colcon_core.package_identification:_identify(install) by extensions ['ignore', 'ignore_ament_install']
[0.216s] Level 1:colcon.colcon_core.package_identification:_identify(install) by extension 'ignore'
[0.216s] Level 1:colcon.colcon_core.package_identification:_identify(install) ignored
[0.216s] Level 1:colcon.colcon_core.package_identification:_identify(log) by extensions ['ignore', 'ignore_ament_install']
[0.216s] Level 1:colcon.colcon_core.package_identification:_identify(log) by extension 'ignore'
[0.216s] Level 1:colcon.colcon_core.package_identification:_identify(log) ignored
[0.216s] Level 1:colcon.colcon_core.package_identification:_identify(src) by extensions ['ignore', 'ignore_ament_install']
[0.216s] Level 1:colcon.colcon_core.package_identification:_identify(src) by extension 'ignore'
[0.216s] Level 1:colcon.colcon_core.package_identification:_identify(src) by extension 'ignore_ament_install'
[0.216s] Level 1:colcon.colcon_core.package_identification:_identify(src) by extensions ['colcon_pkg']
[0.216s] Level 1:colcon.colcon_core.package_identification:_identify(src) by extension 'colcon_pkg'
[0.216s] Level 1:colcon.colcon_core.package_identification:_identify(src) by extensions ['colcon_meta']
[0.216s] Level 1:colcon.colcon_core.package_identification:_identify(src) by extension 'colcon_meta'
[0.216s] Level 1:colcon.colcon_core.package_identification:_identify(src) by extensions ['ros']
[0.216s] Level 1:colcon.colcon_core.package_identification:_identify(src) by extension 'ros'
[0.216s] Level 1:colcon.colcon_core.package_identification:_identify(src) by extensions ['cmake', 'python']
[0.216s] Level 1:colcon.colcon_core.package_identification:_identify(src) by extension 'cmake'
[0.216s] Level 1:colcon.colcon_core.package_identification:_identify(src) by extension 'python'
[0.216s] Level 1:colcon.colcon_core.package_identification:_identify(src) by extensions ['python_setup_py']
[0.216s] Level 1:colcon.colcon_core.package_identification:_identify(src) by extension 'python_setup_py'
[0.216s] Level 1:colcon.colcon_core.package_identification:_identify(src/model) by extensions ['ignore', 'ignore_ament_install']
[0.216s] Level 1:colcon.colcon_core.package_identification:_identify(src/model) by extension 'ignore'
[0.216s] Level 1:colcon.colcon_core.package_identification:_identify(src/model) by extension 'ignore_ament_install'
[0.216s] Level 1:colcon.colcon_core.package_identification:_identify(src/model) by extensions ['colcon_pkg']
[0.216s] Level 1:colcon.colcon_core.package_identification:_identify(src/model) by extension 'colcon_pkg'
[0.216s] Level 1:colcon.colcon_core.package_identification:_identify(src/model) by extensions ['colcon_meta']
[0.216s] Level 1:colcon.colcon_core.package_identification:_identify(src/model) by extension 'colcon_meta'
[0.216s] Level 1:colcon.colcon_core.package_identification:_identify(src/model) by extensions ['ros']
[0.216s] Level 1:colcon.colcon_core.package_identification:_identify(src/model) by extension 'ros'
[0.218s] DEBUG:colcon.colcon_core.package_identification:Package 'src/model' with type 'ros.ament_python' and name 'model'
[0.218s] Level 1:colcon.colcon_core.package_identification:_identify(src/racecar) by extensions ['ignore', 'ignore_ament_install']
[0.218s] Level 1:colcon.colcon_core.package_identification:_identify(src/racecar) by extension 'ignore'
[0.218s] Level 1:colcon.colcon_core.package_identification:_identify(src/racecar) by extension 'ignore_ament_install'
[0.218s] Level 1:colcon.colcon_core.package_identification:_identify(src/racecar) by extensions ['colcon_pkg']
[0.218s] Level 1:colcon.colcon_core.package_identification:_identify(src/racecar) by extension 'colcon_pkg'
[0.218s] Level 1:colcon.colcon_core.package_identification:_identify(src/racecar) by extensions ['colcon_meta']
[0.218s] Level 1:colcon.colcon_core.package_identification:_identify(src/racecar) by extension 'colcon_meta'
[0.218s] Level 1:colcon.colcon_core.package_identification:_identify(src/racecar) by extensions ['ros']
[0.218s] Level 1:colcon.colcon_core.package_identification:_identify(src/racecar) by extension 'ros'
[0.219s] DEBUG:colcon.colcon_core.package_identification:Package 'src/racecar' with type 'ros.ament_python' and name 'racecar'
[0.219s] Level 1:colcon.colcon_core.package_identification:_identify(src/racecar_description) by extensions ['ignore', 'ignore_ament_install']
[0.219s] Level 1:colcon.colcon_core.package_identification:_identify(src/racecar_description) by extension 'ignore'
[0.219s] Level 1:colcon.colcon_core.package_identification:_identify(src/racecar_description) by extension 'ignore_ament_install'
[0.219s] Level 1:colcon.colcon_core.package_identification:_identify(src/racecar_description) by extensions ['colcon_pkg']
[0.219s] Level 1:colcon.colcon_core.package_identification:_identify(src/racecar_description) by extension 'colcon_pkg'
[0.219s] Level 1:colcon.colcon_core.package_identification:_identify(src/racecar_description) by extensions ['colcon_meta']
[0.219s] Level 1:colcon.colcon_core.package_identification:_identify(src/racecar_description) by extension 'colcon_meta'
[0.219s] Level 1:colcon.colcon_core.package_identification:_identify(src/racecar_description) by extensions ['ros']
[0.219s] Level 1:colcon.colcon_core.package_identification:_identify(src/racecar_description) by extension 'ros'
[0.220s] DEBUG:colcon.colcon_core.package_identification:Package 'src/racecar_description' with type 'ros.ament_cmake' and name 'racecar_description'
[0.220s] Level 1:colcon.colcon_core.package_identification:_identify(src/racecar_plugins) by extensions ['ignore', 'ignore_ament_install']
[0.220s] Level 1:colcon.colcon_core.package_identification:_identify(src/racecar_plugins) by extension 'ignore'
[0.220s] Level 1:colcon.colcon_core.package_identification:_identify(src/racecar_plugins) by extension 'ignore_ament_install'
[0.220s] Level 1:colcon.colcon_core.package_identification:_identify(src/racecar_plugins) by extensions ['colcon_pkg']
[0.220s] Level 1:colcon.colcon_core.package_identification:_identify(src/racecar_plugins) by extension 'colcon_pkg'
[0.220s] Level 1:colcon.colcon_core.package_identification:_identify(src/racecar_plugins) by extensions ['colcon_meta']
[0.220s] Level 1:colcon.colcon_core.package_identification:_identify(src/racecar_plugins) by extension 'colcon_meta'
[0.220s] Level 1:colcon.colcon_core.package_identification:_identify(src/racecar_plugins) by extensions ['ros']
[0.220s] Level 1:colcon.colcon_core.package_identification:_identify(src/racecar_plugins) by extension 'ros'
[0.220s] DEBUG:colcon.colcon_core.package_identification:Package 'src/racecar_plugins' with type 'ros.ament_cmake' and name 'racecar_plugins'
[0.220s] Level 1:colcon.colcon_core.package_discovery:discover_packages(recursive) using defaults
[0.220s] Level 1:colcon.colcon_core.package_discovery:discover_packages(ignore) discover
[0.220s] Level 1:colcon.colcon_core.package_discovery:discover_packages(ignore) using defaults
[0.220s] Level 1:colcon.colcon_core.package_discovery:discover_packages(path) discover
[0.220s] Level 1:colcon.colcon_core.package_discovery:discover_packages(path) using defaults
[0.234s] Level 1:colcon.colcon_core.package_discovery:discover_packages(prefix_path) check parameters
[0.234s] Level 1:colcon.colcon_core.package_discovery:discover_packages(prefix_path) discover
[0.236s] DEBUG:colcon.colcon_installed_package_information.package_discovery:Found 4 installed packages in /home/supan/RT/aisd/a3/install
[0.236s] DEBUG:colcon.colcon_installed_package_information.package_discovery:Found 8 installed packages in /home/supan/RT/sim/install
[0.237s] DEBUG:colcon.colcon_installed_package_information.package_discovery:Found 283 installed packages in /opt/ros/humble
[0.237s] Level 1:colcon.colcon_core.package_discovery:discover_packages(prefix_path) using defaults
[0.259s] Level 5:colcon.colcon_core.verb:set package 'model' build argument 'cmake_args' from command line to 'None'
[0.259s] Level 5:colcon.colcon_core.verb:set package 'model' build argument 'cmake_target' from command line to 'None'
[0.260s] Level 5:colcon.colcon_core.verb:set package 'model' build argument 'cmake_target_skip_unavailable' from command line to 'False'
[0.260s] Level 5:colcon.colcon_core.verb:set package 'model' build argument 'cmake_clean_cache' from command line to 'False'
[0.260s] Level 5:colcon.colcon_core.verb:set package 'model' build argument 'cmake_clean_first' from command line to 'False'
[0.260s] Level 5:colcon.colcon_core.verb:set package 'model' build argument 'cmake_force_configure' from command line to 'False'
[0.260s] Level 5:colcon.colcon_core.verb:set package 'model' build argument 'ament_cmake_args' from command line to 'None'
[0.260s] Level 5:colcon.colcon_core.verb:set package 'model' build argument 'catkin_cmake_args' from command line to 'None'
[0.260s] Level 5:colcon.colcon_core.verb:set package 'model' build argument 'catkin_skip_building_tests' from command line to 'False'
[0.260s] DEBUG:colcon.colcon_core.verb:Building package 'model' with the following arguments: {'ament_cmake_args': None, 'build_base': '/home/supan/RT/aisd/a3/build/model', 'catkin_cmake_args': None, 'catkin_skip_building_tests': False, 'cmake_args': None, 'cmake_clean_cache': False, 'cmake_clean_first': False, 'cmake_force_configure': False, 'cmake_target': None, 'cmake_target_skip_unavailable': False, 'install_base': '/home/supan/RT/aisd/a3/install/model', 'merge_install': False, 'path': '/home/supan/RT/aisd/a3/src/model', 'symlink_install': False, 'test_result_base': None}
[0.260s] Level 5:colcon.colcon_core.verb:set package 'racecar_description' build argument 'cmake_args' from command line to 'None'
[0.260s] Level 5:colcon.colcon_core.verb:set package 'racecar_description' build argument 'cmake_target' from command line to 'None'
[0.260s] Level 5:colcon.colcon_core.verb:set package 'racecar_description' build argument 'cmake_target_skip_unavailable' from command line to 'False'
[0.260s] Level 5:colcon.colcon_core.verb:set package 'racecar_description' build argument 'cmake_clean_cache' from command line to 'False'
[0.260s] Level 5:colcon.colcon_core.verb:set package 'racecar_description' build argument 'cmake_clean_first' from command line to 'False'
[0.260s] Level 5:colcon.colcon_core.verb:set package 'racecar_description' build argument 'cmake_force_configure' from command line to 'False'
[0.260s] Level 5:colcon.colcon_core.verb:set package 'racecar_description' build argument 'ament_cmake_args' from command line to 'None'
[0.260s] Level 5:colcon.colcon_core.verb:set package 'racecar_description' build argument 'catkin_cmake_args' from command line to 'None'
[0.260s] Level 5:colcon.colcon_core.verb:set package 'racecar_description' build argument 'catkin_skip_building_tests' from command line to 'False'
[0.260s] DEBUG:colcon.colcon_core.verb:Building package 'racecar_description' with the following arguments: {'ament_cmake_args': None, 'build_base': '/home/supan/RT/aisd/a3/build/racecar_description', 'catkin_cmake_args': None, 'catkin_skip_building_tests': False, 'cmake_args': None, 'cmake_clean_cache': False, 'cmake_clean_first': False, 'cmake_force_configure': False, 'cmake_target': None, 'cmake_target_skip_unavailable': False, 'install_base': '/home/supan/RT/aisd/a3/install/racecar_description', 'merge_install': False, 'path': '/home/supan/RT/aisd/a3/src/racecar_description', 'symlink_install': False, 'test_result_base': None}
[0.260s] Level 5:colcon.colcon_core.verb:set package 'racecar_plugins' build argument 'cmake_args' from command line to 'None'
[0.260s] Level 5:colcon.colcon_core.verb:set package 'racecar_plugins' build argument 'cmake_target' from command line to 'None'
[0.260s] Level 5:colcon.colcon_core.verb:set package 'racecar_plugins' build argument 'cmake_target_skip_unavailable' from command line to 'False'
[0.260s] Level 5:colcon.colcon_core.verb:set package 'racecar_plugins' build argument 'cmake_clean_cache' from command line to 'False'
[0.260s] Level 5:colcon.colcon_core.verb:set package 'racecar_plugins' build argument 'cmake_clean_first' from command line to 'False'
[0.260s] Level 5:colcon.colcon_core.verb:set package 'racecar_plugins' build argument 'cmake_force_configure' from command line to 'False'
[0.260s] Level 5:colcon.colcon_core.verb:set package 'racecar_plugins' build argument 'ament_cmake_args' from command line to 'None'
[0.260s] Level 5:colcon.colcon_core.verb:set package 'racecar_plugins' build argument 'catkin_cmake_args' from command line to 'None'
[0.260s] Level 5:colcon.colcon_core.verb:set package 'racecar_plugins' build argument 'catkin_skip_building_tests' from command line to 'False'
[0.260s] DEBUG:colcon.colcon_core.verb:Building package 'racecar_plugins' with the following arguments: {'ament_cmake_args': None, 'build_base': '/home/supan/RT/aisd/a3/build/racecar_plugins', 'catkin_cmake_args': None, 'catkin_skip_building_tests': False, 'cmake_args': None, 'cmake_clean_cache': False, 'cmake_clean_first': False, 'cmake_force_configure': False, 'cmake_target': None, 'cmake_target_skip_unavailable': False, 'install_base': '/home/supan/RT/aisd/a3/install/racecar_plugins', 'merge_install': False, 'path': '/home/supan/RT/aisd/a3/src/racecar_plugins', 'symlink_install': False, 'test_result_base': None}
[0.260s] Level 5:colcon.colcon_core.verb:set package 'racecar' build argument 'cmake_args' from command line to 'None'
[0.260s] Level 5:colcon.colcon_core.verb:set package 'racecar' build argument 'cmake_target' from command line to 'None'
[0.261s] Level 5:colcon.colcon_core.verb:set package 'racecar' build argument 'cmake_target_skip_unavailable' from command line to 'False'
[0.261s] Level 5:colcon.colcon_core.verb:set package 'racecar' build argument 'cmake_clean_cache' from command line to 'False'
[0.261s] Level 5:colcon.colcon_core.verb:set package 'racecar' build argument 'cmake_clean_first' from command line to 'False'
[0.261s] Level 5:colcon.colcon_core.verb:set package 'racecar' build argument 'cmake_force_configure' from command line to 'False'
[0.261s] Level 5:colcon.colcon_core.verb:set package 'racecar' build argument 'ament_cmake_args' from command line to 'None'
[0.261s] Level 5:colcon.colcon_core.verb:set package 'racecar' build argument 'catkin_cmake_args' from command line to 'None'
[0.261s] Level 5:colcon.colcon_core.verb:set package 'racecar' build argument 'catkin_skip_building_tests' from command line to 'False'
[0.261s] DEBUG:colcon.colcon_core.verb:Building package 'racecar' with the following arguments: {'ament_cmake_args': None, 'build_base': '/home/supan/RT/aisd/a3/build/racecar', 'catkin_cmake_args': None, 'catkin_skip_building_tests': False, 'cmake_args': None, 'cmake_clean_cache': False, 'cmake_clean_first': False, 'cmake_force_configure': False, 'cmake_target': None, 'cmake_target_skip_unavailable': False, 'install_base': '/home/supan/RT/aisd/a3/install/racecar', 'merge_install': False, 'path': '/home/supan/RT/aisd/a3/src/racecar', 'symlink_install': False, 'test_result_base': None}
[0.261s] INFO:colcon.colcon_core.executor:Executing jobs using 'parallel' executor
[0.261s] DEBUG:colcon.colcon_parallel_executor.executor.parallel:run_until_complete
[0.262s] INFO:colcon.colcon_ros.task.ament_cmake.build:Building ROS package in '/home/supan/RT/aisd/a3/src/racecar_description' with build type 'ament_cmake'
[0.262s] INFO:colcon.colcon_cmake.task.cmake.build:Building CMake package in '/home/supan/RT/aisd/a3/src/racecar_description'
[0.263s] INFO:colcon.colcon_core.plugin_system:Skipping extension 'colcon_core.shell.bat': Not used on non-Windows systems
[0.263s] INFO:colcon.colcon_core.shell:Skip shell extension 'powershell' for command environment: Not usable outside of PowerShell
[0.263s] DEBUG:colcon.colcon_core.shell:Skip shell extension 'dsv' for command environment
[0.266s] INFO:colcon.colcon_ros.task.ament_python.build:Building ROS package in '/home/supan/RT/aisd/a3/src/model' with build type 'ament_python'
[0.266s] Level 1:colcon.colcon_core.shell:create_environment_hook('model', 'ament_prefix_path')
[0.266s] INFO:colcon.colcon_core.shell:Creating environment hook '/home/supan/RT/aisd/a3/install/model/share/model/hook/ament_prefix_path.ps1'
[0.266s] INFO:colcon.colcon_core.shell:Creating environment descriptor '/home/supan/RT/aisd/a3/install/model/share/model/hook/ament_prefix_path.dsv'
[0.266s] INFO:colcon.colcon_core.shell:Creating environment hook '/home/supan/RT/aisd/a3/install/model/share/model/hook/ament_prefix_path.sh'
[0.267s] INFO:colcon.colcon_core.shell:Skip shell extension 'powershell' for command environment: Not usable outside of PowerShell
[0.267s] DEBUG:colcon.colcon_core.shell:Skip shell extension 'dsv' for command environment
[0.269s] INFO:colcon.colcon_ros.task.ament_cmake.build:Building ROS package in '/home/supan/RT/aisd/a3/src/racecar_plugins' with build type 'ament_cmake'
[0.269s] INFO:colcon.colcon_cmake.task.cmake.build:Building CMake package in '/home/supan/RT/aisd/a3/src/racecar_plugins'
[0.270s] INFO:colcon.colcon_core.shell:Skip shell extension 'powershell' for command environment: Not usable outside of PowerShell
[0.270s] DEBUG:colcon.colcon_core.shell:Skip shell extension 'dsv' for command environment
[0.275s] DEBUG:colcon.colcon_core.event_handler.log_command:Invoking command in '/home/supan/RT/aisd/a3/build/racecar_description': CMAKE_PREFIX_PATH=${CMAKE_PREFIX_PATH}:/home/supan/RT/aisd/a3/install/racecar:/home/supan/RT/aisd/a3/install/model:/home/supan/RT/sim/install/eufs_launcher:/home/supan/RT/sim/install/eufs_tracks:/home/supan/RT/sim/install/eufs_rqt:/home/supan/RT/sim/install/eufs_racecar:/opt/ros/humble /usr/bin/cmake --build /home/supan/RT/aisd/a3/build/racecar_description -- -j12 -l12
[0.456s] INFO:colcon.colcon_core.task.python.build:Building Python package in '/home/supan/RT/aisd/a3/src/model'
[0.456s] INFO:colcon.colcon_core.shell:Skip shell extension 'powershell' for command environment: Not usable outside of PowerShell
[0.456s] DEBUG:colcon.colcon_core.shell:Skip shell extension 'dsv' for command environment
[0.463s] DEBUG:colcon.colcon_core.event_handler.log_command:Invoking command in '/home/supan/RT/aisd/a3/build/racecar_plugins': CMAKE_PREFIX_PATH=${CMAKE_PREFIX_PATH}:/home/supan/RT/aisd/a3/install/racecar:/home/supan/RT/aisd/a3/install/model:/home/supan/RT/sim/install/eufs_launcher:/home/supan/RT/sim/install/eufs_tracks:/home/supan/RT/sim/install/eufs_rqt:/home/supan/RT/sim/install/eufs_racecar:/opt/ros/humble /usr/bin/cmake --build /home/supan/RT/aisd/a3/build/racecar_plugins -- -j12 -l12
[0.464s] DEBUG:colcon.colcon_core.event_handler.log_command:Invoked command in '/home/supan/RT/aisd/a3/build/racecar_description' returned '0': CMAKE_PREFIX_PATH=${CMAKE_PREFIX_PATH}:/home/supan/RT/aisd/a3/install/racecar:/home/supan/RT/aisd/a3/install/model:/home/supan/RT/sim/install/eufs_launcher:/home/supan/RT/sim/install/eufs_tracks:/home/supan/RT/sim/install/eufs_rqt:/home/supan/RT/sim/install/eufs_racecar:/opt/ros/humble /usr/bin/cmake --build /home/supan/RT/aisd/a3/build/racecar_description -- -j12 -l12
[0.471s] DEBUG:colcon.colcon_core.event_handler.log_command:Invoking command in '/home/supan/RT/aisd/a3/build/racecar_description': CMAKE_PREFIX_PATH=${CMAKE_PREFIX_PATH}:/home/supan/RT/aisd/a3/install/racecar:/home/supan/RT/aisd/a3/install/model:/home/supan/RT/sim/install/eufs_launcher:/home/supan/RT/sim/install/eufs_tracks:/home/supan/RT/sim/install/eufs_rqt:/home/supan/RT/sim/install/eufs_racecar:/opt/ros/humble /usr/bin/cmake --install /home/supan/RT/aisd/a3/build/racecar_description
[0.489s] Level 1:colcon.colcon_core.environment:create_environment_scripts_only(racecar_description)
[0.490s] DEBUG:colcon.colcon_core.event_handler.log_command:Invoked command in '/home/supan/RT/aisd/a3/build/racecar_description' returned '0': CMAKE_PREFIX_PATH=${CMAKE_PREFIX_PATH}:/home/supan/RT/aisd/a3/install/racecar:/home/supan/RT/aisd/a3/install/model:/home/supan/RT/sim/install/eufs_launcher:/home/supan/RT/sim/install/eufs_tracks:/home/supan/RT/sim/install/eufs_rqt:/home/supan/RT/sim/install/eufs_racecar:/opt/ros/humble /usr/bin/cmake --install /home/supan/RT/aisd/a3/build/racecar_description
[0.491s] Level 1:colcon.colcon_core.environment:checking '/home/supan/RT/aisd/a3/install/racecar_description' for CMake module files
[0.492s] Level 1:colcon.colcon_core.environment:checking '/home/supan/RT/aisd/a3/install/racecar_description' for CMake config files
[0.492s] Level 1:colcon.colcon_core.shell:create_environment_hook('racecar_description', 'cmake_prefix_path')
[0.492s] INFO:colcon.colcon_core.shell:Creating environment hook '/home/supan/RT/aisd/a3/install/racecar_description/share/racecar_description/hook/cmake_prefix_path.ps1'
[0.493s] INFO:colcon.colcon_core.shell:Creating environment descriptor '/home/supan/RT/aisd/a3/install/racecar_description/share/racecar_description/hook/cmake_prefix_path.dsv'
[0.493s] INFO:colcon.colcon_core.shell:Creating environment hook '/home/supan/RT/aisd/a3/install/racecar_description/share/racecar_description/hook/cmake_prefix_path.sh'
[0.493s] Level 1:colcon.colcon_core.environment:checking '/home/supan/RT/aisd/a3/install/racecar_description/bin'
[0.493s] Level 1:colcon.colcon_core.environment:checking '/home/supan/RT/aisd/a3/install/racecar_description/lib/pkgconfig/racecar_description.pc'
[0.494s] Level 1:colcon.colcon_core.environment:checking '/home/supan/RT/aisd/a3/install/racecar_description/lib/python3.10/site-packages'
[0.494s] Level 1:colcon.colcon_core.environment:checking '/home/supan/RT/aisd/a3/install/racecar_description/bin'
[0.494s] INFO:colcon.colcon_core.shell:Creating package script '/home/supan/RT/aisd/a3/install/racecar_description/share/racecar_description/package.ps1'
[0.494s] INFO:colcon.colcon_core.shell:Creating package descriptor '/home/supan/RT/aisd/a3/install/racecar_description/share/racecar_description/package.dsv'
[0.495s] INFO:colcon.colcon_core.shell:Creating package script '/home/supan/RT/aisd/a3/install/racecar_description/share/racecar_description/package.sh'
[0.495s] INFO:colcon.colcon_core.shell:Creating package script '/home/supan/RT/aisd/a3/install/racecar_description/share/racecar_description/package.bash'
[0.496s] INFO:colcon.colcon_core.shell:Creating package script '/home/supan/RT/aisd/a3/install/racecar_description/share/racecar_description/package.zsh'
[0.496s] Level 1:colcon.colcon_core.environment:create_file_with_runtime_dependencies(/home/supan/RT/aisd/a3/install/racecar_description/share/colcon-core/packages/racecar_description)
[0.497s] Level 1:colcon.colcon_core.environment:create_environment_scripts_only(racecar_description)
[0.497s] Level 1:colcon.colcon_core.environment:checking '/home/supan/RT/aisd/a3/install/racecar_description' for CMake module files
[0.497s] Level 1:colcon.colcon_core.environment:checking '/home/supan/RT/aisd/a3/install/racecar_description' for CMake config files
[0.497s] Level 1:colcon.colcon_core.shell:create_environment_hook('racecar_description', 'cmake_prefix_path')
[0.498s] INFO:colcon.colcon_core.shell:Creating environment hook '/home/supan/RT/aisd/a3/install/racecar_description/share/racecar_description/hook/cmake_prefix_path.ps1'
[0.498s] INFO:colcon.colcon_core.shell:Creating environment descriptor '/home/supan/RT/aisd/a3/install/racecar_description/share/racecar_description/hook/cmake_prefix_path.dsv'
[0.498s] INFO:colcon.colcon_core.shell:Creating environment hook '/home/supan/RT/aisd/a3/install/racecar_description/share/racecar_description/hook/cmake_prefix_path.sh'
[0.499s] Level 1:colcon.colcon_core.environment:checking '/home/supan/RT/aisd/a3/install/racecar_description/bin'
[0.499s] Level 1:colcon.colcon_core.environment:checking '/home/supan/RT/aisd/a3/install/racecar_description/lib/pkgconfig/racecar_description.pc'
[0.499s] Level 1:colcon.colcon_core.environment:checking '/home/supan/RT/aisd/a3/install/racecar_description/lib/python3.10/site-packages'
[0.499s] Level 1:colcon.colcon_core.environment:checking '/home/supan/RT/aisd/a3/install/racecar_description/bin'
[0.500s] INFO:colcon.colcon_core.shell:Creating package script '/home/supan/RT/aisd/a3/install/racecar_description/share/racecar_description/package.ps1'
[0.500s] INFO:colcon.colcon_core.shell:Creating package descriptor '/home/supan/RT/aisd/a3/install/racecar_description/share/racecar_description/package.dsv'
[0.500s] INFO:colcon.colcon_core.shell:Creating package script '/home/supan/RT/aisd/a3/install/racecar_description/share/racecar_description/package.sh'
[0.500s] INFO:colcon.colcon_core.shell:Creating package script '/home/supan/RT/aisd/a3/install/racecar_description/share/racecar_description/package.bash'
[0.501s] INFO:colcon.colcon_core.shell:Creating package script '/home/supan/RT/aisd/a3/install/racecar_description/share/racecar_description/package.zsh'
[0.501s] Level 1:colcon.colcon_core.environment:create_file_with_runtime_dependencies(/home/supan/RT/aisd/a3/install/racecar_description/share/colcon-core/packages/racecar_description)
[0.501s] INFO:colcon.colcon_ros.task.ament_python.build:Building ROS package in '/home/supan/RT/aisd/a3/src/racecar' with build type 'ament_python'
[0.501s] Level 1:colcon.colcon_core.shell:create_environment_hook('racecar', 'ament_prefix_path')
[0.501s] INFO:colcon.colcon_core.shell:Creating environment hook '/home/supan/RT/aisd/a3/install/racecar/share/racecar/hook/ament_prefix_path.ps1'
[0.502s] INFO:colcon.colcon_core.shell:Creating environment descriptor '/home/supan/RT/aisd/a3/install/racecar/share/racecar/hook/ament_prefix_path.dsv'
[0.502s] INFO:colcon.colcon_core.shell:Creating environment hook '/home/supan/RT/aisd/a3/install/racecar/share/racecar/hook/ament_prefix_path.sh'
[0.503s] INFO:colcon.colcon_core.shell:Skip shell extension 'powershell' for command environment: Not usable outside of PowerShell
[0.503s] DEBUG:colcon.colcon_core.shell:Skip shell extension 'dsv' for command environment
[0.692s] INFO:colcon.colcon_core.task.python.build:Building Python package in '/home/supan/RT/aisd/a3/src/racecar'
[0.692s] INFO:colcon.colcon_core.shell:Skip shell extension 'powershell' for command environment: Not usable outside of PowerShell
[0.692s] DEBUG:colcon.colcon_core.shell:Skip shell extension 'dsv' for command environment
[0.697s] DEBUG:colcon.colcon_core.event_handler.log_command:Invoked command in '/home/supan/RT/aisd/a3/build/racecar_plugins' returned '0': CMAKE_PREFIX_PATH=${CMAKE_PREFIX_PATH}:/home/supan/RT/aisd/a3/install/racecar:/home/supan/RT/aisd/a3/install/model:/home/supan/RT/sim/install/eufs_launcher:/home/supan/RT/sim/install/eufs_tracks:/home/supan/RT/sim/install/eufs_rqt:/home/supan/RT/sim/install/eufs_racecar:/opt/ros/humble /usr/bin/cmake --build /home/supan/RT/aisd/a3/build/racecar_plugins -- -j12 -l12
[0.699s] DEBUG:colcon.colcon_core.event_handler.log_command:Invoking command in '/home/supan/RT/aisd/a3/build/racecar_plugins': CMAKE_PREFIX_PATH=${CMAKE_PREFIX_PATH}:/home/supan/RT/aisd/a3/install/racecar:/home/supan/RT/aisd/a3/install/model:/home/supan/RT/sim/install/eufs_launcher:/home/supan/RT/sim/install/eufs_tracks:/home/supan/RT/sim/install/eufs_rqt:/home/supan/RT/sim/install/eufs_racecar:/opt/ros/humble /usr/bin/cmake --install /home/supan/RT/aisd/a3/build/racecar_plugins
[0.719s] Level 1:colcon.colcon_core.environment:create_environment_scripts_only(racecar_plugins)
[0.720s] Level 1:colcon.colcon_core.environment:checking '/home/supan/RT/aisd/a3/install/racecar_plugins' for CMake module files
[0.720s] DEBUG:colcon.colcon_core.event_handler.log_command:Invoked command in '/home/supan/RT/aisd/a3/build/racecar_plugins' returned '0': CMAKE_PREFIX_PATH=${CMAKE_PREFIX_PATH}:/home/supan/RT/aisd/a3/install/racecar:/home/supan/RT/aisd/a3/install/model:/home/supan/RT/sim/install/eufs_launcher:/home/supan/RT/sim/install/eufs_tracks:/home/supan/RT/sim/install/eufs_rqt:/home/supan/RT/sim/install/eufs_racecar:/opt/ros/humble /usr/bin/cmake --install /home/supan/RT/aisd/a3/build/racecar_plugins
[0.721s] Level 1:colcon.colcon_core.environment:checking '/home/supan/RT/aisd/a3/install/racecar_plugins' for CMake config files
[0.721s] Level 1:colcon.colcon_core.shell:create_environment_hook('racecar_plugins', 'cmake_prefix_path')
[0.721s] INFO:colcon.colcon_core.shell:Creating environment hook '/home/supan/RT/aisd/a3/install/racecar_plugins/share/racecar_plugins/hook/cmake_prefix_path.ps1'
[0.722s] INFO:colcon.colcon_core.shell:Creating environment descriptor '/home/supan/RT/aisd/a3/install/racecar_plugins/share/racecar_plugins/hook/cmake_prefix_path.dsv'
[0.722s] INFO:colcon.colcon_core.shell:Creating environment hook '/home/supan/RT/aisd/a3/install/racecar_plugins/share/racecar_plugins/hook/cmake_prefix_path.sh'
[0.722s] Level 1:colcon.colcon_core.environment:checking '/home/supan/RT/aisd/a3/install/racecar_plugins/lib'
[0.723s] Level 1:colcon.colcon_core.shell:create_environment_hook('racecar_plugins', 'ld_library_path_lib')
[0.723s] INFO:colcon.colcon_core.shell:Creating environment hook '/home/supan/RT/aisd/a3/install/racecar_plugins/share/racecar_plugins/hook/ld_library_path_lib.ps1'
[0.723s] INFO:colcon.colcon_core.shell:Creating environment descriptor '/home/supan/RT/aisd/a3/install/racecar_plugins/share/racecar_plugins/hook/ld_library_path_lib.dsv'
[0.723s] INFO:colcon.colcon_core.shell:Creating environment hook '/home/supan/RT/aisd/a3/install/racecar_plugins/share/racecar_plugins/hook/ld_library_path_lib.sh'
[0.724s] Level 1:colcon.colcon_core.environment:checking '/home/supan/RT/aisd/a3/install/racecar_plugins/bin'
[0.724s] Level 1:colcon.colcon_core.environment:checking '/home/supan/RT/aisd/a3/install/racecar_plugins/lib/pkgconfig/racecar_plugins.pc'
[0.724s] Level 1:colcon.colcon_core.environment:checking '/home/supan/RT/aisd/a3/install/racecar_plugins/lib/python3.10/site-packages'
[0.724s] Level 1:colcon.colcon_core.environment:checking '/home/supan/RT/aisd/a3/install/racecar_plugins/bin'
[0.724s] INFO:colcon.colcon_core.shell:Creating package script '/home/supan/RT/aisd/a3/install/racecar_plugins/share/racecar_plugins/package.ps1'
[0.725s] INFO:colcon.colcon_core.shell:Creating package descriptor '/home/supan/RT/aisd/a3/install/racecar_plugins/share/racecar_plugins/package.dsv'
[0.725s] INFO:colcon.colcon_core.shell:Creating package script '/home/supan/RT/aisd/a3/install/racecar_plugins/share/racecar_plugins/package.sh'
[0.725s] INFO:colcon.colcon_core.shell:Creating package script '/home/supan/RT/aisd/a3/install/racecar_plugins/share/racecar_plugins/package.bash'
[0.725s] INFO:colcon.colcon_core.shell:Creating package script '/home/supan/RT/aisd/a3/install/racecar_plugins/share/racecar_plugins/package.zsh'
[0.726s] Level 1:colcon.colcon_core.environment:create_file_with_runtime_dependencies(/home/supan/RT/aisd/a3/install/racecar_plugins/share/colcon-core/packages/racecar_plugins)
[0.726s] Level 1:colcon.colcon_core.environment:create_environment_scripts_only(racecar_plugins)
[0.726s] Level 1:colcon.colcon_core.environment:checking '/home/supan/RT/aisd/a3/install/racecar_plugins' for CMake module files
[0.726s] Level 1:colcon.colcon_core.environment:checking '/home/supan/RT/aisd/a3/install/racecar_plugins' for CMake config files
[0.726s] Level 1:colcon.colcon_core.shell:create_environment_hook('racecar_plugins', 'cmake_prefix_path')
[0.727s] INFO:colcon.colcon_core.shell:Creating environment hook '/home/supan/RT/aisd/a3/install/racecar_plugins/share/racecar_plugins/hook/cmake_prefix_path.ps1'
[0.727s] INFO:colcon.colcon_core.shell:Creating environment descriptor '/home/supan/RT/aisd/a3/install/racecar_plugins/share/racecar_plugins/hook/cmake_prefix_path.dsv'
[0.727s] INFO:colcon.colcon_core.shell:Creating environment hook '/home/supan/RT/aisd/a3/install/racecar_plugins/share/racecar_plugins/hook/cmake_prefix_path.sh'
[0.727s] Level 1:colcon.colcon_core.environment:checking '/home/supan/RT/aisd/a3/install/racecar_plugins/lib'
[0.728s] Level 1:colcon.colcon_core.shell:create_environment_hook('racecar_plugins', 'ld_library_path_lib')
[0.728s] INFO:colcon.colcon_core.shell:Creating environment hook '/home/supan/RT/aisd/a3/install/racecar_plugins/share/racecar_plugins/hook/ld_library_path_lib.ps1'
[0.728s] INFO:colcon.colcon_core.shell:Creating environment descriptor '/home/supan/RT/aisd/a3/install/racecar_plugins/share/racecar_plugins/hook/ld_library_path_lib.dsv'
[0.728s] INFO:colcon.colcon_core.shell:Creating environment hook '/home/supan/RT/aisd/a3/install/racecar_plugins/share/racecar_plugins/hook/ld_library_path_lib.sh'
[0.728s] Level 1:colcon.colcon_core.environment:checking '/home/supan/RT/aisd/a3/install/racecar_plugins/bin'
[0.728s] Level 1:colcon.colcon_core.environment:checking '/home/supan/RT/aisd/a3/install/racecar_plugins/lib/pkgconfig/racecar_plugins.pc'
[0.729s] Level 1:colcon.colcon_core.environment:checking '/home/supan/RT/aisd/a3/install/racecar_plugins/lib/python3.10/site-packages'
[0.729s] Level 1:colcon.colcon_core.environment:checking '/home/supan/RT/aisd/a3/install/racecar_plugins/bin'
[0.729s] INFO:colcon.colcon_core.shell:Creating package script '/home/supan/RT/aisd/a3/install/racecar_plugins/share/racecar_plugins/package.ps1'
[0.729s] INFO:colcon.colcon_core.shell:Creating package descriptor '/home/supan/RT/aisd/a3/install/racecar_plugins/share/racecar_plugins/package.dsv'
[0.730s] INFO:colcon.colcon_core.shell:Creating package script '/home/supan/RT/aisd/a3/install/racecar_plugins/share/racecar_plugins/package.sh'
[0.730s] INFO:colcon.colcon_core.shell:Creating package script '/home/supan/RT/aisd/a3/install/racecar_plugins/share/racecar_plugins/package.bash'
[0.730s] INFO:colcon.colcon_core.shell:Creating package script '/home/supan/RT/aisd/a3/install/racecar_plugins/share/racecar_plugins/package.zsh'
[0.730s] Level 1:colcon.colcon_core.environment:create_file_with_runtime_dependencies(/home/supan/RT/aisd/a3/install/racecar_plugins/share/colcon-core/packages/racecar_plugins)
[0.739s] DEBUG:colcon.colcon_core.event_handler.log_command:Invoking command in '/home/supan/RT/aisd/a3/src/model': PYTHONPATH=/home/supan/RT/aisd/a3/build/model/prefix_override:/usr/lib/python3/dist-packages/colcon_core/task/python/colcon_distutils_commands:/home/supan/RT/aisd/a3/install/model/lib/python3.10/site-packages:${PYTHONPATH} /usr/bin/python3 -W ignore:setup.py install is deprecated -W ignore:easy_install command is deprecated setup.py egg_info --egg-base ../../build/model build --build-base /home/supan/RT/aisd/a3/build/model/build install --record /home/supan/RT/aisd/a3/build/model/install.log --single-version-externally-managed install_data
[0.957s] Level 1:colcon.colcon_core.environment:checking '/home/supan/RT/aisd/a3/install/model' for CMake module files
[0.957s] DEBUG:colcon.colcon_core.event_handler.log_command:Invoked command in '/home/supan/RT/aisd/a3/src/model' returned '0': PYTHONPATH=/home/supan/RT/aisd/a3/build/model/prefix_override:/usr/lib/python3/dist-packages/colcon_core/task/python/colcon_distutils_commands:/home/supan/RT/aisd/a3/install/model/lib/python3.10/site-packages:${PYTHONPATH} /usr/bin/python3 -W ignore:setup.py install is deprecated -W ignore:easy_install command is deprecated setup.py egg_info --egg-base ../../build/model build --build-base /home/supan/RT/aisd/a3/build/model/build install --record /home/supan/RT/aisd/a3/build/model/install.log --single-version-externally-managed install_data
[0.958s] Level 1:colcon.colcon_core.environment:checking '/home/supan/RT/aisd/a3/install/model' for CMake config files
[0.958s] Level 1:colcon.colcon_core.environment:checking '/home/supan/RT/aisd/a3/install/model/lib'
[0.958s] Level 1:colcon.colcon_core.environment:checking '/home/supan/RT/aisd/a3/install/model/bin'
[0.958s] Level 1:colcon.colcon_core.environment:checking '/home/supan/RT/aisd/a3/install/model/lib/pkgconfig/model.pc'
[0.959s] Level 1:colcon.colcon_core.environment:checking '/home/supan/RT/aisd/a3/install/model/lib/python3.10/site-packages'
[0.959s] Level 1:colcon.colcon_core.shell:create_environment_hook('model', 'pythonpath')
[0.959s] INFO:colcon.colcon_core.shell:Creating environment hook '/home/supan/RT/aisd/a3/install/model/share/model/hook/pythonpath.ps1'
[0.959s] INFO:colcon.colcon_core.shell:Creating environment descriptor '/home/supan/RT/aisd/a3/install/model/share/model/hook/pythonpath.dsv'
[0.959s] INFO:colcon.colcon_core.shell:Creating environment hook '/home/supan/RT/aisd/a3/install/model/share/model/hook/pythonpath.sh'
[0.960s] Level 1:colcon.colcon_core.environment:checking '/home/supan/RT/aisd/a3/install/model/bin'
[0.960s] Level 1:colcon.colcon_core.environment:create_environment_scripts_only(model)
[0.960s] INFO:colcon.colcon_core.shell:Creating package script '/home/supan/RT/aisd/a3/install/model/share/model/package.ps1'
[0.960s] INFO:colcon.colcon_core.shell:Creating package descriptor '/home/supan/RT/aisd/a3/install/model/share/model/package.dsv'
[0.961s] INFO:colcon.colcon_core.shell:Creating package script '/home/supan/RT/aisd/a3/install/model/share/model/package.sh'
[0.961s] INFO:colcon.colcon_core.shell:Creating package script '/home/supan/RT/aisd/a3/install/model/share/model/package.bash'
[0.961s] INFO:colcon.colcon_core.shell:Creating package script '/home/supan/RT/aisd/a3/install/model/share/model/package.zsh'
[0.961s] Level 1:colcon.colcon_core.environment:create_file_with_runtime_dependencies(/home/supan/RT/aisd/a3/install/model/share/colcon-core/packages/model)
[0.964s] DEBUG:colcon.colcon_core.event_handler.log_command:Invoking command in '/home/supan/RT/aisd/a3/src/racecar': CMAKE_PREFIX_PATH=/home/supan/RT/aisd/a3/install/racecar_description:/home/supan/RT/aisd/a3/install/racecar_plugins:/home/supan/RT/sim/install/eufs_sensors:/home/supan/RT/sim/install/eufs_plugins:/home/supan/RT/sim/install/eufs_models:/home/supan/RT/sim/install/eufs_msgs PYTHONPATH=/home/supan/RT/aisd/a3/build/racecar/prefix_override:/usr/lib/python3/dist-packages/colcon_core/task/python/colcon_distutils_commands:/home/supan/RT/aisd/a3/install/racecar/lib/python3.10/site-packages:${PYTHONPATH} /usr/bin/python3 -W ignore:setup.py install is deprecated -W ignore:easy_install command is deprecated setup.py egg_info --egg-base ../../build/racecar build --build-base /home/supan/RT/aisd/a3/build/racecar/build install --record /home/supan/RT/aisd/a3/build/racecar/install.log --single-version-externally-managed install_data
[1.169s] Level 1:colcon.colcon_core.environment:checking '/home/supan/RT/aisd/a3/install/racecar' for CMake module files
[1.169s] DEBUG:colcon.colcon_core.event_handler.log_command:Invoked command in '/home/supan/RT/aisd/a3/src/racecar' returned '0': CMAKE_PREFIX_PATH=/home/supan/RT/aisd/a3/install/racecar_description:/home/supan/RT/aisd/a3/install/racecar_plugins:/home/supan/RT/sim/install/eufs_sensors:/home/supan/RT/sim/install/eufs_plugins:/home/supan/RT/sim/install/eufs_models:/home/supan/RT/sim/install/eufs_msgs PYTHONPATH=/home/supan/RT/aisd/a3/build/racecar/prefix_override:/usr/lib/python3/dist-packages/colcon_core/task/python/colcon_distutils_commands:/home/supan/RT/aisd/a3/install/racecar/lib/python3.10/site-packages:${PYTHONPATH} /usr/bin/python3 -W ignore:setup.py install is deprecated -W ignore:easy_install command is deprecated setup.py egg_info --egg-base ../../build/racecar build --build-base /home/supan/RT/aisd/a3/build/racecar/build install --record /home/supan/RT/aisd/a3/build/racecar/install.log --single-version-externally-managed install_data
[1.170s] Level 1:colcon.colcon_core.environment:checking '/home/supan/RT/aisd/a3/install/racecar' for CMake config files
[1.170s] Level 1:colcon.colcon_core.environment:checking '/home/supan/RT/aisd/a3/install/racecar/lib'
[1.170s] Level 1:colcon.colcon_core.environment:checking '/home/supan/RT/aisd/a3/install/racecar/bin'
[1.170s] Level 1:colcon.colcon_core.environment:checking '/home/supan/RT/aisd/a3/install/racecar/lib/pkgconfig/racecar.pc'
[1.170s] Level 1:colcon.colcon_core.environment:checking '/home/supan/RT/aisd/a3/install/racecar/lib/python3.10/site-packages'
[1.170s] Level 1:colcon.colcon_core.shell:create_environment_hook('racecar', 'pythonpath')
[1.171s] INFO:colcon.colcon_core.shell:Creating environment hook '/home/supan/RT/aisd/a3/install/racecar/share/racecar/hook/pythonpath.ps1'
[1.171s] INFO:colcon.colcon_core.shell:Creating environment descriptor '/home/supan/RT/aisd/a3/install/racecar/share/racecar/hook/pythonpath.dsv'
[1.171s] INFO:colcon.colcon_core.shell:Creating environment hook '/home/supan/RT/aisd/a3/install/racecar/share/racecar/hook/pythonpath.sh'
[1.171s] Level 1:colcon.colcon_core.environment:checking '/home/supan/RT/aisd/a3/install/racecar/bin'
[1.171s] Level 1:colcon.colcon_core.environment:create_environment_scripts_only(racecar)
[1.172s] INFO:colcon.colcon_core.shell:Creating package script '/home/supan/RT/aisd/a3/install/racecar/share/racecar/package.ps1'
[1.172s] INFO:colcon.colcon_core.shell:Creating package descriptor '/home/supan/RT/aisd/a3/install/racecar/share/racecar/package.dsv'
[1.172s] INFO:colcon.colcon_core.shell:Creating package script '/home/supan/RT/aisd/a3/install/racecar/share/racecar/package.sh'
[1.172s] INFO:colcon.colcon_core.shell:Creating package script '/home/supan/RT/aisd/a3/install/racecar/share/racecar/package.bash'
[1.173s] INFO:colcon.colcon_core.shell:Creating package script '/home/supan/RT/aisd/a3/install/racecar/share/racecar/package.zsh'
[1.173s] Level 1:colcon.colcon_core.environment:create_file_with_runtime_dependencies(/home/supan/RT/aisd/a3/install/racecar/share/colcon-core/packages/racecar)
[1.173s] DEBUG:colcon.colcon_parallel_executor.executor.parallel:closing loop
[1.173s] DEBUG:colcon.colcon_parallel_executor.executor.parallel:loop closed
[1.173s] DEBUG:colcon.colcon_parallel_executor.executor.parallel:run_until_complete finished with '0'
[1.173s] DEBUG:colcon.colcon_core.event_reactor:joining thread
[1.177s] INFO:colcon.colcon_core.plugin_system:Skipping extension 'colcon_notification.desktop_notification.terminal_notifier': Not used on non-Darwin systems
[1.177s] INFO:colcon.colcon_core.plugin_system:Skipping extension 'colcon_notification.desktop_notification.win32': Not used on non-Windows systems
[1.178s] INFO:colcon.colcon_notification.desktop_notification:Sending desktop notification using 'notify2'
[1.185s] DEBUG:colcon.colcon_core.event_reactor:joined thread
[1.185s] INFO:colcon.colcon_core.shell:Creating prefix script '/home/supan/RT/aisd/a3/install/local_setup.ps1'
[1.186s] INFO:colcon.colcon_core.shell:Creating prefix util module '/home/supan/RT/aisd/a3/install/_local_setup_util_ps1.py'
[1.188s] INFO:colcon.colcon_core.shell:Creating prefix chain script '/home/supan/RT/aisd/a3/install/setup.ps1'
[1.189s] INFO:colcon.colcon_core.shell:Creating prefix script '/home/supan/RT/aisd/a3/install/local_setup.sh'
[1.189s] INFO:colcon.colcon_core.shell:Creating prefix util module '/home/supan/RT/aisd/a3/install/_local_setup_util_sh.py'
[1.190s] INFO:colcon.colcon_core.shell:Creating prefix chain script '/home/supan/RT/aisd/a3/install/setup.sh'
[1.191s] INFO:colcon.colcon_core.shell:Creating prefix script '/home/supan/RT/aisd/a3/install/local_setup.bash'
[1.191s] INFO:colcon.colcon_core.shell:Creating prefix chain script '/home/supan/RT/aisd/a3/install/setup.bash'
[1.192s] INFO:colcon.colcon_core.shell:Creating prefix script '/home/supan/RT/aisd/a3/install/local_setup.zsh'
[1.193s] INFO:colcon.colcon_core.shell:Creating prefix chain script '/home/supan/RT/aisd/a3/install/setup.zsh'
