[0.477s] Invoking command in '/home/supan/RT/aisd/a3/src/racecar': AMENT_PREFIX_PATH=/home/supan/RT/aisd/a3/install/racecar_description:${AMENT_PREFIX_PATH} CMAKE_PREFIX_PATH=/home/supan/RT/aisd/a3/install/racecar_description:${CMAKE_PREFIX_PATH} PYTHONPATH=/home/supan/RT/aisd/a3/build/racecar/prefix_override:/usr/lib/python3/dist-packages/colcon_core/task/python/colcon_distutils_commands:/home/supan/RT/aisd/a3/install/racecar/lib/python3.10/site-packages:${PYTHONPATH} /usr/bin/python3 -W ignore:setup.py install is deprecated -W ignore:easy_install command is deprecated setup.py egg_info --egg-base ../../build/racecar build --build-base /home/supan/RT/aisd/a3/build/racecar/build install --record /home/supan/RT/aisd/a3/build/racecar/install.log --single-version-externally-managed install_data
[0.643s] running egg_info
[0.643s] writing ../../build/racecar/racecar.egg-info/PKG-INFO
[0.643s] writing dependency_links to ../../build/racecar/racecar.egg-info/dependency_links.txt
[0.643s] writing entry points to ../../build/racecar/racecar.egg-info/entry_points.txt
[0.643s] writing requirements to ../../build/racecar/racecar.egg-info/requires.txt
[0.643s] writing top-level names to ../../build/racecar/racecar.egg-info/top_level.txt
[0.644s] reading manifest file '../../build/racecar/racecar.egg-info/SOURCES.txt'
[0.651s] writing manifest file '../../build/racecar/racecar.egg-info/SOURCES.txt'
[0.651s] running build
[0.651s] running build_py
[0.651s] running install
[0.651s] running install_lib
[0.652s] running install_data
[0.652s] running install_egg_info
[0.654s] removing '/home/supan/RT/aisd/a3/install/racecar/lib/python3.10/site-packages/racecar-0.0.0-py3.10.egg-info' (and everything under it)
[0.654s] Copying ../../build/racecar/racecar.egg-info to /home/supan/RT/aisd/a3/install/racecar/lib/python3.10/site-packages/racecar-0.0.0-py3.10.egg-info
[0.655s] running install_scripts
[0.670s] Installing control script to /home/supan/RT/aisd/a3/install/racecar/lib/racecar
[0.670s] writing list of installed files to '/home/supan/RT/aisd/a3/build/racecar/install.log'
[0.689s] Invoked command in '/home/supan/RT/aisd/a3/src/racecar' returned '0': AMENT_PREFIX_PATH=/home/supan/RT/aisd/a3/install/racecar_description:${AMENT_PREFIX_PATH} CMAKE_PREFIX_PATH=/home/supan/RT/aisd/a3/install/racecar_description:${CMAKE_PREFIX_PATH} PYTHONPATH=/home/supan/RT/aisd/a3/build/racecar/prefix_override:/usr/lib/python3/dist-packages/colcon_core/task/python/colcon_distutils_commands:/home/supan/RT/aisd/a3/install/racecar/lib/python3.10/site-packages:${PYTHONPATH} /usr/bin/python3 -W ignore:setup.py install is deprecated -W ignore:easy_install command is deprecated setup.py egg_info --egg-base ../../build/racecar build --build-base /home/supan/RT/aisd/a3/build/racecar/build install --record /home/supan/RT/aisd/a3/build/racecar/install.log --single-version-externally-managed install_data
