[0.225s] Invoking command in '/home/supan/RT/aisd/a3/build/racecar_plugins': CMAKE_PREFIX_PATH=${CMAKE_PREFIX_PATH}:/home/supan/RT/aisd/a3/install/model:/home/supan/RT/aisd/a3/install/racecar:/home/supan/RT/sim/install/eufs_launcher:/home/supan/RT/sim/install/eufs_tracks:/home/supan/RT/sim/install/eufs_rqt:/home/supan/RT/sim/install/eufs_racecar:/opt/ros/humble /usr/bin/cmake /home/supan/RT/aisd/a3/src/racecar_plugins -DCMAKE_INSTALL_PREFIX=/home/supan/RT/aisd/a3/install/racecar_plugins
[0.235s] -- Found ament_cmake: 1.3.11 (/opt/ros/humble/share/ament_cmake/cmake)
[0.340s] -- Override CMake install command with custom implementation using symlinks instead of copying resources
[0.344s] -- Found gazebo_ros: 3.9.0 (/opt/ros/humble/share/gazebo_ros/cmake)
[0.363s] -- Found rosidl_generator_c: 3.1.6 (/opt/ros/humble/share/rosidl_generator_c/cmake)
[0.365s] -- Found rosidl_adapter: 3.1.6 (/opt/ros/humble/share/rosidl_adapter/cmake)
[0.368s] -- Found rosidl_generator_cpp: 3.1.6 (/opt/ros/humble/share/rosidl_generator_cpp/cmake)
[0.375s] -- Using all available rosidl_typesupport_c: rosidl_typesupport_fastrtps_c;rosidl_typesupport_introspection_c
[0.383s] -- Using all available rosidl_typesupport_cpp: rosidl_typesupport_fastrtps_cpp;rosidl_typesupport_introspection_cpp
[0.408s] -- Found rmw_implementation_cmake: 6.1.2 (/opt/ros/humble/share/rmw_implementation_cmake/cmake)
[0.410s] -- Found rmw_fastrtps_cpp: 6.2.7 (/opt/ros/humble/share/rmw_fastrtps_cpp/cmake)
[0.535s] -- Using RMW implementation 'rmw_fastrtps_cpp' as default
[0.603s] -- Found DART: /usr/include (Required is at least version "6.6") found components: dart 
[0.626s] -- Found Protobuf: /usr/lib/x86_64-linux-gnu/libprotobuf.so (found version "3.12.4") 
[0.627s] -- Looking for ignition-math6 -- found version 6.15.1
[0.631s] -- Searching for dependencies of ignition-math6
[0.632s] -- Looking for OGRE...
[0.637s] -- Found Ogre Ghadamon (1.9.0)
[0.637s] -- Found OGRE: optimized;/usr/lib/x86_64-linux-gnu/libOgreMain.so;debug;/usr/lib/x86_64-linux-gnu/libOgreMain.so
[0.645s] -- Looking for OGRE_Paging...
[0.645s] -- Found OGRE_Paging: optimized;/usr/lib/x86_64-linux-gnu/libOgrePaging.so;debug;/usr/lib/x86_64-linux-gnu/libOgrePaging.so
[0.645s] -- Looking for OGRE_Terrain...
[0.645s] -- Found OGRE_Terrain: optimized;/usr/lib/x86_64-linux-gnu/libOgreTerrain.so;debug;/usr/lib/x86_64-linux-gnu/libOgreTerrain.so
[0.645s] -- Looking for OGRE_Property...
[0.645s] -- Found OGRE_Property: optimized;/usr/lib/x86_64-linux-gnu/libOgreProperty.so;debug;/usr/lib/x86_64-linux-gnu/libOgreProperty.so
[0.645s] -- Looking for OGRE_RTShaderSystem...
[0.646s] -- Found OGRE_RTShaderSystem: optimized;/usr/lib/x86_64-linux-gnu/libOgreRTShaderSystem.so;debug;/usr/lib/x86_64-linux-gnu/libOgreRTShaderSystem.so
[0.646s] -- Looking for OGRE_Volume...
[0.646s] -- Found OGRE_Volume: optimized;/usr/lib/x86_64-linux-gnu/libOgreVolume.so;debug;/usr/lib/x86_64-linux-gnu/libOgreVolume.so
[0.646s] -- Looking for OGRE_Overlay...
[0.646s] -- Found OGRE_Overlay: optimized;/usr/lib/x86_64-linux-gnu/libOgreOverlay.so;debug;/usr/lib/x86_64-linux-gnu/libOgreOverlay.so
[0.730s] -- Looking for ignition-math6 -- found version 6.15.1
[0.730s] -- Looking for ignition-transport8 -- found version 8.2.1
[0.730s] -- Searching for dependencies of ignition-transport8
[0.744s] -- Found Protobuf: /usr/lib/x86_64-linux-gnu/libprotobuf.so (found suitable version "3.12.4", minimum required is "3") 
[0.752s] -- Config-file not installed for ZeroMQ -- checking for pkg-config
[0.756s] -- Checking for module 'libzmq >= 4'
[0.770s] --   Found libzmq , version 4.3.4
[0.811s] -- Checking for module 'uuid'
[0.826s] --   Found uuid, version 2.37.2
[0.858s] -- Looking for ignition-msgs5 -- found version 5.8.1
[0.859s] -- Searching for dependencies of ignition-msgs5
[0.874s] -- Looking for ignition-math6 -- found version 6.15.1
[0.878s] -- Checking for module 'tinyxml2'
[0.891s] --   Found tinyxml2, version 9.0.0
[0.924s] -- Looking for ignition-msgs5 -- found version 5.8.1
[0.924s] -- Looking for ignition-common3 -- found version 3.14.0
[0.924s] -- Searching for dependencies of ignition-common3
[0.924s] -- Looking for dlfcn.h - found
[0.924s] -- Looking for libdl - found
[0.935s] -- Searching for <ignition-common3> component [graphics]
[0.935s] -- Looking for ignition-common3-graphics -- found version 3.14.0
[0.936s] -- Searching for dependencies of ignition-common3-graphics
[0.936s] -- Looking for ignition-math6 -- found version 6.15.1
[0.937s] -- Looking for ignition-fuel_tools4 -- found version 4.4.0
[0.937s] -- Searching for dependencies of ignition-fuel_tools4
[0.970s] -- Checking for module 'jsoncpp'
[0.984s] --   Found jsoncpp, version 1.9.5
[1.021s] -- Checking for module 'libzip'
[1.034s] --   Found libzip, version 1.7.3
[1.066s] -- Looking for ignition-common3 -- found version 3.14.0
[1.066s] -- Looking for ignition-math6 -- found version 6.15.1
[1.067s] -- Looking for ignition-msgs5 -- found version 5.8.1
[1.069s] -- Gazebo version: 11.10
[1.070s] -- Found geometry_msgs: 4.2.4 (/opt/ros/humble/share/geometry_msgs/cmake)
[1.080s] -- Found nav_msgs: 4.2.4 (/opt/ros/humble/share/nav_msgs/cmake)
[1.099s] -- Found ament_lint_auto: 0.12.11 (/opt/ros/humble/share/ament_lint_auto/cmake)
[1.156s] -- Added test 'cppcheck' to perform static code analysis on C / C++ code
[1.156s] -- Configured cppcheck include dirs: /home/supan/RT/aisd/a3/src/racecar_plugins/include
[1.156s] -- Configured cppcheck exclude dirs and/or files: 
[1.156s] -- Added test 'lint_cmake' to check CMake code style
[1.156s] -- Added test 'uncrustify' to check C / C++ code style
[1.157s] -- Configured uncrustify additional arguments: 
[1.157s] -- Added test 'xmllint' to check XML markup files
[1.157s] -- Configuring done
[1.171s] -- Generating done
[1.174s] -- Build files have been written to: /home/supan/RT/aisd/a3/build/racecar_plugins
[1.182s] Invoked command in '/home/supan/RT/aisd/a3/build/racecar_plugins' returned '0': CMAKE_PREFIX_PATH=${CMAKE_PREFIX_PATH}:/home/supan/RT/aisd/a3/install/model:/home/supan/RT/aisd/a3/install/racecar:/home/supan/RT/sim/install/eufs_launcher:/home/supan/RT/sim/install/eufs_tracks:/home/supan/RT/sim/install/eufs_rqt:/home/supan/RT/sim/install/eufs_racecar:/opt/ros/humble /usr/bin/cmake /home/supan/RT/aisd/a3/src/racecar_plugins -DCMAKE_INSTALL_PREFIX=/home/supan/RT/aisd/a3/install/racecar_plugins
[1.183s] Invoking command in '/home/supan/RT/aisd/a3/build/racecar_plugins': CMAKE_PREFIX_PATH=${CMAKE_PREFIX_PATH}:/home/supan/RT/aisd/a3/install/model:/home/supan/RT/aisd/a3/install/racecar:/home/supan/RT/sim/install/eufs_launcher:/home/supan/RT/sim/install/eufs_tracks:/home/supan/RT/sim/install/eufs_rqt:/home/supan/RT/sim/install/eufs_racecar:/opt/ros/humble /usr/bin/cmake --build /home/supan/RT/aisd/a3/build/racecar_plugins -- -j12 -l12
[1.223s] [35m[1mConsolidate compiler generated dependencies of target racecar_plugin[0m
[1.248s] [100%] Built target racecar_plugin
[1.259s] Invoked command in '/home/supan/RT/aisd/a3/build/racecar_plugins' returned '0': CMAKE_PREFIX_PATH=${CMAKE_PREFIX_PATH}:/home/supan/RT/aisd/a3/install/model:/home/supan/RT/aisd/a3/install/racecar:/home/supan/RT/sim/install/eufs_launcher:/home/supan/RT/sim/install/eufs_tracks:/home/supan/RT/sim/install/eufs_rqt:/home/supan/RT/sim/install/eufs_racecar:/opt/ros/humble /usr/bin/cmake --build /home/supan/RT/aisd/a3/build/racecar_plugins -- -j12 -l12
[1.261s] Invoking command in '/home/supan/RT/aisd/a3/build/racecar_plugins': CMAKE_PREFIX_PATH=${CMAKE_PREFIX_PATH}:/home/supan/RT/aisd/a3/install/model:/home/supan/RT/aisd/a3/install/racecar:/home/supan/RT/sim/install/eufs_launcher:/home/supan/RT/sim/install/eufs_tracks:/home/supan/RT/sim/install/eufs_rqt:/home/supan/RT/sim/install/eufs_racecar:/opt/ros/humble /usr/bin/cmake --install /home/supan/RT/aisd/a3/build/racecar_plugins
[1.269s] -- Install configuration: ""
[1.269s] -- Execute custom install script
[1.270s] -- Up-to-date symlink: /home/supan/RT/aisd/a3/install/racecar_plugins/share/racecar_plugins/environment/library_path.sh
[1.270s] -- Up-to-date symlink: /home/supan/RT/aisd/a3/install/racecar_plugins/share/racecar_plugins/environment/library_path.dsv
[1.270s] -- Up-to-date symlink: /home/supan/RT/aisd/a3/install/racecar_plugins/lib/libracecar_plugin.so
[1.270s] -- Up-to-date symlink: /home/supan/RT/aisd/a3/install/racecar_plugins/share/ament_index/resource_index/package_run_dependencies/racecar_plugins
[1.270s] -- Up-to-date symlink: /home/supan/RT/aisd/a3/install/racecar_plugins/share/ament_index/resource_index/parent_prefix_path/racecar_plugins
[1.270s] -- Up-to-date symlink: /home/supan/RT/aisd/a3/install/racecar_plugins/share/racecar_plugins/environment/ament_prefix_path.sh
[1.270s] -- Up-to-date symlink: /home/supan/RT/aisd/a3/install/racecar_plugins/share/racecar_plugins/environment/ament_prefix_path.dsv
[1.270s] -- Up-to-date symlink: /home/supan/RT/aisd/a3/install/racecar_plugins/share/racecar_plugins/environment/path.sh
[1.270s] -- Up-to-date symlink: /home/supan/RT/aisd/a3/install/racecar_plugins/share/racecar_plugins/environment/path.dsv
[1.270s] -- Up-to-date symlink: /home/supan/RT/aisd/a3/install/racecar_plugins/share/racecar_plugins/local_setup.bash
[1.270s] -- Up-to-date symlink: /home/supan/RT/aisd/a3/install/racecar_plugins/share/racecar_plugins/local_setup.sh
[1.271s] -- Up-to-date symlink: /home/supan/RT/aisd/a3/install/racecar_plugins/share/racecar_plugins/local_setup.zsh
[1.271s] -- Up-to-date symlink: /home/supan/RT/aisd/a3/install/racecar_plugins/share/racecar_plugins/local_setup.dsv
[1.271s] -- Symlinking: /home/supan/RT/aisd/a3/install/racecar_plugins/share/racecar_plugins/package.dsv
[1.279s] -- Up-to-date symlink: /home/supan/RT/aisd/a3/install/racecar_plugins/share/ament_index/resource_index/packages/racecar_plugins
[1.279s] -- Up-to-date symlink: /home/supan/RT/aisd/a3/install/racecar_plugins/share/racecar_plugins/cmake/ament_cmake_export_libraries-extras.cmake
[1.279s] -- Up-to-date symlink: /home/supan/RT/aisd/a3/install/racecar_plugins/share/racecar_plugins/cmake/racecar_pluginsConfig.cmake
[1.279s] -- Up-to-date symlink: /home/supan/RT/aisd/a3/install/racecar_plugins/share/racecar_plugins/cmake/racecar_pluginsConfig-version.cmake
[1.279s] -- Up-to-date symlink: /home/supan/RT/aisd/a3/install/racecar_plugins/share/racecar_plugins/package.xml
[1.281s] Invoked command in '/home/supan/RT/aisd/a3/build/racecar_plugins' returned '0': CMAKE_PREFIX_PATH=${CMAKE_PREFIX_PATH}:/home/supan/RT/aisd/a3/install/model:/home/supan/RT/aisd/a3/install/racecar:/home/supan/RT/sim/install/eufs_launcher:/home/supan/RT/sim/install/eufs_tracks:/home/supan/RT/sim/install/eufs_rqt:/home/supan/RT/sim/install/eufs_racecar:/opt/ros/humble /usr/bin/cmake --install /home/supan/RT/aisd/a3/build/racecar_plugins
