[  3%] Built target anint__cpp
[  3%] Built target ament_cmake_python_symlink_anint
[ 12%] Built target anint__rosidl_generator_c
[ 22%] Built target anint__rosidl_typesupport_introspection_cpp
[ 38%] Built target anint__rosidl_typesupport_fastrtps_cpp
[ 41%] Built target anint__rosidl_typesupport_cpp
[ 51%] Built target anint__rosidl_typesupport_introspection_c
[ 61%] Built target anint__rosidl_typesupport_c
[ 70%] Built target anint__rosidl_typesupport_fastrtps_c
[ 70%] Built target anint
[ 74%] Built target anint__py
[ 80%] Built target anint__rosidl_generator_py
[ 87%] Built target anint__rosidl_typesupport_c__pyext
[ 93%] Built target anint__rosidl_typesupport_introspection_c__pyext
[100%] Built target anint__rosidl_typesupport_fastrtps_c__pyext
running egg_info
writing anint.egg-info/PKG-INFO
writing dependency_links to anint.egg-info/dependency_links.txt
writing top-level names to anint.egg-info/top_level.txt
reading manifest file 'anint.egg-info/SOURCES.txt'
writing manifest file 'anint.egg-info/SOURCES.txt'
[100%] Built target ament_cmake_python_build_anint_egg
-- Install configuration: ""
-- Execute custom install script
-- Up-to-date symlink: /home/supan/RT/aisd/robot_arm_ws_dup/install/anint/share/ament_index/resource_index/rosidl_interfaces/anint
-- Up-to-date symlink: /home/supan/RT/aisd/robot_arm_ws_dup/install/anint/include/anint/anint/msg/rosidl_generator_c__visibility_control.h
-- Up-to-date symlink: /home/supan/RT/aisd/robot_arm_ws_dup/install/anint/include/anint/anint/srv/ang.h
-- Up-to-date symlink: /home/supan/RT/aisd/robot_arm_ws_dup/install/anint/include/anint/anint/srv/detail/ang__functions.h
-- Up-to-date symlink: /home/supan/RT/aisd/robot_arm_ws_dup/install/anint/include/anint/anint/srv/detail/ang__struct.h
-- Up-to-date symlink: /home/supan/RT/aisd/robot_arm_ws_dup/install/anint/include/anint/anint/srv/detail/ang__type_support.h
-- Up-to-date symlink: /home/supan/RT/aisd/robot_arm_ws_dup/install/anint/share/anint/environment/library_path.sh
-- Up-to-date symlink: /home/supan/RT/aisd/robot_arm_ws_dup/install/anint/share/anint/environment/library_path.dsv
-- Up-to-date symlink: /home/supan/RT/aisd/robot_arm_ws_dup/install/anint/include/anint/anint/msg/rosidl_typesupport_fastrtps_c__visibility_control.h
-- Up-to-date symlink: /home/supan/RT/aisd/robot_arm_ws_dup/install/anint/include/anint/anint/srv/detail/ang__rosidl_typesupport_fastrtps_c.h
-- Up-to-date symlink: /home/supan/RT/aisd/robot_arm_ws_dup/install/anint/include/anint/anint/msg/rosidl_typesupport_introspection_c__visibility_control.h
-- Up-to-date symlink: /home/supan/RT/aisd/robot_arm_ws_dup/install/anint/include/anint/anint/srv/detail/ang__rosidl_typesupport_introspection_c.h
-- Up-to-date symlink: /home/supan/RT/aisd/robot_arm_ws_dup/install/anint/include/anint/anint/msg/rosidl_generator_cpp__visibility_control.hpp
-- Up-to-date symlink: /home/supan/RT/aisd/robot_arm_ws_dup/install/anint/include/anint/anint/srv/ang.hpp
-- Up-to-date symlink: /home/supan/RT/aisd/robot_arm_ws_dup/install/anint/include/anint/anint/srv/detail/ang__builder.hpp
-- Up-to-date symlink: /home/supan/RT/aisd/robot_arm_ws_dup/install/anint/include/anint/anint/srv/detail/ang__struct.hpp
-- Up-to-date symlink: /home/supan/RT/aisd/robot_arm_ws_dup/install/anint/include/anint/anint/srv/detail/ang__traits.hpp
-- Up-to-date symlink: /home/supan/RT/aisd/robot_arm_ws_dup/install/anint/include/anint/anint/srv/detail/ang__type_support.hpp
-- Up-to-date symlink: /home/supan/RT/aisd/robot_arm_ws_dup/install/anint/include/anint/anint/msg/rosidl_typesupport_fastrtps_cpp__visibility_control.h
-- Up-to-date symlink: /home/supan/RT/aisd/robot_arm_ws_dup/install/anint/include/anint/anint/srv/detail/ang__rosidl_typesupport_fastrtps_cpp.hpp
-- Up-to-date symlink: /home/supan/RT/aisd/robot_arm_ws_dup/install/anint/include/anint/anint/srv/detail/ang__rosidl_typesupport_introspection_cpp.hpp
-- Up-to-date symlink: /home/supan/RT/aisd/robot_arm_ws_dup/install/anint/share/anint/environment/pythonpath.sh
-- Up-to-date symlink: /home/supan/RT/aisd/robot_arm_ws_dup/install/anint/share/anint/environment/pythonpath.dsv
-- Up-to-date symlink: /home/supan/RT/aisd/robot_arm_ws_dup/install/anint/local/lib/python3.10/dist-packages/anint-0.0.0-py3.10.egg-info/PKG-INFO
-- Up-to-date symlink: /home/supan/RT/aisd/robot_arm_ws_dup/install/anint/local/lib/python3.10/dist-packages/anint-0.0.0-py3.10.egg-info/SOURCES.txt
-- Up-to-date symlink: /home/supan/RT/aisd/robot_arm_ws_dup/install/anint/local/lib/python3.10/dist-packages/anint-0.0.0-py3.10.egg-info/dependency_links.txt
-- Up-to-date symlink: /home/supan/RT/aisd/robot_arm_ws_dup/install/anint/local/lib/python3.10/dist-packages/anint-0.0.0-py3.10.egg-info/top_level.txt
-- Up-to-date symlink: /home/supan/RT/aisd/robot_arm_ws_dup/install/anint/local/lib/python3.10/dist-packages/anint/__init__.py
-- Up-to-date symlink: /home/supan/RT/aisd/robot_arm_ws_dup/install/anint/local/lib/python3.10/dist-packages/anint/_anint_s.ep.rosidl_typesupport_c.c
-- Up-to-date symlink: /home/supan/RT/aisd/robot_arm_ws_dup/install/anint/local/lib/python3.10/dist-packages/anint/_anint_s.ep.rosidl_typesupport_fastrtps_c.c
-- Up-to-date symlink: /home/supan/RT/aisd/robot_arm_ws_dup/install/anint/local/lib/python3.10/dist-packages/anint/_anint_s.ep.rosidl_typesupport_introspection_c.c
-- Up-to-date symlink: /home/supan/RT/aisd/robot_arm_ws_dup/install/anint/local/lib/python3.10/dist-packages/anint/anint_s__rosidl_typesupport_c.cpython-310-x86_64-linux-gnu.so
-- Up-to-date symlink: /home/supan/RT/aisd/robot_arm_ws_dup/install/anint/local/lib/python3.10/dist-packages/anint/anint_s__rosidl_typesupport_fastrtps_c.cpython-310-x86_64-linux-gnu.so
-- Up-to-date symlink: /home/supan/RT/aisd/robot_arm_ws_dup/install/anint/local/lib/python3.10/dist-packages/anint/anint_s__rosidl_typesupport_introspection_c.cpython-310-x86_64-linux-gnu.so
-- Up-to-date symlink: /home/supan/RT/aisd/robot_arm_ws_dup/install/anint/local/lib/python3.10/dist-packages/anint/libanint__rosidl_generator_py.so
-- Up-to-date symlink: /home/supan/RT/aisd/robot_arm_ws_dup/install/anint/local/lib/python3.10/dist-packages/anint/srv/__init__.py
-- Up-to-date symlink: /home/supan/RT/aisd/robot_arm_ws_dup/install/anint/local/lib/python3.10/dist-packages/anint/srv/_ang.py
-- Up-to-date symlink: /home/supan/RT/aisd/robot_arm_ws_dup/install/anint/local/lib/python3.10/dist-packages/anint/srv/_ang_s.c
-- Up-to-date symlink: /home/supan/RT/aisd/robot_arm_ws_dup/install/anint/local/lib/python3.10/dist-packages/anint/anint_s__rosidl_typesupport_fastrtps_c.cpython-310-x86_64-linux-gnu.so
-- Up-to-date symlink: /home/supan/RT/aisd/robot_arm_ws_dup/install/anint/local/lib/python3.10/dist-packages/anint/anint_s__rosidl_typesupport_introspection_c.cpython-310-x86_64-linux-gnu.so
-- Up-to-date symlink: /home/supan/RT/aisd/robot_arm_ws_dup/install/anint/local/lib/python3.10/dist-packages/anint/anint_s__rosidl_typesupport_c.cpython-310-x86_64-linux-gnu.so
-- Up-to-date symlink: /home/supan/RT/aisd/robot_arm_ws_dup/install/anint/share/anint/srv/Ang.idl
-- Up-to-date symlink: /home/supan/RT/aisd/robot_arm_ws_dup/install/anint/share/anint/srv/Ang.srv
-- Up-to-date symlink: /home/supan/RT/aisd/robot_arm_ws_dup/install/anint/share/anint/srv/Ang_Request.msg
-- Up-to-date symlink: /home/supan/RT/aisd/robot_arm_ws_dup/install/anint/share/anint/srv/Ang_Response.msg
-- Up-to-date symlink: /home/supan/RT/aisd/robot_arm_ws_dup/install/anint/share/ament_index/resource_index/package_run_dependencies/anint
-- Up-to-date symlink: /home/supan/RT/aisd/robot_arm_ws_dup/install/anint/share/ament_index/resource_index/parent_prefix_path/anint
-- Up-to-date symlink: /home/supan/RT/aisd/robot_arm_ws_dup/install/anint/share/anint/environment/ament_prefix_path.sh
-- Up-to-date symlink: /home/supan/RT/aisd/robot_arm_ws_dup/install/anint/share/anint/environment/ament_prefix_path.dsv
-- Up-to-date symlink: /home/supan/RT/aisd/robot_arm_ws_dup/install/anint/share/anint/environment/path.sh
-- Up-to-date symlink: /home/supan/RT/aisd/robot_arm_ws_dup/install/anint/share/anint/environment/path.dsv
-- Up-to-date symlink: /home/supan/RT/aisd/robot_arm_ws_dup/install/anint/share/anint/local_setup.bash
-- Up-to-date symlink: /home/supan/RT/aisd/robot_arm_ws_dup/install/anint/share/anint/local_setup.sh
-- Up-to-date symlink: /home/supan/RT/aisd/robot_arm_ws_dup/install/anint/share/anint/local_setup.zsh
-- Up-to-date symlink: /home/supan/RT/aisd/robot_arm_ws_dup/install/anint/share/anint/local_setup.dsv
-- Symlinking: /home/supan/RT/aisd/robot_arm_ws_dup/install/anint/share/anint/package.dsv
-- Up-to-date symlink: /home/supan/RT/aisd/robot_arm_ws_dup/install/anint/share/ament_index/resource_index/packages/anint
-- Up-to-date symlink: /home/supan/RT/aisd/robot_arm_ws_dup/install/anint/share/anint/cmake/rosidl_cmake-extras.cmake
-- Up-to-date symlink: /home/supan/RT/aisd/robot_arm_ws_dup/install/anint/share/anint/cmake/ament_cmake_export_include_directories-extras.cmake
-- Up-to-date symlink: /home/supan/RT/aisd/robot_arm_ws_dup/install/anint/share/anint/cmake/ament_cmake_export_libraries-extras.cmake
-- Up-to-date symlink: /home/supan/RT/aisd/robot_arm_ws_dup/install/anint/share/anint/cmake/ament_cmake_export_targets-extras.cmake
-- Up-to-date symlink: /home/supan/RT/aisd/robot_arm_ws_dup/install/anint/share/anint/cmake/rosidl_cmake_export_typesupport_targets-extras.cmake
-- Up-to-date symlink: /home/supan/RT/aisd/robot_arm_ws_dup/install/anint/share/anint/cmake/ament_cmake_export_dependencies-extras.cmake
-- Up-to-date symlink: /home/supan/RT/aisd/robot_arm_ws_dup/install/anint/share/anint/cmake/rosidl_cmake_export_typesupport_libraries-extras.cmake
-- Up-to-date symlink: /home/supan/RT/aisd/robot_arm_ws_dup/install/anint/share/anint/cmake/anintConfig.cmake
-- Up-to-date symlink: /home/supan/RT/aisd/robot_arm_ws_dup/install/anint/share/anint/cmake/anintConfig-version.cmake
-- Up-to-date symlink: /home/supan/RT/aisd/robot_arm_ws_dup/install/anint/share/anint/package.xml
-- Up-to-date: /home/supan/RT/aisd/robot_arm_ws_dup/install/anint/lib/libanint__rosidl_generator_c.so
-- Up-to-date: /home/supan/RT/aisd/robot_arm_ws_dup/install/anint/lib/libanint__rosidl_typesupport_fastrtps_c.so
-- Up-to-date: /home/supan/RT/aisd/robot_arm_ws_dup/install/anint/lib/libanint__rosidl_typesupport_introspection_c.so
-- Up-to-date: /home/supan/RT/aisd/robot_arm_ws_dup/install/anint/lib/libanint__rosidl_typesupport_c.so
-- Up-to-date: /home/supan/RT/aisd/robot_arm_ws_dup/install/anint/lib/libanint__rosidl_typesupport_fastrtps_cpp.so
-- Up-to-date: /home/supan/RT/aisd/robot_arm_ws_dup/install/anint/lib/libanint__rosidl_typesupport_introspection_cpp.so
-- Up-to-date: /home/supan/RT/aisd/robot_arm_ws_dup/install/anint/lib/libanint__rosidl_typesupport_cpp.so
Listing '/home/supan/RT/aisd/robot_arm_ws_dup/install/anint/local/lib/python3.10/dist-packages/anint'...
Listing '/home/supan/RT/aisd/robot_arm_ws_dup/install/anint/local/lib/python3.10/dist-packages/anint/srv'...
-- Up-to-date: /home/supan/RT/aisd/robot_arm_ws_dup/install/anint/lib/libanint__rosidl_generator_py.so
-- Up-to-date: /home/supan/RT/aisd/robot_arm_ws_dup/install/anint/share/anint/cmake/export_anint__rosidl_generator_cExport.cmake
-- Up-to-date: /home/supan/RT/aisd/robot_arm_ws_dup/install/anint/share/anint/cmake/export_anint__rosidl_generator_cExport-noconfig.cmake
-- Up-to-date: /home/supan/RT/aisd/robot_arm_ws_dup/install/anint/share/anint/cmake/export_anint__rosidl_typesupport_fastrtps_cExport.cmake
-- Up-to-date: /home/supan/RT/aisd/robot_arm_ws_dup/install/anint/share/anint/cmake/export_anint__rosidl_typesupport_fastrtps_cExport-noconfig.cmake
-- Up-to-date: /home/supan/RT/aisd/robot_arm_ws_dup/install/anint/share/anint/cmake/anint__rosidl_typesupport_introspection_cExport.cmake
-- Up-to-date: /home/supan/RT/aisd/robot_arm_ws_dup/install/anint/share/anint/cmake/anint__rosidl_typesupport_introspection_cExport-noconfig.cmake
-- Up-to-date: /home/supan/RT/aisd/robot_arm_ws_dup/install/anint/share/anint/cmake/anint__rosidl_typesupport_cExport.cmake
-- Up-to-date: /home/supan/RT/aisd/robot_arm_ws_dup/install/anint/share/anint/cmake/anint__rosidl_typesupport_cExport-noconfig.cmake
-- Up-to-date: /home/supan/RT/aisd/robot_arm_ws_dup/install/anint/share/anint/cmake/export_anint__rosidl_generator_cppExport.cmake
-- Up-to-date: /home/supan/RT/aisd/robot_arm_ws_dup/install/anint/share/anint/cmake/export_anint__rosidl_typesupport_fastrtps_cppExport.cmake
-- Up-to-date: /home/supan/RT/aisd/robot_arm_ws_dup/install/anint/share/anint/cmake/export_anint__rosidl_typesupport_fastrtps_cppExport-noconfig.cmake
-- Up-to-date: /home/supan/RT/aisd/robot_arm_ws_dup/install/anint/share/anint/cmake/anint__rosidl_typesupport_introspection_cppExport.cmake
-- Up-to-date: /home/supan/RT/aisd/robot_arm_ws_dup/install/anint/share/anint/cmake/anint__rosidl_typesupport_introspection_cppExport-noconfig.cmake
-- Up-to-date: /home/supan/RT/aisd/robot_arm_ws_dup/install/anint/share/anint/cmake/anint__rosidl_typesupport_cppExport.cmake
-- Up-to-date: /home/supan/RT/aisd/robot_arm_ws_dup/install/anint/share/anint/cmake/anint__rosidl_typesupport_cppExport-noconfig.cmake
-- Up-to-date: /home/supan/RT/aisd/robot_arm_ws_dup/install/anint/share/anint/cmake/export_anint__rosidl_generator_pyExport.cmake
-- Up-to-date: /home/supan/RT/aisd/robot_arm_ws_dup/install/anint/share/anint/cmake/export_anint__rosidl_generator_pyExport-noconfig.cmake
