[0.017s] Invoking command in '/home/supan/RT/aisd/robot_arm_ws_dup/build/anint': CMAKE_PREFIX_PATH=${CMAKE_PREFIX_PATH}:/home/supan/RT/sim/install/eufs_launcher:/home/supan/RT/sim/install/eufs_tracks:/home/supan/RT/sim/install/eufs_rqt:/home/supan/RT/sim/install/eufs_racecar:/opt/ros/humble /usr/bin/cmake --build /home/supan/RT/aisd/robot_arm_ws_dup/build/anint -- -j12 -l12
[0.286s] [  3%] Built target anint__cpp
[0.287s] [  3%] Built target ament_cmake_python_symlink_anint
[0.287s] [ 12%] Built target anint__rosidl_generator_c
[0.287s] [ 22%] Built target anint__rosidl_typesupport_introspection_cpp
[0.287s] [ 38%] Built target anint__rosidl_typesupport_fastrtps_cpp
[0.287s] [ 41%] Built target anint__rosidl_typesupport_cpp
[0.287s] [ 51%] Built target anint__rosidl_typesupport_introspection_c
[0.287s] [ 61%] Built target anint__rosidl_typesupport_c
[0.287s] [ 70%] Built target anint__rosidl_typesupport_fastrtps_c
[0.287s] [ 70%] Built target anint
[0.287s] [ 74%] Built target anint__py
[0.287s] [ 80%] Built target anint__rosidl_generator_py
[0.287s] [ 87%] Built target anint__rosidl_typesupport_c__pyext
[0.287s] [ 93%] Built target anint__rosidl_typesupport_introspection_c__pyext
[0.287s] [100%] Built target anint__rosidl_typesupport_fastrtps_c__pyext
[0.319s] running egg_info
[0.319s] writing anint.egg-info/PKG-INFO
[0.319s] writing dependency_links to anint.egg-info/dependency_links.txt
[0.320s] writing top-level names to anint.egg-info/top_level.txt
[0.324s] reading manifest file 'anint.egg-info/SOURCES.txt'
[0.325s] writing manifest file 'anint.egg-info/SOURCES.txt'
[0.353s] [100%] Built target ament_cmake_python_build_anint_egg
[0.365s] Invoked command in '/home/supan/RT/aisd/robot_arm_ws_dup/build/anint' returned '0': CMAKE_PREFIX_PATH=${CMAKE_PREFIX_PATH}:/home/supan/RT/sim/install/eufs_launcher:/home/supan/RT/sim/install/eufs_tracks:/home/supan/RT/sim/install/eufs_rqt:/home/supan/RT/sim/install/eufs_racecar:/opt/ros/humble /usr/bin/cmake --build /home/supan/RT/aisd/robot_arm_ws_dup/build/anint -- -j12 -l12
[0.383s] Invoking command in '/home/supan/RT/aisd/robot_arm_ws_dup/build/anint': CMAKE_PREFIX_PATH=${CMAKE_PREFIX_PATH}:/home/supan/RT/sim/install/eufs_launcher:/home/supan/RT/sim/install/eufs_tracks:/home/supan/RT/sim/install/eufs_rqt:/home/supan/RT/sim/install/eufs_racecar:/opt/ros/humble /usr/bin/cmake --install /home/supan/RT/aisd/robot_arm_ws_dup/build/anint
[0.398s] -- Install configuration: ""
[0.399s] -- Execute custom install script
[0.400s] -- Up-to-date symlink: /home/supan/RT/aisd/robot_arm_ws_dup/install/anint/share/ament_index/resource_index/rosidl_interfaces/anint
[0.401s] -- Up-to-date symlink: /home/supan/RT/aisd/robot_arm_ws_dup/install/anint/include/anint/anint/msg/rosidl_generator_c__visibility_control.h
[0.401s] -- Up-to-date symlink: /home/supan/RT/aisd/robot_arm_ws_dup/install/anint/include/anint/anint/srv/ang.h
[0.401s] -- Up-to-date symlink: /home/supan/RT/aisd/robot_arm_ws_dup/install/anint/include/anint/anint/srv/detail/ang__functions.h
[0.401s] -- Up-to-date symlink: /home/supan/RT/aisd/robot_arm_ws_dup/install/anint/include/anint/anint/srv/detail/ang__struct.h
[0.401s] -- Up-to-date symlink: /home/supan/RT/aisd/robot_arm_ws_dup/install/anint/include/anint/anint/srv/detail/ang__type_support.h
[0.401s] -- Up-to-date symlink: /home/supan/RT/aisd/robot_arm_ws_dup/install/anint/share/anint/environment/library_path.sh
[0.402s] -- Up-to-date symlink: /home/supan/RT/aisd/robot_arm_ws_dup/install/anint/share/anint/environment/library_path.dsv
[0.404s] -- Up-to-date symlink: /home/supan/RT/aisd/robot_arm_ws_dup/install/anint/include/anint/anint/msg/rosidl_typesupport_fastrtps_c__visibility_control.h
[0.405s] -- Up-to-date symlink: /home/supan/RT/aisd/robot_arm_ws_dup/install/anint/include/anint/anint/srv/detail/ang__rosidl_typesupport_fastrtps_c.h
[0.405s] -- Up-to-date symlink: /home/supan/RT/aisd/robot_arm_ws_dup/install/anint/include/anint/anint/msg/rosidl_typesupport_introspection_c__visibility_control.h
[0.405s] -- Up-to-date symlink: /home/supan/RT/aisd/robot_arm_ws_dup/install/anint/include/anint/anint/srv/detail/ang__rosidl_typesupport_introspection_c.h
[0.406s] -- Up-to-date symlink: /home/supan/RT/aisd/robot_arm_ws_dup/install/anint/include/anint/anint/msg/rosidl_generator_cpp__visibility_control.hpp
[0.407s] -- Up-to-date symlink: /home/supan/RT/aisd/robot_arm_ws_dup/install/anint/include/anint/anint/srv/ang.hpp
[0.407s] -- Up-to-date symlink: /home/supan/RT/aisd/robot_arm_ws_dup/install/anint/include/anint/anint/srv/detail/ang__builder.hpp
[0.407s] -- Up-to-date symlink: /home/supan/RT/aisd/robot_arm_ws_dup/install/anint/include/anint/anint/srv/detail/ang__struct.hpp
[0.407s] -- Up-to-date symlink: /home/supan/RT/aisd/robot_arm_ws_dup/install/anint/include/anint/anint/srv/detail/ang__traits.hpp
[0.407s] -- Up-to-date symlink: /home/supan/RT/aisd/robot_arm_ws_dup/install/anint/include/anint/anint/srv/detail/ang__type_support.hpp
[0.407s] -- Up-to-date symlink: /home/supan/RT/aisd/robot_arm_ws_dup/install/anint/include/anint/anint/msg/rosidl_typesupport_fastrtps_cpp__visibility_control.h
[0.410s] -- Up-to-date symlink: /home/supan/RT/aisd/robot_arm_ws_dup/install/anint/include/anint/anint/srv/detail/ang__rosidl_typesupport_fastrtps_cpp.hpp
[0.411s] -- Up-to-date symlink: /home/supan/RT/aisd/robot_arm_ws_dup/install/anint/include/anint/anint/srv/detail/ang__rosidl_typesupport_introspection_cpp.hpp
[0.411s] -- Up-to-date symlink: /home/supan/RT/aisd/robot_arm_ws_dup/install/anint/share/anint/environment/pythonpath.sh
[0.411s] -- Up-to-date symlink: /home/supan/RT/aisd/robot_arm_ws_dup/install/anint/share/anint/environment/pythonpath.dsv
[0.412s] -- Up-to-date symlink: /home/supan/RT/aisd/robot_arm_ws_dup/install/anint/local/lib/python3.10/dist-packages/anint-0.0.0-py3.10.egg-info/PKG-INFO
[0.412s] -- Up-to-date symlink: /home/supan/RT/aisd/robot_arm_ws_dup/install/anint/local/lib/python3.10/dist-packages/anint-0.0.0-py3.10.egg-info/SOURCES.txt
[0.412s] -- Up-to-date symlink: /home/supan/RT/aisd/robot_arm_ws_dup/install/anint/local/lib/python3.10/dist-packages/anint-0.0.0-py3.10.egg-info/dependency_links.txt
[0.412s] -- Up-to-date symlink: /home/supan/RT/aisd/robot_arm_ws_dup/install/anint/local/lib/python3.10/dist-packages/anint-0.0.0-py3.10.egg-info/top_level.txt
[0.413s] -- Up-to-date symlink: /home/supan/RT/aisd/robot_arm_ws_dup/install/anint/local/lib/python3.10/dist-packages/anint/__init__.py
[0.413s] -- Up-to-date symlink: /home/supan/RT/aisd/robot_arm_ws_dup/install/anint/local/lib/python3.10/dist-packages/anint/_anint_s.ep.rosidl_typesupport_c.c
[0.413s] -- Up-to-date symlink: /home/supan/RT/aisd/robot_arm_ws_dup/install/anint/local/lib/python3.10/dist-packages/anint/_anint_s.ep.rosidl_typesupport_fastrtps_c.c
[0.414s] -- Up-to-date symlink: /home/supan/RT/aisd/robot_arm_ws_dup/install/anint/local/lib/python3.10/dist-packages/anint/_anint_s.ep.rosidl_typesupport_introspection_c.c
[0.414s] -- Up-to-date symlink: /home/supan/RT/aisd/robot_arm_ws_dup/install/anint/local/lib/python3.10/dist-packages/anint/anint_s__rosidl_typesupport_c.cpython-310-x86_64-linux-gnu.so
[0.414s] -- Up-to-date symlink: /home/supan/RT/aisd/robot_arm_ws_dup/install/anint/local/lib/python3.10/dist-packages/anint/anint_s__rosidl_typesupport_fastrtps_c.cpython-310-x86_64-linux-gnu.so
[0.414s] -- Up-to-date symlink: /home/supan/RT/aisd/robot_arm_ws_dup/install/anint/local/lib/python3.10/dist-packages/anint/anint_s__rosidl_typesupport_introspection_c.cpython-310-x86_64-linux-gnu.so
[0.414s] -- Up-to-date symlink: /home/supan/RT/aisd/robot_arm_ws_dup/install/anint/local/lib/python3.10/dist-packages/anint/libanint__rosidl_generator_py.so
[0.414s] -- Up-to-date symlink: /home/supan/RT/aisd/robot_arm_ws_dup/install/anint/local/lib/python3.10/dist-packages/anint/srv/__init__.py
[0.414s] -- Up-to-date symlink: /home/supan/RT/aisd/robot_arm_ws_dup/install/anint/local/lib/python3.10/dist-packages/anint/srv/_ang.py
[0.414s] -- Up-to-date symlink: /home/supan/RT/aisd/robot_arm_ws_dup/install/anint/local/lib/python3.10/dist-packages/anint/srv/_ang_s.c
[0.415s] -- Up-to-date symlink: /home/supan/RT/aisd/robot_arm_ws_dup/install/anint/local/lib/python3.10/dist-packages/anint/anint_s__rosidl_typesupport_fastrtps_c.cpython-310-x86_64-linux-gnu.so
[0.415s] -- Up-to-date symlink: /home/supan/RT/aisd/robot_arm_ws_dup/install/anint/local/lib/python3.10/dist-packages/anint/anint_s__rosidl_typesupport_introspection_c.cpython-310-x86_64-linux-gnu.so
[0.415s] -- Up-to-date symlink: /home/supan/RT/aisd/robot_arm_ws_dup/install/anint/local/lib/python3.10/dist-packages/anint/anint_s__rosidl_typesupport_c.cpython-310-x86_64-linux-gnu.so
[0.415s] -- Up-to-date symlink: /home/supan/RT/aisd/robot_arm_ws_dup/install/anint/share/anint/srv/Ang.idl
[0.415s] -- Up-to-date symlink: /home/supan/RT/aisd/robot_arm_ws_dup/install/anint/share/anint/srv/Ang.srv
[0.415s] -- Up-to-date symlink: /home/supan/RT/aisd/robot_arm_ws_dup/install/anint/share/anint/srv/Ang_Request.msg
[0.416s] -- Up-to-date symlink: /home/supan/RT/aisd/robot_arm_ws_dup/install/anint/share/anint/srv/Ang_Response.msg
[0.416s] -- Up-to-date symlink: /home/supan/RT/aisd/robot_arm_ws_dup/install/anint/share/ament_index/resource_index/package_run_dependencies/anint
[0.416s] -- Up-to-date symlink: /home/supan/RT/aisd/robot_arm_ws_dup/install/anint/share/ament_index/resource_index/parent_prefix_path/anint
[0.416s] -- Up-to-date symlink: /home/supan/RT/aisd/robot_arm_ws_dup/install/anint/share/anint/environment/ament_prefix_path.sh
[0.416s] -- Up-to-date symlink: /home/supan/RT/aisd/robot_arm_ws_dup/install/anint/share/anint/environment/ament_prefix_path.dsv
[0.416s] -- Up-to-date symlink: /home/supan/RT/aisd/robot_arm_ws_dup/install/anint/share/anint/environment/path.sh
[0.416s] -- Up-to-date symlink: /home/supan/RT/aisd/robot_arm_ws_dup/install/anint/share/anint/environment/path.dsv
[0.417s] -- Up-to-date symlink: /home/supan/RT/aisd/robot_arm_ws_dup/install/anint/share/anint/local_setup.bash
[0.417s] -- Up-to-date symlink: /home/supan/RT/aisd/robot_arm_ws_dup/install/anint/share/anint/local_setup.sh
[0.417s] -- Up-to-date symlink: /home/supan/RT/aisd/robot_arm_ws_dup/install/anint/share/anint/local_setup.zsh
[0.417s] -- Up-to-date symlink: /home/supan/RT/aisd/robot_arm_ws_dup/install/anint/share/anint/local_setup.dsv
[0.417s] -- Symlinking: /home/supan/RT/aisd/robot_arm_ws_dup/install/anint/share/anint/package.dsv
[0.429s] -- Up-to-date symlink: /home/supan/RT/aisd/robot_arm_ws_dup/install/anint/share/ament_index/resource_index/packages/anint
[0.429s] -- Up-to-date symlink: /home/supan/RT/aisd/robot_arm_ws_dup/install/anint/share/anint/cmake/rosidl_cmake-extras.cmake
[0.430s] -- Up-to-date symlink: /home/supan/RT/aisd/robot_arm_ws_dup/install/anint/share/anint/cmake/ament_cmake_export_include_directories-extras.cmake
[0.430s] -- Up-to-date symlink: /home/supan/RT/aisd/robot_arm_ws_dup/install/anint/share/anint/cmake/ament_cmake_export_libraries-extras.cmake
[0.430s] -- Up-to-date symlink: /home/supan/RT/aisd/robot_arm_ws_dup/install/anint/share/anint/cmake/ament_cmake_export_targets-extras.cmake
[0.430s] -- Up-to-date symlink: /home/supan/RT/aisd/robot_arm_ws_dup/install/anint/share/anint/cmake/rosidl_cmake_export_typesupport_targets-extras.cmake
[0.430s] -- Up-to-date symlink: /home/supan/RT/aisd/robot_arm_ws_dup/install/anint/share/anint/cmake/ament_cmake_export_dependencies-extras.cmake
[0.430s] -- Up-to-date symlink: /home/supan/RT/aisd/robot_arm_ws_dup/install/anint/share/anint/cmake/rosidl_cmake_export_typesupport_libraries-extras.cmake
[0.431s] -- Up-to-date symlink: /home/supan/RT/aisd/robot_arm_ws_dup/install/anint/share/anint/cmake/anintConfig.cmake
[0.431s] -- Up-to-date symlink: /home/supan/RT/aisd/robot_arm_ws_dup/install/anint/share/anint/cmake/anintConfig-version.cmake
[0.431s] -- Up-to-date symlink: /home/supan/RT/aisd/robot_arm_ws_dup/install/anint/share/anint/package.xml
[0.432s] -- Up-to-date: /home/supan/RT/aisd/robot_arm_ws_dup/install/anint/lib/libanint__rosidl_generator_c.so
[0.432s] -- Up-to-date: /home/supan/RT/aisd/robot_arm_ws_dup/install/anint/lib/libanint__rosidl_typesupport_fastrtps_c.so
[0.433s] -- Up-to-date: /home/supan/RT/aisd/robot_arm_ws_dup/install/anint/lib/libanint__rosidl_typesupport_introspection_c.so
[0.433s] -- Up-to-date: /home/supan/RT/aisd/robot_arm_ws_dup/install/anint/lib/libanint__rosidl_typesupport_c.so
[0.434s] -- Up-to-date: /home/supan/RT/aisd/robot_arm_ws_dup/install/anint/lib/libanint__rosidl_typesupport_fastrtps_cpp.so
[0.435s] -- Up-to-date: /home/supan/RT/aisd/robot_arm_ws_dup/install/anint/lib/libanint__rosidl_typesupport_introspection_cpp.so
[0.435s] -- Up-to-date: /home/supan/RT/aisd/robot_arm_ws_dup/install/anint/lib/libanint__rosidl_typesupport_cpp.so
[0.471s] Listing '/home/supan/RT/aisd/robot_arm_ws_dup/install/anint/local/lib/python3.10/dist-packages/anint'...
[0.471s] Listing '/home/supan/RT/aisd/robot_arm_ws_dup/install/anint/local/lib/python3.10/dist-packages/anint/srv'...
[0.476s] -- Up-to-date: /home/supan/RT/aisd/robot_arm_ws_dup/install/anint/lib/libanint__rosidl_generator_py.so
[0.476s] -- Up-to-date: /home/supan/RT/aisd/robot_arm_ws_dup/install/anint/share/anint/cmake/export_anint__rosidl_generator_cExport.cmake
[0.476s] -- Up-to-date: /home/supan/RT/aisd/robot_arm_ws_dup/install/anint/share/anint/cmake/export_anint__rosidl_generator_cExport-noconfig.cmake
[0.477s] -- Up-to-date: /home/supan/RT/aisd/robot_arm_ws_dup/install/anint/share/anint/cmake/export_anint__rosidl_typesupport_fastrtps_cExport.cmake
[0.477s] -- Up-to-date: /home/supan/RT/aisd/robot_arm_ws_dup/install/anint/share/anint/cmake/export_anint__rosidl_typesupport_fastrtps_cExport-noconfig.cmake
[0.477s] -- Up-to-date: /home/supan/RT/aisd/robot_arm_ws_dup/install/anint/share/anint/cmake/anint__rosidl_typesupport_introspection_cExport.cmake
[0.477s] -- Up-to-date: /home/supan/RT/aisd/robot_arm_ws_dup/install/anint/share/anint/cmake/anint__rosidl_typesupport_introspection_cExport-noconfig.cmake
[0.477s] -- Up-to-date: /home/supan/RT/aisd/robot_arm_ws_dup/install/anint/share/anint/cmake/anint__rosidl_typesupport_cExport.cmake
[0.477s] -- Up-to-date: /home/supan/RT/aisd/robot_arm_ws_dup/install/anint/share/anint/cmake/anint__rosidl_typesupport_cExport-noconfig.cmake
[0.477s] -- Up-to-date: /home/supan/RT/aisd/robot_arm_ws_dup/install/anint/share/anint/cmake/export_anint__rosidl_generator_cppExport.cmake
[0.478s] -- Up-to-date: /home/supan/RT/aisd/robot_arm_ws_dup/install/anint/share/anint/cmake/export_anint__rosidl_typesupport_fastrtps_cppExport.cmake
[0.478s] -- Up-to-date: /home/supan/RT/aisd/robot_arm_ws_dup/install/anint/share/anint/cmake/export_anint__rosidl_typesupport_fastrtps_cppExport-noconfig.cmake
[0.478s] -- Up-to-date: /home/supan/RT/aisd/robot_arm_ws_dup/install/anint/share/anint/cmake/anint__rosidl_typesupport_introspection_cppExport.cmake
[0.478s] -- Up-to-date: /home/supan/RT/aisd/robot_arm_ws_dup/install/anint/share/anint/cmake/anint__rosidl_typesupport_introspection_cppExport-noconfig.cmake
[0.478s] -- Up-to-date: /home/supan/RT/aisd/robot_arm_ws_dup/install/anint/share/anint/cmake/anint__rosidl_typesupport_cppExport.cmake
[0.478s] -- Up-to-date: /home/supan/RT/aisd/robot_arm_ws_dup/install/anint/share/anint/cmake/anint__rosidl_typesupport_cppExport-noconfig.cmake
[0.479s] -- Up-to-date: /home/supan/RT/aisd/robot_arm_ws_dup/install/anint/share/anint/cmake/export_anint__rosidl_generator_pyExport.cmake
[0.479s] -- Up-to-date: /home/supan/RT/aisd/robot_arm_ws_dup/install/anint/share/anint/cmake/export_anint__rosidl_generator_pyExport-noconfig.cmake
[0.481s] Invoked command in '/home/supan/RT/aisd/robot_arm_ws_dup/build/anint' returned '0': CMAKE_PREFIX_PATH=${CMAKE_PREFIX_PATH}:/home/supan/RT/sim/install/eufs_launcher:/home/supan/RT/sim/install/eufs_tracks:/home/supan/RT/sim/install/eufs_rqt:/home/supan/RT/sim/install/eufs_racecar:/opt/ros/humble /usr/bin/cmake --install /home/supan/RT/aisd/robot_arm_ws_dup/build/anint
